[2026-05-09 07:12:41] [watcher] Phase B watcher started
[2026-05-09 07:12:41] [watcher] still running pid=1530 tables=0 traces=0
[2026-05-09 07:12:44] PHASE_B_GEOMETRY_FILTER_BASELINE_RUNNER_START
[2026-05-09 07:12:44] PREFLIGHT_OK phase_a_complete=true env_hash_match=true checkpoint_exists=true schema_compatible=true
[2026-05-09 07:12:44] LOADING_CHECKPOINT path=/root/workspace/uav-risk-rl/checkpoints/env_v2_phase2/attention_full_s0/attention_full_s0_step1500000.zip
[2026-05-09 07:12:46] PHASE_B_STAGE_START stage=b0_smoke configs=42 scenarios=2 episodes=3 total=252
[2026-05-09 07:12:51] [watcher] still running pid=1530 tables=5 traces=4
[2026-05-09 07:13:01] [watcher] still running pid=1530 tables=5 traces=28
[2026-05-09 07:13:06] PHASE_B_STAGE_HEARTBEAT stage=b0_smoke completed=67/252 config=cpa_reactive_cpa30 scenario=eval_flow_id rate=3.34_eps_sec eta_min=0.9
[2026-05-09 07:13:11] [watcher] still running pid=1530 tables=5 traces=33
[2026-05-09 07:13:22] [watcher] still running pid=1530 tables=5 traces=42
[2026-05-09 07:13:27] PHASE_B_STAGE_HEARTBEAT stage=b0_smoke completed=104/252 config=cpa_ttc_filter_h3_cpa1p5 scenario=eval_flow_id rate=2.53_eps_sec eta_min=1.0
[2026-05-09 07:13:32] [watcher] still running pid=1530 tables=5 traces=48
[2026-05-09 07:13:42] [watcher] still running pid=1530 tables=5 traces=52
[2026-05-09 07:13:47] PHASE_B_STAGE_HEARTBEAT stage=b0_smoke completed=127/252 config=random scenario=eval_flow_high_speed rate=2.08_eps_sec eta_min=1.0
[2026-05-09 07:13:52] [watcher] still running pid=1530 tables=5 traces=59
[2026-05-09 07:14:02] [watcher] still running pid=1530 tables=5 traces=81
[2026-05-09 07:14:07] PHASE_B_STAGE_HEARTBEAT stage=b0_smoke completed=197/252 config=cpa_reactive_h3 scenario=eval_flow_high_speed rate=2.42_eps_sec eta_min=0.4
[2026-05-09 07:14:12] [watcher] still running pid=1530 tables=5 traces=86
[2026-05-09 07:14:22] [watcher] still running pid=1530 tables=5 traces=96
[2026-05-09 07:14:28] PHASE_B_STAGE_HEARTBEAT stage=b0_smoke completed=233/252 config=cpa_ttc_filter_h3_cpa2 scenario=eval_flow_high_speed rate=2.28_eps_sec eta_min=0.1
[2026-05-09 07:14:32] [watcher] still running pid=1530 tables=5 traces=101
[2026-05-09 07:14:42] [watcher] still running pid=1530 tables=5 traces=105
[2026-05-09 07:14:52] [watcher] still running pid=1530 tables=5 traces=106
[2026-05-09 07:14:53] PHASE_B_STAGE_HEARTBEAT stage=b0_smoke completed=251/252 config=vo_like_filter_h45_cpa2_h16 scenario=eval_flow_high_speed rate=1.98_eps_sec eta_min=0.0
[2026-05-09 07:14:54] PHASE_B_STAGE_HEARTBEAT stage=b0_smoke completed=252/252 config=vo_like_filter_h45_cpa2_h16 scenario=eval_flow_high_speed rate=1.97_eps_sec eta_min=0.0
[2026-05-09 07:14:54] PHASE_B_STAGE_DONE stage=b0_smoke completed=252/252
[2026-05-09 07:14:54] PHASE_B_STAGE_START stage=b1_coarse configs=42 scenarios=6 episodes=20 total=5040
[2026-05-09 07:15:02] [watcher] still running pid=1530 tables=5 traces=107
[2026-05-09 07:15:12] [watcher] still running pid=1530 tables=5 traces=109
[2026-05-09 07:15:14] PHASE_B_STAGE_HEARTBEAT stage=b1_coarse completed=61/5040 config=cpa_reactive_current scenario=eval_flow_id rate=3.00_eps_sec eta_min=27.7
[2026-05-09 07:15:22] [watcher] still running pid=1530 tables=5 traces=111
[2026-05-09 07:15:32] [watcher] still running pid=1530 tables=5 traces=117
[2026-05-09 07:15:35] PHASE_B_STAGE_HEARTBEAT stage=b1_coarse completed=144/5040 config=naive_apf_d4_w0p6 scenario=eval_flow_id rate=3.56_eps_sec eta_min=22.9
[2026-05-09 07:15:42] [watcher] still running pid=1530 tables=5 traces=125
[2026-05-09 07:15:52] [watcher] still running pid=1530 tables=5 traces=133
[2026-05-09 07:15:55] PHASE_B_STAGE_HEARTBEAT stage=b1_coarse completed=310/5040 config=velocity_aware_apf_alpha2 scenario=eval_flow_id rate=5.12_eps_sec eta_min=15.4
[2026-05-09 07:16:02] [watcher] still running pid=1530 tables=5 traces=139
[2026-05-09 07:16:13] [watcher] still running pid=1530 tables=5 traces=141
[2026-05-09 07:16:15] PHASE_B_STAGE_HEARTBEAT stage=b1_coarse completed=394/5040 config=cpa_reactive_d3 scenario=eval_flow_id rate=4.84_eps_sec eta_min=16.0
[2026-05-09 07:16:23] [watcher] still running pid=1530 tables=5 traces=142
[2026-05-09 07:16:33] [watcher] still running pid=1530 tables=5 traces=143
[2026-05-09 07:16:36] PHASE_B_STAGE_HEARTBEAT stage=b1_coarse completed=422/5040 config=cpa_reactive_cpa18 scenario=eval_flow_id rate=4.13_eps_sec eta_min=18.6
[2026-05-09 07:16:43] [watcher] still running pid=1530 tables=5 traces=145
[2026-05-09 07:16:53] [watcher] still running pid=1530 tables=5 traces=146
[2026-05-09 07:16:57] PHASE_B_STAGE_HEARTBEAT stage=b1_coarse completed=451/5040 config=cpa_reactive_cpa30 scenario=eval_flow_id rate=3.67_eps_sec eta_min=20.8
[2026-05-09 07:17:03] [watcher] still running pid=1530 tables=5 traces=147
[2026-05-09 07:17:13] [watcher] still running pid=1530 tables=5 traces=148
[2026-05-09 07:17:17] PHASE_B_STAGE_HEARTBEAT stage=b1_coarse completed=481/5040 config=cpa_reactive_h6 scenario=eval_flow_id rate=3.35_eps_sec eta_min=22.7
[2026-05-09 07:17:23] [watcher] still running pid=1530 tables=5 traces=150
[2026-05-09 07:17:33] [watcher] still running pid=1530 tables=5 traces=151
[2026-05-09 07:17:38] PHASE_B_STAGE_HEARTBEAT stage=b1_coarse completed=507/5040 config=cpa_reactive_w14 scenario=eval_flow_id rate=3.10_eps_sec eta_min=24.4
[2026-05-09 07:17:43] [watcher] still running pid=1530 tables=5 traces=152
[2026-05-09 07:17:53] [watcher] still running pid=1530 tables=5 traces=153
[2026-05-09 07:17:58] PHASE_B_STAGE_HEARTBEAT stage=b1_coarse completed=538/5040 config=cpa_reactive_w28 scenario=eval_flow_id rate=2.93_eps_sec eta_min=25.6
[2026-05-09 07:18:03] [watcher] still running pid=1530 tables=5 traces=155
[2026-05-09 07:18:13] [watcher] still running pid=1530 tables=5 traces=159
[2026-05-09 07:18:18] PHASE_B_STAGE_HEARTBEAT stage=b1_coarse completed=611/5040 config=distance_filter_d2_beta0p8 scenario=eval_flow_id rate=3.00_eps_sec eta_min=24.6
[2026-05-09 07:18:23] [watcher] still running pid=1530 tables=5 traces=163
[2026-05-09 07:18:33] [watcher] still running pid=1530 tables=5 traces=164
[2026-05-09 07:18:38] PHASE_B_STAGE_HEARTBEAT stage=b1_coarse completed=668/5040 config=cpa_ttc_filter_h3_cpa1p2 scenario=eval_flow_id rate=2.98_eps_sec eta_min=24.4
[2026-05-09 07:18:43] [watcher] still running pid=1530 tables=5 traces=165
[2026-05-09 07:18:53] [watcher] still running pid=1530 tables=5 traces=166
[2026-05-09 07:18:59] PHASE_B_STAGE_HEARTBEAT stage=b1_coarse completed=697/5040 config=cpa_ttc_filter_h3_cpa1p5 scenario=eval_flow_id rate=2.85_eps_sec eta_min=25.4
[2026-05-09 07:19:04] [watcher] still running pid=1530 tables=5 traces=167
[2026-05-09 07:19:14] [watcher] still running pid=1530 tables=5 traces=168
[2026-05-09 07:19:19] PHASE_B_STAGE_HEARTBEAT stage=b1_coarse completed=719/5040 config=cpa_ttc_filter_h3_cpa2 scenario=eval_flow_id rate=2.72_eps_sec eta_min=26.5
[2026-05-09 07:19:24] [watcher] still running pid=1530 tables=5 traces=170
[2026-05-09 07:19:34] [watcher] still running pid=1530 tables=5 traces=171
[2026-05-09 07:19:40] PHASE_B_STAGE_HEARTBEAT stage=b1_coarse completed=748/5040 config=cpa_ttc_filter_h4p5_cpa1p5 scenario=eval_flow_id rate=2.62_eps_sec eta_min=27.3
[2026-05-09 07:19:44] [watcher] still running pid=1530 tables=5 traces=172
[2026-05-09 07:19:54] [watcher] still running pid=1530 tables=5 traces=173
[2026-05-09 07:20:00] PHASE_B_STAGE_HEARTBEAT stage=b1_coarse completed=771/5040 config=cpa_ttc_filter_h4p5_cpa2 scenario=eval_flow_id rate=2.52_eps_sec eta_min=28.2
[2026-05-09 07:20:04] [watcher] still running pid=1530 tables=5 traces=173
[2026-05-09 07:20:14] [watcher] still running pid=1530 tables=5 traces=175
[2026-05-09 07:20:20] PHASE_B_STAGE_HEARTBEAT stage=b1_coarse completed=798/5040 config=vo_like_filter_h45_cpa1p2_h16 scenario=eval_flow_id rate=2.45_eps_sec eta_min=28.9
[2026-05-09 07:20:24] [watcher] still running pid=1530 tables=5 traces=176
[2026-05-09 07:20:34] [watcher] still running pid=1530 tables=5 traces=177
[2026-05-09 07:20:40] PHASE_B_STAGE_HEARTBEAT stage=b1_coarse completed=820/5040 config=vo_like_filter_h45_cpa1p5_h16 scenario=eval_flow_id rate=2.37_eps_sec eta_min=29.7
[2026-05-09 07:20:44] [watcher] still running pid=1530 tables=5 traces=178
[2026-05-09 07:20:54] [watcher] still running pid=1530 tables=5 traces=179
[2026-05-09 07:21:01] PHASE_B_STAGE_HEARTBEAT stage=b1_coarse completed=833/5040 config=vo_like_filter_h45_cpa2_h16 scenario=eval_flow_id rate=2.27_eps_sec eta_min=30.9
[2026-05-09 07:21:04] [watcher] still running pid=1530 tables=5 traces=179
[2026-05-09 07:21:14] [watcher] still running pid=1530 tables=5 traces=180
[2026-05-09 07:21:21] PHASE_B_STAGE_HEARTBEAT stage=b1_coarse completed=852/5040 config=random scenario=eval_flow_high_density rate=2.20_eps_sec eta_min=31.7
[2026-05-09 07:21:24] [watcher] still running pid=1530 tables=5 traces=180
[2026-05-09 07:21:34] [watcher] still running pid=1530 tables=5 traces=183
[2026-05-09 07:21:42] PHASE_B_STAGE_HEARTBEAT stage=b1_coarse completed=907/5040 config=cpa_reactive_current scenario=eval_flow_high_density rate=2.22_eps_sec eta_min=31.0
[2026-05-09 07:21:44] [watcher] still running pid=1530 tables=5 traces=184
[2026-05-09 07:21:55] [watcher] still running pid=1530 tables=5 traces=184
[2026-05-09 07:22:02] PHASE_B_STAGE_HEARTBEAT stage=b1_coarse completed=979/5040 config=naive_apf_d3_w1p6 scenario=eval_flow_high_density rate=2.29_eps_sec eta_min=29.6
[2026-05-09 07:22:05] [watcher] still running pid=1530 tables=5 traces=193
[2026-05-09 07:22:15] [watcher] still running pid=1530 tables=5 traces=200
[2026-05-09 07:22:22] PHASE_B_STAGE_HEARTBEAT stage=b1_coarse completed=1129/5040 config=velocity_aware_apf_alpha1 scenario=eval_flow_high_density rate=2.52_eps_sec eta_min=25.9
[2026-05-09 07:22:25] [watcher] still running pid=1530 tables=5 traces=205
[2026-05-09 07:22:35] [watcher] still running pid=1530 tables=5 traces=208
[2026-05-09 07:22:43] PHASE_B_STAGE_HEARTBEAT stage=b1_coarse completed=1222/5040 config=cpa_reactive_d3 scenario=eval_flow_high_density rate=2.61_eps_sec eta_min=24.4
[2026-05-09 07:22:45] [watcher] still running pid=1530 tables=5 traces=211
[2026-05-09 07:22:55] [watcher] still running pid=1530 tables=5 traces=211
[2026-05-09 07:23:04] PHASE_B_STAGE_HEARTBEAT stage=b1_coarse completed=1243/5040 config=cpa_reactive_d5 scenario=eval_flow_high_density rate=2.54_eps_sec eta_min=24.9
[2026-05-09 07:23:05] [watcher] still running pid=1530 tables=5 traces=212
[2026-05-09 07:23:15] [watcher] still running pid=1530 tables=5 traces=212
[2026-05-09 07:23:24] PHASE_B_STAGE_HEARTBEAT stage=b1_coarse completed=1263/5040 config=cpa_reactive_cpa18 scenario=eval_flow_high_density rate=2.48_eps_sec eta_min=25.4
[2026-05-09 07:23:25] [watcher] still running pid=1530 tables=5 traces=213
[2026-05-09 07:23:35] [watcher] still running pid=1530 tables=5 traces=213
[2026-05-09 07:23:45] PHASE_B_STAGE_HEARTBEAT stage=b1_coarse completed=1284/5040 config=cpa_reactive_cpa30 scenario=eval_flow_high_density rate=2.42_eps_sec eta_min=25.9
[2026-05-09 07:23:45] [watcher] still running pid=1530 tables=5 traces=214
[2026-05-09 07:23:55] [watcher] still running pid=1530 tables=5 traces=214
[2026-05-09 07:24:05] PHASE_B_STAGE_HEARTBEAT stage=b1_coarse completed=1304/5040 config=cpa_reactive_h3 scenario=eval_flow_high_density rate=2.37_eps_sec eta_min=26.3
[2026-05-09 07:24:05] [watcher] still running pid=1530 tables=5 traces=215
[2026-05-09 07:24:15] [watcher] still running pid=1530 tables=5 traces=216
[2026-05-09 07:24:25] PHASE_B_STAGE_HEARTBEAT stage=b1_coarse completed=1324/5040 config=cpa_reactive_h6 scenario=eval_flow_high_density rate=2.32_eps_sec eta_min=26.7
[2026-05-09 07:24:25] [watcher] still running pid=1530 tables=5 traces=217
[2026-05-09 07:24:36] [watcher] still running pid=1530 tables=5 traces=217
[2026-05-09 07:24:45] PHASE_B_STAGE_HEARTBEAT stage=b1_coarse completed=1344/5040 config=cpa_reactive_w14 scenario=eval_flow_high_density rate=2.27_eps_sec eta_min=27.1
[2026-05-09 07:24:46] [watcher] still running pid=1530 tables=5 traces=219
[2026-05-09 07:24:56] [watcher] still running pid=1530 tables=5 traces=220
[2026-05-09 07:25:06] [watcher] still running pid=1530 tables=5 traces=221
[2026-05-09 07:25:06] PHASE_B_STAGE_HEARTBEAT stage=b1_coarse completed=1365/5040 config=cpa_reactive_w28 scenario=eval_flow_high_density rate=2.23_eps_sec eta_min=27.5
[2026-05-09 07:25:16] [watcher] still running pid=1530 tables=5 traces=221
[2026-05-09 07:25:26] [watcher] still running pid=1530 tables=5 traces=223
[2026-05-09 07:25:26] PHASE_B_STAGE_HEARTBEAT stage=b1_coarse completed=1398/5040 config=distance_filter_d1p5_beta0p5 scenario=eval_flow_high_density rate=2.21_eps_sec eta_min=27.4
[2026-05-09 07:25:36] [watcher] still running pid=1530 tables=5 traces=227
[2026-05-09 07:25:46] [watcher] still running pid=1530 tables=5 traces=228
[2026-05-09 07:25:47] PHASE_B_STAGE_HEARTBEAT stage=b1_coarse completed=1454/5040 config=distance_filter_d2_beta0p8 scenario=eval_flow_high_density rate=2.23_eps_sec eta_min=26.8
[2026-05-09 07:25:56] [watcher] still running pid=1530 tables=5 traces=229
[2026-05-09 07:26:06] [watcher] still running pid=1530 tables=5 traces=231
[2026-05-09 07:26:07] PHASE_B_STAGE_HEARTBEAT stage=b1_coarse completed=1493/5040 config=distance_filter_d2p5_beta0p8 scenario=eval_flow_high_density rate=2.22_eps_sec eta_min=26.6
[2026-05-09 07:26:16] [watcher] still running pid=1530 tables=5 traces=232
[2026-05-09 07:26:26] [watcher] still running pid=1530 tables=5 traces=232
[2026-05-09 07:26:27] PHASE_B_STAGE_HEARTBEAT stage=b1_coarse completed=1517/5040 config=cpa_ttc_filter_h3_cpa1p2 scenario=eval_flow_high_density rate=2.19_eps_sec eta_min=26.8
[2026-05-09 07:26:36] [watcher] still running pid=1530 tables=5 traces=234
[2026-05-09 07:26:46] [watcher] still running pid=1530 tables=5 traces=234
[2026-05-09 07:26:47] PHASE_B_STAGE_HEARTBEAT stage=b1_coarse completed=1535/5040 config=cpa_ttc_filter_h3_cpa1p5 scenario=eval_flow_high_density rate=2.15_eps_sec eta_min=27.1
[2026-05-09 07:26:56] [watcher] still running pid=1530 tables=5 traces=235
[2026-05-09 07:27:06] [watcher] still running pid=1530 tables=5 traces=235
[2026-05-09 07:27:07] PHASE_B_STAGE_HEARTBEAT stage=b1_coarse completed=1550/5040 config=cpa_ttc_filter_h3_cpa2 scenario=eval_flow_high_density rate=2.11_eps_sec eta_min=27.5
[2026-05-09 07:27:16] [watcher] still running pid=1530 tables=5 traces=236
[2026-05-09 07:27:27] [watcher] still running pid=1530 tables=5 traces=237
[2026-05-09 07:27:27] PHASE_B_STAGE_HEARTBEAT stage=b1_coarse completed=1566/5040 config=cpa_ttc_filter_h4p5_cpa1p2 scenario=eval_flow_high_density rate=2.08_eps_sec eta_min=27.9
[2026-05-09 07:27:37] [watcher] still running pid=1530 tables=5 traces=237
[2026-05-09 07:27:47] [watcher] still running pid=1530 tables=5 traces=238
[2026-05-09 07:27:48] PHASE_B_STAGE_HEARTBEAT stage=b1_coarse completed=1583/5040 config=cpa_ttc_filter_h4p5_cpa1p5 scenario=eval_flow_high_density rate=2.04_eps_sec eta_min=28.2
[2026-05-09 07:27:57] [watcher] still running pid=1530 tables=5 traces=239
[2026-05-09 07:28:07] [watcher] still running pid=1530 tables=5 traces=239
[2026-05-09 07:28:09] PHASE_B_STAGE_HEARTBEAT stage=b1_coarse completed=1600/5040 config=cpa_ttc_filter_h4p5_cpa1p5 scenario=eval_flow_high_density rate=2.01_eps_sec eta_min=28.5
[2026-05-09 07:28:17] [watcher] still running pid=1530 tables=5 traces=240
[2026-05-09 07:28:27] [watcher] still running pid=1530 tables=5 traces=240
[2026-05-09 07:28:29] PHASE_B_STAGE_HEARTBEAT stage=b1_coarse completed=1615/5040 config=cpa_ttc_filter_h4p5_cpa2 scenario=eval_flow_high_density rate=1.98_eps_sec eta_min=28.8
[2026-05-09 07:28:37] [watcher] still running pid=1530 tables=5 traces=240
[2026-05-09 07:28:47] [watcher] still running pid=1530 tables=5 traces=242
[2026-05-09 07:28:50] PHASE_B_STAGE_HEARTBEAT stage=b1_coarse completed=1632/5040 config=vo_like_filter_h45_cpa1p2_h16 scenario=eval_flow_high_density rate=1.95_eps_sec eta_min=29.1
[2026-05-09 07:28:57] [watcher] still running pid=1530 tables=5 traces=242
[2026-05-09 07:29:07] [watcher] still running pid=1530 tables=5 traces=243
[2026-05-09 07:29:10] PHASE_B_STAGE_HEARTBEAT stage=b1_coarse completed=1642/5040 config=vo_like_filter_h45_cpa1p5_h16 scenario=eval_flow_high_density rate=1.92_eps_sec eta_min=29.5
[2026-05-09 07:29:17] [watcher] still running pid=1530 tables=5 traces=244
[2026-05-09 07:29:27] [watcher] still running pid=1530 tables=5 traces=244
[2026-05-09 07:29:30] PHASE_B_STAGE_HEARTBEAT stage=b1_coarse completed=1654/5040 config=vo_like_filter_h45_cpa1p5_h16 scenario=eval_flow_high_density rate=1.89_eps_sec eta_min=29.9
[2026-05-09 07:29:37] [watcher] still running pid=1530 tables=5 traces=244
[2026-05-09 07:29:47] [watcher] still running pid=1530 tables=5 traces=245
[2026-05-09 07:29:54] PHASE_B_STAGE_HEARTBEAT stage=b1_coarse completed=1663/5040 config=vo_like_filter_h45_cpa2_h16 scenario=eval_flow_high_density rate=1.85_eps_sec eta_min=30.4
[2026-05-09 07:29:57] [watcher] still running pid=1530 tables=5 traces=246
[2026-05-09 07:30:07] [watcher] still running pid=1530 tables=5 traces=246
[2026-05-09 07:30:14] PHASE_B_STAGE_HEARTBEAT stage=b1_coarse completed=1669/5040 config=vo_like_filter_h45_cpa2_h16 scenario=eval_flow_high_density rate=1.81_eps_sec eta_min=31.0
[2026-05-09 07:30:18] [watcher] still running pid=1530 tables=5 traces=246
[2026-05-09 07:30:28] [watcher] still running pid=1530 tables=5 traces=246
[2026-05-09 07:30:38] [watcher] still running pid=1530 tables=5 traces=246
[2026-05-09 07:30:38] PHASE_B_STAGE_HEARTBEAT stage=b1_coarse completed=1675/5040 config=vo_like_filter_h45_cpa2_h16 scenario=eval_flow_high_density rate=1.77_eps_sec eta_min=31.6
[2026-05-09 07:30:48] [watcher] still running pid=1530 tables=5 traces=246
[2026-05-09 07:30:58] [watcher] still running pid=1530 tables=5 traces=247
[2026-05-09 07:30:59] PHASE_B_STAGE_HEARTBEAT stage=b1_coarse completed=1682/5040 config=random scenario=eval_flow_high_speed rate=1.74_eps_sec eta_min=32.1
[2026-05-09 07:31:08] [watcher] still running pid=1530 tables=5 traces=247
[2026-05-09 07:31:18] [watcher] still running pid=1530 tables=5 traces=251
[2026-05-09 07:31:19] PHASE_B_STAGE_HEARTBEAT stage=b1_coarse completed=1742/5040 config=cpa_reactive_current scenario=eval_flow_high_speed rate=1.77_eps_sec eta_min=31.1
[2026-05-09 07:31:28] [watcher] still running pid=1530 tables=5 traces=252
[2026-05-09 07:31:38] [watcher] still running pid=1530 tables=5 traces=259
[2026-05-09 07:31:39] PHASE_B_STAGE_HEARTBEAT stage=b1_coarse completed=1904/5040 config=naive_apf_d5_w1 scenario=eval_flow_high_speed rate=1.90_eps_sec eta_min=27.6
[2026-05-09 07:31:48] [watcher] still running pid=1530 tables=5 traces=269
[2026-05-09 07:31:58] [watcher] still running pid=1530 tables=5 traces=272
[2026-05-09 07:31:59] PHASE_B_STAGE_HEARTBEAT stage=b1_coarse completed=2065/5040 config=cpa_reactive_d3 scenario=eval_flow_high_speed rate=2.02_eps_sec eta_min=24.6
[2026-05-09 07:32:08] [watcher] still running pid=1530 tables=5 traces=273
[2026-05-09 07:32:18] [watcher] still running pid=1530 tables=5 traces=275
[2026-05-09 07:32:19] PHASE_B_STAGE_HEARTBEAT stage=b1_coarse completed=2090/5040 config=cpa_reactive_d5 scenario=eval_flow_high_speed rate=2.00_eps_sec eta_min=24.6
[2026-05-09 07:32:28] [watcher] still running pid=1530 tables=5 traces=276
[2026-05-09 07:32:38] [watcher] still running pid=1530 tables=5 traces=277
[2026-05-09 07:32:39] PHASE_B_STAGE_HEARTBEAT stage=b1_coarse completed=2116/5040 config=cpa_reactive_cpa18 scenario=eval_flow_high_speed rate=1.99_eps_sec eta_min=24.5
[2026-05-09 07:32:48] [watcher] still running pid=1530 tables=5 traces=279
[2026-05-09 07:32:59] [watcher] still running pid=1530 tables=5 traces=279
[2026-05-09 07:33:00] PHASE_B_STAGE_HEARTBEAT stage=b1_coarse completed=2142/5040 config=cpa_reactive_h3 scenario=eval_flow_high_speed rate=1.97_eps_sec eta_min=24.5
[2026-05-09 07:33:09] [watcher] still running pid=1530 tables=5 traces=280
[2026-05-09 07:33:19] [watcher] still running pid=1530 tables=5 traces=282
[2026-05-09 07:33:20] PHASE_B_STAGE_HEARTBEAT stage=b1_coarse completed=2167/5040 config=cpa_reactive_h6 scenario=eval_flow_high_speed rate=1.96_eps_sec eta_min=24.4
[2026-05-09 07:33:29] [watcher] still running pid=1530 tables=5 traces=282
[2026-05-09 07:33:39] [watcher] still running pid=1530 tables=5 traces=283
[2026-05-09 07:33:41] PHASE_B_STAGE_HEARTBEAT stage=b1_coarse completed=2194/5040 config=cpa_reactive_w14 scenario=eval_flow_high_speed rate=1.95_eps_sec eta_min=24.4
[2026-05-09 07:33:49] [watcher] still running pid=1530 tables=5 traces=284
[2026-05-09 07:33:59] [watcher] still running pid=1530 tables=5 traces=285
[2026-05-09 07:34:01] PHASE_B_STAGE_HEARTBEAT stage=b1_coarse completed=2220/5040 config=cpa_reactive_w28 scenario=eval_flow_high_speed rate=1.94_eps_sec eta_min=24.3
[2026-05-09 07:34:09] [watcher] still running pid=1530 tables=5 traces=288
[2026-05-09 07:34:19] [watcher] still running pid=1530 tables=5 traces=292
[2026-05-09 07:34:22] PHASE_B_STAGE_HEARTBEAT stage=b1_coarse completed=2296/5040 config=distance_filter_d2_beta0p8 scenario=eval_flow_high_speed rate=1.97_eps_sec eta_min=23.3
[2026-05-09 07:34:29] [watcher] still running pid=1530 tables=5 traces=294
[2026-05-09 07:34:39] [watcher] still running pid=1530 tables=5 traces=297
[2026-05-09 07:34:42] PHASE_B_STAGE_HEARTBEAT stage=b1_coarse completed=2353/5040 config=cpa_ttc_filter_h3_cpa1p2 scenario=eval_flow_high_speed rate=1.98_eps_sec eta_min=22.6
[2026-05-09 07:34:49] [watcher] still running pid=1530 tables=5 traces=298
[2026-05-09 07:34:59] [watcher] still running pid=1530 tables=5 traces=298
[2026-05-09 07:35:02] PHASE_B_STAGE_HEARTBEAT stage=b1_coarse completed=2382/5040 config=cpa_ttc_filter_h3_cpa2 scenario=eval_flow_high_speed rate=1.97_eps_sec eta_min=22.5
[2026-05-09 07:35:09] [watcher] still running pid=1530 tables=5 traces=299
[2026-05-09 07:35:19] [watcher] still running pid=1530 tables=5 traces=300
[2026-05-09 07:35:22] PHASE_B_STAGE_HEARTBEAT stage=b1_coarse completed=2409/5040 config=cpa_ttc_filter_h4p5_cpa1p2 scenario=eval_flow_high_speed rate=1.96_eps_sec eta_min=22.3
[2026-05-09 07:35:29] [watcher] still running pid=1530 tables=5 traces=301
[2026-05-09 07:35:40] [watcher] still running pid=1530 tables=5 traces=301
[2026-05-09 07:35:42] PHASE_B_STAGE_HEARTBEAT stage=b1_coarse completed=2440/5040 config=cpa_ttc_filter_h4p5_cpa1p5 scenario=eval_flow_high_speed rate=1.95_eps_sec eta_min=22.2
[2026-05-09 07:35:50] [watcher] still running pid=1530 tables=5 traces=302
[2026-05-09 07:36:00] [watcher] still running pid=1530 tables=5 traces=302
[2026-05-09 07:36:04] PHASE_B_STAGE_HEARTBEAT stage=b1_coarse completed=2462/5040 config=vo_like_filter_h45_cpa1p2_h16 scenario=eval_flow_high_speed rate=1.94_eps_sec eta_min=22.2
[2026-05-09 07:36:10] [watcher] still running pid=1530 tables=5 traces=304
[2026-05-09 07:36:20] [watcher] still running pid=1530 tables=5 traces=305
[2026-05-09 07:36:25] PHASE_B_STAGE_HEARTBEAT stage=b1_coarse completed=2484/5040 config=vo_like_filter_h45_cpa1p5_h16 scenario=eval_flow_high_speed rate=1.92_eps_sec eta_min=22.1
[2026-05-09 07:36:30] [watcher] still running pid=1530 tables=5 traces=305
[2026-05-09 07:36:40] [watcher] still running pid=1530 tables=5 traces=306
[2026-05-09 07:36:46] PHASE_B_STAGE_HEARTBEAT stage=b1_coarse completed=2501/5040 config=vo_like_filter_h45_cpa2_h16 scenario=eval_flow_high_speed rate=1.91_eps_sec eta_min=22.2
[2026-05-09 07:36:50] [watcher] still running pid=1530 tables=5 traces=307
[2026-05-09 07:37:00] [watcher] still running pid=1530 tables=5 traces=308
[2026-05-09 07:37:09] PHASE_B_STAGE_HEARTBEAT stage=b1_coarse completed=2514/5040 config=vo_like_filter_h45_cpa2_h16 scenario=eval_flow_high_speed rate=1.88_eps_sec eta_min=22.3
[2026-05-09 07:37:10] [watcher] still running pid=1530 tables=5 traces=308
[2026-05-09 07:37:20] [watcher] still running pid=1530 tables=5 traces=309
[2026-05-09 07:37:29] PHASE_B_STAGE_HEARTBEAT stage=b1_coarse completed=2536/5040 config=random scenario=eval_flow_high_threat rate=1.87_eps_sec eta_min=22.3
[2026-05-09 07:37:30] [watcher] still running pid=1530 tables=5 traces=309
[2026-05-09 07:37:40] [watcher] still running pid=1530 tables=5 traces=314
[2026-05-09 07:37:49] PHASE_B_STAGE_HEARTBEAT stage=b1_coarse completed=2595/5040 config=cpa_reactive_current scenario=eval_flow_high_threat rate=1.89_eps_sec eta_min=21.6
[2026-05-09 07:37:50] [watcher] still running pid=1530 tables=5 traces=314
[2026-05-09 07:38:00] [watcher] still running pid=1530 tables=5 traces=323
[2026-05-09 07:38:09] PHASE_B_STAGE_HEARTBEAT stage=b1_coarse completed=2796/5040 config=velocity_aware_apf_alpha0p5 scenario=eval_flow_high_threat rate=2.00_eps_sec eta_min=18.7
[2026-05-09 07:38:10] [watcher] still running pid=1530 tables=5 traces=330
[2026-05-09 07:38:20] [watcher] still running pid=1530 tables=5 traces=335
[2026-05-09 07:38:29] PHASE_B_STAGE_HEARTBEAT stage=b1_coarse completed=2905/5040 config=cpa_reactive_d3 scenario=eval_flow_high_threat rate=2.05_eps_sec eta_min=17.3
[2026-05-09 07:38:31] [watcher] still running pid=1530 tables=5 traces=338
[2026-05-09 07:38:41] [watcher] still running pid=1530 tables=5 traces=339
[2026-05-09 07:38:49] PHASE_B_STAGE_HEARTBEAT stage=b1_coarse completed=2932/5040 config=cpa_reactive_d5 scenario=eval_flow_high_threat rate=2.04_eps_sec eta_min=17.2
[2026-05-09 07:38:51] [watcher] still running pid=1530 tables=5 traces=339
[2026-05-09 07:39:01] [watcher] still running pid=1530 tables=5 traces=341
[2026-05-09 07:39:10] PHASE_B_STAGE_HEARTBEAT stage=b1_coarse completed=2960/5040 config=cpa_reactive_cpa18 scenario=eval_flow_high_threat rate=2.03_eps_sec eta_min=17.0
[2026-05-09 07:39:11] [watcher] still running pid=1530 tables=5 traces=342
[2026-05-09 07:39:21] [watcher] still running pid=1530 tables=5 traces=343
[2026-05-09 07:39:30] PHASE_B_STAGE_HEARTBEAT stage=b1_coarse completed=2985/5040 config=cpa_reactive_h3 scenario=eval_flow_high_threat rate=2.02_eps_sec eta_min=16.9
[2026-05-09 07:39:31] [watcher] still running pid=1530 tables=5 traces=345
[2026-05-09 07:39:41] [watcher] still running pid=1530 tables=5 traces=345
[2026-05-09 07:39:50] PHASE_B_STAGE_HEARTBEAT stage=b1_coarse completed=3012/5040 config=cpa_reactive_h6 scenario=eval_flow_high_threat rate=2.01_eps_sec eta_min=16.8
[2026-05-09 07:39:51] [watcher] still running pid=1530 tables=5 traces=347
[2026-05-09 07:40:01] [watcher] still running pid=1530 tables=5 traces=348
[2026-05-09 07:40:10] PHASE_B_STAGE_HEARTBEAT stage=b1_coarse completed=3039/5040 config=cpa_reactive_w14 scenario=eval_flow_high_threat rate=2.00_eps_sec eta_min=16.6
[2026-05-09 07:40:11] [watcher] still running pid=1530 tables=5 traces=348
[2026-05-09 07:40:21] [watcher] still running pid=1530 tables=5 traces=349
[2026-05-09 07:40:30] PHASE_B_STAGE_HEARTBEAT stage=b1_coarse completed=3074/5040 config=distance_filter_d1p5_beta0p5 scenario=eval_flow_high_threat rate=2.00_eps_sec eta_min=16.4
[2026-05-09 07:40:31] [watcher] still running pid=1530 tables=5 traces=352
[2026-05-09 07:40:41] [watcher] still running pid=1530 tables=5 traces=357
[2026-05-09 07:40:51] PHASE_B_STAGE_HEARTBEAT stage=b1_coarse completed=3145/5040 config=distance_filter_d2p5_beta0p5 scenario=eval_flow_high_threat rate=2.02_eps_sec eta_min=15.6
[2026-05-09 07:40:51] [watcher] still running pid=1530 tables=5 traces=360
[2026-05-09 07:41:01] [watcher] still running pid=1530 tables=5 traces=361
[2026-05-09 07:41:11] PHASE_B_STAGE_HEARTBEAT stage=b1_coarse completed=3194/5040 config=cpa_ttc_filter_h3_cpa1p2 scenario=eval_flow_high_threat rate=2.03_eps_sec eta_min=15.2
[2026-05-09 07:41:11] [watcher] still running pid=1530 tables=5 traces=363
[2026-05-09 07:41:22] [watcher] still running pid=1530 tables=5 traces=365
[2026-05-09 07:41:31] PHASE_B_STAGE_HEARTBEAT stage=b1_coarse completed=3222/5040 config=cpa_ttc_filter_h3_cpa2 scenario=eval_flow_high_threat rate=2.02_eps_sec eta_min=15.0
[2026-05-09 07:41:32] [watcher] still running pid=1530 tables=5 traces=366
[2026-05-09 07:41:42] [watcher] still running pid=1530 tables=5 traces=367
[2026-05-09 07:41:52] [watcher] still running pid=1530 tables=5 traces=368
[2026-05-09 07:41:52] PHASE_B_STAGE_HEARTBEAT stage=b1_coarse completed=3243/5040 config=cpa_ttc_filter_h4p5_cpa1p2 scenario=eval_flow_high_threat rate=2.00_eps_sec eta_min=14.9
[2026-05-09 07:42:02] [watcher] still running pid=1530 tables=5 traces=368
[2026-05-09 07:42:12] [watcher] still running pid=1530 tables=5 traces=369
[2026-05-09 07:42:13] PHASE_B_STAGE_HEARTBEAT stage=b1_coarse completed=3272/5040 config=cpa_ttc_filter_h4p5_cpa1p5 scenario=eval_flow_high_threat rate=2.00_eps_sec eta_min=14.8
[2026-05-09 07:42:22] [watcher] still running pid=1530 tables=5 traces=370
[2026-05-09 07:42:32] [watcher] still running pid=1530 tables=5 traces=371
[2026-05-09 07:42:34] PHASE_B_STAGE_HEARTBEAT stage=b1_coarse completed=3294/5040 config=cpa_ttc_filter_h4p5_cpa2 scenario=eval_flow_high_threat rate=1.98_eps_sec eta_min=14.7
[2026-05-09 07:42:42] [watcher] still running pid=1530 tables=5 traces=372
[2026-05-09 07:42:52] [watcher] still running pid=1530 tables=5 traces=373
[2026-05-09 07:42:54] PHASE_B_STAGE_HEARTBEAT stage=b1_coarse completed=3319/5040 config=vo_like_filter_h45_cpa1p2_h16 scenario=eval_flow_high_threat rate=1.98_eps_sec eta_min=14.5
[2026-05-09 07:43:02] [watcher] still running pid=1530 tables=5 traces=375
[2026-05-09 07:43:12] [watcher] still running pid=1530 tables=5 traces=375
[2026-05-09 07:43:15] PHASE_B_STAGE_HEARTBEAT stage=b1_coarse completed=3341/5040 config=vo_like_filter_h45_cpa2_h16 scenario=eval_flow_high_threat rate=1.96_eps_sec eta_min=14.4
[2026-05-09 07:43:22] [watcher] still running pid=1530 tables=5 traces=377
[2026-05-09 07:43:32] [watcher] still running pid=1530 tables=5 traces=377
[2026-05-09 07:43:35] PHASE_B_STAGE_HEARTBEAT stage=b1_coarse completed=3353/5040 config=vo_like_filter_h45_cpa2_h16 scenario=eval_flow_high_threat rate=1.95_eps_sec eta_min=14.4
[2026-05-09 07:43:42] [watcher] still running pid=1530 tables=5 traces=377
[2026-05-09 07:43:52] [watcher] still running pid=1530 tables=5 traces=378
[2026-05-09 07:43:55] PHASE_B_STAGE_HEARTBEAT stage=b1_coarse completed=3369/5040 config=random scenario=eval_flow_mixed_ood rate=1.93_eps_sec eta_min=14.4
[2026-05-09 07:44:03] [watcher] still running pid=1530 tables=5 traces=378
[2026-05-09 07:44:13] [watcher] still running pid=1530 tables=5 traces=382
[2026-05-09 07:44:16] PHASE_B_STAGE_HEARTBEAT stage=b1_coarse completed=3429/5040 config=cpa_reactive_current scenario=eval_flow_mixed_ood rate=1.95_eps_sec eta_min=13.8
[2026-05-09 07:44:23] [watcher] still running pid=1530 tables=5 traces=383
[2026-05-09 07:44:33] [watcher] still running pid=1530 tables=5 traces=391
[2026-05-09 07:44:36] PHASE_B_STAGE_HEARTBEAT stage=b1_coarse completed=3590/5040 config=naive_apf_d5_w1 scenario=eval_flow_mixed_ood rate=2.01_eps_sec eta_min=12.0
[2026-05-09 07:44:43] [watcher] still running pid=1530 tables=5 traces=398
[2026-05-09 07:44:53] [watcher] still running pid=1530 tables=5 traces=405
[2026-05-09 07:44:56] PHASE_B_STAGE_HEARTBEAT stage=b1_coarse completed=3738/5040 config=cpa_ttc_weighted_apf_alpha3 scenario=eval_flow_mixed_ood rate=2.07_eps_sec eta_min=10.5
[2026-05-09 07:45:03] [watcher] still running pid=1530 tables=5 traces=408
[2026-05-09 07:45:13] [watcher] still running pid=1530 tables=5 traces=409
[2026-05-09 07:45:16] PHASE_B_STAGE_HEARTBEAT stage=b1_coarse completed=3766/5040 config=cpa_reactive_d5 scenario=eval_flow_mixed_ood rate=2.07_eps_sec eta_min=10.3
[2026-05-09 07:45:23] [watcher] still running pid=1530 tables=5 traces=409
[2026-05-09 07:45:33] [watcher] still running pid=1530 tables=5 traces=410
[2026-05-09 07:45:37] PHASE_B_STAGE_HEARTBEAT stage=b1_coarse completed=3793/5040 config=cpa_reactive_cpa18 scenario=eval_flow_mixed_ood rate=2.06_eps_sec eta_min=10.1
[2026-05-09 07:45:43] [watcher] still running pid=1530 tables=5 traces=411
[2026-05-09 07:45:53] [watcher] still running pid=1530 tables=5 traces=411
[2026-05-09 07:45:57] PHASE_B_STAGE_HEARTBEAT stage=b1_coarse completed=3820/5040 config=cpa_reactive_cpa30 scenario=eval_flow_mixed_ood rate=2.05_eps_sec eta_min=9.9
[2026-05-09 07:46:03] [watcher] still running pid=1530 tables=5 traces=412
[2026-05-09 07:46:13] [watcher] still running pid=1530 tables=5 traces=413
[2026-05-09 07:46:18] PHASE_B_STAGE_HEARTBEAT stage=b1_coarse completed=3847/5040 config=cpa_reactive_h6 scenario=eval_flow_mixed_ood rate=2.04_eps_sec eta_min=9.7
[2026-05-09 07:46:23] [watcher] still running pid=1530 tables=5 traces=414
[2026-05-09 07:46:33] [watcher] still running pid=1530 tables=5 traces=416
[2026-05-09 07:46:38] PHASE_B_STAGE_HEARTBEAT stage=b1_coarse completed=3876/5040 config=cpa_reactive_w14 scenario=eval_flow_mixed_ood rate=2.04_eps_sec eta_min=9.5
[2026-05-09 07:46:43] [watcher] still running pid=1530 tables=5 traces=417
[2026-05-09 07:46:54] [watcher] still running pid=1530 tables=5 traces=417
[2026-05-09 07:46:58] PHASE_B_STAGE_HEARTBEAT stage=b1_coarse completed=3906/5040 config=distance_filter_d1p5_beta0p5 scenario=eval_flow_mixed_ood rate=2.03_eps_sec eta_min=9.3
[2026-05-09 07:47:04] [watcher] still running pid=1530 tables=5 traces=421
[2026-05-09 07:47:14] [watcher] still running pid=1530 tables=5 traces=425
[2026-05-09 07:47:18] PHASE_B_STAGE_HEARTBEAT stage=b1_coarse completed=3979/5040 config=distance_filter_d2_beta0p8 scenario=eval_flow_mixed_ood rate=2.05_eps_sec eta_min=8.6
[2026-05-09 07:47:24] [watcher] still running pid=1530 tables=5 traces=427
[2026-05-09 07:47:34] [watcher] still running pid=1530 tables=5 traces=430
[2026-05-09 07:47:38] PHASE_B_STAGE_HEARTBEAT stage=b1_coarse completed=4032/5040 config=cpa_ttc_filter_h3_cpa1p2 scenario=eval_flow_mixed_ood rate=2.05_eps_sec eta_min=8.2
[2026-05-09 07:47:44] [watcher] still running pid=1530 tables=5 traces=431
[2026-05-09 07:47:54] [watcher] still running pid=1530 tables=5 traces=432
[2026-05-09 07:47:59] PHASE_B_STAGE_HEARTBEAT stage=b1_coarse completed=4062/5040 config=cpa_ttc_filter_h3_cpa2 scenario=eval_flow_mixed_ood rate=2.05_eps_sec eta_min=8.0
[2026-05-09 07:48:04] [watcher] still running pid=1530 tables=5 traces=433
[2026-05-09 07:48:14] [watcher] still running pid=1530 tables=5 traces=433
[2026-05-09 07:48:19] PHASE_B_STAGE_HEARTBEAT stage=b1_coarse completed=4085/5040 config=cpa_ttc_filter_h4p5_cpa1p2 scenario=eval_flow_mixed_ood rate=2.04_eps_sec eta_min=7.8
[2026-05-09 07:48:24] [watcher] still running pid=1530 tables=5 traces=435
[2026-05-09 07:48:34] [watcher] still running pid=1530 tables=5 traces=436
[2026-05-09 07:48:39] PHASE_B_STAGE_HEARTBEAT stage=b1_coarse completed=4114/5040 config=cpa_ttc_filter_h4p5_cpa1p5 scenario=eval_flow_mixed_ood rate=2.03_eps_sec eta_min=7.6
[2026-05-09 07:48:44] [watcher] still running pid=1530 tables=5 traces=436
[2026-05-09 07:48:54] [watcher] still running pid=1530 tables=5 traces=438
[2026-05-09 07:49:00] PHASE_B_STAGE_HEARTBEAT stage=b1_coarse completed=4135/5040 config=cpa_ttc_filter_h4p5_cpa2 scenario=eval_flow_mixed_ood rate=2.02_eps_sec eta_min=7.5
[2026-05-09 07:49:04] [watcher] still running pid=1530 tables=5 traces=438
[2026-05-09 07:49:14] [watcher] still running pid=1530 tables=5 traces=440
[2026-05-09 07:49:20] PHASE_B_STAGE_HEARTBEAT stage=b1_coarse completed=4160/5040 config=vo_like_filter_h45_cpa1p2_h16 scenario=eval_flow_mixed_ood rate=2.01_eps_sec eta_min=7.3
[2026-05-09 07:49:24] [watcher] still running pid=1530 tables=5 traces=441
[2026-05-09 07:49:35] [watcher] still running pid=1530 tables=5 traces=442
[2026-05-09 07:49:42] PHASE_B_STAGE_HEARTBEAT stage=b1_coarse completed=4174/5040 config=vo_like_filter_h45_cpa1p5_h16 scenario=eval_flow_mixed_ood rate=2.00_eps_sec eta_min=7.2
[2026-05-09 07:49:45] [watcher] still running pid=1530 tables=5 traces=442
[2026-05-09 07:49:55] [watcher] still running pid=1530 tables=5 traces=443
[2026-05-09 07:50:03] PHASE_B_STAGE_HEARTBEAT stage=b1_coarse completed=4188/5040 config=vo_like_filter_h45_cpa2_h16 scenario=eval_flow_mixed_ood rate=1.99_eps_sec eta_min=7.2
[2026-05-09 07:50:05] [watcher] still running pid=1530 tables=5 traces=444
[2026-05-09 07:50:15] [watcher] still running pid=1530 tables=5 traces=444
[2026-05-09 07:50:23] PHASE_B_STAGE_HEARTBEAT stage=b1_coarse completed=4202/5040 config=random scenario=eval_flow_sudden_threat rate=1.97_eps_sec eta_min=7.1
[2026-05-09 07:50:25] [watcher] still running pid=1530 tables=5 traces=445
[2026-05-09 07:50:35] [watcher] still running pid=1530 tables=5 traces=445
[2026-05-09 07:50:44] PHASE_B_STAGE_HEARTBEAT stage=b1_coarse completed=4263/5040 config=cpa_reactive_current scenario=eval_flow_sudden_threat rate=1.98_eps_sec eta_min=6.5
[2026-05-09 07:50:45] [watcher] still running pid=1530 tables=5 traces=450
[2026-05-09 07:50:55] [watcher] still running pid=1530 tables=5 traces=451
[2026-05-09 07:51:04] PHASE_B_STAGE_HEARTBEAT stage=b1_coarse completed=4361/5040 config=naive_apf_d4_w1 scenario=eval_flow_sudden_threat rate=2.01_eps_sec eta_min=5.6
[2026-05-09 07:51:05] [watcher] still running pid=1530 tables=5 traces=461
[2026-05-09 07:51:15] [watcher] still running pid=1530 tables=5 traces=470
[2026-05-09 07:51:24] PHASE_B_STAGE_HEARTBEAT stage=b1_coarse completed=4529/5040 config=cpa_ttc_weighted_apf_alpha1 scenario=eval_flow_sudden_threat rate=2.07_eps_sec eta_min=4.1
[2026-05-09 07:51:25] [watcher] still running pid=1530 tables=5 traces=477
[2026-05-09 07:51:35] [watcher] still running pid=1530 tables=5 traces=482
[2026-05-09 07:51:45] PHASE_B_STAGE_HEARTBEAT stage=b1_coarse completed=4599/5040 config=cpa_reactive_d3 scenario=eval_flow_sudden_threat rate=2.08_eps_sec eta_min=3.5
[2026-05-09 07:51:45] [watcher] still running pid=1530 tables=5 traces=483
[2026-05-09 07:51:55] [watcher] still running pid=1530 tables=5 traces=484
[2026-05-09 07:52:05] PHASE_B_STAGE_HEARTBEAT stage=b1_coarse completed=4625/5040 config=cpa_reactive_cpa18 scenario=eval_flow_sudden_threat rate=2.07_eps_sec eta_min=3.3
[2026-05-09 07:52:05] [watcher] still running pid=1530 tables=5 traces=486
[2026-05-09 07:52:15] [watcher] still running pid=1530 tables=5 traces=486
[2026-05-09 07:52:25] PHASE_B_STAGE_HEARTBEAT stage=b1_coarse completed=4653/5040 config=cpa_reactive_cpa30 scenario=eval_flow_sudden_threat rate=2.07_eps_sec eta_min=3.1
[2026-05-09 07:52:26] [watcher] still running pid=1530 tables=5 traces=488
[2026-05-09 07:52:36] [watcher] still running pid=1530 tables=5 traces=489
[2026-05-09 07:52:45] PHASE_B_STAGE_HEARTBEAT stage=b1_coarse completed=4681/5040 config=cpa_reactive_h6 scenario=eval_flow_sudden_threat rate=2.06_eps_sec eta_min=2.9
[2026-05-09 07:52:46] [watcher] still running pid=1530 tables=5 traces=491
[2026-05-09 07:52:56] [watcher] still running pid=1530 tables=5 traces=491
[2026-05-09 07:53:06] [watcher] still running pid=1530 tables=5 traces=492
[2026-05-09 07:53:06] PHASE_B_STAGE_HEARTBEAT stage=b1_coarse completed=4707/5040 config=cpa_reactive_w14 scenario=eval_flow_sudden_threat rate=2.05_eps_sec eta_min=2.7
[2026-05-09 07:53:16] [watcher] still running pid=1530 tables=5 traces=493
[2026-05-09 07:53:26] PHASE_B_STAGE_HEARTBEAT stage=b1_coarse completed=4734/5040 config=cpa_reactive_w28 scenario=eval_flow_sudden_threat rate=2.05_eps_sec eta_min=2.5
[2026-05-09 07:53:26] [watcher] still running pid=1530 tables=5 traces=494
[2026-05-09 07:53:36] [watcher] still running pid=1530 tables=5 traces=496
[2026-05-09 07:53:46] [watcher] still running pid=1530 tables=5 traces=499
[2026-05-09 07:53:46] PHASE_B_STAGE_HEARTBEAT stage=b1_coarse completed=4798/5040 config=distance_filter_d2_beta0p5 scenario=eval_flow_sudden_threat rate=2.06_eps_sec eta_min=2.0
[2026-05-09 07:53:56] [watcher] still running pid=1530 tables=5 traces=503
[2026-05-09 07:54:06] [watcher] still running pid=1530 tables=5 traces=505
[2026-05-09 07:54:06] PHASE_B_STAGE_HEARTBEAT stage=b1_coarse completed=4857/5040 config=distance_filter_d2p5_beta0p8 scenario=eval_flow_sudden_threat rate=2.06_eps_sec eta_min=1.5
[2026-05-09 07:54:16] [watcher] still running pid=1530 tables=5 traces=507
[2026-05-09 07:54:26] [watcher] still running pid=1530 tables=5 traces=508
[2026-05-09 07:54:27] PHASE_B_STAGE_HEARTBEAT stage=b1_coarse completed=4894/5040 config=cpa_ttc_filter_h3_cpa1p5 scenario=eval_flow_sudden_threat rate=2.06_eps_sec eta_min=1.2
[2026-05-09 07:54:36] [watcher] still running pid=1530 tables=5 traces=509
[2026-05-09 07:54:46] [watcher] still running pid=1530 tables=5 traces=510
[2026-05-09 07:54:47] PHASE_B_STAGE_HEARTBEAT stage=b1_coarse completed=4916/5040 config=cpa_ttc_filter_h3_cpa2 scenario=eval_flow_sudden_threat rate=2.05_eps_sec eta_min=1.0
[2026-05-09 07:54:56] [watcher] still running pid=1530 tables=5 traces=512
[2026-05-09 07:55:07] [watcher] still running pid=1530 tables=5 traces=512
[2026-05-09 07:55:08] PHASE_B_STAGE_HEARTBEAT stage=b1_coarse completed=4941/5040 config=cpa_ttc_filter_h4p5_cpa1p5 scenario=eval_flow_sudden_threat rate=2.05_eps_sec eta_min=0.8
[2026-05-09 07:55:17] [watcher] still running pid=1530 tables=5 traces=514
[2026-05-09 07:55:27] [watcher] still running pid=1530 tables=5 traces=515
[2026-05-09 07:55:28] PHASE_B_STAGE_HEARTBEAT stage=b1_coarse completed=4965/5040 config=cpa_ttc_filter_h4p5_cpa2 scenario=eval_flow_sudden_threat rate=2.04_eps_sec eta_min=0.6
[2026-05-09 07:55:37] [watcher] still running pid=1530 tables=5 traces=516
[2026-05-09 07:55:47] [watcher] still running pid=1530 tables=5 traces=518
[2026-05-09 07:55:49] PHASE_B_STAGE_HEARTBEAT stage=b1_coarse completed=4987/5040 config=vo_like_filter_h45_cpa1p2_h16 scenario=eval_flow_sudden_threat rate=2.03_eps_sec eta_min=0.4
[2026-05-09 07:55:57] [watcher] still running pid=1530 tables=5 traces=518
[2026-05-09 07:56:07] [watcher] still running pid=1530 tables=5 traces=520
[2026-05-09 07:56:09] PHASE_B_STAGE_HEARTBEAT stage=b1_coarse completed=5012/5040 config=vo_like_filter_h45_cpa1p5_h16 scenario=eval_flow_sudden_threat rate=2.02_eps_sec eta_min=0.2
[2026-05-09 07:56:17] [watcher] still running pid=1530 tables=5 traces=520
[2026-05-09 07:56:27] [watcher] still running pid=1530 tables=5 traces=522
[2026-05-09 07:56:30] PHASE_B_STAGE_HEARTBEAT stage=b1_coarse completed=5028/5040 config=vo_like_filter_h45_cpa2_h16 scenario=eval_flow_sudden_threat rate=2.01_eps_sec eta_min=0.1
[2026-05-09 07:56:37] [watcher] still running pid=1530 tables=5 traces=522
[2026-05-09 07:56:47] [watcher] still running pid=1530 tables=5 traces=522
[2026-05-09 07:56:48] PHASE_B_STAGE_HEARTBEAT stage=b1_coarse completed=5040/5040 config=vo_like_filter_h45_cpa2_h16 scenario=eval_flow_sudden_threat rate=2.01_eps_sec eta_min=0.0
[2026-05-09 07:56:48] PHASE_B_STAGE_DONE stage=b1_coarse completed=5040/5040
[2026-05-09 07:56:48] PHASE_B_B2_SELECTED configs=random,straight_line,attention_full_1500k,cpa_reactive_current,cpa_reactive_d5,cpa_reactive_cpa30,cpa_reactive_w28,cpa_ttc_weighted_apf_alpha3,cpa_ttc_weighted_apf_alpha2,vo_like_filter_h45_cpa1p2_h16,vo_like_filter_h45_cpa1p5_h16
[2026-05-09 07:56:48] PHASE_B_STAGE_START stage=b2_formal configs=11 scenarios=6 episodes=50 total=3300
[2026-05-09 07:56:57] [watcher] still running pid=1530 tables=6 traces=524
[2026-05-09 07:57:07] [watcher] still running pid=1530 tables=6 traces=524
[2026-05-09 07:57:08] PHASE_B_STAGE_HEARTBEAT stage=b2_formal completed=29/3300 config=random scenario=eval_flow_id rate=1.41_eps_sec eta_min=38.6
[2026-05-09 07:57:17] [watcher] still running pid=1530 tables=6 traces=524
[2026-05-09 07:57:27] [watcher] still running pid=1530 tables=6 traces=528
[2026-05-09 07:57:28] PHASE_B_STAGE_HEARTBEAT stage=b2_formal completed=114/3300 config=attention_full_1500k scenario=eval_flow_id rate=2.81_eps_sec eta_min=18.9
[2026-05-09 07:57:37] [watcher] still running pid=1530 tables=6 traces=529
[2026-05-09 07:57:47] [watcher] still running pid=1530 tables=6 traces=531
[2026-05-09 07:57:49] PHASE_B_STAGE_HEARTBEAT stage=b2_formal completed=168/3300 config=cpa_reactive_current scenario=eval_flow_id rate=2.75_eps_sec eta_min=19.0
[2026-05-09 07:57:58] [watcher] still running pid=1530 tables=6 traces=531
[2026-05-09 07:58:08] [watcher] still running pid=1530 tables=6 traces=531
[2026-05-09 07:58:10] PHASE_B_STAGE_HEARTBEAT stage=b2_formal completed=197/3300 config=cpa_reactive_current scenario=eval_flow_id rate=2.41_eps_sec eta_min=21.5
[2026-05-09 07:58:18] [watcher] still running pid=1530 tables=6 traces=534
[2026-05-09 07:58:28] [watcher] still running pid=1530 tables=6 traces=534
[2026-05-09 07:58:30] PHASE_B_STAGE_HEARTBEAT stage=b2_formal completed=223/3300 config=cpa_reactive_d5 scenario=eval_flow_id rate=2.19_eps_sec eta_min=23.4
[2026-05-09 07:58:38] [watcher] still running pid=1530 tables=6 traces=534
[2026-05-09 07:58:48] [watcher] still running pid=1530 tables=6 traces=534
[2026-05-09 07:58:50] PHASE_B_STAGE_HEARTBEAT stage=b2_formal completed=251/3300 config=cpa_reactive_cpa30 scenario=eval_flow_id rate=2.05_eps_sec eta_min=24.8
[2026-05-09 07:58:58] [watcher] still running pid=1530 tables=6 traces=536
[2026-05-09 07:59:08] [watcher] still running pid=1530 tables=6 traces=537
[2026-05-09 07:59:10] PHASE_B_STAGE_HEARTBEAT stage=b2_formal completed=277/3300 config=cpa_reactive_cpa30 scenario=eval_flow_id rate=1.94_eps_sec eta_min=26.0
[2026-05-09 07:59:18] [watcher] still running pid=1530 tables=6 traces=537
[2026-05-09 07:59:28] [watcher] still running pid=1530 tables=6 traces=539
[2026-05-09 07:59:31] PHASE_B_STAGE_HEARTBEAT stage=b2_formal completed=305/3300 config=cpa_reactive_w28 scenario=eval_flow_id rate=1.87_eps_sec eta_min=26.7
[2026-05-09 07:59:38] [watcher] still running pid=1530 tables=6 traces=539
[2026-05-09 07:59:48] [watcher] still running pid=1530 tables=6 traces=539
[2026-05-09 07:59:51] PHASE_B_STAGE_HEARTBEAT stage=b2_formal completed=332/3300 config=cpa_reactive_w28 scenario=eval_flow_id rate=1.81_eps_sec eta_min=27.3
[2026-05-09 07:59:58] [watcher] still running pid=1530 tables=6 traces=539
[2026-05-09 08:00:08] [watcher] still running pid=1530 tables=6 traces=542
[2026-05-09 08:00:11] PHASE_B_STAGE_HEARTBEAT stage=b2_formal completed=402/3300 config=cpa_ttc_weighted_apf_alpha2 scenario=eval_flow_id rate=1.98_eps_sec eta_min=24.4
[2026-05-09 08:00:18] [watcher] still running pid=1530 tables=6 traces=545
[2026-05-09 08:00:28] [watcher] still running pid=1530 tables=6 traces=548
[2026-05-09 08:00:32] PHASE_B_STAGE_HEARTBEAT stage=b2_formal completed=471/3300 config=vo_like_filter_h45_cpa1p2_h16 scenario=eval_flow_id rate=2.10_eps_sec eta_min=22.4
[2026-05-09 08:00:39] [watcher] still running pid=1530 tables=6 traces=548
[2026-05-09 08:00:49] [watcher] still running pid=1530 tables=6 traces=548
[2026-05-09 08:00:52] PHASE_B_STAGE_HEARTBEAT stage=b2_formal completed=498/3300 config=vo_like_filter_h45_cpa1p2_h16 scenario=eval_flow_id rate=2.04_eps_sec eta_min=22.9
[2026-05-09 08:00:59] [watcher] still running pid=1530 tables=6 traces=551
[2026-05-09 08:01:09] [watcher] still running pid=1530 tables=6 traces=551
[2026-05-09 08:01:12] PHASE_B_STAGE_HEARTBEAT stage=b2_formal completed=520/3300 config=vo_like_filter_h45_cpa1p5_h16 scenario=eval_flow_id rate=1.97_eps_sec eta_min=23.5
[2026-05-09 08:01:19] [watcher] still running pid=1530 tables=6 traces=551
[2026-05-09 08:01:29] [watcher] still running pid=1530 tables=6 traces=551
[2026-05-09 08:01:32] PHASE_B_STAGE_HEARTBEAT stage=b2_formal completed=544/3300 config=vo_like_filter_h45_cpa1p5_h16 scenario=eval_flow_id rate=1.91_eps_sec eta_min=24.0
[2026-05-09 08:01:39] [watcher] still running pid=1530 tables=6 traces=552
[2026-05-09 08:01:49] [watcher] still running pid=1530 tables=6 traces=553
[2026-05-09 08:01:53] PHASE_B_STAGE_HEARTBEAT stage=b2_formal completed=568/3300 config=random scenario=eval_flow_high_density rate=1.86_eps_sec eta_min=24.5
[2026-05-09 08:01:59] [watcher] still running pid=1530 tables=6 traces=553
[2026-05-09 08:02:09] [watcher] still running pid=1530 tables=6 traces=553
[2026-05-09 08:02:13] PHASE_B_STAGE_HEARTBEAT stage=b2_formal completed=591/3300 config=random scenario=eval_flow_high_density rate=1.82_eps_sec eta_min=24.8
[2026-05-09 08:02:19] [watcher] still running pid=1530 tables=6 traces=553
[2026-05-09 08:02:29] [watcher] still running pid=1530 tables=6 traces=558
[2026-05-09 08:02:33] PHASE_B_STAGE_HEARTBEAT stage=b2_formal completed=685/3300 config=attention_full_1500k scenario=eval_flow_high_density rate=1.98_eps_sec eta_min=22.0
[2026-05-09 08:02:39] [watcher] still running pid=1530 tables=6 traces=559
[2026-05-09 08:02:49] [watcher] still running pid=1530 tables=6 traces=560
[2026-05-09 08:02:54] PHASE_B_STAGE_HEARTBEAT stage=b2_formal completed=716/3300 config=cpa_reactive_current scenario=eval_flow_high_density rate=1.96_eps_sec eta_min=22.0
[2026-05-09 08:02:59] [watcher] still running pid=1530 tables=6 traces=560
[2026-05-09 08:03:09] [watcher] still running pid=1530 tables=6 traces=560
[2026-05-09 08:03:14] PHASE_B_STAGE_HEARTBEAT stage=b2_formal completed=736/3300 config=cpa_reactive_current scenario=eval_flow_high_density rate=1.91_eps_sec eta_min=22.4
[2026-05-09 08:03:20] [watcher] still running pid=1530 tables=6 traces=560
[2026-05-09 08:03:30] [watcher] still running pid=1530 tables=6 traces=561
[2026-05-09 08:03:35] PHASE_B_STAGE_HEARTBEAT stage=b2_formal completed=757/3300 config=cpa_reactive_d5 scenario=eval_flow_high_density rate=1.86_eps_sec eta_min=22.8
[2026-05-09 08:03:40] [watcher] still running pid=1530 tables=6 traces=562
[2026-05-09 08:03:50] [watcher] still running pid=1530 tables=6 traces=562
[2026-05-09 08:03:55] PHASE_B_STAGE_HEARTBEAT stage=b2_formal completed=777/3300 config=cpa_reactive_d5 scenario=eval_flow_high_density rate=1.82_eps_sec eta_min=23.1
[2026-05-09 08:04:00] [watcher] still running pid=1530 tables=6 traces=562
[2026-05-09 08:04:10] [watcher] still running pid=1530 tables=6 traces=562
[2026-05-09 08:04:16] PHASE_B_STAGE_HEARTBEAT stage=b2_formal completed=798/3300 config=cpa_reactive_d5 scenario=eval_flow_high_density rate=1.78_eps_sec eta_min=23.4
[2026-05-09 08:04:20] [watcher] still running pid=1530 tables=6 traces=563
[2026-05-09 08:04:30] [watcher] still running pid=1530 tables=6 traces=564
[2026-05-09 08:04:37] PHASE_B_STAGE_HEARTBEAT stage=b2_formal completed=819/3300 config=cpa_reactive_cpa30 scenario=eval_flow_high_density rate=1.75_eps_sec eta_min=23.7
[2026-05-09 08:04:40] [watcher] still running pid=1530 tables=6 traces=564
[2026-05-09 08:04:50] [watcher] still running pid=1530 tables=6 traces=564
[2026-05-09 08:04:57] PHASE_B_STAGE_HEARTBEAT stage=b2_formal completed=839/3300 config=cpa_reactive_cpa30 scenario=eval_flow_high_density rate=1.71_eps_sec eta_min=23.9
[2026-05-09 08:05:00] [watcher] still running pid=1530 tables=6 traces=564
[2026-05-09 08:05:10] [watcher] still running pid=1530 tables=6 traces=566
[2026-05-09 08:05:17] PHASE_B_STAGE_HEARTBEAT stage=b2_formal completed=859/3300 config=cpa_reactive_w28 scenario=eval_flow_high_density rate=1.69_eps_sec eta_min=24.1
[2026-05-09 08:05:20] [watcher] still running pid=1530 tables=6 traces=566
[2026-05-09 08:05:30] [watcher] still running pid=1530 tables=6 traces=566
[2026-05-09 08:05:37] PHASE_B_STAGE_HEARTBEAT stage=b2_formal completed=879/3300 config=cpa_reactive_w28 scenario=eval_flow_high_density rate=1.66_eps_sec eta_min=24.3
[2026-05-09 08:05:40] [watcher] still running pid=1530 tables=6 traces=566
[2026-05-09 08:05:50] [watcher] still running pid=1530 tables=6 traces=566
[2026-05-09 08:05:58] PHASE_B_STAGE_HEARTBEAT stage=b2_formal completed=900/3300 config=cpa_reactive_w28 scenario=eval_flow_high_density rate=1.64_eps_sec eta_min=24.4
[2026-05-09 08:06:00] [watcher] still running pid=1530 tables=6 traces=568
[2026-05-09 08:06:11] [watcher] still running pid=1530 tables=6 traces=570
[2026-05-09 08:06:18] PHASE_B_STAGE_HEARTBEAT stage=b2_formal completed=987/3300 config=cpa_ttc_weighted_apf_alpha2 scenario=eval_flow_high_density rate=1.73_eps_sec eta_min=22.3
[2026-05-09 08:06:21] [watcher] still running pid=1530 tables=6 traces=570
[2026-05-09 08:06:31] [watcher] still running pid=1530 tables=6 traces=573
[2026-05-09 08:06:38] PHASE_B_STAGE_HEARTBEAT stage=b2_formal completed=1014/3300 config=vo_like_filter_h45_cpa1p2_h16 scenario=eval_flow_high_density rate=1.72_eps_sec eta_min=22.2
[2026-05-09 08:06:41] [watcher] still running pid=1530 tables=6 traces=573
[2026-05-09 08:06:51] [watcher] still running pid=1530 tables=6 traces=573
[2026-05-09 08:06:58] PHASE_B_STAGE_HEARTBEAT stage=b2_formal completed=1027/3300 config=vo_like_filter_h45_cpa1p2_h16 scenario=eval_flow_high_density rate=1.68_eps_sec eta_min=22.5
[2026-05-09 08:07:01] [watcher] still running pid=1530 tables=6 traces=573
[2026-05-09 08:07:11] [watcher] still running pid=1530 tables=6 traces=573
[2026-05-09 08:07:19] PHASE_B_STAGE_HEARTBEAT stage=b2_formal completed=1045/3300 config=vo_like_filter_h45_cpa1p2_h16 scenario=eval_flow_high_density rate=1.66_eps_sec eta_min=22.7
[2026-05-09 08:07:21] [watcher] still running pid=1530 tables=6 traces=573
[2026-05-09 08:07:31] [watcher] still running pid=1530 tables=6 traces=574
[2026-05-09 08:07:39] PHASE_B_STAGE_HEARTBEAT stage=b2_formal completed=1055/3300 config=vo_like_filter_h45_cpa1p5_h16 scenario=eval_flow_high_density rate=1.62_eps_sec eta_min=23.1
[2026-05-09 08:07:41] [watcher] still running pid=1530 tables=6 traces=575
[2026-05-09 08:07:51] [watcher] still running pid=1530 tables=6 traces=575
[2026-05-09 08:08:00] PHASE_B_STAGE_HEARTBEAT stage=b2_formal completed=1067/3300 config=vo_like_filter_h45_cpa1p5_h16 scenario=eval_flow_high_density rate=1.59_eps_sec eta_min=23.5
[2026-05-09 08:08:01] [watcher] still running pid=1530 tables=6 traces=575
[2026-05-09 08:08:11] [watcher] still running pid=1530 tables=6 traces=575
[2026-05-09 08:08:21] [watcher] still running pid=1530 tables=6 traces=575
[2026-05-09 08:08:23] PHASE_B_STAGE_HEARTBEAT stage=b2_formal completed=1079/3300 config=vo_like_filter_h45_cpa1p5_h16 scenario=eval_flow_high_density rate=1.55_eps_sec eta_min=23.8
[2026-05-09 08:08:31] [watcher] still running pid=1530 tables=6 traces=575
[2026-05-09 08:08:41] [watcher] still running pid=1530 tables=6 traces=575
[2026-05-09 08:08:45] PHASE_B_STAGE_HEARTBEAT stage=b2_formal completed=1085/3300 config=vo_like_filter_h45_cpa1p5_h16 scenario=eval_flow_high_density rate=1.51_eps_sec eta_min=24.4
[2026-05-09 08:08:52] [watcher] still running pid=1530 tables=6 traces=575
[2026-05-09 08:09:02] [watcher] still running pid=1530 tables=6 traces=575
[2026-05-09 08:09:07] PHASE_B_STAGE_HEARTBEAT stage=b2_formal completed=1100/3300 config=vo_like_filter_h45_cpa1p5_h16 scenario=eval_flow_high_density rate=1.49_eps_sec eta_min=24.6
[2026-05-09 08:09:12] [watcher] still running pid=1530 tables=6 traces=577
[2026-05-09 08:09:22] [watcher] still running pid=1530 tables=6 traces=577
[2026-05-09 08:09:27] PHASE_B_STAGE_HEARTBEAT stage=b2_formal completed=1127/3300 config=random scenario=eval_flow_high_speed rate=1.48_eps_sec eta_min=24.4
[2026-05-09 08:09:32] [watcher] still running pid=1530 tables=6 traces=577
[2026-05-09 08:09:42] [watcher] still running pid=1530 tables=6 traces=577
[2026-05-09 08:09:47] PHASE_B_STAGE_HEARTBEAT stage=b2_formal completed=1210/3300 config=attention_full_1500k scenario=eval_flow_high_speed rate=1.55_eps_sec eta_min=22.4
[2026-05-09 08:09:52] [watcher] still running pid=1530 tables=6 traces=582
[2026-05-09 08:10:02] [watcher] still running pid=1530 tables=6 traces=584
[2026-05-09 08:10:08] PHASE_B_STAGE_HEARTBEAT stage=b2_formal completed=1264/3300 config=cpa_reactive_current scenario=eval_flow_high_speed rate=1.58_eps_sec eta_min=21.5
[2026-05-09 08:10:12] [watcher] still running pid=1530 tables=6 traces=585
[2026-05-09 08:10:22] [watcher] still running pid=1530 tables=6 traces=585
[2026-05-09 08:10:28] PHASE_B_STAGE_HEARTBEAT stage=b2_formal completed=1290/3300 config=cpa_reactive_current scenario=eval_flow_high_speed rate=1.57_eps_sec eta_min=21.3
[2026-05-09 08:10:32] [watcher] still running pid=1530 tables=6 traces=585
[2026-05-09 08:10:42] [watcher] still running pid=1530 tables=6 traces=588
[2026-05-09 08:10:49] PHASE_B_STAGE_HEARTBEAT stage=b2_formal completed=1317/3300 config=cpa_reactive_d5 scenario=eval_flow_high_speed rate=1.57_eps_sec eta_min=21.1
[2026-05-09 08:10:52] [watcher] still running pid=1530 tables=6 traces=588
[2026-05-09 08:11:02] [watcher] still running pid=1530 tables=6 traces=588
[2026-05-09 08:11:09] PHASE_B_STAGE_HEARTBEAT stage=b2_formal completed=1341/3300 config=cpa_reactive_d5 scenario=eval_flow_high_speed rate=1.56_eps_sec eta_min=21.0
[2026-05-09 08:11:12] [watcher] still running pid=1530 tables=6 traces=588
[2026-05-09 08:11:22] [watcher] still running pid=1530 tables=6 traces=590
[2026-05-09 08:11:30] PHASE_B_STAGE_HEARTBEAT stage=b2_formal completed=1366/3300 config=cpa_reactive_cpa30 scenario=eval_flow_high_speed rate=1.55_eps_sec eta_min=20.8
[2026-05-09 08:11:32] [watcher] still running pid=1530 tables=6 traces=591
[2026-05-09 08:11:43] [watcher] still running pid=1530 tables=6 traces=591
[2026-05-09 08:11:50] PHASE_B_STAGE_HEARTBEAT stage=b2_formal completed=1391/3300 config=cpa_reactive_cpa30 scenario=eval_flow_high_speed rate=1.54_eps_sec eta_min=20.6
[2026-05-09 08:11:53] [watcher] still running pid=1530 tables=6 traces=591
[2026-05-09 08:12:03] [watcher] still running pid=1530 tables=6 traces=593
[2026-05-09 08:12:10] PHASE_B_STAGE_HEARTBEAT stage=b2_formal completed=1416/3300 config=cpa_reactive_w28 scenario=eval_flow_high_speed rate=1.53_eps_sec eta_min=20.5
[2026-05-09 08:12:13] [watcher] still running pid=1530 tables=6 traces=594
[2026-05-09 08:12:23] [watcher] still running pid=1530 tables=6 traces=594
[2026-05-09 08:12:30] PHASE_B_STAGE_HEARTBEAT stage=b2_formal completed=1440/3300 config=cpa_reactive_w28 scenario=eval_flow_high_speed rate=1.53_eps_sec eta_min=20.3
[2026-05-09 08:12:33] [watcher] still running pid=1530 tables=6 traces=594
[2026-05-09 08:12:43] [watcher] still running pid=1530 tables=6 traces=597
[2026-05-09 08:12:50] PHASE_B_STAGE_HEARTBEAT stage=b2_formal completed=1535/3300 config=cpa_ttc_weighted_apf_alpha2 scenario=eval_flow_high_speed rate=1.59_eps_sec eta_min=18.4
[2026-05-09 08:12:53] [watcher] still running pid=1530 tables=6 traces=600
[2026-05-09 08:13:03] [watcher] still running pid=1530 tables=6 traces=601
[2026-05-09 08:13:11] PHASE_B_STAGE_HEARTBEAT stage=b2_formal completed=1571/3300 config=vo_like_filter_h45_cpa1p2_h16 scenario=eval_flow_high_speed rate=1.60_eps_sec eta_min=18.0
[2026-05-09 08:13:13] [watcher] still running pid=1530 tables=6 traces=601
[2026-05-09 08:13:23] [watcher] still running pid=1530 tables=6 traces=601
[2026-05-09 08:13:31] PHASE_B_STAGE_HEARTBEAT stage=b2_formal completed=1597/3300 config=vo_like_filter_h45_cpa1p2_h16 scenario=eval_flow_high_speed rate=1.59_eps_sec eta_min=17.8
[2026-05-09 08:13:33] [watcher] still running pid=1530 tables=6 traces=601
[2026-05-09 08:13:43] [watcher] still running pid=1530 tables=6 traces=603
[2026-05-09 08:13:53] PHASE_B_STAGE_HEARTBEAT stage=b2_formal completed=1614/3300 config=vo_like_filter_h45_cpa1p5_h16 scenario=eval_flow_high_speed rate=1.57_eps_sec eta_min=17.9
[2026-05-09 08:13:53] [watcher] still running pid=1530 tables=6 traces=604
[2026-05-09 08:14:03] [watcher] still running pid=1530 tables=6 traces=604
[2026-05-09 08:14:14] [watcher] still running pid=1530 tables=6 traces=604
[2026-05-09 08:14:15] PHASE_B_STAGE_HEARTBEAT stage=b2_formal completed=1632/3300 config=vo_like_filter_h45_cpa1p5_h16 scenario=eval_flow_high_speed rate=1.56_eps_sec eta_min=17.8
[2026-05-09 08:14:24] [watcher] still running pid=1530 tables=6 traces=604
[2026-05-09 08:14:34] [watcher] still running pid=1530 tables=6 traces=606
[2026-05-09 08:14:36] PHASE_B_STAGE_HEARTBEAT stage=b2_formal completed=1655/3300 config=random scenario=eval_flow_high_threat rate=1.55_eps_sec eta_min=17.7
[2026-05-09 08:14:44] [watcher] still running pid=1530 tables=6 traces=606
[2026-05-09 08:14:54] [watcher] still running pid=1530 tables=6 traces=606
[2026-05-09 08:14:56] PHASE_B_STAGE_HEARTBEAT stage=b2_formal completed=1685/3300 config=random scenario=eval_flow_high_threat rate=1.55_eps_sec eta_min=17.4
[2026-05-09 08:15:04] [watcher] still running pid=1530 tables=6 traces=606
[2026-05-09 08:15:14] [watcher] still running pid=1530 tables=6 traces=611
[2026-05-09 08:15:16] PHASE_B_STAGE_HEARTBEAT stage=b2_formal completed=1785/3300 config=attention_full_1500k scenario=eval_flow_high_threat rate=1.61_eps_sec eta_min=15.7
[2026-05-09 08:15:24] [watcher] still running pid=1530 tables=6 traces=614
[2026-05-09 08:15:34] [watcher] still running pid=1530 tables=6 traces=614
[2026-05-09 08:15:37] PHASE_B_STAGE_HEARTBEAT stage=b2_formal completed=1821/3300 config=cpa_reactive_current scenario=eval_flow_high_threat rate=1.61_eps_sec eta_min=15.3
[2026-05-09 08:15:44] [watcher] still running pid=1530 tables=6 traces=614
[2026-05-09 08:15:54] [watcher] still running pid=1530 tables=6 traces=614
[2026-05-09 08:15:57] PHASE_B_STAGE_HEARTBEAT stage=b2_formal completed=1849/3300 config=cpa_reactive_current scenario=eval_flow_high_threat rate=1.61_eps_sec eta_min=15.0
[2026-05-09 08:16:04] [watcher] still running pid=1530 tables=6 traces=616
[2026-05-09 08:16:14] [watcher] still running pid=1530 tables=6 traces=616
[2026-05-09 08:16:17] PHASE_B_STAGE_HEARTBEAT stage=b2_formal completed=1875/3300 config=cpa_reactive_d5 scenario=eval_flow_high_threat rate=1.60_eps_sec eta_min=14.8
[2026-05-09 08:16:24] [watcher] still running pid=1530 tables=6 traces=616
[2026-05-09 08:16:34] [watcher] still running pid=1530 tables=6 traces=617
[2026-05-09 08:16:37] PHASE_B_STAGE_HEARTBEAT stage=b2_formal completed=1902/3300 config=cpa_reactive_cpa30 scenario=eval_flow_high_threat rate=1.60_eps_sec eta_min=14.6
[2026-05-09 08:16:44] [watcher] still running pid=1530 tables=6 traces=619
[2026-05-09 08:16:54] [watcher] still running pid=1530 tables=6 traces=620
[2026-05-09 08:16:58] PHASE_B_STAGE_HEARTBEAT stage=b2_formal completed=1927/3300 config=cpa_reactive_cpa30 scenario=eval_flow_high_threat rate=1.59_eps_sec eta_min=14.4
[2026-05-09 08:17:05] [watcher] still running pid=1530 tables=6 traces=620
[2026-05-09 08:17:15] [watcher] still running pid=1530 tables=6 traces=620
[2026-05-09 08:17:18] PHASE_B_STAGE_HEARTBEAT stage=b2_formal completed=1954/3300 config=cpa_reactive_w28 scenario=eval_flow_high_threat rate=1.59_eps_sec eta_min=14.1
[2026-05-09 08:17:25] [watcher] still running pid=1530 tables=6 traces=622
[2026-05-09 08:17:35] [watcher] still running pid=1530 tables=6 traces=622
[2026-05-09 08:17:38] PHASE_B_STAGE_HEARTBEAT stage=b2_formal completed=1980/3300 config=cpa_reactive_w28 scenario=eval_flow_high_threat rate=1.58_eps_sec eta_min=13.9
[2026-05-09 08:17:45] [watcher] still running pid=1530 tables=6 traces=622
[2026-05-09 08:17:55] [watcher] still running pid=1530 tables=6 traces=625
[2026-05-09 08:17:58] PHASE_B_STAGE_HEARTBEAT stage=b2_formal completed=2036/3300 config=cpa_ttc_weighted_apf_alpha3 scenario=eval_flow_high_threat rate=1.60_eps_sec eta_min=13.1
[2026-05-09 08:18:05] [watcher] still running pid=1530 tables=6 traces=628
[2026-05-09 08:18:15] [watcher] still running pid=1530 tables=6 traces=631
[2026-05-09 08:18:19] PHASE_B_STAGE_HEARTBEAT stage=b2_formal completed=2114/3300 config=vo_like_filter_h45_cpa1p2_h16 scenario=eval_flow_high_threat rate=1.64_eps_sec eta_min=12.1
[2026-05-09 08:18:25] [watcher] still running pid=1530 tables=6 traces=631
[2026-05-09 08:18:35] [watcher] still running pid=1530 tables=6 traces=631
[2026-05-09 08:18:40] PHASE_B_STAGE_HEARTBEAT stage=b2_formal completed=2139/3300 config=vo_like_filter_h45_cpa1p2_h16 scenario=eval_flow_high_threat rate=1.63_eps_sec eta_min=11.9
[2026-05-09 08:18:45] [watcher] still running pid=1530 tables=6 traces=631
[2026-05-09 08:18:55] [watcher] still running pid=1530 tables=6 traces=634
[2026-05-09 08:19:00] PHASE_B_STAGE_HEARTBEAT stage=b2_formal completed=2165/3300 config=vo_like_filter_h45_cpa1p5_h16 scenario=eval_flow_high_threat rate=1.62_eps_sec eta_min=11.6
[2026-05-09 08:19:05] [watcher] still running pid=1530 tables=6 traces=634
[2026-05-09 08:19:15] [watcher] still running pid=1530 tables=6 traces=634
[2026-05-09 08:19:21] PHASE_B_STAGE_HEARTBEAT stage=b2_formal completed=2182/3300 config=vo_like_filter_h45_cpa1p5_h16 scenario=eval_flow_high_threat rate=1.61_eps_sec eta_min=11.6
[2026-05-09 08:19:25] [watcher] still running pid=1530 tables=6 traces=634
[2026-05-09 08:19:35] [watcher] still running pid=1530 tables=6 traces=635
[2026-05-09 08:19:42] PHASE_B_STAGE_HEARTBEAT stage=b2_formal completed=2210/3300 config=random scenario=eval_flow_mixed_ood rate=1.61_eps_sec eta_min=11.3
[2026-05-09 08:19:46] [watcher] still running pid=1530 tables=6 traces=636
[2026-05-09 08:19:56] [watcher] still running pid=1530 tables=6 traces=636
[2026-05-09 08:20:02] PHASE_B_STAGE_HEARTBEAT stage=b2_formal completed=2239/3300 config=random scenario=eval_flow_mixed_ood rate=1.61_eps_sec eta_min=11.0
[2026-05-09 08:20:06] [watcher] still running pid=1530 tables=6 traces=636
[2026-05-09 08:20:16] [watcher] still running pid=1530 tables=6 traces=641
[2026-05-09 08:20:22] PHASE_B_STAGE_HEARTBEAT stage=b2_formal completed=2348/3300 config=attention_full_1500k scenario=eval_flow_mixed_ood rate=1.66_eps_sec eta_min=9.6
[2026-05-09 08:20:26] [watcher] still running pid=1530 tables=6 traces=643
[2026-05-09 08:20:36] [watcher] still running pid=1530 tables=6 traces=644
[2026-05-09 08:20:42] PHASE_B_STAGE_HEARTBEAT stage=b2_formal completed=2375/3300 config=cpa_reactive_current scenario=eval_flow_mixed_ood rate=1.66_eps_sec eta_min=9.3
[2026-05-09 08:20:46] [watcher] still running pid=1530 tables=6 traces=644
[2026-05-09 08:20:56] [watcher] still running pid=1530 tables=6 traces=644
[2026-05-09 08:21:02] PHASE_B_STAGE_HEARTBEAT stage=b2_formal completed=2403/3300 config=cpa_reactive_d5 scenario=eval_flow_mixed_ood rate=1.65_eps_sec eta_min=9.0
[2026-05-09 08:21:06] [watcher] still running pid=1530 tables=6 traces=646
[2026-05-09 08:21:16] [watcher] still running pid=1530 tables=6 traces=646
[2026-05-09 08:21:23] PHASE_B_STAGE_HEARTBEAT stage=b2_formal completed=2429/3300 config=cpa_reactive_d5 scenario=eval_flow_mixed_ood rate=1.65_eps_sec eta_min=8.8
[2026-05-09 08:21:26] [watcher] still running pid=1530 tables=6 traces=647
[2026-05-09 08:21:36] [watcher] still running pid=1530 tables=6 traces=647
[2026-05-09 08:21:43] PHASE_B_STAGE_HEARTBEAT stage=b2_formal completed=2456/3300 config=cpa_reactive_cpa30 scenario=eval_flow_mixed_ood rate=1.64_eps_sec eta_min=8.6
[2026-05-09 08:21:46] [watcher] still running pid=1530 tables=6 traces=649
[2026-05-09 08:21:56] [watcher] still running pid=1530 tables=6 traces=650
[2026-05-09 08:22:03] PHASE_B_STAGE_HEARTBEAT stage=b2_formal completed=2483/3300 config=cpa_reactive_cpa30 scenario=eval_flow_mixed_ood rate=1.64_eps_sec eta_min=8.3
[2026-05-09 08:22:06] [watcher] still running pid=1530 tables=6 traces=650
[2026-05-09 08:22:16] [watcher] still running pid=1530 tables=6 traces=651
[2026-05-09 08:22:23] PHASE_B_STAGE_HEARTBEAT stage=b2_formal completed=2510/3300 config=cpa_reactive_w28 scenario=eval_flow_mixed_ood rate=1.63_eps_sec eta_min=8.1
[2026-05-09 08:22:27] [watcher] still running pid=1530 tables=6 traces=652
[2026-05-09 08:22:37] [watcher] still running pid=1530 tables=6 traces=653
[2026-05-09 08:22:44] PHASE_B_STAGE_HEARTBEAT stage=b2_formal completed=2536/3300 config=cpa_reactive_w28 scenario=eval_flow_mixed_ood rate=1.63_eps_sec eta_min=7.8
[2026-05-09 08:22:47] [watcher] still running pid=1530 tables=6 traces=653
[2026-05-09 08:22:57] [watcher] still running pid=1530 tables=6 traces=656
[2026-05-09 08:23:04] PHASE_B_STAGE_HEARTBEAT stage=b2_formal completed=2611/3300 config=cpa_ttc_weighted_apf_alpha2 scenario=eval_flow_mixed_ood rate=1.66_eps_sec eta_min=6.9
[2026-05-09 08:23:07] [watcher] still running pid=1530 tables=6 traces=659
[2026-05-09 08:23:17] [watcher] still running pid=1530 tables=6 traces=662
[2026-05-09 08:23:25] PHASE_B_STAGE_HEARTBEAT stage=b2_formal completed=2669/3300 config=vo_like_filter_h45_cpa1p2_h16 scenario=eval_flow_mixed_ood rate=1.67_eps_sec eta_min=6.3
[2026-05-09 08:23:27] [watcher] still running pid=1530 tables=6 traces=662
[2026-05-09 08:23:37] [watcher] still running pid=1530 tables=6 traces=662
[2026-05-09 08:23:45] PHASE_B_STAGE_HEARTBEAT stage=b2_formal completed=2697/3300 config=vo_like_filter_h45_cpa1p2_h16 scenario=eval_flow_mixed_ood rate=1.67_eps_sec eta_min=6.0
[2026-05-09 08:23:47] [watcher] still running pid=1530 tables=6 traces=662
[2026-05-09 08:23:57] [watcher] still running pid=1530 tables=6 traces=665
[2026-05-09 08:24:06] PHASE_B_STAGE_HEARTBEAT stage=b2_formal completed=2712/3300 config=vo_like_filter_h45_cpa1p5_h16 scenario=eval_flow_mixed_ood rate=1.66_eps_sec eta_min=5.9
[2026-05-09 08:24:07] [watcher] still running pid=1530 tables=6 traces=665
[2026-05-09 08:24:17] [watcher] still running pid=1530 tables=6 traces=665
[2026-05-09 08:24:26] PHASE_B_STAGE_HEARTBEAT stage=b2_formal completed=2728/3300 config=vo_like_filter_h45_cpa1p5_h16 scenario=eval_flow_mixed_ood rate=1.65_eps_sec eta_min=5.8
[2026-05-09 08:24:27] [watcher] still running pid=1530 tables=6 traces=665
[2026-05-09 08:24:37] [watcher] still running pid=1530 tables=6 traces=665
[2026-05-09 08:24:47] PHASE_B_STAGE_HEARTBEAT stage=b2_formal completed=2748/3300 config=vo_like_filter_h45_cpa1p5_h16 scenario=eval_flow_mixed_ood rate=1.64_eps_sec eta_min=5.6
[2026-05-09 08:24:47] [watcher] still running pid=1530 tables=6 traces=665
[2026-05-09 08:24:57] [watcher] still running pid=1530 tables=6 traces=667
[2026-05-09 08:25:07] PHASE_B_STAGE_HEARTBEAT stage=b2_formal completed=2777/3300 config=random scenario=eval_flow_sudden_threat rate=1.63_eps_sec eta_min=5.3
[2026-05-09 08:25:08] [watcher] still running pid=1530 tables=6 traces=667
[2026-05-09 08:25:18] [watcher] still running pid=1530 tables=6 traces=667
[2026-05-09 08:25:27] PHASE_B_STAGE_HEARTBEAT stage=b2_formal completed=2861/3300 config=attention_full_1500k scenario=eval_flow_sudden_threat rate=1.66_eps_sec eta_min=4.4
[2026-05-09 08:25:28] [watcher] still running pid=1530 tables=6 traces=672
[2026-05-09 08:25:38] [watcher] still running pid=1530 tables=6 traces=673
[2026-05-09 08:25:47] PHASE_B_STAGE_HEARTBEAT stage=b2_formal completed=2914/3300 config=cpa_reactive_current scenario=eval_flow_sudden_threat rate=1.67_eps_sec eta_min=3.8
[2026-05-09 08:25:48] [watcher] still running pid=1530 tables=6 traces=675
[2026-05-09 08:25:58] [watcher] still running pid=1530 tables=6 traces=675
[2026-05-09 08:26:08] [watcher] still running pid=1530 tables=6 traces=675
[2026-05-09 08:26:08] PHASE_B_STAGE_HEARTBEAT stage=b2_formal completed=2943/3300 config=cpa_reactive_current scenario=eval_flow_sudden_threat rate=1.67_eps_sec eta_min=3.6
[2026-05-09 08:26:18] [watcher] still running pid=1530 tables=6 traces=677
[2026-05-09 08:26:28] [watcher] still running pid=1530 tables=6 traces=677
[2026-05-09 08:26:28] PHASE_B_STAGE_HEARTBEAT stage=b2_formal completed=2970/3300 config=cpa_reactive_d5 scenario=eval_flow_sudden_threat rate=1.67_eps_sec eta_min=3.3
[2026-05-09 08:26:38] [watcher] still running pid=1530 tables=6 traces=678
[2026-05-09 08:26:48] [watcher] still running pid=1530 tables=6 traces=678
[2026-05-09 08:26:48] PHASE_B_STAGE_HEARTBEAT stage=b2_formal completed=2997/3300 config=cpa_reactive_d5 scenario=eval_flow_sudden_threat rate=1.66_eps_sec eta_min=3.0
[2026-05-09 08:26:58] [watcher] still running pid=1530 tables=6 traces=680
[2026-05-09 08:27:08] [watcher] still running pid=1530 tables=6 traces=681
[2026-05-09 08:27:09] PHASE_B_STAGE_HEARTBEAT stage=b2_formal completed=3024/3300 config=cpa_reactive_cpa30 scenario=eval_flow_sudden_threat rate=1.66_eps_sec eta_min=2.8
[2026-05-09 08:27:18] [watcher] still running pid=1530 tables=6 traces=681
[2026-05-09 08:27:28] [watcher] still running pid=1530 tables=6 traces=681
[2026-05-09 08:27:29] PHASE_B_STAGE_HEARTBEAT stage=b2_formal completed=3051/3300 config=cpa_reactive_w28 scenario=eval_flow_sudden_threat rate=1.66_eps_sec eta_min=2.5
[2026-05-09 08:27:38] [watcher] still running pid=1530 tables=6 traces=684
[2026-05-09 08:27:48] [watcher] still running pid=1530 tables=6 traces=684
[2026-05-09 08:27:49] PHASE_B_STAGE_HEARTBEAT stage=b2_formal completed=3077/3300 config=cpa_reactive_w28 scenario=eval_flow_sudden_threat rate=1.65_eps_sec eta_min=2.2
[2026-05-09 08:27:59] [watcher] still running pid=1530 tables=6 traces=684
[2026-05-09 08:28:09] [watcher] still running pid=1530 tables=6 traces=686
[2026-05-09 08:28:10] PHASE_B_STAGE_HEARTBEAT stage=b2_formal completed=3125/3300 config=cpa_ttc_weighted_apf_alpha3 scenario=eval_flow_sudden_threat rate=1.66_eps_sec eta_min=1.8
[2026-05-09 08:28:19] [watcher] still running pid=1530 tables=6 traces=689
[2026-05-09 08:28:29] [watcher] still running pid=1530 tables=6 traces=692
[2026-05-09 08:28:30] PHASE_B_STAGE_HEARTBEAT stage=b2_formal completed=3213/3300 config=vo_like_filter_h45_cpa1p2_h16 scenario=eval_flow_sudden_threat rate=1.69_eps_sec eta_min=0.9
[2026-05-09 08:28:39] [watcher] still running pid=1530 tables=6 traces=692
[2026-05-09 08:28:49] [watcher] still running pid=1530 tables=6 traces=692
[2026-05-09 08:28:50] PHASE_B_STAGE_HEARTBEAT stage=b2_formal completed=3239/3300 config=vo_like_filter_h45_cpa1p2_h16 scenario=eval_flow_sudden_threat rate=1.68_eps_sec eta_min=0.6
[2026-05-09 08:28:59] [watcher] still running pid=1530 tables=6 traces=693
[2026-05-09 08:29:09] [watcher] still running pid=1530 tables=6 traces=695
[2026-05-09 08:29:10] PHASE_B_STAGE_HEARTBEAT stage=b2_formal completed=3261/3300 config=vo_like_filter_h45_cpa1p5_h16 scenario=eval_flow_sudden_threat rate=1.68_eps_sec eta_min=0.4
[2026-05-09 08:29:19] [watcher] still running pid=1530 tables=6 traces=695
[2026-05-09 08:29:29] [watcher] still running pid=1530 tables=6 traces=695
[2026-05-09 08:29:31] PHASE_B_STAGE_HEARTBEAT stage=b2_formal completed=3280/3300 config=vo_like_filter_h45_cpa1p5_h16 scenario=eval_flow_sudden_threat rate=1.67_eps_sec eta_min=0.2
[2026-05-09 08:29:39] [watcher] still running pid=1530 tables=6 traces=695
[2026-05-09 08:29:49] [watcher] still running pid=1530 tables=6 traces=695
[2026-05-09 08:29:51] PHASE_B_STAGE_HEARTBEAT stage=b2_formal completed=3299/3300 config=vo_like_filter_h45_cpa1p5_h16 scenario=eval_flow_sudden_threat rate=1.66_eps_sec eta_min=0.0
[2026-05-09 08:29:52] PHASE_B_STAGE_HEARTBEAT stage=b2_formal completed=3300/3300 config=vo_like_filter_h45_cpa1p5_h16 scenario=eval_flow_sudden_threat rate=1.66_eps_sec eta_min=0.0
[2026-05-09 08:29:52] PHASE_B_STAGE_DONE stage=b2_formal completed=3300/3300
[2026-05-09 08:29:52] PHASE_B_GEOMETRY_FILTER_BASELINE_RUNNER_COMPLETE
[2026-05-09 08:29:54] PHASE_B_ANALYSIS_START
[2026-05-09 08:29:56] PHASE_B_ANALYSIS_COMPLETE
[2026-05-09 08:29:59] [watcher] complete flag detected
