[2026-05-06 11:45:30] watcher_start interval=60
[2026-05-06 11:45:30] waiting missing_count=12 longtrain_png=0 gate2b_png=0 preflight_trace=4 gate_trace=0
  missing: results/longtrain_baseline/attention_vs_risk_longtrain_summary.csv
  missing: results/gate2b/gate2b_by_step.csv
  missing: results/gate2b/gate2b_curve_diagnostics_summary.csv
  missing: results/attention_seed1/attention_seed1_by_step.csv
  missing: ATTENTION_RISK_2000K_BASELINE_REPORT.md
  missing: GATE2B_PENALTY_1000K_REPORT.md
  missing: ATTENTION_SEED1_1000K_REPORT.md
  missing: FINAL_DIRECTION_DECISION_REPORT.md
  missing: results/PIPELINE_COMPLETE.flag
  missing: results/longtrain_baseline/plots/*.png
  missing: results/gate2b/plots/*.png
  missing: results/gate2b/traces/*.csv
[2026-05-06 11:46:30] waiting missing_count=12 longtrain_png=0 gate2b_png=0 preflight_trace=20 gate_trace=0
  missing: results/longtrain_baseline/attention_vs_risk_longtrain_summary.csv
  missing: results/gate2b/gate2b_by_step.csv
  missing: results/gate2b/gate2b_curve_diagnostics_summary.csv
  missing: results/attention_seed1/attention_seed1_by_step.csv
  missing: ATTENTION_RISK_2000K_BASELINE_REPORT.md
  missing: GATE2B_PENALTY_1000K_REPORT.md
  missing: ATTENTION_SEED1_1000K_REPORT.md
  missing: FINAL_DIRECTION_DECISION_REPORT.md
  missing: results/PIPELINE_COMPLETE.flag
  missing: results/longtrain_baseline/plots/*.png
  missing: results/gate2b/plots/*.png
  missing: results/gate2b/traces/*.csv
[2026-05-06 11:47:30] waiting missing_count=12 longtrain_png=0 gate2b_png=0 preflight_trace=20 gate_trace=0
  missing: results/longtrain_baseline/attention_vs_risk_longtrain_summary.csv
  missing: results/gate2b/gate2b_by_step.csv
  missing: results/gate2b/gate2b_curve_diagnostics_summary.csv
  missing: results/attention_seed1/attention_seed1_by_step.csv
  missing: ATTENTION_RISK_2000K_BASELINE_REPORT.md
  missing: GATE2B_PENALTY_1000K_REPORT.md
  missing: ATTENTION_SEED1_1000K_REPORT.md
  missing: FINAL_DIRECTION_DECISION_REPORT.md
  missing: results/PIPELINE_COMPLETE.flag
  missing: results/longtrain_baseline/plots/*.png
  missing: results/gate2b/plots/*.png
  missing: results/gate2b/traces/*.csv
[2026-05-06 11:48:30] waiting missing_count=12 longtrain_png=0 gate2b_png=0 preflight_trace=20 gate_trace=0
  missing: results/longtrain_baseline/attention_vs_risk_longtrain_summary.csv
  missing: results/gate2b/gate2b_by_step.csv
  missing: results/gate2b/gate2b_curve_diagnostics_summary.csv
  missing: results/attention_seed1/attention_seed1_by_step.csv
  missing: ATTENTION_RISK_2000K_BASELINE_REPORT.md
  missing: GATE2B_PENALTY_1000K_REPORT.md
  missing: ATTENTION_SEED1_1000K_REPORT.md
  missing: FINAL_DIRECTION_DECISION_REPORT.md
  missing: results/PIPELINE_COMPLETE.flag
  missing: results/longtrain_baseline/plots/*.png
  missing: results/gate2b/plots/*.png
  missing: results/gate2b/traces/*.csv
[2026-05-06 11:49:30] waiting missing_count=12 longtrain_png=0 gate2b_png=0 preflight_trace=20 gate_trace=0
  missing: results/longtrain_baseline/attention_vs_risk_longtrain_summary.csv
  missing: results/gate2b/gate2b_by_step.csv
  missing: results/gate2b/gate2b_curve_diagnostics_summary.csv
  missing: results/attention_seed1/attention_seed1_by_step.csv
  missing: ATTENTION_RISK_2000K_BASELINE_REPORT.md
  missing: GATE2B_PENALTY_1000K_REPORT.md
  missing: ATTENTION_SEED1_1000K_REPORT.md
  missing: FINAL_DIRECTION_DECISION_REPORT.md
  missing: results/PIPELINE_COMPLETE.flag
  missing: results/longtrain_baseline/plots/*.png
  missing: results/gate2b/plots/*.png
  missing: results/gate2b/traces/*.csv
[2026-05-06 11:50:31] waiting missing_count=12 longtrain_png=0 gate2b_png=0 preflight_trace=20 gate_trace=0
  missing: results/longtrain_baseline/attention_vs_risk_longtrain_summary.csv
  missing: results/gate2b/gate2b_by_step.csv
  missing: results/gate2b/gate2b_curve_diagnostics_summary.csv
  missing: results/attention_seed1/attention_seed1_by_step.csv
  missing: ATTENTION_RISK_2000K_BASELINE_REPORT.md
  missing: GATE2B_PENALTY_1000K_REPORT.md
  missing: ATTENTION_SEED1_1000K_REPORT.md
  missing: FINAL_DIRECTION_DECISION_REPORT.md
  missing: results/PIPELINE_COMPLETE.flag
  missing: results/longtrain_baseline/plots/*.png
  missing: results/gate2b/plots/*.png
  missing: results/gate2b/traces/*.csv
[2026-05-06 11:51:31] waiting missing_count=12 longtrain_png=0 gate2b_png=0 preflight_trace=20 gate_trace=0
  missing: results/longtrain_baseline/attention_vs_risk_longtrain_summary.csv
  missing: results/gate2b/gate2b_by_step.csv
  missing: results/gate2b/gate2b_curve_diagnostics_summary.csv
  missing: results/attention_seed1/attention_seed1_by_step.csv
  missing: ATTENTION_RISK_2000K_BASELINE_REPORT.md
  missing: GATE2B_PENALTY_1000K_REPORT.md
  missing: ATTENTION_SEED1_1000K_REPORT.md
  missing: FINAL_DIRECTION_DECISION_REPORT.md
  missing: results/PIPELINE_COMPLETE.flag
  missing: results/longtrain_baseline/plots/*.png
  missing: results/gate2b/plots/*.png
  missing: results/gate2b/traces/*.csv
[2026-05-06 11:52:31] waiting missing_count=12 longtrain_png=0 gate2b_png=0 preflight_trace=20 gate_trace=0
  missing: results/longtrain_baseline/attention_vs_risk_longtrain_summary.csv
  missing: results/gate2b/gate2b_by_step.csv
  missing: results/gate2b/gate2b_curve_diagnostics_summary.csv
  missing: results/attention_seed1/attention_seed1_by_step.csv
  missing: ATTENTION_RISK_2000K_BASELINE_REPORT.md
  missing: GATE2B_PENALTY_1000K_REPORT.md
  missing: ATTENTION_SEED1_1000K_REPORT.md
  missing: FINAL_DIRECTION_DECISION_REPORT.md
  missing: results/PIPELINE_COMPLETE.flag
  missing: results/longtrain_baseline/plots/*.png
  missing: results/gate2b/plots/*.png
  missing: results/gate2b/traces/*.csv
[2026-05-06 11:53:31] waiting missing_count=12 longtrain_png=0 gate2b_png=0 preflight_trace=20 gate_trace=0
  missing: results/longtrain_baseline/attention_vs_risk_longtrain_summary.csv
  missing: results/gate2b/gate2b_by_step.csv
  missing: results/gate2b/gate2b_curve_diagnostics_summary.csv
  missing: results/attention_seed1/attention_seed1_by_step.csv
  missing: ATTENTION_RISK_2000K_BASELINE_REPORT.md
  missing: GATE2B_PENALTY_1000K_REPORT.md
  missing: ATTENTION_SEED1_1000K_REPORT.md
  missing: FINAL_DIRECTION_DECISION_REPORT.md
  missing: results/PIPELINE_COMPLETE.flag
  missing: results/longtrain_baseline/plots/*.png
  missing: results/gate2b/plots/*.png
  missing: results/gate2b/traces/*.csv
[2026-05-06 11:54:31] waiting missing_count=12 longtrain_png=0 gate2b_png=0 preflight_trace=20 gate_trace=0
  missing: results/longtrain_baseline/attention_vs_risk_longtrain_summary.csv
  missing: results/gate2b/gate2b_by_step.csv
  missing: results/gate2b/gate2b_curve_diagnostics_summary.csv
  missing: results/attention_seed1/attention_seed1_by_step.csv
  missing: ATTENTION_RISK_2000K_BASELINE_REPORT.md
  missing: GATE2B_PENALTY_1000K_REPORT.md
  missing: ATTENTION_SEED1_1000K_REPORT.md
  missing: FINAL_DIRECTION_DECISION_REPORT.md
  missing: results/PIPELINE_COMPLETE.flag
  missing: results/longtrain_baseline/plots/*.png
  missing: results/gate2b/plots/*.png
  missing: results/gate2b/traces/*.csv
[2026-05-06 11:55:31] waiting missing_count=12 longtrain_png=0 gate2b_png=0 preflight_trace=20 gate_trace=0
  missing: results/longtrain_baseline/attention_vs_risk_longtrain_summary.csv
  missing: results/gate2b/gate2b_by_step.csv
  missing: results/gate2b/gate2b_curve_diagnostics_summary.csv
  missing: results/attention_seed1/attention_seed1_by_step.csv
  missing: ATTENTION_RISK_2000K_BASELINE_REPORT.md
  missing: GATE2B_PENALTY_1000K_REPORT.md
  missing: ATTENTION_SEED1_1000K_REPORT.md
  missing: FINAL_DIRECTION_DECISION_REPORT.md
  missing: results/PIPELINE_COMPLETE.flag
  missing: results/longtrain_baseline/plots/*.png
  missing: results/gate2b/plots/*.png
  missing: results/gate2b/traces/*.csv
[2026-05-06 11:56:31] waiting missing_count=12 longtrain_png=0 gate2b_png=0 preflight_trace=20 gate_trace=0
  missing: results/longtrain_baseline/attention_vs_risk_longtrain_summary.csv
  missing: results/gate2b/gate2b_by_step.csv
  missing: results/gate2b/gate2b_curve_diagnostics_summary.csv
  missing: results/attention_seed1/attention_seed1_by_step.csv
  missing: ATTENTION_RISK_2000K_BASELINE_REPORT.md
  missing: GATE2B_PENALTY_1000K_REPORT.md
  missing: ATTENTION_SEED1_1000K_REPORT.md
  missing: FINAL_DIRECTION_DECISION_REPORT.md
  missing: results/PIPELINE_COMPLETE.flag
  missing: results/longtrain_baseline/plots/*.png
  missing: results/gate2b/plots/*.png
  missing: results/gate2b/traces/*.csv
[2026-05-06 11:57:31] waiting missing_count=12 longtrain_png=0 gate2b_png=0 preflight_trace=20 gate_trace=0
  missing: results/longtrain_baseline/attention_vs_risk_longtrain_summary.csv
  missing: results/gate2b/gate2b_by_step.csv
  missing: results/gate2b/gate2b_curve_diagnostics_summary.csv
  missing: results/attention_seed1/attention_seed1_by_step.csv
  missing: ATTENTION_RISK_2000K_BASELINE_REPORT.md
  missing: GATE2B_PENALTY_1000K_REPORT.md
  missing: ATTENTION_SEED1_1000K_REPORT.md
  missing: FINAL_DIRECTION_DECISION_REPORT.md
  missing: results/PIPELINE_COMPLETE.flag
  missing: results/longtrain_baseline/plots/*.png
  missing: results/gate2b/plots/*.png
  missing: results/gate2b/traces/*.csv
[2026-05-06 11:58:31] waiting missing_count=12 longtrain_png=0 gate2b_png=0 preflight_trace=20 gate_trace=0
  missing: results/longtrain_baseline/attention_vs_risk_longtrain_summary.csv
  missing: results/gate2b/gate2b_by_step.csv
  missing: results/gate2b/gate2b_curve_diagnostics_summary.csv
  missing: results/attention_seed1/attention_seed1_by_step.csv
  missing: ATTENTION_RISK_2000K_BASELINE_REPORT.md
  missing: GATE2B_PENALTY_1000K_REPORT.md
  missing: ATTENTION_SEED1_1000K_REPORT.md
  missing: FINAL_DIRECTION_DECISION_REPORT.md
  missing: results/PIPELINE_COMPLETE.flag
  missing: results/longtrain_baseline/plots/*.png
  missing: results/gate2b/plots/*.png
  missing: results/gate2b/traces/*.csv
[2026-05-06 11:59:31] waiting missing_count=12 longtrain_png=0 gate2b_png=0 preflight_trace=20 gate_trace=0
  missing: results/longtrain_baseline/attention_vs_risk_longtrain_summary.csv
  missing: results/gate2b/gate2b_by_step.csv
  missing: results/gate2b/gate2b_curve_diagnostics_summary.csv
  missing: results/attention_seed1/attention_seed1_by_step.csv
  missing: ATTENTION_RISK_2000K_BASELINE_REPORT.md
  missing: GATE2B_PENALTY_1000K_REPORT.md
  missing: ATTENTION_SEED1_1000K_REPORT.md
  missing: FINAL_DIRECTION_DECISION_REPORT.md
  missing: results/PIPELINE_COMPLETE.flag
  missing: results/longtrain_baseline/plots/*.png
  missing: results/gate2b/plots/*.png
  missing: results/gate2b/traces/*.csv
[2026-05-06 12:00:31] waiting missing_count=12 longtrain_png=0 gate2b_png=0 preflight_trace=20 gate_trace=0
  missing: results/longtrain_baseline/attention_vs_risk_longtrain_summary.csv
  missing: results/gate2b/gate2b_by_step.csv
  missing: results/gate2b/gate2b_curve_diagnostics_summary.csv
  missing: results/attention_seed1/attention_seed1_by_step.csv
  missing: ATTENTION_RISK_2000K_BASELINE_REPORT.md
  missing: GATE2B_PENALTY_1000K_REPORT.md
  missing: ATTENTION_SEED1_1000K_REPORT.md
  missing: FINAL_DIRECTION_DECISION_REPORT.md
  missing: results/PIPELINE_COMPLETE.flag
  missing: results/longtrain_baseline/plots/*.png
  missing: results/gate2b/plots/*.png
  missing: results/gate2b/traces/*.csv
[2026-05-06 12:01:32] waiting missing_count=12 longtrain_png=0 gate2b_png=0 preflight_trace=20 gate_trace=0
  missing: results/longtrain_baseline/attention_vs_risk_longtrain_summary.csv
  missing: results/gate2b/gate2b_by_step.csv
  missing: results/gate2b/gate2b_curve_diagnostics_summary.csv
  missing: results/attention_seed1/attention_seed1_by_step.csv
  missing: ATTENTION_RISK_2000K_BASELINE_REPORT.md
  missing: GATE2B_PENALTY_1000K_REPORT.md
  missing: ATTENTION_SEED1_1000K_REPORT.md
  missing: FINAL_DIRECTION_DECISION_REPORT.md
  missing: results/PIPELINE_COMPLETE.flag
  missing: results/longtrain_baseline/plots/*.png
  missing: results/gate2b/plots/*.png
  missing: results/gate2b/traces/*.csv
[2026-05-06 12:02:32] waiting missing_count=12 longtrain_png=0 gate2b_png=0 preflight_trace=20 gate_trace=0
  missing: results/longtrain_baseline/attention_vs_risk_longtrain_summary.csv
  missing: results/gate2b/gate2b_by_step.csv
  missing: results/gate2b/gate2b_curve_diagnostics_summary.csv
  missing: results/attention_seed1/attention_seed1_by_step.csv
  missing: ATTENTION_RISK_2000K_BASELINE_REPORT.md
  missing: GATE2B_PENALTY_1000K_REPORT.md
  missing: ATTENTION_SEED1_1000K_REPORT.md
  missing: FINAL_DIRECTION_DECISION_REPORT.md
  missing: results/PIPELINE_COMPLETE.flag
  missing: results/longtrain_baseline/plots/*.png
  missing: results/gate2b/plots/*.png
  missing: results/gate2b/traces/*.csv
[2026-05-06 12:03:32] waiting missing_count=12 longtrain_png=0 gate2b_png=0 preflight_trace=20 gate_trace=0
  missing: results/longtrain_baseline/attention_vs_risk_longtrain_summary.csv
  missing: results/gate2b/gate2b_by_step.csv
  missing: results/gate2b/gate2b_curve_diagnostics_summary.csv
  missing: results/attention_seed1/attention_seed1_by_step.csv
  missing: ATTENTION_RISK_2000K_BASELINE_REPORT.md
  missing: GATE2B_PENALTY_1000K_REPORT.md
  missing: ATTENTION_SEED1_1000K_REPORT.md
  missing: FINAL_DIRECTION_DECISION_REPORT.md
  missing: results/PIPELINE_COMPLETE.flag
  missing: results/longtrain_baseline/plots/*.png
  missing: results/gate2b/plots/*.png
  missing: results/gate2b/traces/*.csv
[2026-05-06 12:04:32] waiting missing_count=12 longtrain_png=0 gate2b_png=0 preflight_trace=20 gate_trace=0
  missing: results/longtrain_baseline/attention_vs_risk_longtrain_summary.csv
  missing: results/gate2b/gate2b_by_step.csv
  missing: results/gate2b/gate2b_curve_diagnostics_summary.csv
  missing: results/attention_seed1/attention_seed1_by_step.csv
  missing: ATTENTION_RISK_2000K_BASELINE_REPORT.md
  missing: GATE2B_PENALTY_1000K_REPORT.md
  missing: ATTENTION_SEED1_1000K_REPORT.md
  missing: FINAL_DIRECTION_DECISION_REPORT.md
  missing: results/PIPELINE_COMPLETE.flag
  missing: results/longtrain_baseline/plots/*.png
  missing: results/gate2b/plots/*.png
  missing: results/gate2b/traces/*.csv
[2026-05-06 12:05:32] waiting missing_count=12 longtrain_png=0 gate2b_png=0 preflight_trace=20 gate_trace=0
  missing: results/longtrain_baseline/attention_vs_risk_longtrain_summary.csv
  missing: results/gate2b/gate2b_by_step.csv
  missing: results/gate2b/gate2b_curve_diagnostics_summary.csv
  missing: results/attention_seed1/attention_seed1_by_step.csv
  missing: ATTENTION_RISK_2000K_BASELINE_REPORT.md
  missing: GATE2B_PENALTY_1000K_REPORT.md
  missing: ATTENTION_SEED1_1000K_REPORT.md
  missing: FINAL_DIRECTION_DECISION_REPORT.md
  missing: results/PIPELINE_COMPLETE.flag
  missing: results/longtrain_baseline/plots/*.png
  missing: results/gate2b/plots/*.png
  missing: results/gate2b/traces/*.csv
[2026-05-06 12:06:32] waiting missing_count=12 longtrain_png=0 gate2b_png=0 preflight_trace=20 gate_trace=0
  missing: results/longtrain_baseline/attention_vs_risk_longtrain_summary.csv
  missing: results/gate2b/gate2b_by_step.csv
  missing: results/gate2b/gate2b_curve_diagnostics_summary.csv
  missing: results/attention_seed1/attention_seed1_by_step.csv
  missing: ATTENTION_RISK_2000K_BASELINE_REPORT.md
  missing: GATE2B_PENALTY_1000K_REPORT.md
  missing: ATTENTION_SEED1_1000K_REPORT.md
  missing: FINAL_DIRECTION_DECISION_REPORT.md
  missing: results/PIPELINE_COMPLETE.flag
  missing: results/longtrain_baseline/plots/*.png
  missing: results/gate2b/plots/*.png
  missing: results/gate2b/traces/*.csv
[2026-05-06 12:07:32] waiting missing_count=12 longtrain_png=0 gate2b_png=0 preflight_trace=20 gate_trace=0
  missing: results/longtrain_baseline/attention_vs_risk_longtrain_summary.csv
  missing: results/gate2b/gate2b_by_step.csv
  missing: results/gate2b/gate2b_curve_diagnostics_summary.csv
  missing: results/attention_seed1/attention_seed1_by_step.csv
  missing: ATTENTION_RISK_2000K_BASELINE_REPORT.md
  missing: GATE2B_PENALTY_1000K_REPORT.md
  missing: ATTENTION_SEED1_1000K_REPORT.md
  missing: FINAL_DIRECTION_DECISION_REPORT.md
  missing: results/PIPELINE_COMPLETE.flag
  missing: results/longtrain_baseline/plots/*.png
  missing: results/gate2b/plots/*.png
  missing: results/gate2b/traces/*.csv
[2026-05-06 12:08:32] waiting missing_count=12 longtrain_png=0 gate2b_png=0 preflight_trace=20 gate_trace=0
  missing: results/longtrain_baseline/attention_vs_risk_longtrain_summary.csv
  missing: results/gate2b/gate2b_by_step.csv
  missing: results/gate2b/gate2b_curve_diagnostics_summary.csv
  missing: results/attention_seed1/attention_seed1_by_step.csv
  missing: ATTENTION_RISK_2000K_BASELINE_REPORT.md
  missing: GATE2B_PENALTY_1000K_REPORT.md
  missing: ATTENTION_SEED1_1000K_REPORT.md
  missing: FINAL_DIRECTION_DECISION_REPORT.md
  missing: results/PIPELINE_COMPLETE.flag
  missing: results/longtrain_baseline/plots/*.png
  missing: results/gate2b/plots/*.png
  missing: results/gate2b/traces/*.csv
[2026-05-06 12:09:32] waiting missing_count=12 longtrain_png=0 gate2b_png=0 preflight_trace=20 gate_trace=0
  missing: results/longtrain_baseline/attention_vs_risk_longtrain_summary.csv
  missing: results/gate2b/gate2b_by_step.csv
  missing: results/gate2b/gate2b_curve_diagnostics_summary.csv
  missing: results/attention_seed1/attention_seed1_by_step.csv
  missing: ATTENTION_RISK_2000K_BASELINE_REPORT.md
  missing: GATE2B_PENALTY_1000K_REPORT.md
  missing: ATTENTION_SEED1_1000K_REPORT.md
  missing: FINAL_DIRECTION_DECISION_REPORT.md
  missing: results/PIPELINE_COMPLETE.flag
  missing: results/longtrain_baseline/plots/*.png
  missing: results/gate2b/plots/*.png
  missing: results/gate2b/traces/*.csv
[2026-05-06 12:10:32] waiting missing_count=12 longtrain_png=0 gate2b_png=0 preflight_trace=20 gate_trace=0
  missing: results/longtrain_baseline/attention_vs_risk_longtrain_summary.csv
  missing: results/gate2b/gate2b_by_step.csv
  missing: results/gate2b/gate2b_curve_diagnostics_summary.csv
  missing: results/attention_seed1/attention_seed1_by_step.csv
  missing: ATTENTION_RISK_2000K_BASELINE_REPORT.md
  missing: GATE2B_PENALTY_1000K_REPORT.md
  missing: ATTENTION_SEED1_1000K_REPORT.md
  missing: FINAL_DIRECTION_DECISION_REPORT.md
  missing: results/PIPELINE_COMPLETE.flag
  missing: results/longtrain_baseline/plots/*.png
  missing: results/gate2b/plots/*.png
  missing: results/gate2b/traces/*.csv
[2026-05-06 12:11:32] waiting missing_count=12 longtrain_png=0 gate2b_png=0 preflight_trace=20 gate_trace=0
  missing: results/longtrain_baseline/attention_vs_risk_longtrain_summary.csv
  missing: results/gate2b/gate2b_by_step.csv
  missing: results/gate2b/gate2b_curve_diagnostics_summary.csv
  missing: results/attention_seed1/attention_seed1_by_step.csv
  missing: ATTENTION_RISK_2000K_BASELINE_REPORT.md
  missing: GATE2B_PENALTY_1000K_REPORT.md
  missing: ATTENTION_SEED1_1000K_REPORT.md
  missing: FINAL_DIRECTION_DECISION_REPORT.md
  missing: results/PIPELINE_COMPLETE.flag
  missing: results/longtrain_baseline/plots/*.png
  missing: results/gate2b/plots/*.png
  missing: results/gate2b/traces/*.csv
[2026-05-06 12:12:33] waiting missing_count=12 longtrain_png=0 gate2b_png=0 preflight_trace=20 gate_trace=0
  missing: results/longtrain_baseline/attention_vs_risk_longtrain_summary.csv
  missing: results/gate2b/gate2b_by_step.csv
  missing: results/gate2b/gate2b_curve_diagnostics_summary.csv
  missing: results/attention_seed1/attention_seed1_by_step.csv
  missing: ATTENTION_RISK_2000K_BASELINE_REPORT.md
  missing: GATE2B_PENALTY_1000K_REPORT.md
  missing: ATTENTION_SEED1_1000K_REPORT.md
  missing: FINAL_DIRECTION_DECISION_REPORT.md
  missing: results/PIPELINE_COMPLETE.flag
  missing: results/longtrain_baseline/plots/*.png
  missing: results/gate2b/plots/*.png
  missing: results/gate2b/traces/*.csv
[2026-05-06 12:13:33] waiting missing_count=12 longtrain_png=0 gate2b_png=0 preflight_trace=20 gate_trace=0
  missing: results/longtrain_baseline/attention_vs_risk_longtrain_summary.csv
  missing: results/gate2b/gate2b_by_step.csv
  missing: results/gate2b/gate2b_curve_diagnostics_summary.csv
  missing: results/attention_seed1/attention_seed1_by_step.csv
  missing: ATTENTION_RISK_2000K_BASELINE_REPORT.md
  missing: GATE2B_PENALTY_1000K_REPORT.md
  missing: ATTENTION_SEED1_1000K_REPORT.md
  missing: FINAL_DIRECTION_DECISION_REPORT.md
  missing: results/PIPELINE_COMPLETE.flag
  missing: results/longtrain_baseline/plots/*.png
  missing: results/gate2b/plots/*.png
  missing: results/gate2b/traces/*.csv
[2026-05-06 12:14:33] waiting missing_count=12 longtrain_png=0 gate2b_png=0 preflight_trace=20 gate_trace=0
  missing: results/longtrain_baseline/attention_vs_risk_longtrain_summary.csv
  missing: results/gate2b/gate2b_by_step.csv
  missing: results/gate2b/gate2b_curve_diagnostics_summary.csv
  missing: results/attention_seed1/attention_seed1_by_step.csv
  missing: ATTENTION_RISK_2000K_BASELINE_REPORT.md
  missing: GATE2B_PENALTY_1000K_REPORT.md
  missing: ATTENTION_SEED1_1000K_REPORT.md
  missing: FINAL_DIRECTION_DECISION_REPORT.md
  missing: results/PIPELINE_COMPLETE.flag
  missing: results/longtrain_baseline/plots/*.png
  missing: results/gate2b/plots/*.png
  missing: results/gate2b/traces/*.csv
[2026-05-06 12:15:33] waiting missing_count=12 longtrain_png=0 gate2b_png=0 preflight_trace=20 gate_trace=0
  missing: results/longtrain_baseline/attention_vs_risk_longtrain_summary.csv
  missing: results/gate2b/gate2b_by_step.csv
  missing: results/gate2b/gate2b_curve_diagnostics_summary.csv
  missing: results/attention_seed1/attention_seed1_by_step.csv
  missing: ATTENTION_RISK_2000K_BASELINE_REPORT.md
  missing: GATE2B_PENALTY_1000K_REPORT.md
  missing: ATTENTION_SEED1_1000K_REPORT.md
  missing: FINAL_DIRECTION_DECISION_REPORT.md
  missing: results/PIPELINE_COMPLETE.flag
  missing: results/longtrain_baseline/plots/*.png
  missing: results/gate2b/plots/*.png
  missing: results/gate2b/traces/*.csv
[2026-05-06 12:16:33] waiting missing_count=12 longtrain_png=0 gate2b_png=0 preflight_trace=20 gate_trace=0
  missing: results/longtrain_baseline/attention_vs_risk_longtrain_summary.csv
  missing: results/gate2b/gate2b_by_step.csv
  missing: results/gate2b/gate2b_curve_diagnostics_summary.csv
  missing: results/attention_seed1/attention_seed1_by_step.csv
  missing: ATTENTION_RISK_2000K_BASELINE_REPORT.md
  missing: GATE2B_PENALTY_1000K_REPORT.md
  missing: ATTENTION_SEED1_1000K_REPORT.md
  missing: FINAL_DIRECTION_DECISION_REPORT.md
  missing: results/PIPELINE_COMPLETE.flag
  missing: results/longtrain_baseline/plots/*.png
  missing: results/gate2b/plots/*.png
  missing: results/gate2b/traces/*.csv
[2026-05-06 12:17:33] waiting missing_count=12 longtrain_png=0 gate2b_png=0 preflight_trace=20 gate_trace=0
  missing: results/longtrain_baseline/attention_vs_risk_longtrain_summary.csv
  missing: results/gate2b/gate2b_by_step.csv
  missing: results/gate2b/gate2b_curve_diagnostics_summary.csv
  missing: results/attention_seed1/attention_seed1_by_step.csv
  missing: ATTENTION_RISK_2000K_BASELINE_REPORT.md
  missing: GATE2B_PENALTY_1000K_REPORT.md
  missing: ATTENTION_SEED1_1000K_REPORT.md
  missing: FINAL_DIRECTION_DECISION_REPORT.md
  missing: results/PIPELINE_COMPLETE.flag
  missing: results/longtrain_baseline/plots/*.png
  missing: results/gate2b/plots/*.png
  missing: results/gate2b/traces/*.csv
[2026-05-06 12:18:33] waiting missing_count=12 longtrain_png=0 gate2b_png=0 preflight_trace=20 gate_trace=0
  missing: results/longtrain_baseline/attention_vs_risk_longtrain_summary.csv
  missing: results/gate2b/gate2b_by_step.csv
  missing: results/gate2b/gate2b_curve_diagnostics_summary.csv
  missing: results/attention_seed1/attention_seed1_by_step.csv
  missing: ATTENTION_RISK_2000K_BASELINE_REPORT.md
  missing: GATE2B_PENALTY_1000K_REPORT.md
  missing: ATTENTION_SEED1_1000K_REPORT.md
  missing: FINAL_DIRECTION_DECISION_REPORT.md
  missing: results/PIPELINE_COMPLETE.flag
  missing: results/longtrain_baseline/plots/*.png
  missing: results/gate2b/plots/*.png
  missing: results/gate2b/traces/*.csv
[2026-05-06 12:19:33] waiting missing_count=12 longtrain_png=0 gate2b_png=0 preflight_trace=20 gate_trace=0
  missing: results/longtrain_baseline/attention_vs_risk_longtrain_summary.csv
  missing: results/gate2b/gate2b_by_step.csv
  missing: results/gate2b/gate2b_curve_diagnostics_summary.csv
  missing: results/attention_seed1/attention_seed1_by_step.csv
  missing: ATTENTION_RISK_2000K_BASELINE_REPORT.md
  missing: GATE2B_PENALTY_1000K_REPORT.md
  missing: ATTENTION_SEED1_1000K_REPORT.md
  missing: FINAL_DIRECTION_DECISION_REPORT.md
  missing: results/PIPELINE_COMPLETE.flag
  missing: results/longtrain_baseline/plots/*.png
  missing: results/gate2b/plots/*.png
  missing: results/gate2b/traces/*.csv
[2026-05-06 12:20:33] waiting missing_count=12 longtrain_png=0 gate2b_png=0 preflight_trace=20 gate_trace=0
  missing: results/longtrain_baseline/attention_vs_risk_longtrain_summary.csv
  missing: results/gate2b/gate2b_by_step.csv
  missing: results/gate2b/gate2b_curve_diagnostics_summary.csv
  missing: results/attention_seed1/attention_seed1_by_step.csv
  missing: ATTENTION_RISK_2000K_BASELINE_REPORT.md
  missing: GATE2B_PENALTY_1000K_REPORT.md
  missing: ATTENTION_SEED1_1000K_REPORT.md
  missing: FINAL_DIRECTION_DECISION_REPORT.md
  missing: results/PIPELINE_COMPLETE.flag
  missing: results/longtrain_baseline/plots/*.png
  missing: results/gate2b/plots/*.png
  missing: results/gate2b/traces/*.csv
[2026-05-06 12:21:33] waiting missing_count=12 longtrain_png=0 gate2b_png=0 preflight_trace=20 gate_trace=0
  missing: results/longtrain_baseline/attention_vs_risk_longtrain_summary.csv
  missing: results/gate2b/gate2b_by_step.csv
  missing: results/gate2b/gate2b_curve_diagnostics_summary.csv
  missing: results/attention_seed1/attention_seed1_by_step.csv
  missing: ATTENTION_RISK_2000K_BASELINE_REPORT.md
  missing: GATE2B_PENALTY_1000K_REPORT.md
  missing: ATTENTION_SEED1_1000K_REPORT.md
  missing: FINAL_DIRECTION_DECISION_REPORT.md
  missing: results/PIPELINE_COMPLETE.flag
  missing: results/longtrain_baseline/plots/*.png
  missing: results/gate2b/plots/*.png
  missing: results/gate2b/traces/*.csv
[2026-05-06 12:22:33] waiting missing_count=12 longtrain_png=0 gate2b_png=0 preflight_trace=20 gate_trace=0
  missing: results/longtrain_baseline/attention_vs_risk_longtrain_summary.csv
  missing: results/gate2b/gate2b_by_step.csv
  missing: results/gate2b/gate2b_curve_diagnostics_summary.csv
  missing: results/attention_seed1/attention_seed1_by_step.csv
  missing: ATTENTION_RISK_2000K_BASELINE_REPORT.md
  missing: GATE2B_PENALTY_1000K_REPORT.md
  missing: ATTENTION_SEED1_1000K_REPORT.md
  missing: FINAL_DIRECTION_DECISION_REPORT.md
  missing: results/PIPELINE_COMPLETE.flag
  missing: results/longtrain_baseline/plots/*.png
  missing: results/gate2b/plots/*.png
  missing: results/gate2b/traces/*.csv
[2026-05-06 12:23:33] waiting missing_count=12 longtrain_png=0 gate2b_png=0 preflight_trace=20 gate_trace=0
  missing: results/longtrain_baseline/attention_vs_risk_longtrain_summary.csv
  missing: results/gate2b/gate2b_by_step.csv
  missing: results/gate2b/gate2b_curve_diagnostics_summary.csv
  missing: results/attention_seed1/attention_seed1_by_step.csv
  missing: ATTENTION_RISK_2000K_BASELINE_REPORT.md
  missing: GATE2B_PENALTY_1000K_REPORT.md
  missing: ATTENTION_SEED1_1000K_REPORT.md
  missing: FINAL_DIRECTION_DECISION_REPORT.md
  missing: results/PIPELINE_COMPLETE.flag
  missing: results/longtrain_baseline/plots/*.png
  missing: results/gate2b/plots/*.png
  missing: results/gate2b/traces/*.csv
[2026-05-06 12:24:33] waiting missing_count=12 longtrain_png=0 gate2b_png=0 preflight_trace=20 gate_trace=0
  missing: results/longtrain_baseline/attention_vs_risk_longtrain_summary.csv
  missing: results/gate2b/gate2b_by_step.csv
  missing: results/gate2b/gate2b_curve_diagnostics_summary.csv
  missing: results/attention_seed1/attention_seed1_by_step.csv
  missing: ATTENTION_RISK_2000K_BASELINE_REPORT.md
  missing: GATE2B_PENALTY_1000K_REPORT.md
  missing: ATTENTION_SEED1_1000K_REPORT.md
  missing: FINAL_DIRECTION_DECISION_REPORT.md
  missing: results/PIPELINE_COMPLETE.flag
  missing: results/longtrain_baseline/plots/*.png
  missing: results/gate2b/plots/*.png
  missing: results/gate2b/traces/*.csv
[2026-05-06 12:25:34] waiting missing_count=12 longtrain_png=0 gate2b_png=0 preflight_trace=20 gate_trace=0
  missing: results/longtrain_baseline/attention_vs_risk_longtrain_summary.csv
  missing: results/gate2b/gate2b_by_step.csv
  missing: results/gate2b/gate2b_curve_diagnostics_summary.csv
  missing: results/attention_seed1/attention_seed1_by_step.csv
  missing: ATTENTION_RISK_2000K_BASELINE_REPORT.md
  missing: GATE2B_PENALTY_1000K_REPORT.md
  missing: ATTENTION_SEED1_1000K_REPORT.md
  missing: FINAL_DIRECTION_DECISION_REPORT.md
  missing: results/PIPELINE_COMPLETE.flag
  missing: results/longtrain_baseline/plots/*.png
  missing: results/gate2b/plots/*.png
  missing: results/gate2b/traces/*.csv
[2026-05-06 12:26:34] waiting missing_count=12 longtrain_png=0 gate2b_png=0 preflight_trace=20 gate_trace=0
  missing: results/longtrain_baseline/attention_vs_risk_longtrain_summary.csv
  missing: results/gate2b/gate2b_by_step.csv
  missing: results/gate2b/gate2b_curve_diagnostics_summary.csv
  missing: results/attention_seed1/attention_seed1_by_step.csv
  missing: ATTENTION_RISK_2000K_BASELINE_REPORT.md
  missing: GATE2B_PENALTY_1000K_REPORT.md
  missing: ATTENTION_SEED1_1000K_REPORT.md
  missing: FINAL_DIRECTION_DECISION_REPORT.md
  missing: results/PIPELINE_COMPLETE.flag
  missing: results/longtrain_baseline/plots/*.png
  missing: results/gate2b/plots/*.png
  missing: results/gate2b/traces/*.csv
[2026-05-06 12:27:34] waiting missing_count=9 longtrain_png=7 gate2b_png=0 preflight_trace=20 gate_trace=0
  missing: results/gate2b/gate2b_by_step.csv
  missing: results/gate2b/gate2b_curve_diagnostics_summary.csv
  missing: results/attention_seed1/attention_seed1_by_step.csv
  missing: GATE2B_PENALTY_1000K_REPORT.md
  missing: ATTENTION_SEED1_1000K_REPORT.md
  missing: FINAL_DIRECTION_DECISION_REPORT.md
  missing: results/PIPELINE_COMPLETE.flag
  missing: results/gate2b/plots/*.png
  missing: results/gate2b/traces/*.csv
[2026-05-06 12:28:34] waiting missing_count=9 longtrain_png=7 gate2b_png=0 preflight_trace=20 gate_trace=0
  missing: results/gate2b/gate2b_by_step.csv
  missing: results/gate2b/gate2b_curve_diagnostics_summary.csv
  missing: results/attention_seed1/attention_seed1_by_step.csv
  missing: GATE2B_PENALTY_1000K_REPORT.md
  missing: ATTENTION_SEED1_1000K_REPORT.md
  missing: FINAL_DIRECTION_DECISION_REPORT.md
  missing: results/PIPELINE_COMPLETE.flag
  missing: results/gate2b/plots/*.png
  missing: results/gate2b/traces/*.csv
[2026-05-06 12:29:34] waiting missing_count=9 longtrain_png=7 gate2b_png=0 preflight_trace=20 gate_trace=0
  missing: results/gate2b/gate2b_by_step.csv
  missing: results/gate2b/gate2b_curve_diagnostics_summary.csv
  missing: results/attention_seed1/attention_seed1_by_step.csv
  missing: GATE2B_PENALTY_1000K_REPORT.md
  missing: ATTENTION_SEED1_1000K_REPORT.md
  missing: FINAL_DIRECTION_DECISION_REPORT.md
  missing: results/PIPELINE_COMPLETE.flag
  missing: results/gate2b/plots/*.png
  missing: results/gate2b/traces/*.csv
[2026-05-06 12:30:34] waiting missing_count=9 longtrain_png=7 gate2b_png=0 preflight_trace=20 gate_trace=0
  missing: results/gate2b/gate2b_by_step.csv
  missing: results/gate2b/gate2b_curve_diagnostics_summary.csv
  missing: results/attention_seed1/attention_seed1_by_step.csv
  missing: GATE2B_PENALTY_1000K_REPORT.md
  missing: ATTENTION_SEED1_1000K_REPORT.md
  missing: FINAL_DIRECTION_DECISION_REPORT.md
  missing: results/PIPELINE_COMPLETE.flag
  missing: results/gate2b/plots/*.png
  missing: results/gate2b/traces/*.csv
[2026-05-06 12:31:34] waiting missing_count=9 longtrain_png=7 gate2b_png=0 preflight_trace=20 gate_trace=0
  missing: results/gate2b/gate2b_by_step.csv
  missing: results/gate2b/gate2b_curve_diagnostics_summary.csv
  missing: results/attention_seed1/attention_seed1_by_step.csv
  missing: GATE2B_PENALTY_1000K_REPORT.md
  missing: ATTENTION_SEED1_1000K_REPORT.md
  missing: FINAL_DIRECTION_DECISION_REPORT.md
  missing: results/PIPELINE_COMPLETE.flag
  missing: results/gate2b/plots/*.png
  missing: results/gate2b/traces/*.csv
[2026-05-06 12:32:34] waiting missing_count=9 longtrain_png=7 gate2b_png=0 preflight_trace=20 gate_trace=0
  missing: results/gate2b/gate2b_by_step.csv
  missing: results/gate2b/gate2b_curve_diagnostics_summary.csv
  missing: results/attention_seed1/attention_seed1_by_step.csv
  missing: GATE2B_PENALTY_1000K_REPORT.md
  missing: ATTENTION_SEED1_1000K_REPORT.md
  missing: FINAL_DIRECTION_DECISION_REPORT.md
  missing: results/PIPELINE_COMPLETE.flag
  missing: results/gate2b/plots/*.png
  missing: results/gate2b/traces/*.csv
[2026-05-06 12:33:34] waiting missing_count=9 longtrain_png=7 gate2b_png=0 preflight_trace=20 gate_trace=0
  missing: results/gate2b/gate2b_by_step.csv
  missing: results/gate2b/gate2b_curve_diagnostics_summary.csv
  missing: results/attention_seed1/attention_seed1_by_step.csv
  missing: GATE2B_PENALTY_1000K_REPORT.md
  missing: ATTENTION_SEED1_1000K_REPORT.md
  missing: FINAL_DIRECTION_DECISION_REPORT.md
  missing: results/PIPELINE_COMPLETE.flag
  missing: results/gate2b/plots/*.png
  missing: results/gate2b/traces/*.csv
[2026-05-06 12:34:34] waiting missing_count=9 longtrain_png=7 gate2b_png=0 preflight_trace=20 gate_trace=0
  missing: results/gate2b/gate2b_by_step.csv
  missing: results/gate2b/gate2b_curve_diagnostics_summary.csv
  missing: results/attention_seed1/attention_seed1_by_step.csv
  missing: GATE2B_PENALTY_1000K_REPORT.md
  missing: ATTENTION_SEED1_1000K_REPORT.md
  missing: FINAL_DIRECTION_DECISION_REPORT.md
  missing: results/PIPELINE_COMPLETE.flag
  missing: results/gate2b/plots/*.png
  missing: results/gate2b/traces/*.csv
[2026-05-06 12:35:35] waiting missing_count=9 longtrain_png=7 gate2b_png=0 preflight_trace=20 gate_trace=0
  missing: results/gate2b/gate2b_by_step.csv
  missing: results/gate2b/gate2b_curve_diagnostics_summary.csv
  missing: results/attention_seed1/attention_seed1_by_step.csv
  missing: GATE2B_PENALTY_1000K_REPORT.md
  missing: ATTENTION_SEED1_1000K_REPORT.md
  missing: FINAL_DIRECTION_DECISION_REPORT.md
  missing: results/PIPELINE_COMPLETE.flag
  missing: results/gate2b/plots/*.png
  missing: results/gate2b/traces/*.csv
[2026-05-06 12:36:35] waiting missing_count=9 longtrain_png=7 gate2b_png=0 preflight_trace=20 gate_trace=0
  missing: results/gate2b/gate2b_by_step.csv
  missing: results/gate2b/gate2b_curve_diagnostics_summary.csv
  missing: results/attention_seed1/attention_seed1_by_step.csv
  missing: GATE2B_PENALTY_1000K_REPORT.md
  missing: ATTENTION_SEED1_1000K_REPORT.md
  missing: FINAL_DIRECTION_DECISION_REPORT.md
  missing: results/PIPELINE_COMPLETE.flag
  missing: results/gate2b/plots/*.png
  missing: results/gate2b/traces/*.csv
[2026-05-06 12:37:35] waiting missing_count=9 longtrain_png=7 gate2b_png=0 preflight_trace=20 gate_trace=0
  missing: results/gate2b/gate2b_by_step.csv
  missing: results/gate2b/gate2b_curve_diagnostics_summary.csv
  missing: results/attention_seed1/attention_seed1_by_step.csv
  missing: GATE2B_PENALTY_1000K_REPORT.md
  missing: ATTENTION_SEED1_1000K_REPORT.md
  missing: FINAL_DIRECTION_DECISION_REPORT.md
  missing: results/PIPELINE_COMPLETE.flag
  missing: results/gate2b/plots/*.png
  missing: results/gate2b/traces/*.csv
[2026-05-06 12:38:35] waiting missing_count=9 longtrain_png=7 gate2b_png=0 preflight_trace=20 gate_trace=0
  missing: results/gate2b/gate2b_by_step.csv
  missing: results/gate2b/gate2b_curve_diagnostics_summary.csv
  missing: results/attention_seed1/attention_seed1_by_step.csv
  missing: GATE2B_PENALTY_1000K_REPORT.md
  missing: ATTENTION_SEED1_1000K_REPORT.md
  missing: FINAL_DIRECTION_DECISION_REPORT.md
  missing: results/PIPELINE_COMPLETE.flag
  missing: results/gate2b/plots/*.png
  missing: results/gate2b/traces/*.csv
[2026-05-06 12:39:35] waiting missing_count=9 longtrain_png=7 gate2b_png=0 preflight_trace=20 gate_trace=0
  missing: results/gate2b/gate2b_by_step.csv
  missing: results/gate2b/gate2b_curve_diagnostics_summary.csv
  missing: results/attention_seed1/attention_seed1_by_step.csv
  missing: GATE2B_PENALTY_1000K_REPORT.md
  missing: ATTENTION_SEED1_1000K_REPORT.md
  missing: FINAL_DIRECTION_DECISION_REPORT.md
  missing: results/PIPELINE_COMPLETE.flag
  missing: results/gate2b/plots/*.png
  missing: results/gate2b/traces/*.csv
[2026-05-06 12:40:35] waiting missing_count=9 longtrain_png=7 gate2b_png=0 preflight_trace=20 gate_trace=0
  missing: results/gate2b/gate2b_by_step.csv
  missing: results/gate2b/gate2b_curve_diagnostics_summary.csv
  missing: results/attention_seed1/attention_seed1_by_step.csv
  missing: GATE2B_PENALTY_1000K_REPORT.md
  missing: ATTENTION_SEED1_1000K_REPORT.md
  missing: FINAL_DIRECTION_DECISION_REPORT.md
  missing: results/PIPELINE_COMPLETE.flag
  missing: results/gate2b/plots/*.png
  missing: results/gate2b/traces/*.csv
[2026-05-06 12:41:35] waiting missing_count=9 longtrain_png=7 gate2b_png=0 preflight_trace=20 gate_trace=0
  missing: results/gate2b/gate2b_by_step.csv
  missing: results/gate2b/gate2b_curve_diagnostics_summary.csv
  missing: results/attention_seed1/attention_seed1_by_step.csv
  missing: GATE2B_PENALTY_1000K_REPORT.md
  missing: ATTENTION_SEED1_1000K_REPORT.md
  missing: FINAL_DIRECTION_DECISION_REPORT.md
  missing: results/PIPELINE_COMPLETE.flag
  missing: results/gate2b/plots/*.png
  missing: results/gate2b/traces/*.csv
[2026-05-06 12:42:35] waiting missing_count=9 longtrain_png=7 gate2b_png=0 preflight_trace=20 gate_trace=0
  missing: results/gate2b/gate2b_by_step.csv
  missing: results/gate2b/gate2b_curve_diagnostics_summary.csv
  missing: results/attention_seed1/attention_seed1_by_step.csv
  missing: GATE2B_PENALTY_1000K_REPORT.md
  missing: ATTENTION_SEED1_1000K_REPORT.md
  missing: FINAL_DIRECTION_DECISION_REPORT.md
  missing: results/PIPELINE_COMPLETE.flag
  missing: results/gate2b/plots/*.png
  missing: results/gate2b/traces/*.csv
[2026-05-06 12:43:35] waiting missing_count=9 longtrain_png=7 gate2b_png=0 preflight_trace=20 gate_trace=0
  missing: results/gate2b/gate2b_by_step.csv
  missing: results/gate2b/gate2b_curve_diagnostics_summary.csv
  missing: results/attention_seed1/attention_seed1_by_step.csv
  missing: GATE2B_PENALTY_1000K_REPORT.md
  missing: ATTENTION_SEED1_1000K_REPORT.md
  missing: FINAL_DIRECTION_DECISION_REPORT.md
  missing: results/PIPELINE_COMPLETE.flag
  missing: results/gate2b/plots/*.png
  missing: results/gate2b/traces/*.csv
[2026-05-06 12:44:35] waiting missing_count=9 longtrain_png=7 gate2b_png=0 preflight_trace=20 gate_trace=0
  missing: results/gate2b/gate2b_by_step.csv
  missing: results/gate2b/gate2b_curve_diagnostics_summary.csv
  missing: results/attention_seed1/attention_seed1_by_step.csv
  missing: GATE2B_PENALTY_1000K_REPORT.md
  missing: ATTENTION_SEED1_1000K_REPORT.md
  missing: FINAL_DIRECTION_DECISION_REPORT.md
  missing: results/PIPELINE_COMPLETE.flag
  missing: results/gate2b/plots/*.png
  missing: results/gate2b/traces/*.csv
[2026-05-06 12:45:35] waiting missing_count=9 longtrain_png=7 gate2b_png=0 preflight_trace=20 gate_trace=0
  missing: results/gate2b/gate2b_by_step.csv
  missing: results/gate2b/gate2b_curve_diagnostics_summary.csv
  missing: results/attention_seed1/attention_seed1_by_step.csv
  missing: GATE2B_PENALTY_1000K_REPORT.md
  missing: ATTENTION_SEED1_1000K_REPORT.md
  missing: FINAL_DIRECTION_DECISION_REPORT.md
  missing: results/PIPELINE_COMPLETE.flag
  missing: results/gate2b/plots/*.png
  missing: results/gate2b/traces/*.csv
[2026-05-06 12:46:35] waiting missing_count=9 longtrain_png=7 gate2b_png=0 preflight_trace=20 gate_trace=0
  missing: results/gate2b/gate2b_by_step.csv
  missing: results/gate2b/gate2b_curve_diagnostics_summary.csv
  missing: results/attention_seed1/attention_seed1_by_step.csv
  missing: GATE2B_PENALTY_1000K_REPORT.md
  missing: ATTENTION_SEED1_1000K_REPORT.md
  missing: FINAL_DIRECTION_DECISION_REPORT.md
  missing: results/PIPELINE_COMPLETE.flag
  missing: results/gate2b/plots/*.png
  missing: results/gate2b/traces/*.csv
[2026-05-06 12:47:36] waiting missing_count=9 longtrain_png=7 gate2b_png=0 preflight_trace=20 gate_trace=0
  missing: results/gate2b/gate2b_by_step.csv
  missing: results/gate2b/gate2b_curve_diagnostics_summary.csv
  missing: results/attention_seed1/attention_seed1_by_step.csv
  missing: GATE2B_PENALTY_1000K_REPORT.md
  missing: ATTENTION_SEED1_1000K_REPORT.md
  missing: FINAL_DIRECTION_DECISION_REPORT.md
  missing: results/PIPELINE_COMPLETE.flag
  missing: results/gate2b/plots/*.png
  missing: results/gate2b/traces/*.csv
[2026-05-06 12:48:36] waiting missing_count=9 longtrain_png=7 gate2b_png=0 preflight_trace=20 gate_trace=0
  missing: results/gate2b/gate2b_by_step.csv
  missing: results/gate2b/gate2b_curve_diagnostics_summary.csv
  missing: results/attention_seed1/attention_seed1_by_step.csv
  missing: GATE2B_PENALTY_1000K_REPORT.md
  missing: ATTENTION_SEED1_1000K_REPORT.md
  missing: FINAL_DIRECTION_DECISION_REPORT.md
  missing: results/PIPELINE_COMPLETE.flag
  missing: results/gate2b/plots/*.png
  missing: results/gate2b/traces/*.csv
[2026-05-06 12:49:36] waiting missing_count=9 longtrain_png=7 gate2b_png=0 preflight_trace=20 gate_trace=0
  missing: results/gate2b/gate2b_by_step.csv
  missing: results/gate2b/gate2b_curve_diagnostics_summary.csv
  missing: results/attention_seed1/attention_seed1_by_step.csv
  missing: GATE2B_PENALTY_1000K_REPORT.md
  missing: ATTENTION_SEED1_1000K_REPORT.md
  missing: FINAL_DIRECTION_DECISION_REPORT.md
  missing: results/PIPELINE_COMPLETE.flag
  missing: results/gate2b/plots/*.png
  missing: results/gate2b/traces/*.csv
[2026-05-06 12:50:36] waiting missing_count=9 longtrain_png=7 gate2b_png=0 preflight_trace=20 gate_trace=0
  missing: results/gate2b/gate2b_by_step.csv
  missing: results/gate2b/gate2b_curve_diagnostics_summary.csv
  missing: results/attention_seed1/attention_seed1_by_step.csv
  missing: GATE2B_PENALTY_1000K_REPORT.md
  missing: ATTENTION_SEED1_1000K_REPORT.md
  missing: FINAL_DIRECTION_DECISION_REPORT.md
  missing: results/PIPELINE_COMPLETE.flag
  missing: results/gate2b/plots/*.png
  missing: results/gate2b/traces/*.csv
[2026-05-06 12:51:36] waiting missing_count=9 longtrain_png=7 gate2b_png=0 preflight_trace=20 gate_trace=0
  missing: results/gate2b/gate2b_by_step.csv
  missing: results/gate2b/gate2b_curve_diagnostics_summary.csv
  missing: results/attention_seed1/attention_seed1_by_step.csv
  missing: GATE2B_PENALTY_1000K_REPORT.md
  missing: ATTENTION_SEED1_1000K_REPORT.md
  missing: FINAL_DIRECTION_DECISION_REPORT.md
  missing: results/PIPELINE_COMPLETE.flag
  missing: results/gate2b/plots/*.png
  missing: results/gate2b/traces/*.csv
[2026-05-06 12:52:36] waiting missing_count=9 longtrain_png=7 gate2b_png=0 preflight_trace=20 gate_trace=0
  missing: results/gate2b/gate2b_by_step.csv
  missing: results/gate2b/gate2b_curve_diagnostics_summary.csv
  missing: results/attention_seed1/attention_seed1_by_step.csv
  missing: GATE2B_PENALTY_1000K_REPORT.md
  missing: ATTENTION_SEED1_1000K_REPORT.md
  missing: FINAL_DIRECTION_DECISION_REPORT.md
  missing: results/PIPELINE_COMPLETE.flag
  missing: results/gate2b/plots/*.png
  missing: results/gate2b/traces/*.csv
[2026-05-06 12:53:36] waiting missing_count=9 longtrain_png=7 gate2b_png=0 preflight_trace=20 gate_trace=0
  missing: results/gate2b/gate2b_by_step.csv
  missing: results/gate2b/gate2b_curve_diagnostics_summary.csv
  missing: results/attention_seed1/attention_seed1_by_step.csv
  missing: GATE2B_PENALTY_1000K_REPORT.md
  missing: ATTENTION_SEED1_1000K_REPORT.md
  missing: FINAL_DIRECTION_DECISION_REPORT.md
  missing: results/PIPELINE_COMPLETE.flag
  missing: results/gate2b/plots/*.png
  missing: results/gate2b/traces/*.csv
[2026-05-06 12:54:36] waiting missing_count=9 longtrain_png=7 gate2b_png=0 preflight_trace=20 gate_trace=0
  missing: results/gate2b/gate2b_by_step.csv
  missing: results/gate2b/gate2b_curve_diagnostics_summary.csv
  missing: results/attention_seed1/attention_seed1_by_step.csv
  missing: GATE2B_PENALTY_1000K_REPORT.md
  missing: ATTENTION_SEED1_1000K_REPORT.md
  missing: FINAL_DIRECTION_DECISION_REPORT.md
  missing: results/PIPELINE_COMPLETE.flag
  missing: results/gate2b/plots/*.png
  missing: results/gate2b/traces/*.csv
[2026-05-06 12:55:36] waiting missing_count=9 longtrain_png=7 gate2b_png=0 preflight_trace=20 gate_trace=0
  missing: results/gate2b/gate2b_by_step.csv
  missing: results/gate2b/gate2b_curve_diagnostics_summary.csv
  missing: results/attention_seed1/attention_seed1_by_step.csv
  missing: GATE2B_PENALTY_1000K_REPORT.md
  missing: ATTENTION_SEED1_1000K_REPORT.md
  missing: FINAL_DIRECTION_DECISION_REPORT.md
  missing: results/PIPELINE_COMPLETE.flag
  missing: results/gate2b/plots/*.png
  missing: results/gate2b/traces/*.csv
[2026-05-06 12:56:36] waiting missing_count=9 longtrain_png=7 gate2b_png=0 preflight_trace=20 gate_trace=0
  missing: results/gate2b/gate2b_by_step.csv
  missing: results/gate2b/gate2b_curve_diagnostics_summary.csv
  missing: results/attention_seed1/attention_seed1_by_step.csv
  missing: GATE2B_PENALTY_1000K_REPORT.md
  missing: ATTENTION_SEED1_1000K_REPORT.md
  missing: FINAL_DIRECTION_DECISION_REPORT.md
  missing: results/PIPELINE_COMPLETE.flag
  missing: results/gate2b/plots/*.png
  missing: results/gate2b/traces/*.csv
[2026-05-06 12:57:36] waiting missing_count=9 longtrain_png=7 gate2b_png=0 preflight_trace=20 gate_trace=0
  missing: results/gate2b/gate2b_by_step.csv
  missing: results/gate2b/gate2b_curve_diagnostics_summary.csv
  missing: results/attention_seed1/attention_seed1_by_step.csv
  missing: GATE2B_PENALTY_1000K_REPORT.md
  missing: ATTENTION_SEED1_1000K_REPORT.md
  missing: FINAL_DIRECTION_DECISION_REPORT.md
  missing: results/PIPELINE_COMPLETE.flag
  missing: results/gate2b/plots/*.png
  missing: results/gate2b/traces/*.csv
[2026-05-06 12:58:37] waiting missing_count=9 longtrain_png=7 gate2b_png=0 preflight_trace=20 gate_trace=0
  missing: results/gate2b/gate2b_by_step.csv
  missing: results/gate2b/gate2b_curve_diagnostics_summary.csv
  missing: results/attention_seed1/attention_seed1_by_step.csv
  missing: GATE2B_PENALTY_1000K_REPORT.md
  missing: ATTENTION_SEED1_1000K_REPORT.md
  missing: FINAL_DIRECTION_DECISION_REPORT.md
  missing: results/PIPELINE_COMPLETE.flag
  missing: results/gate2b/plots/*.png
  missing: results/gate2b/traces/*.csv
[2026-05-06 12:59:37] waiting missing_count=9 longtrain_png=7 gate2b_png=0 preflight_trace=20 gate_trace=0
  missing: results/gate2b/gate2b_by_step.csv
  missing: results/gate2b/gate2b_curve_diagnostics_summary.csv
  missing: results/attention_seed1/attention_seed1_by_step.csv
  missing: GATE2B_PENALTY_1000K_REPORT.md
  missing: ATTENTION_SEED1_1000K_REPORT.md
  missing: FINAL_DIRECTION_DECISION_REPORT.md
  missing: results/PIPELINE_COMPLETE.flag
  missing: results/gate2b/plots/*.png
  missing: results/gate2b/traces/*.csv
[2026-05-06 13:00:37] waiting missing_count=9 longtrain_png=7 gate2b_png=0 preflight_trace=20 gate_trace=0
  missing: results/gate2b/gate2b_by_step.csv
  missing: results/gate2b/gate2b_curve_diagnostics_summary.csv
  missing: results/attention_seed1/attention_seed1_by_step.csv
  missing: GATE2B_PENALTY_1000K_REPORT.md
  missing: ATTENTION_SEED1_1000K_REPORT.md
  missing: FINAL_DIRECTION_DECISION_REPORT.md
  missing: results/PIPELINE_COMPLETE.flag
  missing: results/gate2b/plots/*.png
  missing: results/gate2b/traces/*.csv
[2026-05-06 13:01:37] waiting missing_count=9 longtrain_png=7 gate2b_png=0 preflight_trace=20 gate_trace=0
  missing: results/gate2b/gate2b_by_step.csv
  missing: results/gate2b/gate2b_curve_diagnostics_summary.csv
  missing: results/attention_seed1/attention_seed1_by_step.csv
  missing: GATE2B_PENALTY_1000K_REPORT.md
  missing: ATTENTION_SEED1_1000K_REPORT.md
  missing: FINAL_DIRECTION_DECISION_REPORT.md
  missing: results/PIPELINE_COMPLETE.flag
  missing: results/gate2b/plots/*.png
  missing: results/gate2b/traces/*.csv
[2026-05-06 13:02:37] waiting missing_count=9 longtrain_png=7 gate2b_png=0 preflight_trace=20 gate_trace=0
  missing: results/gate2b/gate2b_by_step.csv
  missing: results/gate2b/gate2b_curve_diagnostics_summary.csv
  missing: results/attention_seed1/attention_seed1_by_step.csv
  missing: GATE2B_PENALTY_1000K_REPORT.md
  missing: ATTENTION_SEED1_1000K_REPORT.md
  missing: FINAL_DIRECTION_DECISION_REPORT.md
  missing: results/PIPELINE_COMPLETE.flag
  missing: results/gate2b/plots/*.png
  missing: results/gate2b/traces/*.csv
[2026-05-06 13:03:37] waiting missing_count=7 longtrain_png=7 gate2b_png=0 preflight_trace=20 gate_trace=30
  missing: results/gate2b/gate2b_curve_diagnostics_summary.csv
  missing: results/attention_seed1/attention_seed1_by_step.csv
  missing: GATE2B_PENALTY_1000K_REPORT.md
  missing: ATTENTION_SEED1_1000K_REPORT.md
  missing: FINAL_DIRECTION_DECISION_REPORT.md
  missing: results/PIPELINE_COMPLETE.flag
  missing: results/gate2b/plots/*.png
[2026-05-06 13:04:37] waiting missing_count=7 longtrain_png=7 gate2b_png=0 preflight_trace=20 gate_trace=120
  missing: results/gate2b/gate2b_curve_diagnostics_summary.csv
  missing: results/attention_seed1/attention_seed1_by_step.csv
  missing: GATE2B_PENALTY_1000K_REPORT.md
  missing: ATTENTION_SEED1_1000K_REPORT.md
  missing: FINAL_DIRECTION_DECISION_REPORT.md
  missing: results/PIPELINE_COMPLETE.flag
  missing: results/gate2b/plots/*.png
[2026-05-06 13:05:37] waiting missing_count=7 longtrain_png=7 gate2b_png=0 preflight_trace=20 gate_trace=210
  missing: results/gate2b/gate2b_curve_diagnostics_summary.csv
  missing: results/attention_seed1/attention_seed1_by_step.csv
  missing: GATE2B_PENALTY_1000K_REPORT.md
  missing: ATTENTION_SEED1_1000K_REPORT.md
  missing: FINAL_DIRECTION_DECISION_REPORT.md
  missing: results/PIPELINE_COMPLETE.flag
  missing: results/gate2b/plots/*.png
[2026-05-06 13:06:37] waiting missing_count=4 longtrain_png=7 gate2b_png=7 preflight_trace=20 gate_trace=240
  missing: results/attention_seed1/attention_seed1_by_step.csv
  missing: ATTENTION_SEED1_1000K_REPORT.md
  missing: FINAL_DIRECTION_DECISION_REPORT.md
  missing: results/PIPELINE_COMPLETE.flag
[2026-05-06 13:07:37] waiting missing_count=4 longtrain_png=7 gate2b_png=7 preflight_trace=20 gate_trace=240
  missing: results/attention_seed1/attention_seed1_by_step.csv
  missing: ATTENTION_SEED1_1000K_REPORT.md
  missing: FINAL_DIRECTION_DECISION_REPORT.md
  missing: results/PIPELINE_COMPLETE.flag
[2026-05-06 13:08:37] waiting missing_count=4 longtrain_png=7 gate2b_png=7 preflight_trace=20 gate_trace=240
  missing: results/attention_seed1/attention_seed1_by_step.csv
  missing: ATTENTION_SEED1_1000K_REPORT.md
  missing: FINAL_DIRECTION_DECISION_REPORT.md
  missing: results/PIPELINE_COMPLETE.flag
[2026-05-06 13:09:38] waiting missing_count=4 longtrain_png=7 gate2b_png=7 preflight_trace=20 gate_trace=240
  missing: results/attention_seed1/attention_seed1_by_step.csv
  missing: ATTENTION_SEED1_1000K_REPORT.md
  missing: FINAL_DIRECTION_DECISION_REPORT.md
  missing: results/PIPELINE_COMPLETE.flag
[2026-05-06 13:10:38] waiting missing_count=4 longtrain_png=7 gate2b_png=7 preflight_trace=20 gate_trace=240
  missing: results/attention_seed1/attention_seed1_by_step.csv
  missing: ATTENTION_SEED1_1000K_REPORT.md
  missing: FINAL_DIRECTION_DECISION_REPORT.md
  missing: results/PIPELINE_COMPLETE.flag
[2026-05-06 13:11:38] waiting missing_count=4 longtrain_png=7 gate2b_png=7 preflight_trace=20 gate_trace=240
  missing: results/attention_seed1/attention_seed1_by_step.csv
  missing: ATTENTION_SEED1_1000K_REPORT.md
  missing: FINAL_DIRECTION_DECISION_REPORT.md
  missing: results/PIPELINE_COMPLETE.flag
[2026-05-06 13:12:38] waiting missing_count=4 longtrain_png=7 gate2b_png=7 preflight_trace=20 gate_trace=240
  missing: results/attention_seed1/attention_seed1_by_step.csv
  missing: ATTENTION_SEED1_1000K_REPORT.md
  missing: FINAL_DIRECTION_DECISION_REPORT.md
  missing: results/PIPELINE_COMPLETE.flag
[2026-05-06 13:13:38] waiting missing_count=4 longtrain_png=7 gate2b_png=7 preflight_trace=20 gate_trace=240
  missing: results/attention_seed1/attention_seed1_by_step.csv
  missing: ATTENTION_SEED1_1000K_REPORT.md
  missing: FINAL_DIRECTION_DECISION_REPORT.md
  missing: results/PIPELINE_COMPLETE.flag
[2026-05-06 13:14:38] waiting missing_count=4 longtrain_png=7 gate2b_png=7 preflight_trace=20 gate_trace=240
  missing: results/attention_seed1/attention_seed1_by_step.csv
  missing: ATTENTION_SEED1_1000K_REPORT.md
  missing: FINAL_DIRECTION_DECISION_REPORT.md
  missing: results/PIPELINE_COMPLETE.flag
[2026-05-06 13:15:38] waiting missing_count=4 longtrain_png=7 gate2b_png=7 preflight_trace=20 gate_trace=240
  missing: results/attention_seed1/attention_seed1_by_step.csv
  missing: ATTENTION_SEED1_1000K_REPORT.md
  missing: FINAL_DIRECTION_DECISION_REPORT.md
  missing: results/PIPELINE_COMPLETE.flag
[2026-05-06 13:16:38] waiting missing_count=4 longtrain_png=7 gate2b_png=7 preflight_trace=20 gate_trace=240
  missing: results/attention_seed1/attention_seed1_by_step.csv
  missing: ATTENTION_SEED1_1000K_REPORT.md
  missing: FINAL_DIRECTION_DECISION_REPORT.md
  missing: results/PIPELINE_COMPLETE.flag
[2026-05-06 13:17:38] waiting missing_count=4 longtrain_png=7 gate2b_png=7 preflight_trace=20 gate_trace=240
  missing: results/attention_seed1/attention_seed1_by_step.csv
  missing: ATTENTION_SEED1_1000K_REPORT.md
  missing: FINAL_DIRECTION_DECISION_REPORT.md
  missing: results/PIPELINE_COMPLETE.flag
[2026-05-06 13:18:38] COMPLETE all completion artifacts present
