[2026-05-08 08:23:57] pre_ppo_priority_watcher_start interval=60
[2026-05-08 08:23:58] status={"complete":false,"completed_eval_count":0,"current_run":"environment_sanity","current_stage":"Stage P0","latest_checkpoint":"","mode":"running","no_go":false,"pending_eval_count":0,"updated_at":"2026-05-08 08:23:57","watcher_status":"sanity"}
[2026-05-08 08:24:58] status={"complete":false,"completed_eval_count":0,"current_run":"high_speed_wide_d2","current_stage":"training","latest_checkpoint":"","mode":"running","no_go":false,"pending_eval_count":0,"updated_at":"2026-05-08 08:24:20","watcher_status":"training"}
[2026-05-08 08:25:59] status={"complete":false,"completed_eval_count":0,"current_run":"high_speed_wide_d2","current_stage":"training","latest_checkpoint":"","mode":"running","no_go":false,"pending_eval_count":0,"updated_at":"2026-05-08 08:24:20","watcher_status":"training"}
[2026-05-08 08:27:00] status={"complete":false,"completed_eval_count":0,"current_run":"high_speed_wide_d2","current_stage":"training","latest_checkpoint":"","mode":"running","no_go":false,"pending_eval_count":0,"updated_at":"2026-05-08 08:24:20","watcher_status":"training"}
[2026-05-08 08:28:01] status={"complete":false,"completed_eval_count":0,"current_run":"high_speed_wide_d2","current_stage":"training","latest_checkpoint":"","mode":"running","no_go":false,"pending_eval_count":0,"updated_at":"2026-05-08 08:24:20","watcher_status":"training"}
[2026-05-08 08:29:02] status={"complete":false,"completed_eval_count":0,"current_run":"high_speed_wide_d2","current_stage":"training","latest_checkpoint":"","mode":"running","no_go":false,"pending_eval_count":0,"updated_at":"2026-05-08 08:24:20","watcher_status":"training"}
[2026-05-08 08:30:03] status={"complete":false,"completed_eval_count":0,"current_run":"high_speed_wide_d2","current_stage":"training","latest_checkpoint":"","mode":"running","no_go":false,"pending_eval_count":0,"updated_at":"2026-05-08 08:24:20","watcher_status":"training"}
[2026-05-08 08:31:03] status={"complete":false,"completed_eval_count":0,"current_run":"high_speed_wide_d2","current_stage":"training","latest_checkpoint":"","mode":"running","no_go":false,"pending_eval_count":0,"updated_at":"2026-05-08 08:24:20","watcher_status":"training"}
[2026-05-08 08:32:04] status={"complete":false,"completed_eval_count":1,"current_run":"high_speed_wide_d2","current_stage":"Stage P0","latest_checkpoint":"250000","mode":"running","no_go":false,"pending_eval_count":95,"updated_at":"2026-05-08 08:32:02","watcher_status":"evaluating"}
[2026-05-08 08:33:05] status={"complete":false,"completed_eval_count":8,"current_run":"high_speed_wide_d2","current_stage":"Stage P0","latest_checkpoint":"500000","mode":"running","no_go":false,"pending_eval_count":88,"updated_at":"2026-05-08 08:32:58","watcher_status":"evaluating"}
[2026-05-08 08:34:06] status={"complete":false,"completed_eval_count":16,"current_run":"high_speed_wide_d2","current_stage":"Stage P0","latest_checkpoint":"750000","mode":"running","no_go":false,"pending_eval_count":80,"updated_at":"2026-05-08 08:34:05","watcher_status":"evaluating"}
[2026-05-08 08:35:07] status={"complete":false,"completed_eval_count":23,"current_run":"high_speed_wide_d2","current_stage":"Stage P0","latest_checkpoint":"750000","mode":"running","no_go":false,"pending_eval_count":73,"updated_at":"2026-05-08 08:35:03","watcher_status":"evaluating"}
[2026-05-08 08:36:07] status={"complete":false,"completed_eval_count":0,"current_run":"high_speed_risk","current_stage":"training","latest_checkpoint":"","mode":"running","no_go":false,"pending_eval_count":0,"updated_at":"2026-05-08 08:35:12","watcher_status":"training"}
[2026-05-08 08:37:08] status={"complete":false,"completed_eval_count":0,"current_run":"high_speed_risk","current_stage":"training","latest_checkpoint":"","mode":"running","no_go":false,"pending_eval_count":0,"updated_at":"2026-05-08 08:35:12","watcher_status":"training"}
[2026-05-08 08:38:09] status={"complete":false,"completed_eval_count":0,"current_run":"high_speed_risk","current_stage":"training","latest_checkpoint":"","mode":"running","no_go":false,"pending_eval_count":0,"updated_at":"2026-05-08 08:35:12","watcher_status":"training"}
[2026-05-08 08:39:10] status={"complete":false,"completed_eval_count":0,"current_run":"high_speed_risk","current_stage":"training","latest_checkpoint":"","mode":"running","no_go":false,"pending_eval_count":0,"updated_at":"2026-05-08 08:35:12","watcher_status":"training"}
[2026-05-08 08:40:11] status={"complete":false,"completed_eval_count":0,"current_run":"high_speed_risk","current_stage":"training","latest_checkpoint":"","mode":"running","no_go":false,"pending_eval_count":0,"updated_at":"2026-05-08 08:35:12","watcher_status":"training"}
[2026-05-08 08:41:12] status={"complete":false,"completed_eval_count":0,"current_run":"high_speed_risk","current_stage":"training","latest_checkpoint":"","mode":"running","no_go":false,"pending_eval_count":0,"updated_at":"2026-05-08 08:35:12","watcher_status":"training"}
[2026-05-08 08:42:12] status={"complete":false,"completed_eval_count":0,"current_run":"high_speed_risk","current_stage":"training","latest_checkpoint":"","mode":"running","no_go":false,"pending_eval_count":0,"updated_at":"2026-05-08 08:35:12","watcher_status":"training"}
[2026-05-08 08:43:13] status={"complete":false,"completed_eval_count":26,"current_run":"high_speed_risk","current_stage":"Stage P0","latest_checkpoint":"250000","mode":"running","no_go":false,"pending_eval_count":70,"updated_at":"2026-05-08 08:43:04","watcher_status":"evaluating"}
[2026-05-08 08:44:14] status={"complete":false,"completed_eval_count":34,"current_run":"high_speed_risk","current_stage":"Stage P0","latest_checkpoint":"500000","mode":"running","no_go":false,"pending_eval_count":62,"updated_at":"2026-05-08 08:44:13","watcher_status":"evaluating"}
[2026-05-08 08:45:15] status={"complete":false,"completed_eval_count":41,"current_run":"high_speed_risk","current_stage":"Stage P0","latest_checkpoint":"750000","mode":"running","no_go":false,"pending_eval_count":55,"updated_at":"2026-05-08 08:45:09","watcher_status":"evaluating"}
[2026-05-08 08:46:16] status={"complete":false,"completed_eval_count":0,"current_run":"small_space_wide_d2","current_stage":"training","latest_checkpoint":"","mode":"running","no_go":false,"pending_eval_count":0,"updated_at":"2026-05-08 08:46:07","watcher_status":"training"}
[2026-05-08 08:47:16] status={"complete":false,"completed_eval_count":0,"current_run":"small_space_wide_d2","current_stage":"training","latest_checkpoint":"","mode":"running","no_go":false,"pending_eval_count":0,"updated_at":"2026-05-08 08:46:07","watcher_status":"training"}
[2026-05-08 08:48:17] status={"complete":false,"completed_eval_count":0,"current_run":"small_space_wide_d2","current_stage":"training","latest_checkpoint":"","mode":"running","no_go":false,"pending_eval_count":0,"updated_at":"2026-05-08 08:46:07","watcher_status":"training"}
[2026-05-08 08:49:18] status={"complete":false,"completed_eval_count":0,"current_run":"small_space_wide_d2","current_stage":"training","latest_checkpoint":"","mode":"running","no_go":false,"pending_eval_count":0,"updated_at":"2026-05-08 08:46:07","watcher_status":"training"}
[2026-05-08 08:50:19] status={"complete":false,"completed_eval_count":0,"current_run":"small_space_wide_d2","current_stage":"training","latest_checkpoint":"","mode":"running","no_go":false,"pending_eval_count":0,"updated_at":"2026-05-08 08:46:07","watcher_status":"training"}
[2026-05-08 08:51:20] status={"complete":false,"completed_eval_count":0,"current_run":"small_space_wide_d2","current_stage":"training","latest_checkpoint":"","mode":"running","no_go":false,"pending_eval_count":0,"updated_at":"2026-05-08 08:46:07","watcher_status":"training"}
[2026-05-08 08:52:21] status={"complete":false,"completed_eval_count":0,"current_run":"small_space_wide_d2","current_stage":"training","latest_checkpoint":"","mode":"running","no_go":false,"pending_eval_count":0,"updated_at":"2026-05-08 08:46:07","watcher_status":"training"}
[2026-05-08 08:53:21] status={"complete":false,"completed_eval_count":0,"current_run":"small_space_wide_d2","current_stage":"training","latest_checkpoint":"","mode":"running","no_go":false,"pending_eval_count":0,"updated_at":"2026-05-08 08:46:07","watcher_status":"training"}
[2026-05-08 08:54:22] status={"complete":false,"completed_eval_count":51,"current_run":"small_space_wide_d2","current_stage":"Stage P0","latest_checkpoint":"250000","mode":"running","no_go":false,"pending_eval_count":45,"updated_at":"2026-05-08 08:54:21","watcher_status":"evaluating"}
[2026-05-08 08:55:23] status={"complete":false,"completed_eval_count":58,"current_run":"small_space_wide_d2","current_stage":"Stage P0","latest_checkpoint":"500000","mode":"running","no_go":false,"pending_eval_count":38,"updated_at":"2026-05-08 08:55:19","watcher_status":"evaluating"}
[2026-05-08 08:56:24] status={"complete":false,"completed_eval_count":66,"current_run":"small_space_wide_d2","current_stage":"Stage P0","latest_checkpoint":"750000","mode":"running","no_go":false,"pending_eval_count":30,"updated_at":"2026-05-08 08:56:21","watcher_status":"evaluating"}
[2026-05-08 08:57:24] status={"complete":false,"completed_eval_count":0,"current_run":"small_space_risk","current_stage":"training","latest_checkpoint":"","mode":"running","no_go":false,"pending_eval_count":0,"updated_at":"2026-05-08 08:57:07","watcher_status":"training"}
[2026-05-08 08:58:25] status={"complete":false,"completed_eval_count":0,"current_run":"small_space_risk","current_stage":"training","latest_checkpoint":"","mode":"running","no_go":false,"pending_eval_count":0,"updated_at":"2026-05-08 08:57:07","watcher_status":"training"}
[2026-05-08 08:59:26] status={"complete":false,"completed_eval_count":0,"current_run":"small_space_risk","current_stage":"training","latest_checkpoint":"","mode":"running","no_go":false,"pending_eval_count":0,"updated_at":"2026-05-08 08:57:07","watcher_status":"training"}
[2026-05-08 09:00:27] status={"complete":false,"completed_eval_count":0,"current_run":"small_space_risk","current_stage":"training","latest_checkpoint":"","mode":"running","no_go":false,"pending_eval_count":0,"updated_at":"2026-05-08 08:57:07","watcher_status":"training"}
[2026-05-08 09:01:28] status={"complete":false,"completed_eval_count":0,"current_run":"small_space_risk","current_stage":"training","latest_checkpoint":"","mode":"running","no_go":false,"pending_eval_count":0,"updated_at":"2026-05-08 08:57:07","watcher_status":"training"}
[2026-05-08 09:02:29] status={"complete":false,"completed_eval_count":0,"current_run":"small_space_risk","current_stage":"training","latest_checkpoint":"","mode":"running","no_go":false,"pending_eval_count":0,"updated_at":"2026-05-08 08:57:07","watcher_status":"training"}
[2026-05-08 09:03:29] status={"complete":false,"completed_eval_count":0,"current_run":"small_space_risk","current_stage":"training","latest_checkpoint":"","mode":"running","no_go":false,"pending_eval_count":0,"updated_at":"2026-05-08 08:57:07","watcher_status":"training"}
[2026-05-08 09:04:30] status={"complete":false,"completed_eval_count":0,"current_run":"small_space_risk","current_stage":"training","latest_checkpoint":"","mode":"running","no_go":false,"pending_eval_count":0,"updated_at":"2026-05-08 08:57:07","watcher_status":"training"}
[2026-05-08 09:05:31] status={"complete":false,"completed_eval_count":76,"current_run":"small_space_risk","current_stage":"Stage P0","latest_checkpoint":"250000","mode":"running","no_go":false,"pending_eval_count":20,"updated_at":"2026-05-08 09:05:25","watcher_status":"evaluating"}
[2026-05-08 09:06:32] status={"complete":false,"completed_eval_count":84,"current_run":"small_space_risk","current_stage":"Stage P0","latest_checkpoint":"500000","mode":"running","no_go":false,"pending_eval_count":12,"updated_at":"2026-05-08 09:06:28","watcher_status":"evaluating"}
[2026-05-08 09:07:33] status={"complete":false,"completed_eval_count":92,"current_run":"small_space_risk","current_stage":"Stage P0","latest_checkpoint":"750000","mode":"running","no_go":false,"pending_eval_count":4,"updated_at":"2026-05-08 09:07:29","watcher_status":"evaluating"}
[2026-05-08 09:08:34] status={"complete":false,"completed_eval_count":0,"current_run":"wide_d2_beta2","current_stage":"training","latest_checkpoint":"","mode":"running","no_go":false,"pending_eval_count":0,"updated_at":"2026-05-08 09:07:58","watcher_status":"training"}
[2026-05-08 09:09:34] status={"complete":false,"completed_eval_count":0,"current_run":"wide_d2_beta2","current_stage":"training","latest_checkpoint":"","mode":"running","no_go":false,"pending_eval_count":0,"updated_at":"2026-05-08 09:07:58","watcher_status":"training"}
[2026-05-08 09:10:35] status={"complete":false,"completed_eval_count":0,"current_run":"wide_d2_beta2","current_stage":"training","latest_checkpoint":"","mode":"running","no_go":false,"pending_eval_count":0,"updated_at":"2026-05-08 09:07:58","watcher_status":"training"}
[2026-05-08 09:11:36] status={"complete":false,"completed_eval_count":0,"current_run":"wide_d2_beta2","current_stage":"training","latest_checkpoint":"","mode":"running","no_go":false,"pending_eval_count":0,"updated_at":"2026-05-08 09:07:58","watcher_status":"training"}
[2026-05-08 09:12:37] status={"complete":false,"completed_eval_count":0,"current_run":"wide_d2_beta2","current_stage":"training","latest_checkpoint":"","mode":"running","no_go":false,"pending_eval_count":0,"updated_at":"2026-05-08 09:07:58","watcher_status":"training"}
[2026-05-08 09:13:38] status={"complete":false,"completed_eval_count":0,"current_run":"wide_d2_beta2","current_stage":"training","latest_checkpoint":"","mode":"running","no_go":false,"pending_eval_count":0,"updated_at":"2026-05-08 09:07:58","watcher_status":"training"}
[2026-05-08 09:14:38] status={"complete":false,"completed_eval_count":0,"current_run":"wide_d2_beta2","current_stage":"training","latest_checkpoint":"","mode":"running","no_go":false,"pending_eval_count":0,"updated_at":"2026-05-08 09:07:58","watcher_status":"training"}
[2026-05-08 09:15:39] status={"complete":false,"completed_eval_count":0,"current_run":"wide_d2_beta2","current_stage":"training","latest_checkpoint":"","mode":"running","no_go":false,"pending_eval_count":0,"updated_at":"2026-05-08 09:07:58","watcher_status":"training"}
[2026-05-08 09:16:40] status={"complete":false,"completed_eval_count":6,"current_run":"wide_d2_beta2","current_stage":"Stage P0.5","latest_checkpoint":"250000","mode":"running","no_go":false,"pending_eval_count":90,"updated_at":"2026-05-08 09:16:37","watcher_status":"evaluating"}
[2026-05-08 09:17:41] status={"complete":false,"completed_eval_count":13,"current_run":"wide_d2_beta2","current_stage":"Stage P0.5","latest_checkpoint":"500000","mode":"running","no_go":false,"pending_eval_count":83,"updated_at":"2026-05-08 09:17:34","watcher_status":"evaluating"}
[2026-05-08 09:18:42] status={"complete":false,"completed_eval_count":21,"current_run":"wide_d2_beta2","current_stage":"Stage P0.5","latest_checkpoint":"750000","mode":"running","no_go":false,"pending_eval_count":75,"updated_at":"2026-05-08 09:18:37","watcher_status":"evaluating"}
[2026-05-08 09:19:42] status={"complete":false,"completed_eval_count":0,"current_run":"wide_d2_beta10","current_stage":"training","latest_checkpoint":"","mode":"running","no_go":false,"pending_eval_count":0,"updated_at":"2026-05-08 09:19:01","watcher_status":"training"}
[2026-05-08 09:20:43] status={"complete":false,"completed_eval_count":0,"current_run":"wide_d2_beta10","current_stage":"training","latest_checkpoint":"","mode":"running","no_go":false,"pending_eval_count":0,"updated_at":"2026-05-08 09:19:01","watcher_status":"training"}
[2026-05-08 09:21:44] status={"complete":false,"completed_eval_count":0,"current_run":"wide_d2_beta10","current_stage":"training","latest_checkpoint":"","mode":"running","no_go":false,"pending_eval_count":0,"updated_at":"2026-05-08 09:19:01","watcher_status":"training"}
[2026-05-08 09:22:45] status={"complete":false,"completed_eval_count":0,"current_run":"wide_d2_beta10","current_stage":"training","latest_checkpoint":"","mode":"running","no_go":false,"pending_eval_count":0,"updated_at":"2026-05-08 09:19:01","watcher_status":"training"}
[2026-05-08 09:23:46] status={"complete":false,"completed_eval_count":0,"current_run":"wide_d2_beta10","current_stage":"training","latest_checkpoint":"","mode":"running","no_go":false,"pending_eval_count":0,"updated_at":"2026-05-08 09:19:01","watcher_status":"training"}
[2026-05-08 09:24:47] status={"complete":false,"completed_eval_count":0,"current_run":"wide_d2_beta10","current_stage":"training","latest_checkpoint":"","mode":"running","no_go":false,"pending_eval_count":0,"updated_at":"2026-05-08 09:19:01","watcher_status":"training"}
[2026-05-08 09:25:48] status={"complete":false,"completed_eval_count":0,"current_run":"wide_d2_beta10","current_stage":"training","latest_checkpoint":"","mode":"running","no_go":false,"pending_eval_count":0,"updated_at":"2026-05-08 09:19:01","watcher_status":"training"}
[2026-05-08 09:26:48] status={"complete":false,"completed_eval_count":24,"current_run":"wide_d2_beta10","current_stage":"Stage P0.5","latest_checkpoint":"250000","mode":"running","no_go":false,"pending_eval_count":72,"updated_at":"2026-05-08 09:26:48","watcher_status":"evaluating"}
[2026-05-08 09:27:49] status={"complete":false,"completed_eval_count":31,"current_run":"wide_d2_beta10","current_stage":"Stage P0.5","latest_checkpoint":"250000","mode":"running","no_go":false,"pending_eval_count":65,"updated_at":"2026-05-08 09:27:48","watcher_status":"evaluating"}
[2026-05-08 09:28:50] status={"complete":false,"completed_eval_count":38,"current_run":"wide_d2_beta10","current_stage":"Stage P0.5","latest_checkpoint":"500000","mode":"running","no_go":false,"pending_eval_count":58,"updated_at":"2026-05-08 09:28:47","watcher_status":"evaluating"}
[2026-05-08 09:29:51] status={"complete":false,"completed_eval_count":45,"current_run":"wide_d2_beta10","current_stage":"Stage P0.5","latest_checkpoint":"750000","mode":"running","no_go":false,"pending_eval_count":51,"updated_at":"2026-05-08 09:29:47","watcher_status":"evaluating"}
[2026-05-08 09:30:52] status={"complete":false,"completed_eval_count":0,"current_run":"risk_beta2","current_stage":"training","latest_checkpoint":"","mode":"running","no_go":false,"pending_eval_count":0,"updated_at":"2026-05-08 09:30:13","watcher_status":"training"}
[2026-05-08 09:31:52] status={"complete":false,"completed_eval_count":0,"current_run":"risk_beta2","current_stage":"training","latest_checkpoint":"","mode":"running","no_go":false,"pending_eval_count":0,"updated_at":"2026-05-08 09:30:13","watcher_status":"training"}
[2026-05-08 09:32:53] status={"complete":false,"completed_eval_count":0,"current_run":"risk_beta2","current_stage":"training","latest_checkpoint":"","mode":"running","no_go":false,"pending_eval_count":0,"updated_at":"2026-05-08 09:30:13","watcher_status":"training"}
[2026-05-08 09:33:54] status={"complete":false,"completed_eval_count":0,"current_run":"risk_beta2","current_stage":"training","latest_checkpoint":"","mode":"running","no_go":false,"pending_eval_count":0,"updated_at":"2026-05-08 09:30:13","watcher_status":"training"}
[2026-05-08 09:34:55] status={"complete":false,"completed_eval_count":0,"current_run":"risk_beta2","current_stage":"training","latest_checkpoint":"","mode":"running","no_go":false,"pending_eval_count":0,"updated_at":"2026-05-08 09:30:13","watcher_status":"training"}
[2026-05-08 09:35:56] status={"complete":false,"completed_eval_count":0,"current_run":"risk_beta2","current_stage":"training","latest_checkpoint":"","mode":"running","no_go":false,"pending_eval_count":0,"updated_at":"2026-05-08 09:30:13","watcher_status":"training"}
[2026-05-08 09:36:57] status={"complete":false,"completed_eval_count":0,"current_run":"risk_beta2","current_stage":"training","latest_checkpoint":"","mode":"running","no_go":false,"pending_eval_count":0,"updated_at":"2026-05-08 09:30:13","watcher_status":"training"}
[2026-05-08 09:37:57] status={"complete":false,"completed_eval_count":48,"current_run":"risk_beta2","current_stage":"Stage P0.5","latest_checkpoint":"250000","mode":"running","no_go":false,"pending_eval_count":48,"updated_at":"2026-05-08 09:37:50","watcher_status":"evaluating"}
[2026-05-08 09:38:58] status={"complete":false,"completed_eval_count":56,"current_run":"risk_beta2","current_stage":"Stage P0.5","latest_checkpoint":"500000","mode":"running","no_go":false,"pending_eval_count":40,"updated_at":"2026-05-08 09:38:54","watcher_status":"evaluating"}
[2026-05-08 09:39:59] status={"complete":false,"completed_eval_count":64,"current_run":"risk_beta2","current_stage":"Stage P0.5","latest_checkpoint":"750000","mode":"running","no_go":false,"pending_eval_count":32,"updated_at":"2026-05-08 09:39:59","watcher_status":"evaluating"}
[2026-05-08 09:41:00] status={"complete":false,"completed_eval_count":71,"current_run":"risk_beta2","current_stage":"Stage P0.5","latest_checkpoint":"750000","mode":"running","no_go":false,"pending_eval_count":25,"updated_at":"2026-05-08 09:40:53","watcher_status":"evaluating"}
[2026-05-08 09:42:01] status={"complete":false,"completed_eval_count":0,"current_run":"risk_beta10","current_stage":"training","latest_checkpoint":"","mode":"running","no_go":false,"pending_eval_count":0,"updated_at":"2026-05-08 09:41:01","watcher_status":"training"}
[2026-05-08 09:43:02] status={"complete":false,"completed_eval_count":0,"current_run":"risk_beta10","current_stage":"training","latest_checkpoint":"","mode":"running","no_go":false,"pending_eval_count":0,"updated_at":"2026-05-08 09:41:01","watcher_status":"training"}
[2026-05-08 09:44:02] status={"complete":false,"completed_eval_count":0,"current_run":"risk_beta10","current_stage":"training","latest_checkpoint":"","mode":"running","no_go":false,"pending_eval_count":0,"updated_at":"2026-05-08 09:41:01","watcher_status":"training"}
[2026-05-08 09:45:03] status={"complete":false,"completed_eval_count":0,"current_run":"risk_beta10","current_stage":"training","latest_checkpoint":"","mode":"running","no_go":false,"pending_eval_count":0,"updated_at":"2026-05-08 09:41:01","watcher_status":"training"}
[2026-05-08 09:46:04] status={"complete":false,"completed_eval_count":0,"current_run":"risk_beta10","current_stage":"training","latest_checkpoint":"","mode":"running","no_go":false,"pending_eval_count":0,"updated_at":"2026-05-08 09:41:01","watcher_status":"training"}
[2026-05-08 09:47:05] status={"complete":false,"completed_eval_count":0,"current_run":"risk_beta10","current_stage":"training","latest_checkpoint":"","mode":"running","no_go":false,"pending_eval_count":0,"updated_at":"2026-05-08 09:41:01","watcher_status":"training"}
[2026-05-08 09:48:06] status={"complete":false,"completed_eval_count":0,"current_run":"risk_beta10","current_stage":"training","latest_checkpoint":"","mode":"running","no_go":false,"pending_eval_count":0,"updated_at":"2026-05-08 09:41:01","watcher_status":"training"}
[2026-05-08 09:49:07] status={"complete":false,"completed_eval_count":75,"current_run":"risk_beta10","current_stage":"Stage P0.5","latest_checkpoint":"250000","mode":"running","no_go":false,"pending_eval_count":21,"updated_at":"2026-05-08 09:49:04","watcher_status":"evaluating"}
[2026-05-08 09:50:07] status={"complete":false,"completed_eval_count":82,"current_run":"risk_beta10","current_stage":"Stage P0.5","latest_checkpoint":"500000","mode":"running","no_go":false,"pending_eval_count":14,"updated_at":"2026-05-08 09:50:04","watcher_status":"evaluating"}
[2026-05-08 09:51:08] status={"complete":false,"completed_eval_count":89,"current_run":"risk_beta10","current_stage":"Stage P0.5","latest_checkpoint":"750000","mode":"running","no_go":false,"pending_eval_count":7,"updated_at":"2026-05-08 09:51:00","watcher_status":"evaluating"}
[2026-05-08 09:52:09] status={"complete":true,"completed_eval_count":0,"current_run":"distance_margin_explains_risk","current_stage":"complete","latest_checkpoint":"750000","missing":[],"missing_count":0,"mode":"complete_check","pending_eval_count":0,"row_counts":{"p05_pareto_summary":3,"p0_summary":12,"results/pre_ppo_priority/p0_5_beta_sweep/p0_5_beta_delta_table.csv":96,"results/pre_ppo_priority/p0_5_beta_sweep/p0_5_beta_sweep_by_method_step_scenario.csv":144,"results/pre_ppo_priority/p0_adaptation/p0_adaptation_by_variant_method_step_scenario.csv":96,"results/pre_ppo_priority/p0_adaptation/p0_adaptation_delta_risk_minus_wide_d2.csv":48,"results/pre_ppo_priority/pminus1_pareto_audit/p2_delta_by_seed_step_scenario.csv":48,"results/pre_ppo_priority/pminus1_pareto_audit/p2_delta_summary_by_scenario.csv":8,"results/pre_ppo_priority/pminus1_pareto_audit/p2_pareto_classification.csv":48},"terminal_decision":"distance_margin_explains_risk","updated_at":"2026-05-08 09:51:58","watcher_status":"complete"}
