[2026-05-07 11:05:32] CONFIG agg=attention seed=2 total_steps=1000000 n_envs=16 device=cpu scenario=train_mixed_modes_v2 use_rbar=False rbar_floor=0.0 hidden_dim=64 r_gate=5.0 lambda_ewma=0.1 sigma_min=0.05 run_name=attention_full_risk_penalty method=attention_full_risk_penalty resume_from=none resume_global_step=0 use_safety_cost=True cost_type=risk_sum fallback_penalty=True beta_cost=5.0 use_risk_bias=False lambda_bias=0.2
FALLBACK: cost-penalty, not PPO-Lagrangian.
Using cpu device
Logging to /root/workspace/uav-risk-rl/runs/p2_rich_motion/attention_full_risk_penalty_s2/PPO_1
[2026-05-07 11:05:34] TRAIN_START total_steps=1000000 start_num_timesteps=0
---------------------------------
| rollout/           |          |
|    ep_len_mean     | 149      |
|    ep_rew_mean     | -53      |
|    success_rate    | 0        |
| time/              |          |
|    fps             | 3804     |
|    iterations      | 1        |
|    time_elapsed    | 4        |
|    total_timesteps | 16384    |
---------------------------------
------------------------------------------
| rollout/                |              |
|    ep_len_mean          | 154          |
|    ep_rew_mean          | -55.3        |
|    success_rate         | 0            |
| time/                   |              |
|    fps                  | 2372         |
|    iterations           | 2            |
|    time_elapsed         | 13           |
|    total_timesteps      | 32768        |
| train/                  |              |
|    approx_kl            | 0.0052951192 |
|    clip_fraction        | 0.0545       |
|    clip_range           | 0.2          |
|    entropy_loss         | -4.26        |
|    explained_variance   | -0.00891     |
|    learning_rate        | 0.0003       |
|    loss                 | 10.5         |
|    n_updates            | 10           |
|    policy_gradient_loss | -0.00432     |
|    std                  | 0.999        |
|    value_loss           | 20.6         |
------------------------------------------
------------------------------------------
| rollout/                |              |
|    ep_len_mean          | 162          |
|    ep_rew_mean          | -46.3        |
|    success_rate         | 0            |
| time/                   |              |
|    fps                  | 2240         |
|    iterations           | 3            |
|    time_elapsed         | 21           |
|    total_timesteps      | 49152        |
| train/                  |              |
|    approx_kl            | 0.0077903764 |
|    clip_fraction        | 0.0991       |
|    clip_range           | 0.2          |
|    entropy_loss         | -4.25        |
|    explained_variance   | 0.495        |
|    learning_rate        | 0.0003       |
|    loss                 | 8.38         |
|    n_updates            | 20           |
|    policy_gradient_loss | -0.00642     |
|    std                  | 0.998        |
|    value_loss           | 18.9         |
------------------------------------------
-----------------------------------------
| rollout/                |             |
|    ep_len_mean          | 155         |
|    ep_rew_mean          | -41.2       |
|    success_rate         | 0           |
| time/                   |             |
|    fps                  | 2187        |
|    iterations           | 4           |
|    time_elapsed         | 29          |
|    total_timesteps      | 65536       |
| train/                  |             |
|    approx_kl            | 0.009423446 |
|    clip_fraction        | 0.117       |
|    clip_range           | 0.2         |
|    entropy_loss         | -4.23       |
|    explained_variance   | 0.726       |
|    learning_rate        | 0.0003      |
|    loss                 | 4.19        |
|    n_updates            | 30          |
|    policy_gradient_loss | -0.00864    |
|    std                  | 0.985       |
|    value_loss           | 9.35        |
-----------------------------------------
[2026-05-07 11:06:08] HEARTBEAT steps=65552/1000000 percent=  6.56% rate=  1927.9 step/s eta=   8.08 min
-----------------------------------------
| rollout/                |             |
|    ep_len_mean          | 176         |
|    ep_rew_mean          | -38.2       |
|    success_rate         | 0           |
| time/                   |             |
|    fps                  | 2148        |
|    iterations           | 5           |
|    time_elapsed         | 38          |
|    total_timesteps      | 81920       |
| train/                  |             |
|    approx_kl            | 0.012584687 |
|    clip_fraction        | 0.132       |
|    clip_range           | 0.2         |
|    entropy_loss         | -4.18       |
|    explained_variance   | 0.713       |
|    learning_rate        | 0.0003      |
|    loss                 | 4.28        |
|    n_updates            | 40          |
|    policy_gradient_loss | -0.00898    |
|    std                  | 0.969       |
|    value_loss           | 8.21        |
-----------------------------------------
----------------------------------------
| rollout/                |            |
|    ep_len_mean          | 182        |
|    ep_rew_mean          | -34.1      |
|    success_rate         | 0.02       |
| time/                   |            |
|    fps                  | 2133       |
|    iterations           | 6          |
|    time_elapsed         | 46         |
|    total_timesteps      | 98304      |
| train/                  |            |
|    approx_kl            | 0.01444527 |
|    clip_fraction        | 0.173      |
|    clip_range           | 0.2        |
|    entropy_loss         | -4.14      |
|    explained_variance   | 0.678      |
|    learning_rate        | 0.0003     |
|    loss                 | 2.93       |
|    n_updates            | 50         |
|    policy_gradient_loss | -0.012     |
|    std                  | 0.96       |
|    value_loss           | 3.68       |
----------------------------------------
-----------------------------------------
| rollout/                |             |
|    ep_len_mean          | 192         |
|    ep_rew_mean          | -28.5       |
|    success_rate         | 0.03        |
| time/                   |             |
|    fps                  | 2120        |
|    iterations           | 7           |
|    time_elapsed         | 54          |
|    total_timesteps      | 114688      |
| train/                  |             |
|    approx_kl            | 0.019160248 |
|    clip_fraction        | 0.21        |
|    clip_range           | 0.2         |
|    entropy_loss         | -4.09       |
|    explained_variance   | 0.684       |
|    learning_rate        | 0.0003      |
|    loss                 | 0.788       |
|    n_updates            | 60          |
|    policy_gradient_loss | -0.0141     |
|    std                  | 0.941       |
|    value_loss           | 3.09        |
-----------------------------------------
----------------------------------------
| rollout/                |            |
|    ep_len_mean          | 177        |
|    ep_rew_mean          | -18.9      |
|    success_rate         | 0.23       |
| time/                   |            |
|    fps                  | 2113       |
|    iterations           | 8          |
|    time_elapsed         | 62         |
|    total_timesteps      | 131072     |
| train/                  |            |
|    approx_kl            | 0.01851951 |
|    clip_fraction        | 0.241      |
|    clip_range           | 0.2        |
|    entropy_loss         | -4.03      |
|    explained_variance   | 0.507      |
|    learning_rate        | 0.0003     |
|    loss                 | 0.813      |
|    n_updates            | 70         |
|    policy_gradient_loss | -0.0143    |
|    std                  | 0.923      |
|    value_loss           | 2.05       |
----------------------------------------
[2026-05-07 11:06:40] HEARTBEAT steps=131088/1000000 percent= 13.11% rate=  1984.6 step/s eta=   7.30 min
-----------------------------------------
| rollout/                |             |
|    ep_len_mean          | 168         |
|    ep_rew_mean          | -10.7       |
|    success_rate         | 0.43        |
| time/                   |             |
|    fps                  | 2104        |
|    iterations           | 9           |
|    time_elapsed         | 70          |
|    total_timesteps      | 147456      |
| train/                  |             |
|    approx_kl            | 0.018008675 |
|    clip_fraction        | 0.226       |
|    clip_range           | 0.2         |
|    entropy_loss         | -3.98       |
|    explained_variance   | 0.547       |
|    learning_rate        | 0.0003      |
|    loss                 | 0.712       |
|    n_updates            | 80          |
|    policy_gradient_loss | -0.0157     |
|    std                  | 0.905       |
|    value_loss           | 3.68        |
-----------------------------------------
-----------------------------------------
| rollout/                |             |
|    ep_len_mean          | 129         |
|    ep_rew_mean          | 0.231       |
|    success_rate         | 0.78        |
| time/                   |             |
|    fps                  | 2092        |
|    iterations           | 10          |
|    time_elapsed         | 78          |
|    total_timesteps      | 163840      |
| train/                  |             |
|    approx_kl            | 0.020054627 |
|    clip_fraction        | 0.233       |
|    clip_range           | 0.2         |
|    entropy_loss         | -3.91       |
|    explained_variance   | 0.565       |
|    learning_rate        | 0.0003      |
|    loss                 | 1.24        |
|    n_updates            | 90          |
|    policy_gradient_loss | -0.0138     |
|    std                  | 0.885       |
|    value_loss           | 4.41        |
-----------------------------------------
-----------------------------------------
| rollout/                |             |
|    ep_len_mean          | 104         |
|    ep_rew_mean          | 7.81        |
|    success_rate         | 0.95        |
| time/                   |             |
|    fps                  | 2088        |
|    iterations           | 11          |
|    time_elapsed         | 86          |
|    total_timesteps      | 180224      |
| train/                  |             |
|    approx_kl            | 0.017463785 |
|    clip_fraction        | 0.204       |
|    clip_range           | 0.2         |
|    entropy_loss         | -3.84       |
|    explained_variance   | 0.699       |
|    learning_rate        | 0.0003      |
|    loss                 | 1.48        |
|    n_updates            | 100         |
|    policy_gradient_loss | -0.0176     |
|    std                  | 0.863       |
|    value_loss           | 5.34        |
-----------------------------------------
-----------------------------------------
| rollout/                |             |
|    ep_len_mean          | 88.9        |
|    ep_rew_mean          | 10.7        |
|    success_rate         | 0.98        |
| time/                   |             |
|    fps                  | 2087        |
|    iterations           | 12          |
|    time_elapsed         | 94          |
|    total_timesteps      | 196608      |
| train/                  |             |
|    approx_kl            | 0.017983649 |
|    clip_fraction        | 0.217       |
|    clip_range           | 0.2         |
|    entropy_loss         | -3.77       |
|    explained_variance   | 0.755       |
|    learning_rate        | 0.0003      |
|    loss                 | 1.91        |
|    n_updates            | 110         |
|    policy_gradient_loss | -0.0141     |
|    std                  | 0.844       |
|    value_loss           | 4.47        |
-----------------------------------------
[2026-05-07 11:07:12] HEARTBEAT steps=196624/1000000 percent= 19.66% rate=  2002.6 step/s eta=   6.69 min
-----------------------------------------
| rollout/                |             |
|    ep_len_mean          | 78.4        |
|    ep_rew_mean          | 12.3        |
|    success_rate         | 1           |
| time/                   |             |
|    fps                  | 2084        |
|    iterations           | 13          |
|    time_elapsed         | 102         |
|    total_timesteps      | 212992      |
| train/                  |             |
|    approx_kl            | 0.022624739 |
|    clip_fraction        | 0.242       |
|    clip_range           | 0.2         |
|    entropy_loss         | -3.68       |
|    explained_variance   | 0.765       |
|    learning_rate        | 0.0003      |
|    loss                 | 0.989       |
|    n_updates            | 120         |
|    policy_gradient_loss | -0.0127     |
|    std                  | 0.819       |
|    value_loss           | 3.36        |
-----------------------------------------
-----------------------------------------
| rollout/                |             |
|    ep_len_mean          | 70.5        |
|    ep_rew_mean          | 12.5        |
|    success_rate         | 0.98        |
| time/                   |             |
|    fps                  | 2081        |
|    iterations           | 14          |
|    time_elapsed         | 110         |
|    total_timesteps      | 229376      |
| train/                  |             |
|    approx_kl            | 0.017938204 |
|    clip_fraction        | 0.197       |
|    clip_range           | 0.2         |
|    entropy_loss         | -3.59       |
|    explained_variance   | 0.744       |
|    learning_rate        | 0.0003      |
|    loss                 | 1.39        |
|    n_updates            | 130         |
|    policy_gradient_loss | -0.0122     |
|    std                  | 0.794       |
|    value_loss           | 3.01        |
-----------------------------------------
-----------------------------------------
| rollout/                |             |
|    ep_len_mean          | 63.6        |
|    ep_rew_mean          | 15.3        |
|    success_rate         | 0.99        |
| time/                   |             |
|    fps                  | 2075        |
|    iterations           | 15          |
|    time_elapsed         | 118         |
|    total_timesteps      | 245760      |
| train/                  |             |
|    approx_kl            | 0.018860057 |
|    clip_fraction        | 0.206       |
|    clip_range           | 0.2         |
|    entropy_loss         | -3.5        |
|    explained_variance   | 0.639       |
|    learning_rate        | 0.0003      |
|    loss                 | 1.01        |
|    n_updates            | 140         |
|    policy_gradient_loss | -0.0127     |
|    std                  | 0.772       |
|    value_loss           | 2.89        |
-----------------------------------------
[2026-05-07 11:07:37] CHECKPOINT_SAVED local_step=250000 global_step=250000 path=/root/workspace/uav-risk-rl/checkpoints/p2_rich_motion/attention_full_risk_penalty_s2_step250000.zip
-----------------------------------------
| rollout/                |             |
|    ep_len_mean          | 62          |
|    ep_rew_mean          | 15.7        |
|    success_rate         | 1           |
| time/                   |             |
|    fps                  | 2070        |
|    iterations           | 16          |
|    time_elapsed         | 126         |
|    total_timesteps      | 262144      |
| train/                  |             |
|    approx_kl            | 0.019588534 |
|    clip_fraction        | 0.211       |
|    clip_range           | 0.2         |
|    entropy_loss         | -3.42       |
|    explained_variance   | 0.424       |
|    learning_rate        | 0.0003      |
|    loss                 | 1.27        |
|    n_updates            | 150         |
|    policy_gradient_loss | -0.00917    |
|    std                  | 0.753       |
|    value_loss           | 2.26        |
-----------------------------------------
[2026-05-07 11:07:45] HEARTBEAT steps=262160/1000000 percent= 26.22% rate=  2008.2 step/s eta=   6.12 min
-----------------------------------------
| rollout/                |             |
|    ep_len_mean          | 60.1        |
|    ep_rew_mean          | 16.2        |
|    success_rate         | 0.99        |
| time/                   |             |
|    fps                  | 2069        |
|    iterations           | 17          |
|    time_elapsed         | 134         |
|    total_timesteps      | 278528      |
| train/                  |             |
|    approx_kl            | 0.018707193 |
|    clip_fraction        | 0.204       |
|    clip_range           | 0.2         |
|    entropy_loss         | -3.33       |
|    explained_variance   | 0.415       |
|    learning_rate        | 0.0003      |
|    loss                 | 0.519       |
|    n_updates            | 160         |
|    policy_gradient_loss | -0.0103     |
|    std                  | 0.729       |
|    value_loss           | 1.57        |
-----------------------------------------
-----------------------------------------
| rollout/                |             |
|    ep_len_mean          | 58.4        |
|    ep_rew_mean          | 17.5        |
|    success_rate         | 1           |
| time/                   |             |
|    fps                  | 2066        |
|    iterations           | 18          |
|    time_elapsed         | 142         |
|    total_timesteps      | 294912      |
| train/                  |             |
|    approx_kl            | 0.024070049 |
|    clip_fraction        | 0.25        |
|    clip_range           | 0.2         |
|    entropy_loss         | -3.25       |
|    explained_variance   | 0.333       |
|    learning_rate        | 0.0003      |
|    loss                 | 0.678       |
|    n_updates            | 170         |
|    policy_gradient_loss | -0.00969    |
|    std                  | 0.71        |
|    value_loss           | 1.57        |
-----------------------------------------
-----------------------------------------
| rollout/                |             |
|    ep_len_mean          | 57.3        |
|    ep_rew_mean          | 18          |
|    success_rate         | 1           |
| time/                   |             |
|    fps                  | 2065        |
|    iterations           | 19          |
|    time_elapsed         | 150         |
|    total_timesteps      | 311296      |
| train/                  |             |
|    approx_kl            | 0.021350708 |
|    clip_fraction        | 0.23        |
|    clip_range           | 0.2         |
|    entropy_loss         | -3.16       |
|    explained_variance   | 0.394       |
|    learning_rate        | 0.0003      |
|    loss                 | 0.17        |
|    n_updates            | 180         |
|    policy_gradient_loss | -0.0107     |
|    std                  | 0.688       |
|    value_loss           | 1.02        |
-----------------------------------------
----------------------------------------
| rollout/                |            |
|    ep_len_mean          | 54.7       |
|    ep_rew_mean          | 18.3       |
|    success_rate         | 1          |
| time/                   |            |
|    fps                  | 2063       |
|    iterations           | 20         |
|    time_elapsed         | 158        |
|    total_timesteps      | 327680     |
| train/                  |            |
|    approx_kl            | 0.02583221 |
|    clip_fraction        | 0.263      |
|    clip_range           | 0.2        |
|    entropy_loss         | -3.04      |
|    explained_variance   | 0.472      |
|    learning_rate        | 0.0003     |
|    loss                 | 0.221      |
|    n_updates            | 190        |
|    policy_gradient_loss | -0.0134    |
|    std                  | 0.662      |
|    value_loss           | 0.601      |
----------------------------------------
[2026-05-07 11:08:17] HEARTBEAT steps=327696/1000000 percent= 32.77% rate=  2012.5 step/s eta=   5.57 min
-----------------------------------------
| rollout/                |             |
|    ep_len_mean          | 51.7        |
|    ep_rew_mean          | 18.9        |
|    success_rate         | 1           |
| time/                   |             |
|    fps                  | 2061        |
|    iterations           | 21          |
|    time_elapsed         | 166         |
|    total_timesteps      | 344064      |
| train/                  |             |
|    approx_kl            | 0.022679538 |
|    clip_fraction        | 0.235       |
|    clip_range           | 0.2         |
|    entropy_loss         | -2.93       |
|    explained_variance   | 0.417       |
|    learning_rate        | 0.0003      |
|    loss                 | 0.198       |
|    n_updates            | 200         |
|    policy_gradient_loss | -0.00942    |
|    std                  | 0.637       |
|    value_loss           | 0.911       |
-----------------------------------------
-----------------------------------------
| rollout/                |             |
|    ep_len_mean          | 50          |
|    ep_rew_mean          | 19.6        |
|    success_rate         | 1           |
| time/                   |             |
|    fps                  | 2060        |
|    iterations           | 22          |
|    time_elapsed         | 174         |
|    total_timesteps      | 360448      |
| train/                  |             |
|    approx_kl            | 0.032076057 |
|    clip_fraction        | 0.281       |
|    clip_range           | 0.2         |
|    entropy_loss         | -2.83       |
|    explained_variance   | 0.544       |
|    learning_rate        | 0.0003      |
|    loss                 | 0.106       |
|    n_updates            | 210         |
|    policy_gradient_loss | -0.0024     |
|    std                  | 0.617       |
|    value_loss           | 0.601       |
-----------------------------------------
-----------------------------------------
| rollout/                |             |
|    ep_len_mean          | 49.3        |
|    ep_rew_mean          | 19.6        |
|    success_rate         | 1           |
| time/                   |             |
|    fps                  | 2058        |
|    iterations           | 23          |
|    time_elapsed         | 183         |
|    total_timesteps      | 376832      |
| train/                  |             |
|    approx_kl            | 0.025454286 |
|    clip_fraction        | 0.233       |
|    clip_range           | 0.2         |
|    entropy_loss         | -2.76       |
|    explained_variance   | 0.402       |
|    learning_rate        | 0.0003      |
|    loss                 | 0.832       |
|    n_updates            | 220         |
|    policy_gradient_loss | -0.00554    |
|    std                  | 0.602       |
|    value_loss           | 1.4         |
-----------------------------------------
-----------------------------------------
| rollout/                |             |
|    ep_len_mean          | 48          |
|    ep_rew_mean          | 18.8        |
|    success_rate         | 0.98        |
| time/                   |             |
|    fps                  | 2055        |
|    iterations           | 24          |
|    time_elapsed         | 191         |
|    total_timesteps      | 393216      |
| train/                  |             |
|    approx_kl            | 0.026743658 |
|    clip_fraction        | 0.271       |
|    clip_range           | 0.2         |
|    entropy_loss         | -2.66       |
|    explained_variance   | 0.528       |
|    learning_rate        | 0.0003      |
|    loss                 | 0.547       |
|    n_updates            | 230         |
|    policy_gradient_loss | -9.56e-05   |
|    std                  | 0.582       |
|    value_loss           | 0.779       |
-----------------------------------------
[2026-05-07 11:08:49] HEARTBEAT steps=393232/1000000 percent= 39.32% rate=  2014.0 step/s eta=   5.02 min
-----------------------------------------
| rollout/                |             |
|    ep_len_mean          | 48.9        |
|    ep_rew_mean          | 19.3        |
|    success_rate         | 0.99        |
| time/                   |             |
|    fps                  | 2053        |
|    iterations           | 25          |
|    time_elapsed         | 199         |
|    total_timesteps      | 409600      |
| train/                  |             |
|    approx_kl            | 0.037324086 |
|    clip_fraction        | 0.309       |
|    clip_range           | 0.2         |
|    entropy_loss         | -2.59       |
|    explained_variance   | 0.44        |
|    learning_rate        | 0.0003      |
|    loss                 | 0.0567      |
|    n_updates            | 240         |
|    policy_gradient_loss | 0.00495     |
|    std                  | 0.571       |
|    value_loss           | 0.696       |
-----------------------------------------
-----------------------------------------
| rollout/                |             |
|    ep_len_mean          | 47.6        |
|    ep_rew_mean          | 19.8        |
|    success_rate         | 1           |
| time/                   |             |
|    fps                  | 2052        |
|    iterations           | 26          |
|    time_elapsed         | 207         |
|    total_timesteps      | 425984      |
| train/                  |             |
|    approx_kl            | 0.039108895 |
|    clip_fraction        | 0.288       |
|    clip_range           | 0.2         |
|    entropy_loss         | -2.51       |
|    explained_variance   | 0.483       |
|    learning_rate        | 0.0003      |
|    loss                 | 0.0965      |
|    n_updates            | 250         |
|    policy_gradient_loss | -0.00184    |
|    std                  | 0.552       |
|    value_loss           | 0.506       |
-----------------------------------------
-----------------------------------------
| rollout/                |             |
|    ep_len_mean          | 46.7        |
|    ep_rew_mean          | 20.2        |
|    success_rate         | 1           |
| time/                   |             |
|    fps                  | 2050        |
|    iterations           | 27          |
|    time_elapsed         | 215         |
|    total_timesteps      | 442368      |
| train/                  |             |
|    approx_kl            | 0.039921943 |
|    clip_fraction        | 0.308       |
|    clip_range           | 0.2         |
|    entropy_loss         | -2.4        |
|    explained_variance   | 0.615       |
|    learning_rate        | 0.0003      |
|    loss                 | 0.0751      |
|    n_updates            | 260         |
|    policy_gradient_loss | -0.00453    |
|    std                  | 0.533       |
|    value_loss           | 0.635       |
-----------------------------------------
-----------------------------------------
| rollout/                |             |
|    ep_len_mean          | 46.7        |
|    ep_rew_mean          | 20.5        |
|    success_rate         | 1           |
| time/                   |             |
|    fps                  | 2050        |
|    iterations           | 28          |
|    time_elapsed         | 223         |
|    total_timesteps      | 458752      |
| train/                  |             |
|    approx_kl            | 0.026123825 |
|    clip_fraction        | 0.273       |
|    clip_range           | 0.2         |
|    entropy_loss         | -2.31       |
|    explained_variance   | 0.524       |
|    learning_rate        | 0.0003      |
|    loss                 | 0.212       |
|    n_updates            | 270         |
|    policy_gradient_loss | -0.00537    |
|    std                  | 0.518       |
|    value_loss           | 0.796       |
-----------------------------------------
[2026-05-07 11:09:22] HEARTBEAT steps=458768/1000000 percent= 45.88% rate=  2014.8 step/s eta=   4.48 min
----------------------------------------
| rollout/                |            |
|    ep_len_mean          | 45.1       |
|    ep_rew_mean          | 19.6       |
|    success_rate         | 0.99       |
| time/                   |            |
|    fps                  | 2049       |
|    iterations           | 29         |
|    time_elapsed         | 231        |
|    total_timesteps      | 475136     |
| train/                  |            |
|    approx_kl            | 0.02972066 |
|    clip_fraction        | 0.271      |
|    clip_range           | 0.2        |
|    entropy_loss         | -2.26      |
|    explained_variance   | 0.601      |
|    learning_rate        | 0.0003     |
|    loss                 | 0.207      |
|    n_updates            | 280        |
|    policy_gradient_loss | -0.000205  |
|    std                  | 0.513      |
|    value_loss           | 0.591      |
----------------------------------------
-----------------------------------------
| rollout/                |             |
|    ep_len_mean          | 45.6        |
|    ep_rew_mean          | 20.4        |
|    success_rate         | 1           |
| time/                   |             |
|    fps                  | 2048        |
|    iterations           | 30          |
|    time_elapsed         | 239         |
|    total_timesteps      | 491520      |
| train/                  |             |
|    approx_kl            | 0.034689076 |
|    clip_fraction        | 0.27        |
|    clip_range           | 0.2         |
|    entropy_loss         | -2.22       |
|    explained_variance   | 0.415       |
|    learning_rate        | 0.0003      |
|    loss                 | 0.404       |
|    n_updates            | 290         |
|    policy_gradient_loss | 0.0026      |
|    std                  | 0.506       |
|    value_loss           | 1.75        |
-----------------------------------------
[2026-05-07 11:09:40] CHECKPOINT_SAVED local_step=500000 global_step=500000 path=/root/workspace/uav-risk-rl/checkpoints/p2_rich_motion/attention_full_risk_penalty_s2_step500000.zip
-----------------------------------------
| rollout/                |             |
|    ep_len_mean          | 45.7        |
|    ep_rew_mean          | 18.9        |
|    success_rate         | 0.97        |
| time/                   |             |
|    fps                  | 2046        |
|    iterations           | 31          |
|    time_elapsed         | 248         |
|    total_timesteps      | 507904      |
| train/                  |             |
|    approx_kl            | 0.037384838 |
|    clip_fraction        | 0.281       |
|    clip_range           | 0.2         |
|    entropy_loss         | -2.16       |
|    explained_variance   | 0.687       |
|    learning_rate        | 0.0003      |
|    loss                 | 0.114       |
|    n_updates            | 300         |
|    policy_gradient_loss | 0.0133      |
|    std                  | 0.493       |
|    value_loss           | 0.547       |
-----------------------------------------
-----------------------------------------
| rollout/                |             |
|    ep_len_mean          | 45.4        |
|    ep_rew_mean          | 20.3        |
|    success_rate         | 1           |
| time/                   |             |
|    fps                  | 2046        |
|    iterations           | 32          |
|    time_elapsed         | 256         |
|    total_timesteps      | 524288      |
| train/                  |             |
|    approx_kl            | 0.045381777 |
|    clip_fraction        | 0.296       |
|    clip_range           | 0.2         |
|    entropy_loss         | -2.13       |
|    explained_variance   | 0.505       |
|    learning_rate        | 0.0003      |
|    loss                 | 0.289       |
|    n_updates            | 310         |
|    policy_gradient_loss | 0.000873    |
|    std                  | 0.491       |
|    value_loss           | 0.845       |
-----------------------------------------
[2026-05-07 11:09:54] HEARTBEAT steps=524304/1000000 percent= 52.43% rate=  2014.3 step/s eta=   3.94 min
-----------------------------------------
| rollout/                |             |
|    ep_len_mean          | 46.2        |
|    ep_rew_mean          | 20.5        |
|    success_rate         | 1           |
| time/                   |             |
|    fps                  | 2045        |
|    iterations           | 33          |
|    time_elapsed         | 264         |
|    total_timesteps      | 540672      |
| train/                  |             |
|    approx_kl            | 0.044614054 |
|    clip_fraction        | 0.304       |
|    clip_range           | 0.2         |
|    entropy_loss         | -2.11       |
|    explained_variance   | 0.445       |
|    learning_rate        | 0.0003      |
|    loss                 | 0.293       |
|    n_updates            | 320         |
|    policy_gradient_loss | 0.0048      |
|    std                  | 0.488       |
|    value_loss           | 1.12        |
-----------------------------------------
-----------------------------------------
| rollout/                |             |
|    ep_len_mean          | 44.2        |
|    ep_rew_mean          | 20.4        |
|    success_rate         | 1           |
| time/                   |             |
|    fps                  | 2045        |
|    iterations           | 34          |
|    time_elapsed         | 272         |
|    total_timesteps      | 557056      |
| train/                  |             |
|    approx_kl            | 0.033405177 |
|    clip_fraction        | 0.273       |
|    clip_range           | 0.2         |
|    entropy_loss         | -2.06       |
|    explained_variance   | 0.648       |
|    learning_rate        | 0.0003      |
|    loss                 | 0.119       |
|    n_updates            | 330         |
|    policy_gradient_loss | -0.000953   |
|    std                  | 0.477       |
|    value_loss           | 0.541       |
-----------------------------------------
-----------------------------------------
| rollout/                |             |
|    ep_len_mean          | 44.2        |
|    ep_rew_mean          | 20.4        |
|    success_rate         | 1           |
| time/                   |             |
|    fps                  | 2044        |
|    iterations           | 35          |
|    time_elapsed         | 280         |
|    total_timesteps      | 573440      |
| train/                  |             |
|    approx_kl            | 0.028710222 |
|    clip_fraction        | 0.3         |
|    clip_range           | 0.2         |
|    entropy_loss         | -1.98       |
|    explained_variance   | 0.77        |
|    learning_rate        | 0.0003      |
|    loss                 | 0.11        |
|    n_updates            | 340         |
|    policy_gradient_loss | -0.00278    |
|    std                  | 0.465       |
|    value_loss           | 0.264       |
-----------------------------------------
----------------------------------------
| rollout/                |            |
|    ep_len_mean          | 43.9       |
|    ep_rew_mean          | 20.2       |
|    success_rate         | 0.99       |
| time/                   |            |
|    fps                  | 2044       |
|    iterations           | 36         |
|    time_elapsed         | 288        |
|    total_timesteps      | 589824     |
| train/                  |            |
|    approx_kl            | 0.05078307 |
|    clip_fraction        | 0.328      |
|    clip_range           | 0.2        |
|    entropy_loss         | -1.94      |
|    explained_variance   | 0.592      |
|    learning_rate        | 0.0003     |
|    loss                 | 0.147      |
|    n_updates            | 350        |
|    policy_gradient_loss | -0.000659  |
|    std                  | 0.459      |
|    value_loss           | 0.612      |
----------------------------------------
[2026-05-07 11:10:26] HEARTBEAT steps=589840/1000000 percent= 58.98% rate=  2016.7 step/s eta=   3.39 min
-----------------------------------------
| rollout/                |             |
|    ep_len_mean          | 43.7        |
|    ep_rew_mean          | 20.4        |
|    success_rate         | 1           |
| time/                   |             |
|    fps                  | 2043        |
|    iterations           | 37          |
|    time_elapsed         | 296         |
|    total_timesteps      | 606208      |
| train/                  |             |
|    approx_kl            | 0.038883362 |
|    clip_fraction        | 0.289       |
|    clip_range           | 0.2         |
|    entropy_loss         | -1.92       |
|    explained_variance   | 0.51        |
|    learning_rate        | 0.0003      |
|    loss                 | 0.245       |
|    n_updates            | 360         |
|    policy_gradient_loss | 0.00092     |
|    std                  | 0.459       |
|    value_loss           | 0.889       |
-----------------------------------------
-----------------------------------------
| rollout/                |             |
|    ep_len_mean          | 43.4        |
|    ep_rew_mean          | 20.5        |
|    success_rate         | 1           |
| time/                   |             |
|    fps                  | 2044        |
|    iterations           | 38          |
|    time_elapsed         | 304         |
|    total_timesteps      | 622592      |
| train/                  |             |
|    approx_kl            | 0.032296047 |
|    clip_fraction        | 0.286       |
|    clip_range           | 0.2         |
|    entropy_loss         | -1.91       |
|    explained_variance   | 0.584       |
|    learning_rate        | 0.0003      |
|    loss                 | 0.112       |
|    n_updates            | 370         |
|    policy_gradient_loss | -0.00162    |
|    std                  | 0.455       |
|    value_loss           | 0.714       |
-----------------------------------------
-----------------------------------------
| rollout/                |             |
|    ep_len_mean          | 44.9        |
|    ep_rew_mean          | 20.5        |
|    success_rate         | 1           |
| time/                   |             |
|    fps                  | 2043        |
|    iterations           | 39          |
|    time_elapsed         | 312         |
|    total_timesteps      | 638976      |
| train/                  |             |
|    approx_kl            | 0.040463883 |
|    clip_fraction        | 0.303       |
|    clip_range           | 0.2         |
|    entropy_loss         | -1.88       |
|    explained_variance   | 0.568       |
|    learning_rate        | 0.0003      |
|    loss                 | 0.088       |
|    n_updates            | 380         |
|    policy_gradient_loss | 0.00196     |
|    std                  | 0.453       |
|    value_loss           | 0.677       |
-----------------------------------------
-----------------------------------------
| rollout/                |             |
|    ep_len_mean          | 43.8        |
|    ep_rew_mean          | 21          |
|    success_rate         | 1           |
| time/                   |             |
|    fps                  | 2042        |
|    iterations           | 40          |
|    time_elapsed         | 320         |
|    total_timesteps      | 655360      |
| train/                  |             |
|    approx_kl            | 0.050732188 |
|    clip_fraction        | 0.335       |
|    clip_range           | 0.2         |
|    entropy_loss         | -1.83       |
|    explained_variance   | 0.675       |
|    learning_rate        | 0.0003      |
|    loss                 | 0.215       |
|    n_updates            | 390         |
|    policy_gradient_loss | -0.00305    |
|    std                  | 0.441       |
|    value_loss           | 0.553       |
-----------------------------------------
[2026-05-07 11:10:59] HEARTBEAT steps=655376/1000000 percent= 65.54% rate=  2017.5 step/s eta=   2.85 min
-----------------------------------------
| rollout/                |             |
|    ep_len_mean          | 43.1        |
|    ep_rew_mean          | 20.4        |
|    success_rate         | 1           |
| time/                   |             |
|    fps                  | 2042        |
|    iterations           | 41          |
|    time_elapsed         | 328         |
|    total_timesteps      | 671744      |
| train/                  |             |
|    approx_kl            | 0.024643002 |
|    clip_fraction        | 0.25        |
|    clip_range           | 0.2         |
|    entropy_loss         | -1.75       |
|    explained_variance   | 0.86        |
|    learning_rate        | 0.0003      |
|    loss                 | 0.0165      |
|    n_updates            | 400         |
|    policy_gradient_loss | -0.00462    |
|    std                  | 0.432       |
|    value_loss           | 0.246       |
-----------------------------------------
-----------------------------------------
| rollout/                |             |
|    ep_len_mean          | 43.9        |
|    ep_rew_mean          | 21          |
|    success_rate         | 1           |
| time/                   |             |
|    fps                  | 2042        |
|    iterations           | 42          |
|    time_elapsed         | 336         |
|    total_timesteps      | 688128      |
| train/                  |             |
|    approx_kl            | 0.040729783 |
|    clip_fraction        | 0.315       |
|    clip_range           | 0.2         |
|    entropy_loss         | -1.7        |
|    explained_variance   | 0.73        |
|    learning_rate        | 0.0003      |
|    loss                 | 0.153       |
|    n_updates            | 410         |
|    policy_gradient_loss | -0.00333    |
|    std                  | 0.425       |
|    value_loss           | 0.663       |
-----------------------------------------
-----------------------------------------
| rollout/                |             |
|    ep_len_mean          | 42.6        |
|    ep_rew_mean          | 20.9        |
|    success_rate         | 1           |
| time/                   |             |
|    fps                  | 2041        |
|    iterations           | 43          |
|    time_elapsed         | 345         |
|    total_timesteps      | 704512      |
| train/                  |             |
|    approx_kl            | 0.024700522 |
|    clip_fraction        | 0.257       |
|    clip_range           | 0.2         |
|    entropy_loss         | -1.62       |
|    explained_variance   | 0.894       |
|    learning_rate        | 0.0003      |
|    loss                 | 0.0201      |
|    n_updates            | 420         |
|    policy_gradient_loss | -0.00712    |
|    std                  | 0.412       |
|    value_loss           | 0.215       |
-----------------------------------------
----------------------------------------
| rollout/                |            |
|    ep_len_mean          | 41.9       |
|    ep_rew_mean          | 20.7       |
|    success_rate         | 1          |
| time/                   |            |
|    fps                  | 2041       |
|    iterations           | 44         |
|    time_elapsed         | 353        |
|    total_timesteps      | 720896     |
| train/                  |            |
|    approx_kl            | 0.03330156 |
|    clip_fraction        | 0.294      |
|    clip_range           | 0.2        |
|    entropy_loss         | -1.57      |
|    explained_variance   | 0.701      |
|    learning_rate        | 0.0003     |
|    loss                 | 0.0551     |
|    n_updates            | 430        |
|    policy_gradient_loss | -0.00195   |
|    std                  | 0.406      |
|    value_loss           | 0.406      |
----------------------------------------
[2026-05-07 11:11:31] HEARTBEAT steps=720912/1000000 percent= 72.09% rate=  2018.6 step/s eta=   2.30 min
-----------------------------------------
| rollout/                |             |
|    ep_len_mean          | 42.3        |
|    ep_rew_mean          | 20.6        |
|    success_rate         | 1           |
| time/                   |             |
|    fps                  | 2041        |
|    iterations           | 45          |
|    time_elapsed         | 361         |
|    total_timesteps      | 737280      |
| train/                  |             |
|    approx_kl            | 0.052548714 |
|    clip_fraction        | 0.336       |
|    clip_range           | 0.2         |
|    entropy_loss         | -1.53       |
|    explained_variance   | 0.5         |
|    learning_rate        | 0.0003      |
|    loss                 | 0.12        |
|    n_updates            | 440         |
|    policy_gradient_loss | -0.00266    |
|    std                  | 0.402       |
|    value_loss           | 0.928       |
-----------------------------------------
[2026-05-07 11:11:42] CHECKPOINT_SAVED local_step=750000 global_step=750000 path=/root/workspace/uav-risk-rl/checkpoints/p2_rich_motion/attention_full_risk_penalty_s2_step750000.zip
----------------------------------------
| rollout/                |            |
|    ep_len_mean          | 42.3       |
|    ep_rew_mean          | 20.6       |
|    success_rate         | 0.99       |
| time/                   |            |
|    fps                  | 2040       |
|    iterations           | 46         |
|    time_elapsed         | 369        |
|    total_timesteps      | 753664     |
| train/                  |            |
|    approx_kl            | 0.03080273 |
|    clip_fraction        | 0.297      |
|    clip_range           | 0.2        |
|    entropy_loss         | -1.49      |
|    explained_variance   | 0.763      |
|    learning_rate        | 0.0003     |
|    loss                 | 0.053      |
|    n_updates            | 450        |
|    policy_gradient_loss | -0.00588   |
|    std                  | 0.397      |
|    value_loss           | 0.297      |
----------------------------------------
-----------------------------------------
| rollout/                |             |
|    ep_len_mean          | 42          |
|    ep_rew_mean          | 20.9        |
|    success_rate         | 1           |
| time/                   |             |
|    fps                  | 2039        |
|    iterations           | 47          |
|    time_elapsed         | 377         |
|    total_timesteps      | 770048      |
| train/                  |             |
|    approx_kl            | 0.041846678 |
|    clip_fraction        | 0.324       |
|    clip_range           | 0.2         |
|    entropy_loss         | -1.47       |
|    explained_variance   | 0.688       |
|    learning_rate        | 0.0003      |
|    loss                 | 0.167       |
|    n_updates            | 460         |
|    policy_gradient_loss | 7.3e-05     |
|    std                  | 0.395       |
|    value_loss           | 0.48        |
-----------------------------------------
-----------------------------------------
| rollout/                |             |
|    ep_len_mean          | 41.9        |
|    ep_rew_mean          | 21.2        |
|    success_rate         | 1           |
| time/                   |             |
|    fps                  | 2039        |
|    iterations           | 48          |
|    time_elapsed         | 385         |
|    total_timesteps      | 786432      |
| train/                  |             |
|    approx_kl            | 0.034899876 |
|    clip_fraction        | 0.303       |
|    clip_range           | 0.2         |
|    entropy_loss         | -1.43       |
|    explained_variance   | 0.851       |
|    learning_rate        | 0.0003      |
|    loss                 | 0.388       |
|    n_updates            | 470         |
|    policy_gradient_loss | -0.00318    |
|    std                  | 0.39        |
|    value_loss           | 0.312       |
-----------------------------------------
[2026-05-07 11:12:04] HEARTBEAT steps=786448/1000000 percent= 78.64% rate=  2018.8 step/s eta=   1.76 min
---------------------------------------
| rollout/                |           |
|    ep_len_mean          | 41.4      |
|    ep_rew_mean          | 20.9      |
|    success_rate         | 1         |
| time/                   |           |
|    fps                  | 2039      |
|    iterations           | 49        |
|    time_elapsed         | 393       |
|    total_timesteps      | 802816    |
| train/                  |           |
|    approx_kl            | 0.0343431 |
|    clip_fraction        | 0.296     |
|    clip_range           | 0.2       |
|    entropy_loss         | -1.41     |
|    explained_variance   | 0.718     |
|    learning_rate        | 0.0003    |
|    loss                 | 0.0846    |
|    n_updates            | 480       |
|    policy_gradient_loss | -0.00405  |
|    std                  | 0.388     |
|    value_loss           | 0.368     |
---------------------------------------
-----------------------------------------
| rollout/                |             |
|    ep_len_mean          | 41.4        |
|    ep_rew_mean          | 20.8        |
|    success_rate         | 1           |
| time/                   |             |
|    fps                  | 2040        |
|    iterations           | 50          |
|    time_elapsed         | 401         |
|    total_timesteps      | 819200      |
| train/                  |             |
|    approx_kl            | 0.052578263 |
|    clip_fraction        | 0.319       |
|    clip_range           | 0.2         |
|    entropy_loss         | -1.39       |
|    explained_variance   | 0.782       |
|    learning_rate        | 0.0003      |
|    loss                 | 0.235       |
|    n_updates            | 490         |
|    policy_gradient_loss | -0.00279    |
|    std                  | 0.386       |
|    value_loss           | 0.507       |
-----------------------------------------
-----------------------------------------
| rollout/                |             |
|    ep_len_mean          | 41.6        |
|    ep_rew_mean          | 20.9        |
|    success_rate         | 1           |
| time/                   |             |
|    fps                  | 2040        |
|    iterations           | 51          |
|    time_elapsed         | 409         |
|    total_timesteps      | 835584      |
| train/                  |             |
|    approx_kl            | 0.031976227 |
|    clip_fraction        | 0.281       |
|    clip_range           | 0.2         |
|    entropy_loss         | -1.34       |
|    explained_variance   | 0.846       |
|    learning_rate        | 0.0003      |
|    loss                 | 0.181       |
|    n_updates            | 500         |
|    policy_gradient_loss | -0.00667    |
|    std                  | 0.379       |
|    value_loss           | 0.237       |
-----------------------------------------
-----------------------------------------
| rollout/                |             |
|    ep_len_mean          | 40.9        |
|    ep_rew_mean          | 21.3        |
|    success_rate         | 1           |
| time/                   |             |
|    fps                  | 2039        |
|    iterations           | 52          |
|    time_elapsed         | 417         |
|    total_timesteps      | 851968      |
| train/                  |             |
|    approx_kl            | 0.056364395 |
|    clip_fraction        | 0.352       |
|    clip_range           | 0.2         |
|    entropy_loss         | -1.31       |
|    explained_variance   | 0.709       |
|    learning_rate        | 0.0003      |
|    loss                 | 0.0931      |
|    n_updates            | 510         |
|    policy_gradient_loss | 0.00418     |
|    std                  | 0.376       |
|    value_loss           | 0.464       |
-----------------------------------------
[2026-05-07 11:12:36] HEARTBEAT steps=851984/1000000 percent= 85.20% rate=  2019.8 step/s eta=   1.22 min
-----------------------------------------
| rollout/                |             |
|    ep_len_mean          | 40.4        |
|    ep_rew_mean          | 21.2        |
|    success_rate         | 1           |
| time/                   |             |
|    fps                  | 2038        |
|    iterations           | 53          |
|    time_elapsed         | 425         |
|    total_timesteps      | 868352      |
| train/                  |             |
|    approx_kl            | 0.032340378 |
|    clip_fraction        | 0.289       |
|    clip_range           | 0.2         |
|    entropy_loss         | -1.25       |
|    explained_variance   | 0.897       |
|    learning_rate        | 0.0003      |
|    loss                 | 0.0109      |
|    n_updates            | 520         |
|    policy_gradient_loss | -0.00575    |
|    std                  | 0.368       |
|    value_loss           | 0.193       |
-----------------------------------------
---------------------------------------
| rollout/                |           |
|    ep_len_mean          | 40.3      |
|    ep_rew_mean          | 21.3      |
|    success_rate         | 1         |
| time/                   |           |
|    fps                  | 2038      |
|    iterations           | 54        |
|    time_elapsed         | 433       |
|    total_timesteps      | 884736    |
| train/                  |           |
|    approx_kl            | 0.0520631 |
|    clip_fraction        | 0.339     |
|    clip_range           | 0.2       |
|    entropy_loss         | -1.21     |
|    explained_variance   | 0.806     |
|    learning_rate        | 0.0003    |
|    loss                 | 0.0465    |
|    n_updates            | 530       |
|    policy_gradient_loss | 0.00217   |
|    std                  | 0.365     |
|    value_loss           | 0.375     |
---------------------------------------
----------------------------------------
| rollout/                |            |
|    ep_len_mean          | 40.2       |
|    ep_rew_mean          | 21.4       |
|    success_rate         | 1          |
| time/                   |            |
|    fps                  | 2037       |
|    iterations           | 55         |
|    time_elapsed         | 442        |
|    total_timesteps      | 901120     |
| train/                  |            |
|    approx_kl            | 0.05021141 |
|    clip_fraction        | 0.326      |
|    clip_range           | 0.2        |
|    entropy_loss         | -1.18      |
|    explained_variance   | 0.813      |
|    learning_rate        | 0.0003     |
|    loss                 | 0.0964     |
|    n_updates            | 540        |
|    policy_gradient_loss | -0.00198   |
|    std                  | 0.362      |
|    value_loss           | 0.303      |
----------------------------------------
----------------------------------------
| rollout/                |            |
|    ep_len_mean          | 40.2       |
|    ep_rew_mean          | 21.4       |
|    success_rate         | 1          |
| time/                   |            |
|    fps                  | 2037       |
|    iterations           | 56         |
|    time_elapsed         | 450        |
|    total_timesteps      | 917504     |
| train/                  |            |
|    approx_kl            | 0.04297297 |
|    clip_fraction        | 0.32       |
|    clip_range           | 0.2        |
|    entropy_loss         | -1.14      |
|    explained_variance   | 0.766      |
|    learning_rate        | 0.0003     |
|    loss                 | 0.022      |
|    n_updates            | 550        |
|    policy_gradient_loss | -0.0031    |
|    std                  | 0.357      |
|    value_loss           | 0.365      |
----------------------------------------
[2026-05-07 11:13:08] HEARTBEAT steps=917520/1000000 percent= 91.75% rate=  2019.3 step/s eta=   0.68 min
---------------------------------------
| rollout/                |           |
|    ep_len_mean          | 39.4      |
|    ep_rew_mean          | 21.2      |
|    success_rate         | 1         |
| time/                   |           |
|    fps                  | 2036      |
|    iterations           | 57        |
|    time_elapsed         | 458       |
|    total_timesteps      | 933888    |
| train/                  |           |
|    approx_kl            | 0.0311682 |
|    clip_fraction        | 0.299     |
|    clip_range           | 0.2       |
|    entropy_loss         | -1.09     |
|    explained_variance   | 0.902     |
|    learning_rate        | 0.0003    |
|    loss                 | 0.0511    |
|    n_updates            | 560       |
|    policy_gradient_loss | -0.00656  |
|    std                  | 0.351     |
|    value_loss           | 0.208     |
---------------------------------------
-----------------------------------------
| rollout/                |             |
|    ep_len_mean          | 39.8        |
|    ep_rew_mean          | 21.6        |
|    success_rate         | 1           |
| time/                   |             |
|    fps                  | 2036        |
|    iterations           | 58          |
|    time_elapsed         | 466         |
|    total_timesteps      | 950272      |
| train/                  |             |
|    approx_kl            | 0.034174267 |
|    clip_fraction        | 0.28        |
|    clip_range           | 0.2         |
|    entropy_loss         | -1.01       |
|    explained_variance   | 0.942       |
|    learning_rate        | 0.0003      |
|    loss                 | 0.0336      |
|    n_updates            | 570         |
|    policy_gradient_loss | -0.00933    |
|    std                  | 0.343       |
|    value_loss           | 0.136       |
-----------------------------------------
-----------------------------------------
| rollout/                |             |
|    ep_len_mean          | 40.6        |
|    ep_rew_mean          | 21.5        |
|    success_rate         | 1           |
| time/                   |             |
|    fps                  | 2037        |
|    iterations           | 59          |
|    time_elapsed         | 474         |
|    total_timesteps      | 966656      |
| train/                  |             |
|    approx_kl            | 0.037123088 |
|    clip_fraction        | 0.312       |
|    clip_range           | 0.2         |
|    entropy_loss         | -0.978      |
|    explained_variance   | 0.763       |
|    learning_rate        | 0.0003      |
|    loss                 | 0.0527      |
|    n_updates            | 580         |
|    policy_gradient_loss | -0.00309    |
|    std                  | 0.34        |
|    value_loss           | 0.21        |
-----------------------------------------
-----------------------------------------
| rollout/                |             |
|    ep_len_mean          | 40.4        |
|    ep_rew_mean          | 21.1        |
|    success_rate         | 1           |
| time/                   |             |
|    fps                  | 2037        |
|    iterations           | 60          |
|    time_elapsed         | 482         |
|    total_timesteps      | 983040      |
| train/                  |             |
|    approx_kl            | 0.066494554 |
|    clip_fraction        | 0.356       |
|    clip_range           | 0.2         |
|    entropy_loss         | -0.939      |
|    explained_variance   | 0.712       |
|    learning_rate        | 0.0003      |
|    loss                 | 0.0808      |
|    n_updates            | 590         |
|    policy_gradient_loss | 0.00443     |
|    std                  | 0.336       |
|    value_loss           | 0.423       |
-----------------------------------------
[2026-05-07 11:13:40] HEARTBEAT steps=983056/1000000 percent= 98.31% rate=  2020.5 step/s eta=   0.14 min
-----------------------------------------
| rollout/                |             |
|    ep_len_mean          | 39.6        |
|    ep_rew_mean          | 21.2        |
|    success_rate         | 1           |
| time/                   |             |
|    fps                  | 2037        |
|    iterations           | 61          |
|    time_elapsed         | 490         |
|    total_timesteps      | 999424      |
| train/                  |             |
|    approx_kl            | 0.052498966 |
|    clip_fraction        | 0.349       |
|    clip_range           | 0.2         |
|    entropy_loss         | -0.889      |
|    explained_variance   | 0.748       |
|    learning_rate        | 0.0003      |
|    loss                 | 0.0419      |
|    n_updates            | 600         |
|    policy_gradient_loss | -0.00103    |
|    std                  | 0.33        |
|    value_loss           | 0.336       |
-----------------------------------------
[2026-05-07 11:13:49] CHECKPOINT_SAVED local_step=1000000 global_step=1000000 path=/root/workspace/uav-risk-rl/checkpoints/p2_rich_motion/attention_full_risk_penalty_s2_step1000000.zip
-----------------------------------------
| rollout/                |             |
|    ep_len_mean          | 39.3        |
|    ep_rew_mean          | 21.3        |
|    success_rate         | 1           |
| time/                   |             |
|    fps                  | 2036        |
|    iterations           | 62          |
|    time_elapsed         | 498         |
|    total_timesteps      | 1015808     |
| train/                  |             |
|    approx_kl            | 0.040372908 |
|    clip_fraction        | 0.325       |
|    clip_range           | 0.2         |
|    entropy_loss         | -0.837      |
|    explained_variance   | 0.89        |
|    learning_rate        | 0.0003      |
|    loss                 | 0.0288      |
|    n_updates            | 610         |
|    policy_gradient_loss | -0.00334    |
|    std                  | 0.325       |
|    value_loss           | 0.219       |
-----------------------------------------
[2026-05-07 11:13:57] TRAIN_END elapsed=8.38 min local_steps=1015808 model_num_timesteps=1015808
[2026-05-07 11:13:57] SAVED model=/root/workspace/uav-risk-rl/checkpoints/p2_rich_motion/attention_full_risk_penalty_s2_step1000000.zip approx_updates=62
