

$ /usr/local/miniconda3/envs/py310/bin/python train.py --method risk_full_rbar --profile_mode full_12 --agg risk --seed 0 --total_steps 1500000 --n_envs 16 --device cpu --scenario train_random_switch --save_checkpoints true --checkpoint_steps 250000,500000,1000000,1500000 --checkpoint_dir /root/workspace/uav-risk-rl/checkpoints/longtrain_baseline --log_dir /root/workspace/uav-risk-rl/runs/longtrain_baseline/risk_Rgate8_lambda015_RbarFloor03_s0 --run_name risk_Rgate8_lambda015_RbarFloor03 --save_path /root/workspace/uav-risk-rl/checkpoints/longtrain_baseline/risk_Rgate8_lambda015_RbarFloor03_s0_step2000000.zip --heartbeat_seconds 30 --resume_from /root/workspace/uav-risk-rl/checkpoints/ewma_formal/Rgate8_lambda015_RbarFloor03_s0_step500k.zip --resume_global_step 500000 --r_gate 8.0 --lambda_ewma 0.15 --rbar_floor 0.3 --use_rbar true
[2026-05-06 12:05:32] CONFIG agg=risk seed=0 total_steps=1500000 n_envs=16 device=cpu scenario=train_random_switch use_rbar=True rbar_floor=0.3 hidden_dim=64 r_gate=8.0 lambda_ewma=0.15 sigma_min=0.05 run_name=risk_Rgate8_lambda015_RbarFloor03 method=risk_full_rbar resume_from=/root/workspace/uav-risk-rl/checkpoints/ewma_formal/Rgate8_lambda015_RbarFloor03_s0_step500k.zip resume_global_step=500000 use_safety_cost=False cost_type=none fallback_penalty=False beta_cost=5.0 use_risk_bias=False lambda_bias=0.2
[2026-05-06 12:05:32] RESUME_LOAD path=/root/workspace/uav-risk-rl/checkpoints/ewma_formal/Rgate8_lambda015_RbarFloor03_s0_step500k.zip remaining_steps=1500000
Logging to runs/ewma_formal/Rgate8_lambda015_RbarFloor03_s0/PPO_1
[2026-05-06 12:05:34] TRAIN_START total_steps=1500000 start_num_timesteps=500000
---------------------------------
| rollout/           |          |
|    ep_len_mean     | 36.1     |
|    ep_rew_mean     | 21.8     |
|    success_rate    | 0.99     |
| time/              |          |
|    fps             | 3615     |
|    iterations      | 1        |
|    time_elapsed    | 4        |
|    total_timesteps | 516384   |
---------------------------------
-----------------------------------------
| rollout/                |             |
|    ep_len_mean          | 35.4        |
|    ep_rew_mean          | 21.9        |
|    success_rate         | 1           |
| time/                   |             |
|    fps                  | 2224        |
|    iterations           | 2           |
|    time_elapsed         | 14          |
|    total_timesteps      | 532768      |
| train/                  |             |
|    approx_kl            | 0.023200281 |
|    clip_fraction        | 0.246       |
|    clip_range           | 0.2         |
|    entropy_loss         | -0.892      |
|    explained_variance   | 0.707       |
|    learning_rate        | 0.0003      |
|    loss                 | 0.649       |
|    n_updates            | 620         |
|    policy_gradient_loss | -0.000663   |
|    std                  | 0.354       |
|    value_loss           | 1.4         |
-----------------------------------------
----------------------------------------
| rollout/                |            |
|    ep_len_mean          | 35.5       |
|    ep_rew_mean          | 21.9       |
|    success_rate         | 1          |
| time/                   |            |
|    fps                  | 2132       |
|    iterations           | 3          |
|    time_elapsed         | 23         |
|    total_timesteps      | 549152     |
| train/                  |            |
|    approx_kl            | 0.01748474 |
|    clip_fraction        | 0.236      |
|    clip_range           | 0.2        |
|    entropy_loss         | -0.858     |
|    explained_variance   | 0.767      |
|    learning_rate        | 0.0003     |
|    loss                 | 0.0102     |
|    n_updates            | 630        |
|    policy_gradient_loss | -2.17e-05  |
|    std                  | 0.353      |
|    value_loss           | 1.06       |
----------------------------------------
[2026-05-06 12:06:04] HEARTBEAT steps=60448/1500000 percent=  4.03% rate=  2014.9 step/s eta=  11.91 min
----------------------------------------
| rollout/                |            |
|    ep_len_mean          | 35.6       |
|    ep_rew_mean          | 22         |
|    success_rate         | 1          |
| time/                   |            |
|    fps                  | 2091       |
|    iterations           | 4          |
|    time_elapsed         | 31         |
|    total_timesteps      | 565536     |
| train/                  |            |
|    approx_kl            | 0.01965306 |
|    clip_fraction        | 0.209      |
|    clip_range           | 0.2        |
|    entropy_loss         | -0.774     |
|    explained_variance   | 0.941      |
|    learning_rate        | 0.0003     |
|    loss                 | 0.786      |
|    n_updates            | 640        |
|    policy_gradient_loss | -0.00315   |
|    std                  | 0.344      |
|    value_loss           | 0.232      |
----------------------------------------
-----------------------------------------
| rollout/                |             |
|    ep_len_mean          | 34.7        |
|    ep_rew_mean          | 21.3        |
|    success_rate         | 0.98        |
| time/                   |             |
|    fps                  | 2052        |
|    iterations           | 5           |
|    time_elapsed         | 39          |
|    total_timesteps      | 581920      |
| train/                  |             |
|    approx_kl            | 0.019859288 |
|    clip_fraction        | 0.241       |
|    clip_range           | 0.2         |
|    entropy_loss         | -0.7        |
|    explained_variance   | 0.816       |
|    learning_rate        | 0.0003      |
|    loss                 | 0.0792      |
|    n_updates            | 650         |
|    policy_gradient_loss | -0.000854   |
|    std                  | 0.338       |
|    value_loss           | 0.806       |
-----------------------------------------
----------------------------------------
| rollout/                |            |
|    ep_len_mean          | 35.4       |
|    ep_rew_mean          | 21.9       |
|    success_rate         | 0.99       |
| time/                   |            |
|    fps                  | 2024       |
|    iterations           | 6          |
|    time_elapsed         | 48         |
|    total_timesteps      | 598304     |
| train/                  |            |
|    approx_kl            | 0.01897023 |
|    clip_fraction        | 0.216      |
|    clip_range           | 0.2        |
|    entropy_loss         | -0.627     |
|    explained_variance   | 0.874      |
|    learning_rate        | 0.0003     |
|    loss                 | 0.00787    |
|    n_updates            | 660        |
|    policy_gradient_loss | -0.000778  |
|    std                  | 0.333      |
|    value_loss           | 0.457      |
----------------------------------------
-----------------------------------------
| rollout/                |             |
|    ep_len_mean          | 35.3        |
|    ep_rew_mean          | 22.1        |
|    success_rate         | 1           |
| time/                   |             |
|    fps                  | 2005        |
|    iterations           | 7           |
|    time_elapsed         | 57          |
|    total_timesteps      | 614688      |
| train/                  |             |
|    approx_kl            | 0.018240549 |
|    clip_fraction        | 0.22        |
|    clip_range           | 0.2         |
|    entropy_loss         | -0.546      |
|    explained_variance   | 0.937       |
|    learning_rate        | 0.0003      |
|    loss                 | 0.0184      |
|    n_updates            | 670         |
|    policy_gradient_loss | -0.00234    |
|    std                  | 0.325       |
|    value_loss           | 0.252       |
-----------------------------------------
[2026-05-06 12:06:35] HEARTBEAT steps=114704/1500000 percent=  7.65% rate=  1866.2 step/s eta=  12.37 min
----------------------------------------
| rollout/                |            |
|    ep_len_mean          | 34.7       |
|    ep_rew_mean          | 21.5       |
|    success_rate         | 0.98       |
| time/                   |            |
|    fps                  | 1989       |
|    iterations           | 8          |
|    time_elapsed         | 65         |
|    total_timesteps      | 631072     |
| train/                  |            |
|    approx_kl            | 0.02337684 |
|    clip_fraction        | 0.254      |
|    clip_range           | 0.2        |
|    entropy_loss         | -0.504     |
|    explained_variance   | 0.844      |
|    learning_rate        | 0.0003     |
|    loss                 | 0.0181     |
|    n_updates            | 680        |
|    policy_gradient_loss | 0.000527   |
|    std                  | 0.323      |
|    value_loss           | 0.604      |
----------------------------------------
----------------------------------------
| rollout/                |            |
|    ep_len_mean          | 35         |
|    ep_rew_mean          | 22.1       |
|    success_rate         | 1          |
| time/                   |            |
|    fps                  | 1980       |
|    iterations           | 9          |
|    time_elapsed         | 74         |
|    total_timesteps      | 647456     |
| train/                  |            |
|    approx_kl            | 0.02521496 |
|    clip_fraction        | 0.285      |
|    clip_range           | 0.2        |
|    entropy_loss         | -0.501     |
|    explained_variance   | 0.783      |
|    learning_rate        | 0.0003     |
|    loss                 | 0.297      |
|    n_updates            | 690        |
|    policy_gradient_loss | 0.00386    |
|    std                  | 0.324      |
|    value_loss           | 1.05       |
----------------------------------------
-----------------------------------------
| rollout/                |             |
|    ep_len_mean          | 34.6        |
|    ep_rew_mean          | 22          |
|    success_rate         | 1           |
| time/                   |             |
|    fps                  | 1974        |
|    iterations           | 10          |
|    time_elapsed         | 82          |
|    total_timesteps      | 663840      |
| train/                  |             |
|    approx_kl            | 0.023187924 |
|    clip_fraction        | 0.234       |
|    clip_range           | 0.2         |
|    entropy_loss         | -0.472      |
|    explained_variance   | 0.89        |
|    learning_rate        | 0.0003      |
|    loss                 | 0.209       |
|    n_updates            | 700         |
|    policy_gradient_loss | 0.00166     |
|    std                  | 0.32        |
|    value_loss           | 0.413       |
-----------------------------------------
-----------------------------------------
| rollout/                |             |
|    ep_len_mean          | 35          |
|    ep_rew_mean          | 22.1        |
|    success_rate         | 1           |
| time/                   |             |
|    fps                  | 1973        |
|    iterations           | 11          |
|    time_elapsed         | 91          |
|    total_timesteps      | 680224      |
| train/                  |             |
|    approx_kl            | 0.017214896 |
|    clip_fraction        | 0.214       |
|    clip_range           | 0.2         |
|    entropy_loss         | -0.404      |
|    explained_variance   | 0.944       |
|    learning_rate        | 0.0003      |
|    loss                 | -0.000735   |
|    n_updates            | 710         |
|    policy_gradient_loss | -0.000405   |
|    std                  | 0.315       |
|    value_loss           | 0.194       |
-----------------------------------------
[2026-05-06 12:07:09] HEARTBEAT steps=180240/1500000 percent= 12.02% rate=  1883.7 step/s eta=  11.68 min
-----------------------------------------
| rollout/                |             |
|    ep_len_mean          | 34.7        |
|    ep_rew_mean          | 21.9        |
|    success_rate         | 0.99        |
| time/                   |             |
|    fps                  | 1966        |
|    iterations           | 12          |
|    time_elapsed         | 99          |
|    total_timesteps      | 696608      |
| train/                  |             |
|    approx_kl            | 0.023260687 |
|    clip_fraction        | 0.241       |
|    clip_range           | 0.2         |
|    entropy_loss         | -0.365      |
|    explained_variance   | 0.801       |
|    learning_rate        | 0.0003      |
|    loss                 | 0.0351      |
|    n_updates            | 720         |
|    policy_gradient_loss | 0.00161     |
|    std                  | 0.312       |
|    value_loss           | 0.78        |
-----------------------------------------
-----------------------------------------
| rollout/                |             |
|    ep_len_mean          | 34.7        |
|    ep_rew_mean          | 22.1        |
|    success_rate         | 1           |
| time/                   |             |
|    fps                  | 1960        |
|    iterations           | 13          |
|    time_elapsed         | 108         |
|    total_timesteps      | 712992      |
| train/                  |             |
|    approx_kl            | 0.021031007 |
|    clip_fraction        | 0.244       |
|    clip_range           | 0.2         |
|    entropy_loss         | -0.329      |
|    explained_variance   | 0.878       |
|    learning_rate        | 0.0003      |
|    loss                 | 0.0394      |
|    n_updates            | 730         |
|    policy_gradient_loss | 0.000819    |
|    std                  | 0.31        |
|    value_loss           | 0.298       |
-----------------------------------------
-----------------------------------------
| rollout/                |             |
|    ep_len_mean          | 34.2        |
|    ep_rew_mean          | 21.9        |
|    success_rate         | 1           |
| time/                   |             |
|    fps                  | 1958        |
|    iterations           | 14          |
|    time_elapsed         | 117         |
|    total_timesteps      | 729376      |
| train/                  |             |
|    approx_kl            | 0.026041854 |
|    clip_fraction        | 0.262       |
|    clip_range           | 0.2         |
|    entropy_loss         | -0.312      |
|    explained_variance   | 0.78        |
|    learning_rate        | 0.0003      |
|    loss                 | 0.232       |
|    n_updates            | 740         |
|    policy_gradient_loss | 0.00127     |
|    std                  | 0.311       |
|    value_loss           | 1.01        |
-----------------------------------------
[2026-05-06 12:07:39] HEARTBEAT steps=245648/1500000 percent= 16.38% rate=  1954.5 step/s eta=  10.70 min
-----------------------------------------
| rollout/                |             |
|    ep_len_mean          | 33.7        |
|    ep_rew_mean          | 21.4        |
|    success_rate         | 0.98        |
| time/                   |             |
|    fps                  | 1954        |
|    iterations           | 15          |
|    time_elapsed         | 125         |
|    total_timesteps      | 745760      |
| train/                  |             |
|    approx_kl            | 0.019550014 |
|    clip_fraction        | 0.235       |
|    clip_range           | 0.2         |
|    entropy_loss         | -0.292      |
|    explained_variance   | 0.892       |
|    learning_rate        | 0.0003      |
|    loss                 | 0.00226     |
|    n_updates            | 750         |
|    policy_gradient_loss | 0.00322     |
|    std                  | 0.31        |
|    value_loss           | 0.399       |
-----------------------------------------
[2026-05-06 12:07:45] CHECKPOINT_SAVED local_step=250000 global_step=750000 path=/root/workspace/uav-risk-rl/checkpoints/longtrain_baseline/risk_Rgate8_lambda015_RbarFloor03_s0_step750000.zip
-----------------------------------------
| rollout/                |             |
|    ep_len_mean          | 34.4        |
|    ep_rew_mean          | 22.1        |
|    success_rate         | 1           |
| time/                   |             |
|    fps                  | 1954        |
|    iterations           | 16          |
|    time_elapsed         | 134         |
|    total_timesteps      | 762144      |
| train/                  |             |
|    approx_kl            | 0.029412575 |
|    clip_fraction        | 0.272       |
|    clip_range           | 0.2         |
|    entropy_loss         | -0.299      |
|    explained_variance   | 0.721       |
|    learning_rate        | 0.0003      |
|    loss                 | 0.267       |
|    n_updates            | 760         |
|    policy_gradient_loss | 0.000775    |
|    std                  | 0.311       |
|    value_loss           | 1.23        |
-----------------------------------------
-----------------------------------------
| rollout/                |             |
|    ep_len_mean          | 34.5        |
|    ep_rew_mean          | 22.1        |
|    success_rate         | 1           |
| time/                   |             |
|    fps                  | 1953        |
|    iterations           | 17          |
|    time_elapsed         | 142         |
|    total_timesteps      | 778528      |
| train/                  |             |
|    approx_kl            | 0.018556738 |
|    clip_fraction        | 0.227       |
|    clip_range           | 0.2         |
|    entropy_loss         | -0.262      |
|    explained_variance   | 0.803       |
|    learning_rate        | 0.0003      |
|    loss                 | 0.023       |
|    n_updates            | 770         |
|    policy_gradient_loss | -0.00131    |
|    std                  | 0.308       |
|    value_loss           | 0.761       |
-----------------------------------------
----------------------------------------
| rollout/                |            |
|    ep_len_mean          | 34         |
|    ep_rew_mean          | 21.5       |
|    success_rate         | 0.98       |
| time/                   |            |
|    fps                  | 1950       |
|    iterations           | 18         |
|    time_elapsed         | 151        |
|    total_timesteps      | 794912     |
| train/                  |            |
|    approx_kl            | 0.01996284 |
|    clip_fraction        | 0.269      |
|    clip_range           | 0.2        |
|    entropy_loss         | -0.251     |
|    explained_variance   | 0.798      |
|    learning_rate        | 0.0003     |
|    loss                 | 0.0582     |
|    n_updates            | 780        |
|    policy_gradient_loss | 0.00242    |
|    std                  | 0.311      |
|    value_loss           | 0.851      |
----------------------------------------
[2026-05-06 12:08:09] HEARTBEAT steps=295904/1500000 percent= 19.73% rate=  1900.7 step/s eta=  10.56 min
-----------------------------------------
| rollout/                |             |
|    ep_len_mean          | 34.2        |
|    ep_rew_mean          | 21.8        |
|    success_rate         | 0.99        |
| time/                   |             |
|    fps                  | 1947        |
|    iterations           | 19          |
|    time_elapsed         | 159         |
|    total_timesteps      | 811296      |
| train/                  |             |
|    approx_kl            | 0.020898942 |
|    clip_fraction        | 0.242       |
|    clip_range           | 0.2         |
|    entropy_loss         | -0.259      |
|    explained_variance   | 0.878       |
|    learning_rate        | 0.0003      |
|    loss                 | 1.18        |
|    n_updates            | 790         |
|    policy_gradient_loss | 0.0025      |
|    std                  | 0.312       |
|    value_loss           | 0.405       |
-----------------------------------------
-----------------------------------------
| rollout/                |             |
|    ep_len_mean          | 33.1        |
|    ep_rew_mean          | 20.6        |
|    success_rate         | 0.95        |
| time/                   |             |
|    fps                  | 1946        |
|    iterations           | 20          |
|    time_elapsed         | 168         |
|    total_timesteps      | 827680      |
| train/                  |             |
|    approx_kl            | 0.025387246 |
|    clip_fraction        | 0.264       |
|    clip_range           | 0.2         |
|    entropy_loss         | -0.283      |
|    explained_variance   | 0.703       |
|    learning_rate        | 0.0003      |
|    loss                 | 0.779       |
|    n_updates            | 800         |
|    policy_gradient_loss | 0.00147     |
|    std                  | 0.315       |
|    value_loss           | 1.64        |
-----------------------------------------
-----------------------------------------
| rollout/                |             |
|    ep_len_mean          | 33.5        |
|    ep_rew_mean          | 21.2        |
|    success_rate         | 0.97        |
| time/                   |             |
|    fps                  | 1945        |
|    iterations           | 21          |
|    time_elapsed         | 176         |
|    total_timesteps      | 844064      |
| train/                  |             |
|    approx_kl            | 0.020547912 |
|    clip_fraction        | 0.234       |
|    clip_range           | 0.2         |
|    entropy_loss         | -0.302      |
|    explained_variance   | 0.748       |
|    learning_rate        | 0.0003      |
|    loss                 | 0.0448      |
|    n_updates            | 810         |
|    policy_gradient_loss | 0.000696    |
|    std                  | 0.315       |
|    value_loss           | 1.22        |
-----------------------------------------
-----------------------------------------
| rollout/                |             |
|    ep_len_mean          | 34.3        |
|    ep_rew_mean          | 21.8        |
|    success_rate         | 0.99        |
| time/                   |             |
|    fps                  | 1944        |
|    iterations           | 22          |
|    time_elapsed         | 185         |
|    total_timesteps      | 860448      |
| train/                  |             |
|    approx_kl            | 0.020859912 |
|    clip_fraction        | 0.248       |
|    clip_range           | 0.2         |
|    entropy_loss         | -0.3        |
|    explained_variance   | 0.755       |
|    learning_rate        | 0.0003      |
|    loss                 | 0.73        |
|    n_updates            | 820         |
|    policy_gradient_loss | 0.00124     |
|    std                  | 0.317       |
|    value_loss           | 1.15        |
-----------------------------------------
[2026-05-06 12:08:44] HEARTBEAT steps=360464/1500000 percent= 24.03% rate=  1899.5 step/s eta=  10.00 min
-----------------------------------------
| rollout/                |             |
|    ep_len_mean          | 34.2        |
|    ep_rew_mean          | 21.6        |
|    success_rate         | 0.98        |
| time/                   |             |
|    fps                  | 1941        |
|    iterations           | 23          |
|    time_elapsed         | 194         |
|    total_timesteps      | 876832      |
| train/                  |             |
|    approx_kl            | 0.029100187 |
|    clip_fraction        | 0.276       |
|    clip_range           | 0.2         |
|    entropy_loss         | -0.311      |
|    explained_variance   | 0.688       |
|    learning_rate        | 0.0003      |
|    loss                 | 0.068       |
|    n_updates            | 830         |
|    policy_gradient_loss | -0.000724   |
|    std                  | 0.32        |
|    value_loss           | 1.74        |
-----------------------------------------
-----------------------------------------
| rollout/                |             |
|    ep_len_mean          | 33.8        |
|    ep_rew_mean          | 21.3        |
|    success_rate         | 0.97        |
| time/                   |             |
|    fps                  | 1940        |
|    iterations           | 24          |
|    time_elapsed         | 202         |
|    total_timesteps      | 893216      |
| train/                  |             |
|    approx_kl            | 0.022855774 |
|    clip_fraction        | 0.264       |
|    clip_range           | 0.2         |
|    entropy_loss         | -0.327      |
|    explained_variance   | 0.689       |
|    learning_rate        | 0.0003      |
|    loss                 | 0.055       |
|    n_updates            | 840         |
|    policy_gradient_loss | -0.00167    |
|    std                  | 0.323       |
|    value_loss           | 1.38        |
-----------------------------------------
----------------------------------------
| rollout/                |            |
|    ep_len_mean          | 34.1       |
|    ep_rew_mean          | 21.5       |
|    success_rate         | 0.98       |
| time/                   |            |
|    fps                  | 1938       |
|    iterations           | 25         |
|    time_elapsed         | 211        |
|    total_timesteps      | 909600     |
| train/                  |            |
|    approx_kl            | 0.03476969 |
|    clip_fraction        | 0.29       |
|    clip_range           | 0.2        |
|    entropy_loss         | -0.333     |
|    explained_variance   | 0.625      |
|    learning_rate        | 0.0003     |
|    loss                 | 0.0719     |
|    n_updates            | 850        |
|    policy_gradient_loss | 0.000122   |
|    std                  | 0.324      |
|    value_loss           | 2.06       |
----------------------------------------
[2026-05-06 12:09:14] HEARTBEAT steps=424960/1500000 percent= 28.33% rate=  1933.7 step/s eta=   9.27 min
-----------------------------------------
| rollout/                |             |
|    ep_len_mean          | 33.5        |
|    ep_rew_mean          | 21.2        |
|    success_rate         | 0.97        |
| time/                   |             |
|    fps                  | 1935        |
|    iterations           | 26          |
|    time_elapsed         | 220         |
|    total_timesteps      | 925984      |
| train/                  |             |
|    approx_kl            | 0.015579638 |
|    clip_fraction        | 0.247       |
|    clip_range           | 0.2         |
|    entropy_loss         | -0.318      |
|    explained_variance   | 0.785       |
|    learning_rate        | 0.0003      |
|    loss                 | 0.0413      |
|    n_updates            | 860         |
|    policy_gradient_loss | -0.000315   |
|    std                  | 0.322       |
|    value_loss           | 0.842       |
-----------------------------------------
-----------------------------------------
| rollout/                |             |
|    ep_len_mean          | 33.6        |
|    ep_rew_mean          | 21.2        |
|    success_rate         | 0.97        |
| time/                   |             |
|    fps                  | 1933        |
|    iterations           | 27          |
|    time_elapsed         | 228         |
|    total_timesteps      | 942368      |
| train/                  |             |
|    approx_kl            | 0.026485339 |
|    clip_fraction        | 0.282       |
|    clip_range           | 0.2         |
|    entropy_loss         | -0.32       |
|    explained_variance   | 0.737       |
|    learning_rate        | 0.0003      |
|    loss                 | 0.841       |
|    n_updates            | 870         |
|    policy_gradient_loss | 0.00154     |
|    std                  | 0.324       |
|    value_loss           | 1.4         |
-----------------------------------------
-----------------------------------------
| rollout/                |             |
|    ep_len_mean          | 33.8        |
|    ep_rew_mean          | 21.4        |
|    success_rate         | 0.98        |
| time/                   |             |
|    fps                  | 1933        |
|    iterations           | 28          |
|    time_elapsed         | 237         |
|    total_timesteps      | 958752      |
| train/                  |             |
|    approx_kl            | 0.022564612 |
|    clip_fraction        | 0.261       |
|    clip_range           | 0.2         |
|    entropy_loss         | -0.347      |
|    explained_variance   | 0.64        |
|    learning_rate        | 0.0003      |
|    loss                 | 0.29        |
|    n_updates            | 880         |
|    policy_gradient_loss | -0.00204    |
|    std                  | 0.328       |
|    value_loss           | 2           |
-----------------------------------------
-----------------------------------------
| rollout/                |             |
|    ep_len_mean          | 34.2        |
|    ep_rew_mean          | 21.9        |
|    success_rate         | 0.99        |
| time/                   |             |
|    fps                  | 1932        |
|    iterations           | 29          |
|    time_elapsed         | 245         |
|    total_timesteps      | 975136      |
| train/                  |             |
|    approx_kl            | 0.022481527 |
|    clip_fraction        | 0.236       |
|    clip_range           | 0.2         |
|    entropy_loss         | -0.347      |
|    explained_variance   | 0.779       |
|    learning_rate        | 0.0003      |
|    loss                 | 0.0388      |
|    n_updates            | 890         |
|    policy_gradient_loss | -0.00144    |
|    std                  | 0.327       |
|    value_loss           | 0.947       |
-----------------------------------------
[2026-05-06 12:09:44] HEARTBEAT steps=475152/1500000 percent= 31.68% rate=  1900.0 step/s eta=   8.99 min
-----------------------------------------
| rollout/                |             |
|    ep_len_mean          | 34.2        |
|    ep_rew_mean          | 21.8        |
|    success_rate         | 0.99        |
| time/                   |             |
|    fps                  | 1930        |
|    iterations           | 30          |
|    time_elapsed         | 254         |
|    total_timesteps      | 991520      |
| train/                  |             |
|    approx_kl            | 0.023219638 |
|    clip_fraction        | 0.24        |
|    clip_range           | 0.2         |
|    entropy_loss         | -0.338      |
|    explained_variance   | 0.719       |
|    learning_rate        | 0.0003      |
|    loss                 | 0.668       |
|    n_updates            | 900         |
|    policy_gradient_loss | -0.00253    |
|    std                  | 0.328       |
|    value_loss           | 1.29        |
-----------------------------------------
[2026-05-06 12:09:55] CHECKPOINT_SAVED local_step=500000 global_step=1000000 path=/root/workspace/uav-risk-rl/checkpoints/longtrain_baseline/risk_Rgate8_lambda015_RbarFloor03_s0_step1000000.zip
-----------------------------------------
| rollout/                |             |
|    ep_len_mean          | 34.4        |
|    ep_rew_mean          | 21.9        |
|    success_rate         | 0.99        |
| time/                   |             |
|    fps                  | 1930        |
|    iterations           | 31          |
|    time_elapsed         | 263         |
|    total_timesteps      | 1007904     |
| train/                  |             |
|    approx_kl            | 0.026542144 |
|    clip_fraction        | 0.307       |
|    clip_range           | 0.2         |
|    entropy_loss         | -0.343      |
|    explained_variance   | 0.604       |
|    learning_rate        | 0.0003      |
|    loss                 | 1.13        |
|    n_updates            | 910         |
|    policy_gradient_loss | -0.00217    |
|    std                  | 0.33        |
|    value_loss           | 2.11        |
-----------------------------------------
-----------------------------------------
| rollout/                |             |
|    ep_len_mean          | 34.4        |
|    ep_rew_mean          | 21.8        |
|    success_rate         | 0.99        |
| time/                   |             |
|    fps                  | 1931        |
|    iterations           | 32          |
|    time_elapsed         | 271         |
|    total_timesteps      | 1024288     |
| train/                  |             |
|    approx_kl            | 0.020799443 |
|    clip_fraction        | 0.259       |
|    clip_range           | 0.2         |
|    entropy_loss         | -0.34       |
|    explained_variance   | 0.796       |
|    learning_rate        | 0.0003      |
|    loss                 | 0.155       |
|    n_updates            | 920         |
|    policy_gradient_loss | 0.00184     |
|    std                  | 0.329       |
|    value_loss           | 0.931       |
-----------------------------------------
----------------------------------------
| rollout/                |            |
|    ep_len_mean          | 33.9       |
|    ep_rew_mean          | 21.5       |
|    success_rate         | 0.98       |
| time/                   |            |
|    fps                  | 1930       |
|    iterations           | 33         |
|    time_elapsed         | 279        |
|    total_timesteps      | 1040672    |
| train/                  |            |
|    approx_kl            | 0.03319727 |
|    clip_fraction        | 0.298      |
|    clip_range           | 0.2        |
|    entropy_loss         | -0.341     |
|    explained_variance   | 0.752      |
|    learning_rate        | 0.0003     |
|    loss                 | 0.0869     |
|    n_updates            | 930        |
|    policy_gradient_loss | 0.00115    |
|    std                  | 0.33       |
|    value_loss           | 1.14       |
----------------------------------------
[2026-05-06 12:10:18] HEARTBEAT steps=540688/1500000 percent= 36.05% rate=  1902.2 step/s eta=   8.41 min
-----------------------------------------
| rollout/                |             |
|    ep_len_mean          | 34.5        |
|    ep_rew_mean          | 21.8        |
|    success_rate         | 0.99        |
| time/                   |             |
|    fps                  | 1929        |
|    iterations           | 34          |
|    time_elapsed         | 288         |
|    total_timesteps      | 1057056     |
| train/                  |             |
|    approx_kl            | 0.023659676 |
|    clip_fraction        | 0.258       |
|    clip_range           | 0.2         |
|    entropy_loss         | -0.343      |
|    explained_variance   | 0.768       |
|    learning_rate        | 0.0003      |
|    loss                 | 0.624       |
|    n_updates            | 940         |
|    policy_gradient_loss | -0.00184    |
|    std                  | 0.328       |
|    value_loss           | 1.02        |
-----------------------------------------
----------------------------------------
| rollout/                |            |
|    ep_len_mean          | 34         |
|    ep_rew_mean          | 21.5       |
|    success_rate         | 0.98       |
| time/                   |            |
|    fps                  | 1928       |
|    iterations           | 35         |
|    time_elapsed         | 297        |
|    total_timesteps      | 1073440    |
| train/                  |            |
|    approx_kl            | 0.02630474 |
|    clip_fraction        | 0.274      |
|    clip_range           | 0.2        |
|    entropy_loss         | -0.338     |
|    explained_variance   | 0.795      |
|    learning_rate        | 0.0003     |
|    loss                 | 0.0406     |
|    n_updates            | 950        |
|    policy_gradient_loss | -0.000485  |
|    std                  | 0.328      |
|    value_loss           | 0.921      |
----------------------------------------
-----------------------------------------
| rollout/                |             |
|    ep_len_mean          | 34.1        |
|    ep_rew_mean          | 21.6        |
|    success_rate         | 0.98        |
| time/                   |             |
|    fps                  | 1927        |
|    iterations           | 36          |
|    time_elapsed         | 305         |
|    total_timesteps      | 1089824     |
| train/                  |             |
|    approx_kl            | 0.021552581 |
|    clip_fraction        | 0.245       |
|    clip_range           | 0.2         |
|    entropy_loss         | -0.325      |
|    explained_variance   | 0.844       |
|    learning_rate        | 0.0003      |
|    loss                 | 0.305       |
|    n_updates            | 960         |
|    policy_gradient_loss | -0.0017     |
|    std                  | 0.327       |
|    value_loss           | 0.7         |
-----------------------------------------
[2026-05-06 12:10:48] HEARTBEAT steps=604480/1500000 percent= 40.30% rate=  1923.6 step/s eta=   7.76 min
----------------------------------------
| rollout/                |            |
|    ep_len_mean          | 34.6       |
|    ep_rew_mean          | 22.2       |
|    success_rate         | 1          |
| time/                   |            |
|    fps                  | 1926       |
|    iterations           | 37         |
|    time_elapsed         | 314        |
|    total_timesteps      | 1106208    |
| train/                  |            |
|    approx_kl            | 0.02688474 |
|    clip_fraction        | 0.279      |
|    clip_range           | 0.2        |
|    entropy_loss         | -0.328     |
|    explained_variance   | 0.688      |
|    learning_rate        | 0.0003     |
|    loss                 | 0.289      |
|    n_updates            | 970        |
|    policy_gradient_loss | -0.00201   |
|    std                  | 0.328      |
|    value_loss           | 1.64       |
----------------------------------------
-----------------------------------------
| rollout/                |             |
|    ep_len_mean          | 34.5        |
|    ep_rew_mean          | 21.9        |
|    success_rate         | 0.99        |
| time/                   |             |
|    fps                  | 1926        |
|    iterations           | 38          |
|    time_elapsed         | 323         |
|    total_timesteps      | 1122592     |
| train/                  |             |
|    approx_kl            | 0.023598015 |
|    clip_fraction        | 0.25        |
|    clip_range           | 0.2         |
|    entropy_loss         | -0.319      |
|    explained_variance   | 0.876       |
|    learning_rate        | 0.0003      |
|    loss                 | 0.0411      |
|    n_updates            | 980         |
|    policy_gradient_loss | -0.000236   |
|    std                  | 0.326       |
|    value_loss           | 0.399       |
-----------------------------------------
-----------------------------------------
| rollout/                |             |
|    ep_len_mean          | 34.2        |
|    ep_rew_mean          | 22.1        |
|    success_rate         | 1           |
| time/                   |             |
|    fps                  | 1924        |
|    iterations           | 39          |
|    time_elapsed         | 331         |
|    total_timesteps      | 1138976     |
| train/                  |             |
|    approx_kl            | 0.024209924 |
|    clip_fraction        | 0.255       |
|    clip_range           | 0.2         |
|    entropy_loss         | -0.273      |
|    explained_variance   | 0.83        |
|    learning_rate        | 0.0003      |
|    loss                 | 0.0165      |
|    n_updates            | 990         |
|    policy_gradient_loss | -0.000533   |
|    std                  | 0.322       |
|    value_loss           | 0.599       |
-----------------------------------------
-----------------------------------------
| rollout/                |             |
|    ep_len_mean          | 33.5        |
|    ep_rew_mean          | 21.5        |
|    success_rate         | 0.98        |
| time/                   |             |
|    fps                  | 1925        |
|    iterations           | 40          |
|    time_elapsed         | 340         |
|    total_timesteps      | 1155360     |
| train/                  |             |
|    approx_kl            | 0.021656232 |
|    clip_fraction        | 0.257       |
|    clip_range           | 0.2         |
|    entropy_loss         | -0.225      |
|    explained_variance   | 0.855       |
|    learning_rate        | 0.0003      |
|    loss                 | 0.398       |
|    n_updates            | 1000        |
|    policy_gradient_loss | -0.000424   |
|    std                  | 0.319       |
|    value_loss           | 0.661       |
-----------------------------------------
[2026-05-06 12:11:18] HEARTBEAT steps=655376/1500000 percent= 43.69% rate=  1902.1 step/s eta=   7.40 min
----------------------------------------
| rollout/                |            |
|    ep_len_mean          | 33.8       |
|    ep_rew_mean          | 21.8       |
|    success_rate         | 0.99       |
| time/                   |            |
|    fps                  | 1925       |
|    iterations           | 41         |
|    time_elapsed         | 348        |
|    total_timesteps      | 1171744    |
| train/                  |            |
|    approx_kl            | 0.02983788 |
|    clip_fraction        | 0.283      |
|    clip_range           | 0.2        |
|    entropy_loss         | -0.244     |
|    explained_variance   | 0.74       |
|    learning_rate        | 0.0003     |
|    loss                 | 0.247      |
|    n_updates            | 1010       |
|    policy_gradient_loss | 0.00155    |
|    std                  | 0.324      |
|    value_loss           | 1.1        |
----------------------------------------
----------------------------------------
| rollout/                |            |
|    ep_len_mean          | 34.2       |
|    ep_rew_mean          | 22.1       |
|    success_rate         | 1          |
| time/                   |            |
|    fps                  | 1924       |
|    iterations           | 42         |
|    time_elapsed         | 357        |
|    total_timesteps      | 1188128    |
| train/                  |            |
|    approx_kl            | 0.02339892 |
|    clip_fraction        | 0.27       |
|    clip_range           | 0.2        |
|    entropy_loss         | -0.243     |
|    explained_variance   | 0.742      |
|    learning_rate        | 0.0003     |
|    loss                 | 0.122      |
|    n_updates            | 1020       |
|    policy_gradient_loss | 0.00162    |
|    std                  | 0.324      |
|    value_loss           | 0.496      |
----------------------------------------
----------------------------------------
| rollout/                |            |
|    ep_len_mean          | 34.1       |
|    ep_rew_mean          | 21.9       |
|    success_rate         | 0.99       |
| time/                   |            |
|    fps                  | 1924       |
|    iterations           | 43         |
|    time_elapsed         | 366        |
|    total_timesteps      | 1204512    |
| train/                  |            |
|    approx_kl            | 0.03254965 |
|    clip_fraction        | 0.282      |
|    clip_range           | 0.2        |
|    entropy_loss         | -0.251     |
|    explained_variance   | 0.705      |
|    learning_rate        | 0.0003     |
|    loss                 | 0.199      |
|    n_updates            | 1030       |
|    policy_gradient_loss | 0.000423   |
|    std                  | 0.327      |
|    value_loss           | 1.39       |
----------------------------------------
[2026-05-06 12:11:48] HEARTBEAT steps=720112/1500000 percent= 48.01% rate=  1922.6 step/s eta=   6.76 min
-----------------------------------------
| rollout/                |             |
|    ep_len_mean          | 34.5        |
|    ep_rew_mean          | 22.2        |
|    success_rate         | 1           |
| time/                   |             |
|    fps                  | 1923        |
|    iterations           | 44          |
|    time_elapsed         | 374         |
|    total_timesteps      | 1220896     |
| train/                  |             |
|    approx_kl            | 0.024444222 |
|    clip_fraction        | 0.289       |
|    clip_range           | 0.2         |
|    entropy_loss         | -0.268      |
|    explained_variance   | 0.757       |
|    learning_rate        | 0.0003      |
|    loss                 | 0.0629      |
|    n_updates            | 1040        |
|    policy_gradient_loss | -0.000332   |
|    std                  | 0.33        |
|    value_loss           | 0.847       |
-----------------------------------------
-----------------------------------------
| rollout/                |             |
|    ep_len_mean          | 34.2        |
|    ep_rew_mean          | 22.1        |
|    success_rate         | 1           |
| time/                   |             |
|    fps                  | 1923        |
|    iterations           | 45          |
|    time_elapsed         | 383         |
|    total_timesteps      | 1237280     |
| train/                  |             |
|    approx_kl            | 0.023934113 |
|    clip_fraction        | 0.247       |
|    clip_range           | 0.2         |
|    entropy_loss         | -0.291      |
|    explained_variance   | 0.768       |
|    learning_rate        | 0.0003      |
|    loss                 | 0.00197     |
|    n_updates            | 1050        |
|    policy_gradient_loss | 9.43e-05    |
|    std                  | 0.333       |
|    value_loss           | 0.914       |
-----------------------------------------
-----------------------------------------
| rollout/                |             |
|    ep_len_mean          | 34.3        |
|    ep_rew_mean          | 22.2        |
|    success_rate         | 1           |
| time/                   |             |
|    fps                  | 1922        |
|    iterations           | 46          |
|    time_elapsed         | 391         |
|    total_timesteps      | 1253664     |
| train/                  |             |
|    approx_kl            | 0.021792553 |
|    clip_fraction        | 0.242       |
|    clip_range           | 0.2         |
|    entropy_loss         | -0.297      |
|    explained_variance   | 0.881       |
|    learning_rate        | 0.0003      |
|    loss                 | 0.0321      |
|    n_updates            | 1060        |
|    policy_gradient_loss | -0.00138    |
|    std                  | 0.334       |
|    value_loss           | 0.456       |
-----------------------------------------
-----------------------------------------
| rollout/                |             |
|    ep_len_mean          | 33.9        |
|    ep_rew_mean          | 21.8        |
|    success_rate         | 0.99        |
| time/                   |             |
|    fps                  | 1921        |
|    iterations           | 47          |
|    time_elapsed         | 400         |
|    total_timesteps      | 1270048     |
| train/                  |             |
|    approx_kl            | 0.026950613 |
|    clip_fraction        | 0.294       |
|    clip_range           | 0.2         |
|    entropy_loss         | -0.316      |
|    explained_variance   | 0.777       |
|    learning_rate        | 0.0003      |
|    loss                 | 0.726       |
|    n_updates            | 1070        |
|    policy_gradient_loss | 8.82e-05    |
|    std                  | 0.338       |
|    value_loss           | 0.885       |
-----------------------------------------
[2026-05-06 12:12:19] HEARTBEAT steps=770064/1500000 percent= 51.34% rate=  1901.4 step/s eta=   6.40 min
----------------------------------------
| rollout/                |            |
|    ep_len_mean          | 34.5       |
|    ep_rew_mean          | 22.2       |
|    success_rate         | 1          |
| time/                   |            |
|    fps                  | 1920       |
|    iterations           | 48         |
|    time_elapsed         | 409        |
|    total_timesteps      | 1286432    |
| train/                  |            |
|    approx_kl            | 0.04546977 |
|    clip_fraction        | 0.311      |
|    clip_range           | 0.2        |
|    entropy_loss         | -0.355     |
|    explained_variance   | 0.616      |
|    learning_rate        | 0.0003     |
|    loss                 | 0.272      |
|    n_updates            | 1080       |
|    policy_gradient_loss | 0.000328   |
|    std                  | 0.343      |
|    value_loss           | 2.23       |
----------------------------------------
-----------------------------------------
| rollout/                |             |
|    ep_len_mean          | 34          |
|    ep_rew_mean          | 21.7        |
|    success_rate         | 0.99        |
| time/                   |             |
|    fps                  | 1920        |
|    iterations           | 49          |
|    time_elapsed         | 417         |
|    total_timesteps      | 1302816     |
| train/                  |             |
|    approx_kl            | 0.033181023 |
|    clip_fraction        | 0.289       |
|    clip_range           | 0.2         |
|    entropy_loss         | -0.404      |
|    explained_variance   | 0.675       |
|    learning_rate        | 0.0003      |
|    loss                 | 2.08        |
|    n_updates            | 1090        |
|    policy_gradient_loss | -3.36e-05   |
|    std                  | 0.348       |
|    value_loss           | 1.5         |
-----------------------------------------
-----------------------------------------
| rollout/                |             |
|    ep_len_mean          | 34.4        |
|    ep_rew_mean          | 21.9        |
|    success_rate         | 0.99        |
| time/                   |             |
|    fps                  | 1920        |
|    iterations           | 50          |
|    time_elapsed         | 426         |
|    total_timesteps      | 1319200     |
| train/                  |             |
|    approx_kl            | 0.018649971 |
|    clip_fraction        | 0.239       |
|    clip_range           | 0.2         |
|    entropy_loss         | -0.401      |
|    explained_variance   | 0.825       |
|    learning_rate        | 0.0003      |
|    loss                 | 0.758       |
|    n_updates            | 1100        |
|    policy_gradient_loss | -0.00276    |
|    std                  | 0.347       |
|    value_loss           | 0.675       |
-----------------------------------------
[2026-05-06 12:12:49] HEARTBEAT steps=835408/1500000 percent= 55.69% rate=  1920.5 step/s eta=   5.77 min
----------------------------------------
| rollout/                |            |
|    ep_len_mean          | 34.4       |
|    ep_rew_mean          | 21.9       |
|    success_rate         | 0.99       |
| time/                   |            |
|    fps                  | 1920       |
|    iterations           | 51         |
|    time_elapsed         | 435        |
|    total_timesteps      | 1335584    |
| train/                  |            |
|    approx_kl            | 0.01826157 |
|    clip_fraction        | 0.226      |
|    clip_range           | 0.2        |
|    entropy_loss         | -0.398     |
|    explained_variance   | 0.747      |
|    learning_rate        | 0.0003     |
|    loss                 | 0.22       |
|    n_updates            | 1110       |
|    policy_gradient_loss | -0.00312   |
|    std                  | 0.349      |
|    value_loss           | 1.26       |
----------------------------------------
-----------------------------------------
| rollout/                |             |
|    ep_len_mean          | 34.2        |
|    ep_rew_mean          | 21.8        |
|    success_rate         | 0.99        |
| time/                   |             |
|    fps                  | 1921        |
|    iterations           | 52          |
|    time_elapsed         | 443         |
|    total_timesteps      | 1351968     |
| train/                  |             |
|    approx_kl            | 0.024812706 |
|    clip_fraction        | 0.285       |
|    clip_range           | 0.2         |
|    entropy_loss         | -0.421      |
|    explained_variance   | 0.626       |
|    learning_rate        | 0.0003      |
|    loss                 | 2.7         |
|    n_updates            | 1120        |
|    policy_gradient_loss | -0.00225    |
|    std                  | 0.353       |
|    value_loss           | 1.87        |
-----------------------------------------
-----------------------------------------
| rollout/                |             |
|    ep_len_mean          | 34.1        |
|    ep_rew_mean          | 22          |
|    success_rate         | 1           |
| time/                   |             |
|    fps                  | 1920        |
|    iterations           | 53          |
|    time_elapsed         | 452         |
|    total_timesteps      | 1368352     |
| train/                  |             |
|    approx_kl            | 0.024968244 |
|    clip_fraction        | 0.252       |
|    clip_range           | 0.2         |
|    entropy_loss         | -0.43       |
|    explained_variance   | 0.821       |
|    learning_rate        | 0.0003      |
|    loss                 | 0.593       |
|    n_updates            | 1130        |
|    policy_gradient_loss | -0.00158    |
|    std                  | 0.353       |
|    value_loss           | 0.663       |
-----------------------------------------
-----------------------------------------
| rollout/                |             |
|    ep_len_mean          | 34.8        |
|    ep_rew_mean          | 22.2        |
|    success_rate         | 1           |
| time/                   |             |
|    fps                  | 1921        |
|    iterations           | 54          |
|    time_elapsed         | 460         |
|    total_timesteps      | 1384736     |
| train/                  |             |
|    approx_kl            | 0.019927528 |
|    clip_fraction        | 0.266       |
|    clip_range           | 0.2         |
|    entropy_loss         | -0.455      |
|    explained_variance   | 0.631       |
|    learning_rate        | 0.0003      |
|    loss                 | 1.07        |
|    n_updates            | 1140        |
|    policy_gradient_loss | -0.00157    |
|    std                  | 0.358       |
|    value_loss           | 1.94        |
-----------------------------------------
[2026-05-06 12:13:19] HEARTBEAT steps=885760/1500000 percent= 59.05% rate=  1904.8 step/s eta=   5.37 min
-----------------------------------------
| rollout/                |             |
|    ep_len_mean          | 34          |
|    ep_rew_mean          | 21.8        |
|    success_rate         | 0.99        |
| time/                   |             |
|    fps                  | 1920        |
|    iterations           | 55          |
|    time_elapsed         | 469         |
|    total_timesteps      | 1401120     |
| train/                  |             |
|    approx_kl            | 0.018822309 |
|    clip_fraction        | 0.242       |
|    clip_range           | 0.2         |
|    entropy_loss         | -0.454      |
|    explained_variance   | 0.768       |
|    learning_rate        | 0.0003      |
|    loss                 | 0.972       |
|    n_updates            | 1150        |
|    policy_gradient_loss | -0.00299    |
|    std                  | 0.358       |
|    value_loss           | 0.916       |
-----------------------------------------
-----------------------------------------
| rollout/                |             |
|    ep_len_mean          | 33.9        |
|    ep_rew_mean          | 21.5        |
|    success_rate         | 0.98        |
| time/                   |             |
|    fps                  | 1919        |
|    iterations           | 56          |
|    time_elapsed         | 477         |
|    total_timesteps      | 1417504     |
| train/                  |             |
|    approx_kl            | 0.024457235 |
|    clip_fraction        | 0.251       |
|    clip_range           | 0.2         |
|    entropy_loss         | -0.441      |
|    explained_variance   | 0.802       |
|    learning_rate        | 0.0003      |
|    loss                 | 0.177       |
|    n_updates            | 1160        |
|    policy_gradient_loss | -0.00187    |
|    std                  | 0.358       |
|    value_loss           | 0.849       |
-----------------------------------------
-----------------------------------------
| rollout/                |             |
|    ep_len_mean          | 34.7        |
|    ep_rew_mean          | 22          |
|    success_rate         | 0.99        |
| time/                   |             |
|    fps                  | 1919        |
|    iterations           | 57          |
|    time_elapsed         | 486         |
|    total_timesteps      | 1433888     |
| train/                  |             |
|    approx_kl            | 0.019282036 |
|    clip_fraction        | 0.246       |
|    clip_range           | 0.2         |
|    entropy_loss         | -0.428      |
|    explained_variance   | 0.81        |
|    learning_rate        | 0.0003      |
|    loss                 | 0.0119      |
|    n_updates            | 1170        |
|    policy_gradient_loss | -0.00194    |
|    std                  | 0.357       |
|    value_loss           | 0.794       |
-----------------------------------------
[2026-05-06 12:13:49] HEARTBEAT steps=950112/1500000 percent= 63.34% rate=  1919.4 step/s eta=   4.77 min
-----------------------------------------
| rollout/                |             |
|    ep_len_mean          | 34.7        |
|    ep_rew_mean          | 22.2        |
|    success_rate         | 1           |
| time/                   |             |
|    fps                  | 1919        |
|    iterations           | 58          |
|    time_elapsed         | 495         |
|    total_timesteps      | 1450272     |
| train/                  |             |
|    approx_kl            | 0.025805574 |
|    clip_fraction        | 0.258       |
|    clip_range           | 0.2         |
|    entropy_loss         | -0.414      |
|    explained_variance   | 0.775       |
|    learning_rate        | 0.0003      |
|    loss                 | 0.286       |
|    n_updates            | 1180        |
|    policy_gradient_loss | -0.00342    |
|    std                  | 0.355       |
|    value_loss           | 0.919       |
-----------------------------------------
-----------------------------------------
| rollout/                |             |
|    ep_len_mean          | 34.9        |
|    ep_rew_mean          | 22          |
|    success_rate         | 0.99        |
| time/                   |             |
|    fps                  | 1919        |
|    iterations           | 59          |
|    time_elapsed         | 503         |
|    total_timesteps      | 1466656     |
| train/                  |             |
|    approx_kl            | 0.026523057 |
|    clip_fraction        | 0.256       |
|    clip_range           | 0.2         |
|    entropy_loss         | -0.391      |
|    explained_variance   | 0.826       |
|    learning_rate        | 0.0003      |
|    loss                 | 0.235       |
|    n_updates            | 1190        |
|    policy_gradient_loss | -0.00169    |
|    std                  | 0.352       |
|    value_loss           | 0.557       |
-----------------------------------------
-----------------------------------------
| rollout/                |             |
|    ep_len_mean          | 34.2        |
|    ep_rew_mean          | 21.6        |
|    success_rate         | 0.98        |
| time/                   |             |
|    fps                  | 1919        |
|    iterations           | 60          |
|    time_elapsed         | 512         |
|    total_timesteps      | 1483040     |
| train/                  |             |
|    approx_kl            | 0.029865524 |
|    clip_fraction        | 0.299       |
|    clip_range           | 0.2         |
|    entropy_loss         | -0.379      |
|    explained_variance   | 0.753       |
|    learning_rate        | 0.0003      |
|    loss                 | 0.0466      |
|    n_updates            | 1200        |
|    policy_gradient_loss | -0.00295    |
|    std                  | 0.351       |
|    value_loss           | 1.1         |
-----------------------------------------
----------------------------------------
| rollout/                |            |
|    ep_len_mean          | 34.9       |
|    ep_rew_mean          | 22.2       |
|    success_rate         | 1          |
| time/                   |            |
|    fps                  | 1919       |
|    iterations           | 61         |
|    time_elapsed         | 520        |
|    total_timesteps      | 1499424    |
| train/                  |            |
|    approx_kl            | 0.03048257 |
|    clip_fraction        | 0.256      |
|    clip_range           | 0.2        |
|    entropy_loss         | -0.358     |
|    explained_variance   | 0.821      |
|    learning_rate        | 0.0003     |
|    loss                 | 0.131      |
|    n_updates            | 1210       |
|    policy_gradient_loss | 0.000173   |
|    std                  | 0.348      |
|    value_loss           | 0.543      |
----------------------------------------
[2026-05-06 12:14:19] CHECKPOINT_SAVED local_step=1000000 global_step=1500000 path=/root/workspace/uav-risk-rl/checkpoints/longtrain_baseline/risk_Rgate8_lambda015_RbarFloor03_s0_step1500000.zip
[2026-05-06 12:14:19] HEARTBEAT steps=1000240/1500000 percent= 66.68% rate=  1905.2 step/s eta=   4.37 min
-----------------------------------------
| rollout/                |             |
|    ep_len_mean          | 34.4        |
|    ep_rew_mean          | 22.1        |
|    success_rate         | 1           |
| time/                   |             |
|    fps                  | 1919        |
|    iterations           | 62          |
|    time_elapsed         | 529         |
|    total_timesteps      | 1515808     |
| train/                  |             |
|    approx_kl            | 0.028135888 |
|    clip_fraction        | 0.306       |
|    clip_range           | 0.2         |
|    entropy_loss         | -0.366      |
|    explained_variance   | 0.719       |
|    learning_rate        | 0.0003      |
|    loss                 | 0.69        |
|    n_updates            | 1220        |
|    policy_gradient_loss | -0.00171    |
|    std                  | 0.352       |
|    value_loss           | 1.36        |
-----------------------------------------
-----------------------------------------
| rollout/                |             |
|    ep_len_mean          | 34.5        |
|    ep_rew_mean          | 21.9        |
|    success_rate         | 0.99        |
| time/                   |             |
|    fps                  | 1919        |
|    iterations           | 63          |
|    time_elapsed         | 537         |
|    total_timesteps      | 1532192     |
| train/                  |             |
|    approx_kl            | 0.021806404 |
|    clip_fraction        | 0.258       |
|    clip_range           | 0.2         |
|    entropy_loss         | -0.39       |
|    explained_variance   | 0.685       |
|    learning_rate        | 0.0003      |
|    loss                 | 0.619       |
|    n_updates            | 1230        |
|    policy_gradient_loss | -0.0014     |
|    std                  | 0.354       |
|    value_loss           | 1.6         |
-----------------------------------------
-----------------------------------------
| rollout/                |             |
|    ep_len_mean          | 34          |
|    ep_rew_mean          | 21.6        |
|    success_rate         | 0.98        |
| time/                   |             |
|    fps                  | 1919        |
|    iterations           | 64          |
|    time_elapsed         | 546         |
|    total_timesteps      | 1548576     |
| train/                  |             |
|    approx_kl            | 0.017906055 |
|    clip_fraction        | 0.239       |
|    clip_range           | 0.2         |
|    entropy_loss         | -0.378      |
|    explained_variance   | 0.872       |
|    learning_rate        | 0.0003      |
|    loss                 | 0.232       |
|    n_updates            | 1240        |
|    policy_gradient_loss | -0.00253    |
|    std                  | 0.353       |
|    value_loss           | 0.47        |
-----------------------------------------
-----------------------------------------
| rollout/                |             |
|    ep_len_mean          | 34.4        |
|    ep_rew_mean          | 21.9        |
|    success_rate         | 0.99        |
| time/                   |             |
|    fps                  | 1919        |
|    iterations           | 65          |
|    time_elapsed         | 554         |
|    total_timesteps      | 1564960     |
| train/                  |             |
|    approx_kl            | 0.027811192 |
|    clip_fraction        | 0.269       |
|    clip_range           | 0.2         |
|    entropy_loss         | -0.382      |
|    explained_variance   | 0.743       |
|    learning_rate        | 0.0003      |
|    loss                 | 0.385       |
|    n_updates            | 1250        |
|    policy_gradient_loss | -0.00274    |
|    std                  | 0.357       |
|    value_loss           | 1.07        |
-----------------------------------------
[2026-05-06 12:14:53] HEARTBEAT steps=1064976/1500000 percent= 71.00% rate=  1905.0 step/s eta=   3.81 min
-----------------------------------------
| rollout/                |             |
|    ep_len_mean          | 34.2        |
|    ep_rew_mean          | 22          |
|    success_rate         | 1           |
| time/                   |             |
|    fps                  | 1920        |
|    iterations           | 66          |
|    time_elapsed         | 563         |
|    total_timesteps      | 1581344     |
| train/                  |             |
|    approx_kl            | 0.019333906 |
|    clip_fraction        | 0.248       |
|    clip_range           | 0.2         |
|    entropy_loss         | -0.376      |
|    explained_variance   | 0.816       |
|    learning_rate        | 0.0003      |
|    loss                 | 0.081       |
|    n_updates            | 1260        |
|    policy_gradient_loss | -0.00077    |
|    std                  | 0.356       |
|    value_loss           | 0.649       |
-----------------------------------------
-----------------------------------------
| rollout/                |             |
|    ep_len_mean          | 34.6        |
|    ep_rew_mean          | 22.1        |
|    success_rate         | 1           |
| time/                   |             |
|    fps                  | 1920        |
|    iterations           | 67          |
|    time_elapsed         | 571         |
|    total_timesteps      | 1597728     |
| train/                  |             |
|    approx_kl            | 0.026506942 |
|    clip_fraction        | 0.27        |
|    clip_range           | 0.2         |
|    entropy_loss         | -0.369      |
|    explained_variance   | 0.771       |
|    learning_rate        | 0.0003      |
|    loss                 | 0.0508      |
|    n_updates            | 1270        |
|    policy_gradient_loss | -0.00222    |
|    std                  | 0.356       |
|    value_loss           | 0.818       |
-----------------------------------------
-----------------------------------------
| rollout/                |             |
|    ep_len_mean          | 34.4        |
|    ep_rew_mean          | 21.8        |
|    success_rate         | 0.99        |
| time/                   |             |
|    fps                  | 1920        |
|    iterations           | 68          |
|    time_elapsed         | 580         |
|    total_timesteps      | 1614112     |
| train/                  |             |
|    approx_kl            | 0.025598418 |
|    clip_fraction        | 0.256       |
|    clip_range           | 0.2         |
|    entropy_loss         | -0.359      |
|    explained_variance   | 0.825       |
|    learning_rate        | 0.0003      |
|    loss                 | 0.0243      |
|    n_updates            | 1280        |
|    policy_gradient_loss | -0.00357    |
|    std                  | 0.352       |
|    value_loss           | 0.441       |
-----------------------------------------
-----------------------------------------
| rollout/                |             |
|    ep_len_mean          | 34.8        |
|    ep_rew_mean          | 22.2        |
|    success_rate         | 1           |
| time/                   |             |
|    fps                  | 1920        |
|    iterations           | 69          |
|    time_elapsed         | 588         |
|    total_timesteps      | 1630496     |
| train/                  |             |
|    approx_kl            | 0.019417133 |
|    clip_fraction        | 0.235       |
|    clip_range           | 0.2         |
|    entropy_loss         | -0.346      |
|    explained_variance   | 0.784       |
|    learning_rate        | 0.0003      |
|    loss                 | 0.0446      |
|    n_updates            | 1290        |
|    policy_gradient_loss | -0.00403    |
|    std                  | 0.351       |
|    value_loss           | 1.05        |
-----------------------------------------
[2026-05-06 12:15:27] HEARTBEAT steps=1130512/1500000 percent= 75.37% rate=  1906.9 step/s eta=   3.23 min
-----------------------------------------
| rollout/                |             |
|    ep_len_mean          | 34.4        |
|    ep_rew_mean          | 21.9        |
|    success_rate         | 0.99        |
| time/                   |             |
|    fps                  | 1920        |
|    iterations           | 70          |
|    time_elapsed         | 597         |
|    total_timesteps      | 1646880     |
| train/                  |             |
|    approx_kl            | 0.020776343 |
|    clip_fraction        | 0.223       |
|    clip_range           | 0.2         |
|    entropy_loss         | -0.318      |
|    explained_variance   | 0.897       |
|    learning_rate        | 0.0003      |
|    loss                 | 0.00612     |
|    n_updates            | 1300        |
|    policy_gradient_loss | -0.00346    |
|    std                  | 0.349       |
|    value_loss           | 0.413       |
-----------------------------------------
-----------------------------------------
| rollout/                |             |
|    ep_len_mean          | 33.5        |
|    ep_rew_mean          | 21.4        |
|    success_rate         | 0.98        |
| time/                   |             |
|    fps                  | 1920        |
|    iterations           | 71          |
|    time_elapsed         | 605         |
|    total_timesteps      | 1663264     |
| train/                  |             |
|    approx_kl            | 0.033640563 |
|    clip_fraction        | 0.271       |
|    clip_range           | 0.2         |
|    entropy_loss         | -0.335      |
|    explained_variance   | 0.741       |
|    learning_rate        | 0.0003      |
|    loss                 | 0.0446      |
|    n_updates            | 1310        |
|    policy_gradient_loss | -0.0011     |
|    std                  | 0.353       |
|    value_loss           | 1.13        |
-----------------------------------------
-----------------------------------------
| rollout/                |             |
|    ep_len_mean          | 34.2        |
|    ep_rew_mean          | 22.1        |
|    success_rate         | 1           |
| time/                   |             |
|    fps                  | 1919        |
|    iterations           | 72          |
|    time_elapsed         | 614         |
|    total_timesteps      | 1679648     |
| train/                  |             |
|    approx_kl            | 0.018531296 |
|    clip_fraction        | 0.22        |
|    clip_range           | 0.2         |
|    entropy_loss         | -0.33       |
|    explained_variance   | 0.871       |
|    learning_rate        | 0.0003      |
|    loss                 | 0.742       |
|    n_updates            | 1320        |
|    policy_gradient_loss | -0.00314    |
|    std                  | 0.349       |
|    value_loss           | 0.535       |
-----------------------------------------
[2026-05-06 12:15:57] HEARTBEAT steps=1196032/1500000 percent= 79.74% rate=  1920.2 step/s eta=   2.64 min
-----------------------------------------
| rollout/                |             |
|    ep_len_mean          | 34.6        |
|    ep_rew_mean          | 22          |
|    success_rate         | 0.99        |
| time/                   |             |
|    fps                  | 1920        |
|    iterations           | 73          |
|    time_elapsed         | 622         |
|    total_timesteps      | 1696032     |
| train/                  |             |
|    approx_kl            | 0.023769874 |
|    clip_fraction        | 0.257       |
|    clip_range           | 0.2         |
|    entropy_loss         | -0.327      |
|    explained_variance   | 0.813       |
|    learning_rate        | 0.0003      |
|    loss                 | 0.641       |
|    n_updates            | 1330        |
|    policy_gradient_loss | -0.00262    |
|    std                  | 0.353       |
|    value_loss           | 0.79        |
-----------------------------------------
----------------------------------------
| rollout/                |            |
|    ep_len_mean          | 34.7       |
|    ep_rew_mean          | 22         |
|    success_rate         | 0.99       |
| time/                   |            |
|    fps                  | 1920       |
|    iterations           | 74         |
|    time_elapsed         | 631        |
|    total_timesteps      | 1712416    |
| train/                  |            |
|    approx_kl            | 0.03142704 |
|    clip_fraction        | 0.298      |
|    clip_range           | 0.2        |
|    entropy_loss         | -0.367     |
|    explained_variance   | 0.712      |
|    learning_rate        | 0.0003     |
|    loss                 | 0.119      |
|    n_updates            | 1340       |
|    policy_gradient_loss | -0.00253   |
|    std                  | 0.358      |
|    value_loss           | 1.14       |
----------------------------------------
-----------------------------------------
| rollout/                |             |
|    ep_len_mean          | 34.5        |
|    ep_rew_mean          | 22.2        |
|    success_rate         | 1           |
| time/                   |             |
|    fps                  | 1921        |
|    iterations           | 75          |
|    time_elapsed         | 639         |
|    total_timesteps      | 1728800     |
| train/                  |             |
|    approx_kl            | 0.023849636 |
|    clip_fraction        | 0.265       |
|    clip_range           | 0.2         |
|    entropy_loss         | -0.35       |
|    explained_variance   | 0.796       |
|    learning_rate        | 0.0003      |
|    loss                 | 0.00403     |
|    n_updates            | 1350        |
|    policy_gradient_loss | -0.0031     |
|    std                  | 0.352       |
|    value_loss           | 0.328       |
-----------------------------------------
-----------------------------------------
| rollout/                |             |
|    ep_len_mean          | 34.4        |
|    ep_rew_mean          | 22.1        |
|    success_rate         | 1           |
| time/                   |             |
|    fps                  | 1921        |
|    iterations           | 76          |
|    time_elapsed         | 648         |
|    total_timesteps      | 1745184     |
| train/                  |             |
|    approx_kl            | 0.023026971 |
|    clip_fraction        | 0.242       |
|    clip_range           | 0.2         |
|    entropy_loss         | -0.328      |
|    explained_variance   | 0.836       |
|    learning_rate        | 0.0003      |
|    loss                 | 0.00817     |
|    n_updates            | 1360        |
|    policy_gradient_loss | -0.00319    |
|    std                  | 0.353       |
|    value_loss           | 0.459       |
-----------------------------------------
[2026-05-06 12:16:27] HEARTBEAT steps=1246768/1500000 percent= 83.12% rate=  1909.7 step/s eta=   2.21 min
----------------------------------------
| rollout/                |            |
|    ep_len_mean          | 34.5       |
|    ep_rew_mean          | 22         |
|    success_rate         | 0.99       |
| time/                   |            |
|    fps                  | 1921       |
|    iterations           | 77         |
|    time_elapsed         | 656        |
|    total_timesteps      | 1761568    |
| train/                  |            |
|    approx_kl            | 0.02227328 |
|    clip_fraction        | 0.255      |
|    clip_range           | 0.2        |
|    entropy_loss         | -0.299     |
|    explained_variance   | 0.881      |
|    learning_rate        | 0.0003     |
|    loss                 | -0.00746   |
|    n_updates            | 1370       |
|    policy_gradient_loss | -0.00206   |
|    std                  | 0.349      |
|    value_loss           | 0.239      |
----------------------------------------
-----------------------------------------
| rollout/                |             |
|    ep_len_mean          | 34.2        |
|    ep_rew_mean          | 22.1        |
|    success_rate         | 1           |
| time/                   |             |
|    fps                  | 1920        |
|    iterations           | 78          |
|    time_elapsed         | 665         |
|    total_timesteps      | 1777952     |
| train/                  |             |
|    approx_kl            | 0.030259866 |
|    clip_fraction        | 0.295       |
|    clip_range           | 0.2         |
|    entropy_loss         | -0.32       |
|    explained_variance   | 0.733       |
|    learning_rate        | 0.0003      |
|    loss                 | 0.178       |
|    n_updates            | 1380        |
|    policy_gradient_loss | -0.00315    |
|    std                  | 0.354       |
|    value_loss           | 1.24        |
-----------------------------------------
-----------------------------------------
| rollout/                |             |
|    ep_len_mean          | 33.9        |
|    ep_rew_mean          | 21.2        |
|    success_rate         | 0.96        |
| time/                   |             |
|    fps                  | 1920        |
|    iterations           | 79          |
|    time_elapsed         | 674         |
|    total_timesteps      | 1794336     |
| train/                  |             |
|    approx_kl            | 0.020895883 |
|    clip_fraction        | 0.223       |
|    clip_range           | 0.2         |
|    entropy_loss         | -0.31       |
|    explained_variance   | 0.973       |
|    learning_rate        | 0.0003      |
|    loss                 | 0.0185      |
|    n_updates            | 1390        |
|    policy_gradient_loss | -0.00462    |
|    std                  | 0.348       |
|    value_loss           | 0.0339      |
-----------------------------------------
----------------------------------------
| rollout/                |            |
|    ep_len_mean          | 32.9       |
|    ep_rew_mean          | 20.8       |
|    success_rate         | 0.96       |
| time/                   |            |
|    fps                  | 1920       |
|    iterations           | 80         |
|    time_elapsed         | 682        |
|    total_timesteps      | 1810720    |
| train/                  |            |
|    approx_kl            | 0.03208165 |
|    clip_fraction        | 0.288      |
|    clip_range           | 0.2        |
|    entropy_loss         | -0.343     |
|    explained_variance   | 0.548      |
|    learning_rate        | 0.0003     |
|    loss                 | 0.245      |
|    n_updates            | 1400       |
|    policy_gradient_loss | -0.00403   |
|    std                  | 0.355      |
|    value_loss           | 2.81       |
----------------------------------------
[2026-05-06 12:17:01] HEARTBEAT steps=1310736/1500000 percent= 87.38% rate=  1908.2 step/s eta=   1.65 min
-----------------------------------------
| rollout/                |             |
|    ep_len_mean          | 33.9        |
|    ep_rew_mean          | 21.8        |
|    success_rate         | 0.99        |
| time/                   |             |
|    fps                  | 1919        |
|    iterations           | 81          |
|    time_elapsed         | 691         |
|    total_timesteps      | 1827104     |
| train/                  |             |
|    approx_kl            | 0.023879457 |
|    clip_fraction        | 0.25        |
|    clip_range           | 0.2         |
|    entropy_loss         | -0.382      |
|    explained_variance   | 0.684       |
|    learning_rate        | 0.0003      |
|    loss                 | 0.0411      |
|    n_updates            | 1410        |
|    policy_gradient_loss | -0.00398    |
|    std                  | 0.358       |
|    value_loss           | 1.31        |
-----------------------------------------
----------------------------------------
| rollout/                |            |
|    ep_len_mean          | 34.5       |
|    ep_rew_mean          | 21.9       |
|    success_rate         | 0.99       |
| time/                   |            |
|    fps                  | 1919       |
|    iterations           | 82         |
|    time_elapsed         | 699        |
|    total_timesteps      | 1843488    |
| train/                  |            |
|    approx_kl            | 0.02483052 |
|    clip_fraction        | 0.259      |
|    clip_range           | 0.2        |
|    entropy_loss         | -0.364     |
|    explained_variance   | 0.753      |
|    learning_rate        | 0.0003     |
|    loss                 | 0.87       |
|    n_updates            | 1420       |
|    policy_gradient_loss | -0.00261   |
|    std                  | 0.357      |
|    value_loss           | 1.18       |
----------------------------------------
-----------------------------------------
| rollout/                |             |
|    ep_len_mean          | 34.3        |
|    ep_rew_mean          | 21.8        |
|    success_rate         | 0.99        |
| time/                   |             |
|    fps                  | 1918        |
|    iterations           | 83          |
|    time_elapsed         | 708         |
|    total_timesteps      | 1859872     |
| train/                  |             |
|    approx_kl            | 0.026871169 |
|    clip_fraction        | 0.292       |
|    clip_range           | 0.2         |
|    entropy_loss         | -0.377      |
|    explained_variance   | 0.667       |
|    learning_rate        | 0.0003      |
|    loss                 | 0.241       |
|    n_updates            | 1430        |
|    policy_gradient_loss | -0.00376    |
|    std                  | 0.362       |
|    value_loss           | 1.42        |
-----------------------------------------
[2026-05-06 12:17:31] HEARTBEAT steps=1374528/1500000 percent= 91.64% rate=  1917.3 step/s eta=   1.09 min
-----------------------------------------
| rollout/                |             |
|    ep_len_mean          | 34.1        |
|    ep_rew_mean          | 21.5        |
|    success_rate         | 0.98        |
| time/                   |             |
|    fps                  | 1918        |
|    iterations           | 84          |
|    time_elapsed         | 717         |
|    total_timesteps      | 1876256     |
| train/                  |             |
|    approx_kl            | 0.025989603 |
|    clip_fraction        | 0.273       |
|    clip_range           | 0.2         |
|    entropy_loss         | -0.397      |
|    explained_variance   | 0.705       |
|    learning_rate        | 0.0003      |
|    loss                 | 0.0569      |
|    n_updates            | 1440        |
|    policy_gradient_loss | -0.00302    |
|    std                  | 0.362       |
|    value_loss           | 1.32        |
-----------------------------------------
-----------------------------------------
| rollout/                |             |
|    ep_len_mean          | 33.6        |
|    ep_rew_mean          | 21.3        |
|    success_rate         | 0.97        |
| time/                   |             |
|    fps                  | 1918        |
|    iterations           | 85          |
|    time_elapsed         | 725         |
|    total_timesteps      | 1892640     |
| train/                  |             |
|    approx_kl            | 0.026715593 |
|    clip_fraction        | 0.274       |
|    clip_range           | 0.2         |
|    entropy_loss         | -0.384      |
|    explained_variance   | 0.754       |
|    learning_rate        | 0.0003      |
|    loss                 | 0.0494      |
|    n_updates            | 1450        |
|    policy_gradient_loss | -0.00194    |
|    std                  | 0.361       |
|    value_loss           | 0.802       |
-----------------------------------------
-----------------------------------------
| rollout/                |             |
|    ep_len_mean          | 33.5        |
|    ep_rew_mean          | 21.3        |
|    success_rate         | 0.97        |
| time/                   |             |
|    fps                  | 1918        |
|    iterations           | 86          |
|    time_elapsed         | 734         |
|    total_timesteps      | 1909024     |
| train/                  |             |
|    approx_kl            | 0.027642585 |
|    clip_fraction        | 0.279       |
|    clip_range           | 0.2         |
|    entropy_loss         | -0.382      |
|    explained_variance   | 0.757       |
|    learning_rate        | 0.0003      |
|    loss                 | 0.0251      |
|    n_updates            | 1460        |
|    policy_gradient_loss | -0.00293    |
|    std                  | 0.361       |
|    value_loss           | 1.03        |
-----------------------------------------
----------------------------------------
| rollout/                |            |
|    ep_len_mean          | 33.9       |
|    ep_rew_mean          | 21.4       |
|    success_rate         | 0.97       |
| time/                   |            |
|    fps                  | 1917       |
|    iterations           | 87         |
|    time_elapsed         | 743        |
|    total_timesteps      | 1925408    |
| train/                  |            |
|    approx_kl            | 0.02032075 |
|    clip_fraction        | 0.247      |
|    clip_range           | 0.2        |
|    entropy_loss         | -0.363     |
|    explained_variance   | 0.831      |
|    learning_rate        | 0.0003     |
|    loss                 | 1.11       |
|    n_updates            | 1470       |
|    policy_gradient_loss | -0.00233   |
|    std                  | 0.359      |
|    value_loss           | 0.808      |
----------------------------------------
[2026-05-06 12:18:01] HEARTBEAT steps=1425424/1500000 percent= 95.03% rate=  1907.1 step/s eta=   0.65 min
-----------------------------------------
| rollout/                |             |
|    ep_len_mean          | 34.3        |
|    ep_rew_mean          | 21.9        |
|    success_rate         | 0.99        |
| time/                   |             |
|    fps                  | 1917        |
|    iterations           | 88          |
|    time_elapsed         | 751         |
|    total_timesteps      | 1941792     |
| train/                  |             |
|    approx_kl            | 0.027126638 |
|    clip_fraction        | 0.295       |
|    clip_range           | 0.2         |
|    entropy_loss         | -0.37       |
|    explained_variance   | 0.654       |
|    learning_rate        | 0.0003      |
|    loss                 | 0.576       |
|    n_updates            | 1480        |
|    policy_gradient_loss | -0.00375    |
|    std                  | 0.363       |
|    value_loss           | 1.99        |
-----------------------------------------
-----------------------------------------
| rollout/                |             |
|    ep_len_mean          | 34.1        |
|    ep_rew_mean          | 22.1        |
|    success_rate         | 1           |
| time/                   |             |
|    fps                  | 1917        |
|    iterations           | 89          |
|    time_elapsed         | 760         |
|    total_timesteps      | 1958176     |
| train/                  |             |
|    approx_kl            | 0.024553876 |
|    clip_fraction        | 0.262       |
|    clip_range           | 0.2         |
|    entropy_loss         | -0.368      |
|    explained_variance   | 0.802       |
|    learning_rate        | 0.0003      |
|    loss                 | 0.00949     |
|    n_updates            | 1490        |
|    policy_gradient_loss | -0.00335    |
|    std                  | 0.361       |
|    value_loss           | 0.573       |
-----------------------------------------
-----------------------------------------
| rollout/                |             |
|    ep_len_mean          | 34.2        |
|    ep_rew_mean          | 21.8        |
|    success_rate         | 0.99        |
| time/                   |             |
|    fps                  | 1917        |
|    iterations           | 90          |
|    time_elapsed         | 768         |
|    total_timesteps      | 1974560     |
| train/                  |             |
|    approx_kl            | 0.023669258 |
|    clip_fraction        | 0.275       |
|    clip_range           | 0.2         |
|    entropy_loss         | -0.372      |
|    explained_variance   | 0.729       |
|    learning_rate        | 0.0003      |
|    loss                 | 1.08        |
|    n_updates            | 1500        |
|    policy_gradient_loss | -0.00282    |
|    std                  | 0.364       |
|    value_loss           | 0.994       |
-----------------------------------------
-----------------------------------------
| rollout/                |             |
|    ep_len_mean          | 34.5        |
|    ep_rew_mean          | 22          |
|    success_rate         | 0.99        |
| time/                   |             |
|    fps                  | 1917        |
|    iterations           | 91          |
|    time_elapsed         | 777         |
|    total_timesteps      | 1990944     |
| train/                  |             |
|    approx_kl            | 0.026707437 |
|    clip_fraction        | 0.248       |
|    clip_range           | 0.2         |
|    entropy_loss         | -0.4        |
|    explained_variance   | 0.734       |
|    learning_rate        | 0.0003      |
|    loss                 | 0.1         |
|    n_updates            | 1510        |
|    policy_gradient_loss | -0.00309    |
|    std                  | 0.367       |
|    value_loss           | 1.25        |
-----------------------------------------
[2026-05-06 12:18:35] HEARTBEAT steps=1490960/1500000 percent= 99.40% rate=  1907.7 step/s eta=   0.08 min
[2026-05-06 12:18:38] CHECKPOINT_SAVED local_step=1500000 global_step=2000000 path=/root/workspace/uav-risk-rl/checkpoints/longtrain_baseline/risk_Rgate8_lambda015_RbarFloor03_s0_step2000000.zip
----------------------------------------
| rollout/                |            |
|    ep_len_mean          | 34.5       |
|    ep_rew_mean          | 21.8       |
|    success_rate         | 0.98       |
| time/                   |            |
|    fps                  | 1918       |
|    iterations           | 92         |
|    time_elapsed         | 785        |
|    total_timesteps      | 2007328    |
| train/                  |            |
|    approx_kl            | 0.02394702 |
|    clip_fraction        | 0.257      |
|    clip_range           | 0.2        |
|    entropy_loss         | -0.409     |
|    explained_variance   | 0.745      |
|    learning_rate        | 0.0003     |
|    loss                 | 0.576      |
|    n_updates            | 1520       |
|    policy_gradient_loss | -0.00359   |
|    std                  | 0.369      |
|    value_loss           | 1.1        |
----------------------------------------
[2026-05-06 12:18:44] TRAIN_END elapsed=13.17 min local_steps=1507328 model_num_timesteps=2007328
[2026-05-06 12:18:44] SAVED model=/root/workspace/uav-risk-rl/checkpoints/longtrain_baseline/risk_Rgate8_lambda015_RbarFloor03_s0_step2000000.zip approx_updates=92
