

$ /usr/local/miniconda3/envs/py310/bin/python train.py --method risk_biased_attention_risk_penalty --profile_mode full_12 --agg attention --seed 0 --total_steps 1000000 --n_envs 16 --device cpu --scenario train_random_switch --save_checkpoints true --checkpoint_steps 250000,500000,750000,1000000 --checkpoint_dir /root/workspace/uav-risk-rl/checkpoints/gate2b --log_dir /root/workspace/uav-risk-rl/runs/gate2b/risk_biased_attention_risk_penalty_s0 --run_name risk_biased_attention_risk_penalty --save_path /root/workspace/uav-risk-rl/checkpoints/gate2b/risk_biased_attention_risk_penalty_s0_step1000000.zip --heartbeat_seconds 30 --use_safety_cost true --cost_type risk_sum --fallback_penalty true --beta_cost 5.0 --use_risk_bias true --lambda_bias 0.2
[2026-05-06 12:50:58] CONFIG agg=attention seed=0 total_steps=1000000 n_envs=16 device=cpu scenario=train_random_switch use_rbar=False rbar_floor=0.0 hidden_dim=64 r_gate=5.0 lambda_ewma=0.1 sigma_min=0.05 run_name=risk_biased_attention_risk_penalty method=risk_biased_attention_risk_penalty resume_from=none resume_global_step=0 use_safety_cost=True cost_type=risk_sum fallback_penalty=True beta_cost=5.0 use_risk_bias=True lambda_bias=0.2
FALLBACK: cost-penalty, not PPO-Lagrangian.
Using cpu device
Logging to /root/workspace/uav-risk-rl/runs/gate2b/risk_biased_attention_risk_penalty_s0/PPO_1
[2026-05-06 12:50:59] TRAIN_START total_steps=1000000 start_num_timesteps=0
---------------------------------
| rollout/           |          |
|    ep_len_mean     | 119      |
|    ep_rew_mean     | -57      |
|    success_rate    | 0        |
| time/              |          |
|    fps             | 3586     |
|    iterations      | 1        |
|    time_elapsed    | 4        |
|    total_timesteps | 16384    |
---------------------------------
------------------------------------------
| rollout/                |              |
|    ep_len_mean          | 166          |
|    ep_rew_mean          | -51          |
|    success_rate         | 0            |
| time/                   |              |
|    fps                  | 2112         |
|    iterations           | 2            |
|    time_elapsed         | 15           |
|    total_timesteps      | 32768        |
| train/                  |              |
|    approx_kl            | 0.0057976237 |
|    clip_fraction        | 0.0578       |
|    clip_range           | 0.2          |
|    entropy_loss         | -4.25        |
|    explained_variance   | -0.00228     |
|    learning_rate        | 0.0003       |
|    loss                 | 9.63         |
|    n_updates            | 10           |
|    policy_gradient_loss | -0.00565     |
|    std                  | 1            |
|    value_loss           | 33.3         |
------------------------------------------
-----------------------------------------
| rollout/                |             |
|    ep_len_mean          | 175         |
|    ep_rew_mean          | -50.7       |
|    success_rate         | 0           |
| time/                   |             |
|    fps                  | 1973        |
|    iterations           | 3           |
|    time_elapsed         | 24          |
|    total_timesteps      | 49152       |
| train/                  |             |
|    approx_kl            | 0.007972357 |
|    clip_fraction        | 0.0906      |
|    clip_range           | 0.2         |
|    entropy_loss         | -4.26       |
|    explained_variance   | 0.595       |
|    learning_rate        | 0.0003      |
|    loss                 | 4.37        |
|    n_updates            | 20          |
|    policy_gradient_loss | -0.00723    |
|    std                  | 1           |
|    value_loss           | 12.5        |
-----------------------------------------
[2026-05-06 12:51:29] HEARTBEAT steps=49216/1000000 percent=  4.92% rate=  1640.5 step/s eta=   9.66 min
-----------------------------------------
| rollout/                |             |
|    ep_len_mean          | 180         |
|    ep_rew_mean          | -46.5       |
|    success_rate         | 0           |
| time/                   |             |
|    fps                  | 1904        |
|    iterations           | 4           |
|    time_elapsed         | 34          |
|    total_timesteps      | 65536       |
| train/                  |             |
|    approx_kl            | 0.009979997 |
|    clip_fraction        | 0.117       |
|    clip_range           | 0.2         |
|    entropy_loss         | -4.23       |
|    explained_variance   | 0.699       |
|    learning_rate        | 0.0003      |
|    loss                 | 4.22        |
|    n_updates            | 30          |
|    policy_gradient_loss | -0.00883    |
|    std                  | 0.986       |
|    value_loss           | 8.67        |
-----------------------------------------
-----------------------------------------
| rollout/                |             |
|    ep_len_mean          | 189         |
|    ep_rew_mean          | -42.3       |
|    success_rate         | 0           |
| time/                   |             |
|    fps                  | 1867        |
|    iterations           | 5           |
|    time_elapsed         | 43          |
|    total_timesteps      | 81920       |
| train/                  |             |
|    approx_kl            | 0.013732782 |
|    clip_fraction        | 0.151       |
|    clip_range           | 0.2         |
|    entropy_loss         | -4.18       |
|    explained_variance   | 0.749       |
|    learning_rate        | 0.0003      |
|    loss                 | 1.89        |
|    n_updates            | 40          |
|    policy_gradient_loss | -0.00952    |
|    std                  | 0.969       |
|    value_loss           | 6.43        |
-----------------------------------------
---------------------------------------
| rollout/                |           |
|    ep_len_mean          | 193       |
|    ep_rew_mean          | -37.8     |
|    success_rate         | 0         |
| time/                   |           |
|    fps                  | 1850      |
|    iterations           | 6         |
|    time_elapsed         | 53        |
|    total_timesteps      | 98304     |
| train/                  |           |
|    approx_kl            | 0.0125603 |
|    clip_fraction        | 0.175     |
|    clip_range           | 0.2       |
|    entropy_loss         | -4.13     |
|    explained_variance   | 0.788     |
|    learning_rate        | 0.0003    |
|    loss                 | 1.28      |
|    n_updates            | 50        |
|    policy_gradient_loss | -0.0132   |
|    std                  | 0.957     |
|    value_loss           | 2.74      |
---------------------------------------
[2026-05-06 12:51:59] HEARTBEAT steps=106592/1000000 percent= 10.66% rate=  1776.4 step/s eta=   8.38 min
-----------------------------------------
| rollout/                |             |
|    ep_len_mean          | 191         |
|    ep_rew_mean          | -34         |
|    success_rate         | 0           |
| time/                   |             |
|    fps                  | 1847        |
|    iterations           | 7           |
|    time_elapsed         | 62          |
|    total_timesteps      | 114688      |
| train/                  |             |
|    approx_kl            | 0.015524998 |
|    clip_fraction        | 0.195       |
|    clip_range           | 0.2         |
|    entropy_loss         | -4.1        |
|    explained_variance   | 0.711       |
|    learning_rate        | 0.0003      |
|    loss                 | 0.528       |
|    n_updates            | 60          |
|    policy_gradient_loss | -0.011      |
|    std                  | 0.945       |
|    value_loss           | 2.18        |
-----------------------------------------
-----------------------------------------
| rollout/                |             |
|    ep_len_mean          | 198         |
|    ep_rew_mean          | -28.1       |
|    success_rate         | 0           |
| time/                   |             |
|    fps                  | 1838        |
|    iterations           | 8           |
|    time_elapsed         | 71          |
|    total_timesteps      | 131072      |
| train/                  |             |
|    approx_kl            | 0.017174711 |
|    clip_fraction        | 0.224       |
|    clip_range           | 0.2         |
|    entropy_loss         | -4.02       |
|    explained_variance   | 0.683       |
|    learning_rate        | 0.0003      |
|    loss                 | 0.228       |
|    n_updates            | 70          |
|    policy_gradient_loss | -0.0142     |
|    std                  | 0.921       |
|    value_loss           | 0.738       |
-----------------------------------------
-----------------------------------------
| rollout/                |             |
|    ep_len_mean          | 198         |
|    ep_rew_mean          | -23.6       |
|    success_rate         | 0           |
| time/                   |             |
|    fps                  | 1830        |
|    iterations           | 9           |
|    time_elapsed         | 80          |
|    total_timesteps      | 147456      |
| train/                  |             |
|    approx_kl            | 0.019578012 |
|    clip_fraction        | 0.247       |
|    clip_range           | 0.2         |
|    entropy_loss         | -3.95       |
|    explained_variance   | 0.566       |
|    learning_rate        | 0.0003      |
|    loss                 | 0.169       |
|    n_updates            | 80          |
|    policy_gradient_loss | -0.0189     |
|    std                  | 0.897       |
|    value_loss           | 0.457       |
-----------------------------------------
----------------------------------------
| rollout/                |            |
|    ep_len_mean          | 200        |
|    ep_rew_mean          | -20        |
|    success_rate         | 0          |
| time/                   |            |
|    fps                  | 1827       |
|    iterations           | 10         |
|    time_elapsed         | 89         |
|    total_timesteps      | 163840     |
| train/                  |            |
|    approx_kl            | 0.01976635 |
|    clip_fraction        | 0.259      |
|    clip_range           | 0.2        |
|    entropy_loss         | -3.85      |
|    explained_variance   | 0.688      |
|    learning_rate        | 0.0003     |
|    loss                 | 0.122      |
|    n_updates            | 90         |
|    policy_gradient_loss | -0.0224    |
|    std                  | 0.868      |
|    value_loss           | 0.355      |
----------------------------------------
[2026-05-06 12:52:34] HEARTBEAT steps=163856/1000000 percent= 16.39% rate=  1733.0 step/s eta=   8.04 min
-----------------------------------------
| rollout/                |             |
|    ep_len_mean          | 200         |
|    ep_rew_mean          | -16.8       |
|    success_rate         | 0           |
| time/                   |             |
|    fps                  | 1823        |
|    iterations           | 11          |
|    time_elapsed         | 98          |
|    total_timesteps      | 180224      |
| train/                  |             |
|    approx_kl            | 0.019140404 |
|    clip_fraction        | 0.252       |
|    clip_range           | 0.2         |
|    entropy_loss         | -3.75       |
|    explained_variance   | 0.805       |
|    learning_rate        | 0.0003      |
|    loss                 | 0.0618      |
|    n_updates            | 100         |
|    policy_gradient_loss | -0.0217     |
|    std                  | 0.839       |
|    value_loss           | 0.306       |
-----------------------------------------
-----------------------------------------
| rollout/                |             |
|    ep_len_mean          | 200         |
|    ep_rew_mean          | -13.7       |
|    success_rate         | 0           |
| time/                   |             |
|    fps                  | 1814        |
|    iterations           | 12          |
|    time_elapsed         | 108         |
|    total_timesteps      | 196608      |
| train/                  |             |
|    approx_kl            | 0.018221904 |
|    clip_fraction        | 0.234       |
|    clip_range           | 0.2         |
|    entropy_loss         | -3.65       |
|    explained_variance   | 0.865       |
|    learning_rate        | 0.0003      |
|    loss                 | 0.152       |
|    n_updates            | 110         |
|    policy_gradient_loss | -0.0198     |
|    std                  | 0.809       |
|    value_loss           | 0.268       |
-----------------------------------------
----------------------------------------
| rollout/                |            |
|    ep_len_mean          | 199        |
|    ep_rew_mean          | -11        |
|    success_rate         | 0.02       |
| time/                   |            |
|    fps                  | 1808       |
|    iterations           | 13         |
|    time_elapsed         | 117        |
|    total_timesteps      | 212992     |
| train/                  |            |
|    approx_kl            | 0.01947996 |
|    clip_fraction        | 0.24       |
|    clip_range           | 0.2        |
|    entropy_loss         | -3.54      |
|    explained_variance   | 0.918      |
|    learning_rate        | 0.0003     |
|    loss                 | 0.0531     |
|    n_updates            | 120        |
|    policy_gradient_loss | -0.0193    |
|    std                  | 0.779      |
|    value_loss           | 0.252      |
----------------------------------------
[2026-05-06 12:53:04] HEARTBEAT steps=219264/1000000 percent= 21.93% rate=  1760.4 step/s eta=   7.39 min
-----------------------------------------
| rollout/                |             |
|    ep_len_mean          | 197         |
|    ep_rew_mean          | -8.66       |
|    success_rate         | 0.06        |
| time/                   |             |
|    fps                  | 1803        |
|    iterations           | 14          |
|    time_elapsed         | 127         |
|    total_timesteps      | 229376      |
| train/                  |             |
|    approx_kl            | 0.025125753 |
|    clip_fraction        | 0.24        |
|    clip_range           | 0.2         |
|    entropy_loss         | -3.44       |
|    explained_variance   | 0.854       |
|    learning_rate        | 0.0003      |
|    loss                 | 0.104       |
|    n_updates            | 130         |
|    policy_gradient_loss | -0.0115     |
|    std                  | 0.753       |
|    value_loss           | 0.765       |
-----------------------------------------
----------------------------------------
| rollout/                |            |
|    ep_len_mean          | 194        |
|    ep_rew_mean          | -6.98      |
|    success_rate         | 0.09       |
| time/                   |            |
|    fps                  | 1802       |
|    iterations           | 15         |
|    time_elapsed         | 136        |
|    total_timesteps      | 245760     |
| train/                  |            |
|    approx_kl            | 0.02261937 |
|    clip_fraction        | 0.226      |
|    clip_range           | 0.2        |
|    entropy_loss         | -3.35      |
|    explained_variance   | 0.797      |
|    learning_rate        | 0.0003     |
|    loss                 | 0.169      |
|    n_updates            | 140        |
|    policy_gradient_loss | -0.00651   |
|    std                  | 0.731      |
|    value_loss           | 1.46       |
----------------------------------------
[2026-05-06 12:53:22] CHECKPOINT_SAVED local_step=250000 global_step=250000 path=/root/workspace/uav-risk-rl/checkpoints/gate2b/risk_biased_attention_risk_penalty_s0_step250000.zip
----------------------------------------
| rollout/                |            |
|    ep_len_mean          | 186        |
|    ep_rew_mean          | -3.59      |
|    success_rate         | 0.2        |
| time/                   |            |
|    fps                  | 1804       |
|    iterations           | 16         |
|    time_elapsed         | 145        |
|    total_timesteps      | 262144     |
| train/                  |            |
|    approx_kl            | 0.01729092 |
|    clip_fraction        | 0.184      |
|    clip_range           | 0.2        |
|    entropy_loss         | -3.29      |
|    explained_variance   | 0.752      |
|    learning_rate        | 0.0003     |
|    loss                 | 0.26       |
|    n_updates            | 150        |
|    policy_gradient_loss | -0.00591   |
|    std                  | 0.718      |
|    value_loss           | 1.64       |
----------------------------------------
[2026-05-06 12:53:34] HEARTBEAT steps=278400/1000000 percent= 27.84% rate=  1801.3 step/s eta=   6.68 min
-----------------------------------------
| rollout/                |             |
|    ep_len_mean          | 169         |
|    ep_rew_mean          | -0.00169    |
|    success_rate         | 0.39        |
| time/                   |             |
|    fps                  | 1801        |
|    iterations           | 17          |
|    time_elapsed         | 154         |
|    total_timesteps      | 278528      |
| train/                  |             |
|    approx_kl            | 0.016394177 |
|    clip_fraction        | 0.176       |
|    clip_range           | 0.2         |
|    entropy_loss         | -3.26       |
|    explained_variance   | 0.59        |
|    learning_rate        | 0.0003      |
|    loss                 | 2.11        |
|    n_updates            | 160         |
|    policy_gradient_loss | -0.006      |
|    std                  | 0.715       |
|    value_loss           | 4.28        |
-----------------------------------------
-----------------------------------------
| rollout/                |             |
|    ep_len_mean          | 155         |
|    ep_rew_mean          | 4.28        |
|    success_rate         | 0.55        |
| time/                   |             |
|    fps                  | 1797        |
|    iterations           | 18          |
|    time_elapsed         | 164         |
|    total_timesteps      | 294912      |
| train/                  |             |
|    approx_kl            | 0.022536255 |
|    clip_fraction        | 0.202       |
|    clip_range           | 0.2         |
|    entropy_loss         | -3.23       |
|    explained_variance   | 0.508       |
|    learning_rate        | 0.0003      |
|    loss                 | 2.39        |
|    n_updates            | 170         |
|    policy_gradient_loss | -9.46e-06   |
|    std                  | 0.708       |
|    value_loss           | 5.81        |
-----------------------------------------
-----------------------------------------
| rollout/                |             |
|    ep_len_mean          | 129         |
|    ep_rew_mean          | 9           |
|    success_rate         | 0.77        |
| time/                   |             |
|    fps                  | 1793        |
|    iterations           | 19          |
|    time_elapsed         | 173         |
|    total_timesteps      | 311296      |
| train/                  |             |
|    approx_kl            | 0.016150992 |
|    clip_fraction        | 0.154       |
|    clip_range           | 0.2         |
|    entropy_loss         | -3.2        |
|    explained_variance   | 0.571       |
|    learning_rate        | 0.0003      |
|    loss                 | 2.46        |
|    n_updates            | 180         |
|    policy_gradient_loss | -0.00472    |
|    std                  | 0.701       |
|    value_loss           | 8.06        |
-----------------------------------------
-----------------------------------------
| rollout/                |             |
|    ep_len_mean          | 117         |
|    ep_rew_mean          | 10.6        |
|    success_rate         | 0.84        |
| time/                   |             |
|    fps                  | 1791        |
|    iterations           | 20          |
|    time_elapsed         | 182         |
|    total_timesteps      | 327680      |
| train/                  |             |
|    approx_kl            | 0.013510132 |
|    clip_fraction        | 0.142       |
|    clip_range           | 0.2         |
|    entropy_loss         | -3.16       |
|    explained_variance   | 0.558       |
|    learning_rate        | 0.0003      |
|    loss                 | 3.14        |
|    n_updates            | 190         |
|    policy_gradient_loss | -0.00751    |
|    std                  | 0.689       |
|    value_loss           | 10.6        |
-----------------------------------------
[2026-05-06 12:54:07] HEARTBEAT steps=327696/1000000 percent= 32.77% rate=  1743.1 step/s eta=   6.43 min
---------------------------------------
| rollout/                |           |
|    ep_len_mean          | 102       |
|    ep_rew_mean          | 12.7      |
|    success_rate         | 0.86      |
| time/                   |           |
|    fps                  | 1788      |
|    iterations           | 21        |
|    time_elapsed         | 192       |
|    total_timesteps      | 344064    |
| train/                  |           |
|    approx_kl            | 0.0187434 |
|    clip_fraction        | 0.172     |
|    clip_range           | 0.2       |
|    entropy_loss         | -3.12     |
|    explained_variance   | 0.626     |
|    learning_rate        | 0.0003    |
|    loss                 | 4.45      |
|    n_updates            | 200       |
|    policy_gradient_loss | -0.00385  |
|    std                  | 0.684     |
|    value_loss           | 9.32      |
---------------------------------------
-----------------------------------------
| rollout/                |             |
|    ep_len_mean          | 90.1        |
|    ep_rew_mean          | 14.6        |
|    success_rate         | 0.95        |
| time/                   |             |
|    fps                  | 1786        |
|    iterations           | 22          |
|    time_elapsed         | 201         |
|    total_timesteps      | 360448      |
| train/                  |             |
|    approx_kl            | 0.019448048 |
|    clip_fraction        | 0.194       |
|    clip_range           | 0.2         |
|    entropy_loss         | -3.09       |
|    explained_variance   | 0.647       |
|    learning_rate        | 0.0003      |
|    loss                 | 3.66        |
|    n_updates            | 210         |
|    policy_gradient_loss | -0.00633    |
|    std                  | 0.677       |
|    value_loss           | 8.22        |
-----------------------------------------
-----------------------------------------
| rollout/                |             |
|    ep_len_mean          | 79.6        |
|    ep_rew_mean          | 15.9        |
|    success_rate         | 0.97        |
| time/                   |             |
|    fps                  | 1786        |
|    iterations           | 23          |
|    time_elapsed         | 210         |
|    total_timesteps      | 376832      |
| train/                  |             |
|    approx_kl            | 0.017723437 |
|    clip_fraction        | 0.181       |
|    clip_range           | 0.2         |
|    entropy_loss         | -3.06       |
|    explained_variance   | 0.704       |
|    learning_rate        | 0.0003      |
|    loss                 | 2.66        |
|    n_updates            | 220         |
|    policy_gradient_loss | -0.0064     |
|    std                  | 0.67        |
|    value_loss           | 7.93        |
-----------------------------------------
[2026-05-06 12:54:37] HEARTBEAT steps=385056/1000000 percent= 38.51% rate=  1766.3 step/s eta=   5.80 min
-----------------------------------------
| rollout/                |             |
|    ep_len_mean          | 67.7        |
|    ep_rew_mean          | 17.2        |
|    success_rate         | 0.99        |
| time/                   |             |
|    fps                  | 1786        |
|    iterations           | 24          |
|    time_elapsed         | 220         |
|    total_timesteps      | 393216      |
| train/                  |             |
|    approx_kl            | 0.017275821 |
|    clip_fraction        | 0.192       |
|    clip_range           | 0.2         |
|    entropy_loss         | -3.02       |
|    explained_variance   | 0.635       |
|    learning_rate        | 0.0003      |
|    loss                 | 3.95        |
|    n_updates            | 230         |
|    policy_gradient_loss | -0.00813    |
|    std                  | 0.659       |
|    value_loss           | 6.46        |
-----------------------------------------
-----------------------------------------
| rollout/                |             |
|    ep_len_mean          | 61.1        |
|    ep_rew_mean          | 18          |
|    success_rate         | 1           |
| time/                   |             |
|    fps                  | 1786        |
|    iterations           | 25          |
|    time_elapsed         | 229         |
|    total_timesteps      | 409600      |
| train/                  |             |
|    approx_kl            | 0.022870261 |
|    clip_fraction        | 0.228       |
|    clip_range           | 0.2         |
|    entropy_loss         | -2.96       |
|    explained_variance   | 0.54        |
|    learning_rate        | 0.0003      |
|    loss                 | 2.15        |
|    n_updates            | 240         |
|    policy_gradient_loss | -0.00231    |
|    std                  | 0.647       |
|    value_loss           | 4.88        |
-----------------------------------------
-----------------------------------------
| rollout/                |             |
|    ep_len_mean          | 58.6        |
|    ep_rew_mean          | 18.2        |
|    success_rate         | 1           |
| time/                   |             |
|    fps                  | 1786        |
|    iterations           | 26          |
|    time_elapsed         | 238         |
|    total_timesteps      | 425984      |
| train/                  |             |
|    approx_kl            | 0.016638942 |
|    clip_fraction        | 0.22        |
|    clip_range           | 0.2         |
|    entropy_loss         | -2.9        |
|    explained_variance   | 0.431       |
|    learning_rate        | 0.0003      |
|    loss                 | 0.932       |
|    n_updates            | 250         |
|    policy_gradient_loss | -0.00495    |
|    std                  | 0.635       |
|    value_loss           | 2.17        |
-----------------------------------------
-----------------------------------------
| rollout/                |             |
|    ep_len_mean          | 55.3        |
|    ep_rew_mean          | 19.1        |
|    success_rate         | 1           |
| time/                   |             |
|    fps                  | 1787        |
|    iterations           | 27          |
|    time_elapsed         | 247         |
|    total_timesteps      | 442368      |
| train/                  |             |
|    approx_kl            | 0.026454888 |
|    clip_fraction        | 0.249       |
|    clip_range           | 0.2         |
|    entropy_loss         | -2.86       |
|    explained_variance   | 0.374       |
|    learning_rate        | 0.0003      |
|    loss                 | 0.566       |
|    n_updates            | 260         |
|    policy_gradient_loss | -0.00322    |
|    std                  | 0.627       |
|    value_loss           | 1.96        |
-----------------------------------------
[2026-05-06 12:55:12] HEARTBEAT steps=442384/1000000 percent= 44.24% rate=  1751.9 step/s eta=   5.30 min
-----------------------------------------
| rollout/                |             |
|    ep_len_mean          | 52.4        |
|    ep_rew_mean          | 18.7        |
|    success_rate         | 1           |
| time/                   |             |
|    fps                  | 1786        |
|    iterations           | 28          |
|    time_elapsed         | 256         |
|    total_timesteps      | 458752      |
| train/                  |             |
|    approx_kl            | 0.022201419 |
|    clip_fraction        | 0.239       |
|    clip_range           | 0.2         |
|    entropy_loss         | -2.8        |
|    explained_variance   | 0.333       |
|    learning_rate        | 0.0003      |
|    loss                 | 0.272       |
|    n_updates            | 270         |
|    policy_gradient_loss | -0.00319    |
|    std                  | 0.615       |
|    value_loss           | 1.18        |
-----------------------------------------
-----------------------------------------
| rollout/                |             |
|    ep_len_mean          | 51.5        |
|    ep_rew_mean          | 18.8        |
|    success_rate         | 1           |
| time/                   |             |
|    fps                  | 1784        |
|    iterations           | 29          |
|    time_elapsed         | 266         |
|    total_timesteps      | 475136      |
| train/                  |             |
|    approx_kl            | 0.023947129 |
|    clip_fraction        | 0.25        |
|    clip_range           | 0.2         |
|    entropy_loss         | -2.74       |
|    explained_variance   | 0.314       |
|    learning_rate        | 0.0003      |
|    loss                 | 0.391       |
|    n_updates            | 280         |
|    policy_gradient_loss | -0.00221    |
|    std                  | 0.602       |
|    value_loss           | 1.37        |
-----------------------------------------
----------------------------------------
| rollout/                |            |
|    ep_len_mean          | 50.6       |
|    ep_rew_mean          | 19.4       |
|    success_rate         | 1          |
| time/                   |            |
|    fps                  | 1785       |
|    iterations           | 30         |
|    time_elapsed         | 275        |
|    total_timesteps      | 491520     |
| train/                  |            |
|    approx_kl            | 0.02878892 |
|    clip_fraction        | 0.272      |
|    clip_range           | 0.2        |
|    entropy_loss         | -2.66      |
|    explained_variance   | 0.515      |
|    learning_rate        | 0.0003     |
|    loss                 | 0.204      |
|    n_updates            | 290        |
|    policy_gradient_loss | -0.00461   |
|    std                  | 0.585      |
|    value_loss           | 0.575      |
----------------------------------------
[2026-05-06 12:55:42] CHECKPOINT_SAVED local_step=500000 global_step=500000 path=/root/workspace/uav-risk-rl/checkpoints/gate2b/risk_biased_attention_risk_penalty_s0_step500000.zip
[2026-05-06 12:55:42] HEARTBEAT steps=500208/1000000 percent= 50.02% rate=  1770.5 step/s eta=   4.70 min
----------------------------------------
| rollout/                |            |
|    ep_len_mean          | 50.5       |
|    ep_rew_mean          | 19.8       |
|    success_rate         | 1          |
| time/                   |            |
|    fps                  | 1784       |
|    iterations           | 31         |
|    time_elapsed         | 284        |
|    total_timesteps      | 507904     |
| train/                  |            |
|    approx_kl            | 0.02371894 |
|    clip_fraction        | 0.249      |
|    clip_range           | 0.2        |
|    entropy_loss         | -2.57      |
|    explained_variance   | 0.64       |
|    learning_rate        | 0.0003     |
|    loss                 | 0.158      |
|    n_updates            | 300        |
|    policy_gradient_loss | -0.00735   |
|    std                  | 0.567      |
|    value_loss           | 0.444      |
----------------------------------------
-----------------------------------------
| rollout/                |             |
|    ep_len_mean          | 49.4        |
|    ep_rew_mean          | 19.9        |
|    success_rate         | 1           |
| time/                   |             |
|    fps                  | 1783        |
|    iterations           | 32          |
|    time_elapsed         | 293         |
|    total_timesteps      | 524288      |
| train/                  |             |
|    approx_kl            | 0.021700181 |
|    clip_fraction        | 0.241       |
|    clip_range           | 0.2         |
|    entropy_loss         | -2.49       |
|    explained_variance   | 0.702       |
|    learning_rate        | 0.0003      |
|    loss                 | 0.0852      |
|    n_updates            | 310         |
|    policy_gradient_loss | -0.00546    |
|    std                  | 0.554       |
|    value_loss           | 0.452       |
-----------------------------------------
-----------------------------------------
| rollout/                |             |
|    ep_len_mean          | 47.8        |
|    ep_rew_mean          | 20.3        |
|    success_rate         | 1           |
| time/                   |             |
|    fps                  | 1781        |
|    iterations           | 33          |
|    time_elapsed         | 303         |
|    total_timesteps      | 540672      |
| train/                  |             |
|    approx_kl            | 0.021818243 |
|    clip_fraction        | 0.244       |
|    clip_range           | 0.2         |
|    entropy_loss         | -2.43       |
|    explained_variance   | 0.649       |
|    learning_rate        | 0.0003      |
|    loss                 | 0.151       |
|    n_updates            | 320         |
|    policy_gradient_loss | -0.00404    |
|    std                  | 0.542       |
|    value_loss           | 0.536       |
-----------------------------------------
[2026-05-06 12:56:12] HEARTBEAT steps=556448/1000000 percent= 55.64% rate=  1780.5 step/s eta=   4.15 min
-----------------------------------------
| rollout/                |             |
|    ep_len_mean          | 47.5        |
|    ep_rew_mean          | 20.3        |
|    success_rate         | 1           |
| time/                   |             |
|    fps                  | 1781        |
|    iterations           | 34          |
|    time_elapsed         | 312         |
|    total_timesteps      | 557056      |
| train/                  |             |
|    approx_kl            | 0.021716166 |
|    clip_fraction        | 0.244       |
|    clip_range           | 0.2         |
|    entropy_loss         | -2.35       |
|    explained_variance   | 0.791       |
|    learning_rate        | 0.0003      |
|    loss                 | 0.0285      |
|    n_updates            | 330         |
|    policy_gradient_loss | -0.00714    |
|    std                  | 0.526       |
|    value_loss           | 0.255       |
-----------------------------------------
-----------------------------------------
| rollout/                |             |
|    ep_len_mean          | 47          |
|    ep_rew_mean          | 20.5        |
|    success_rate         | 1           |
| time/                   |             |
|    fps                  | 1781        |
|    iterations           | 35          |
|    time_elapsed         | 321         |
|    total_timesteps      | 573440      |
| train/                  |             |
|    approx_kl            | 0.025555454 |
|    clip_fraction        | 0.245       |
|    clip_range           | 0.2         |
|    entropy_loss         | -2.28       |
|    explained_variance   | 0.725       |
|    learning_rate        | 0.0003      |
|    loss                 | 0.121       |
|    n_updates            | 340         |
|    policy_gradient_loss | -0.00436    |
|    std                  | 0.516       |
|    value_loss           | 0.352       |
-----------------------------------------
-----------------------------------------
| rollout/                |             |
|    ep_len_mean          | 47.7        |
|    ep_rew_mean          | 20.5        |
|    success_rate         | 1           |
| time/                   |             |
|    fps                  | 1780        |
|    iterations           | 36          |
|    time_elapsed         | 331         |
|    total_timesteps      | 589824      |
| train/                  |             |
|    approx_kl            | 0.035411544 |
|    clip_fraction        | 0.29        |
|    clip_range           | 0.2         |
|    entropy_loss         | -2.24       |
|    explained_variance   | 0.507       |
|    learning_rate        | 0.0003      |
|    loss                 | 0.112       |
|    n_updates            | 350         |
|    policy_gradient_loss | 0.0028      |
|    std                  | 0.508       |
|    value_loss           | 0.726       |
-----------------------------------------
-----------------------------------------
| rollout/                |             |
|    ep_len_mean          | 46.8        |
|    ep_rew_mean          | 20.5        |
|    success_rate         | 1           |
| time/                   |             |
|    fps                  | 1778        |
|    iterations           | 37          |
|    time_elapsed         | 340         |
|    total_timesteps      | 606208      |
| train/                  |             |
|    approx_kl            | 0.022560235 |
|    clip_fraction        | 0.264       |
|    clip_range           | 0.2         |
|    entropy_loss         | -2.18       |
|    explained_variance   | 0.751       |
|    learning_rate        | 0.0003      |
|    loss                 | 0.0915      |
|    n_updates            | 360         |
|    policy_gradient_loss | -0.00543    |
|    std                  | 0.499       |
|    value_loss           | 0.357       |
-----------------------------------------
[2026-05-06 12:56:45] HEARTBEAT steps=606224/1000000 percent= 60.62% rate=  1753.2 step/s eta=   3.74 min
----------------------------------------
| rollout/                |            |
|    ep_len_mean          | 46.6       |
|    ep_rew_mean          | 20.7       |
|    success_rate         | 1          |
| time/                   |            |
|    fps                  | 1777       |
|    iterations           | 38         |
|    time_elapsed         | 350        |
|    total_timesteps      | 622592     |
| train/                  |            |
|    approx_kl            | 0.02098612 |
|    clip_fraction        | 0.24       |
|    clip_range           | 0.2        |
|    entropy_loss         | -2.11      |
|    explained_variance   | 0.802      |
|    learning_rate        | 0.0003     |
|    loss                 | 0.02       |
|    n_updates            | 370        |
|    policy_gradient_loss | -0.0051    |
|    std                  | 0.487      |
|    value_loss           | 0.22       |
----------------------------------------
----------------------------------------
| rollout/                |            |
|    ep_len_mean          | 45.9       |
|    ep_rew_mean          | 20.6       |
|    success_rate         | 1          |
| time/                   |            |
|    fps                  | 1775       |
|    iterations           | 39         |
|    time_elapsed         | 359        |
|    total_timesteps      | 638976     |
| train/                  |            |
|    approx_kl            | 0.02594824 |
|    clip_fraction        | 0.252      |
|    clip_range           | 0.2        |
|    entropy_loss         | -2.04      |
|    explained_variance   | 0.698      |
|    learning_rate        | 0.0003     |
|    loss                 | 0.0753     |
|    n_updates            | 380        |
|    policy_gradient_loss | -0.00468   |
|    std                  | 0.474      |
|    value_loss           | 0.446      |
----------------------------------------
----------------------------------------
| rollout/                |            |
|    ep_len_mean          | 45.2       |
|    ep_rew_mean          | 20.5       |
|    success_rate         | 1          |
| time/                   |            |
|    fps                  | 1774       |
|    iterations           | 40         |
|    time_elapsed         | 369        |
|    total_timesteps      | 655360     |
| train/                  |            |
|    approx_kl            | 0.03644127 |
|    clip_fraction        | 0.287      |
|    clip_range           | 0.2        |
|    entropy_loss         | -1.97      |
|    explained_variance   | 0.778      |
|    learning_rate        | 0.0003     |
|    loss                 | 0.0939     |
|    n_updates            | 390        |
|    policy_gradient_loss | -0.000872  |
|    std                  | 0.465      |
|    value_loss           | 0.309      |
----------------------------------------
[2026-05-06 12:57:15] HEARTBEAT steps=660208/1000000 percent= 66.02% rate=  1756.9 step/s eta=   3.22 min
-----------------------------------------
| rollout/                |             |
|    ep_len_mean          | 45.8        |
|    ep_rew_mean          | 20.5        |
|    success_rate         | 1           |
| time/                   |             |
|    fps                  | 1772        |
|    iterations           | 41          |
|    time_elapsed         | 378         |
|    total_timesteps      | 671744      |
| train/                  |             |
|    approx_kl            | 0.025449315 |
|    clip_fraction        | 0.266       |
|    clip_range           | 0.2         |
|    entropy_loss         | -1.9        |
|    explained_variance   | 0.876       |
|    learning_rate        | 0.0003      |
|    loss                 | 0.0388      |
|    n_updates            | 400         |
|    policy_gradient_loss | -0.00479    |
|    std                  | 0.453       |
|    value_loss           | 0.156       |
-----------------------------------------
-----------------------------------------
| rollout/                |             |
|    ep_len_mean          | 45.6        |
|    ep_rew_mean          | 21          |
|    success_rate         | 1           |
| time/                   |             |
|    fps                  | 1771        |
|    iterations           | 42          |
|    time_elapsed         | 388         |
|    total_timesteps      | 688128      |
| train/                  |             |
|    approx_kl            | 0.026305176 |
|    clip_fraction        | 0.256       |
|    clip_range           | 0.2         |
|    entropy_loss         | -1.82       |
|    explained_variance   | 0.853       |
|    learning_rate        | 0.0003      |
|    loss                 | 0.0251      |
|    n_updates            | 410         |
|    policy_gradient_loss | -0.00643    |
|    std                  | 0.441       |
|    value_loss           | 0.185       |
-----------------------------------------
-----------------------------------------
| rollout/                |             |
|    ep_len_mean          | 45.3        |
|    ep_rew_mean          | 20.7        |
|    success_rate         | 0.99        |
| time/                   |             |
|    fps                  | 1770        |
|    iterations           | 43          |
|    time_elapsed         | 397         |
|    total_timesteps      | 704512      |
| train/                  |             |
|    approx_kl            | 0.022412933 |
|    clip_fraction        | 0.265       |
|    clip_range           | 0.2         |
|    entropy_loss         | -1.75       |
|    explained_variance   | 0.833       |
|    learning_rate        | 0.0003      |
|    loss                 | 0.0712      |
|    n_updates            | 420         |
|    policy_gradient_loss | -0.00323    |
|    std                  | 0.43        |
|    value_loss           | 0.225       |
-----------------------------------------
[2026-05-06 12:57:45] HEARTBEAT steps=715552/1000000 percent= 71.56% rate=  1763.4 step/s eta=   2.69 min
---------------------------------------
| rollout/                |           |
|    ep_len_mean          | 45.6      |
|    ep_rew_mean          | 21.2      |
|    success_rate         | 1         |
| time/                   |           |
|    fps                  | 1769      |
|    iterations           | 44        |
|    time_elapsed         | 407       |
|    total_timesteps      | 720896    |
| train/                  |           |
|    approx_kl            | 0.0401477 |
|    clip_fraction        | 0.312     |
|    clip_range           | 0.2       |
|    entropy_loss         | -1.72     |
|    explained_variance   | 0.681     |
|    learning_rate        | 0.0003    |
|    loss                 | 0.0139    |
|    n_updates            | 430       |
|    policy_gradient_loss | 0.00259   |
|    std                  | 0.428     |
|    value_loss           | 0.298     |
---------------------------------------
----------------------------------------
| rollout/                |            |
|    ep_len_mean          | 44.9       |
|    ep_rew_mean          | 21         |
|    success_rate         | 1          |
| time/                   |            |
|    fps                  | 1768       |
|    iterations           | 45         |
|    time_elapsed         | 416        |
|    total_timesteps      | 737280     |
| train/                  |            |
|    approx_kl            | 0.03257841 |
|    clip_fraction        | 0.287      |
|    clip_range           | 0.2        |
|    entropy_loss         | -1.67      |
|    explained_variance   | 0.828      |
|    learning_rate        | 0.0003     |
|    loss                 | 0.00885    |
|    n_updates            | 440        |
|    policy_gradient_loss | -0.00131   |
|    std                  | 0.419      |
|    value_loss           | 0.192      |
----------------------------------------
[2026-05-06 12:58:05] CHECKPOINT_SAVED local_step=750000 global_step=750000 path=/root/workspace/uav-risk-rl/checkpoints/gate2b/risk_biased_attention_risk_penalty_s0_step750000.zip
-----------------------------------------
| rollout/                |             |
|    ep_len_mean          | 44.3        |
|    ep_rew_mean          | 20.5        |
|    success_rate         | 1           |
| time/                   |             |
|    fps                  | 1768        |
|    iterations           | 46          |
|    time_elapsed         | 426         |
|    total_timesteps      | 753664      |
| train/                  |             |
|    approx_kl            | 0.026797956 |
|    clip_fraction        | 0.283       |
|    clip_range           | 0.2         |
|    entropy_loss         | -1.58       |
|    explained_variance   | 0.765       |
|    learning_rate        | 0.0003      |
|    loss                 | 0.0158      |
|    n_updates            | 450         |
|    policy_gradient_loss | -0.00269    |
|    std                  | 0.407       |
|    value_loss           | 0.213       |
-----------------------------------------
----------------------------------------
| rollout/                |            |
|    ep_len_mean          | 43.9       |
|    ep_rew_mean          | 21.2       |
|    success_rate         | 1          |
| time/                   |            |
|    fps                  | 1767       |
|    iterations           | 47         |
|    time_elapsed         | 435        |
|    total_timesteps      | 770048     |
| train/                  |            |
|    approx_kl            | 0.03795354 |
|    clip_fraction        | 0.303      |
|    clip_range           | 0.2        |
|    entropy_loss         | -1.53      |
|    explained_variance   | 0.836      |
|    learning_rate        | 0.0003     |
|    loss                 | 0.0365     |
|    n_updates            | 460        |
|    policy_gradient_loss | 0.00101    |
|    std                  | 0.401      |
|    value_loss           | 0.204      |
----------------------------------------
[2026-05-06 12:58:20] HEARTBEAT steps=770064/1000000 percent= 77.01% rate=  1747.3 step/s eta=   2.19 min
-----------------------------------------
| rollout/                |             |
|    ep_len_mean          | 43.9        |
|    ep_rew_mean          | 21.2        |
|    success_rate         | 1           |
| time/                   |             |
|    fps                  | 1766        |
|    iterations           | 48          |
|    time_elapsed         | 445         |
|    total_timesteps      | 786432      |
| train/                  |             |
|    approx_kl            | 0.031435985 |
|    clip_fraction        | 0.299       |
|    clip_range           | 0.2         |
|    entropy_loss         | -1.48       |
|    explained_variance   | 0.755       |
|    learning_rate        | 0.0003      |
|    loss                 | 0.0997      |
|    n_updates            | 470         |
|    policy_gradient_loss | 0.00514     |
|    std                  | 0.395       |
|    value_loss           | 0.261       |
-----------------------------------------
-----------------------------------------
| rollout/                |             |
|    ep_len_mean          | 43.8        |
|    ep_rew_mean          | 21.2        |
|    success_rate         | 1           |
| time/                   |             |
|    fps                  | 1765        |
|    iterations           | 49          |
|    time_elapsed         | 454         |
|    total_timesteps      | 802816      |
| train/                  |             |
|    approx_kl            | 0.026781915 |
|    clip_fraction        | 0.277       |
|    clip_range           | 0.2         |
|    entropy_loss         | -1.43       |
|    explained_variance   | 0.867       |
|    learning_rate        | 0.0003      |
|    loss                 | 0.0162      |
|    n_updates            | 480         |
|    policy_gradient_loss | -0.00237    |
|    std                  | 0.387       |
|    value_loss           | 0.168       |
-----------------------------------------
-----------------------------------------
| rollout/                |             |
|    ep_len_mean          | 42.8        |
|    ep_rew_mean          | 21.2        |
|    success_rate         | 1           |
| time/                   |             |
|    fps                  | 1763        |
|    iterations           | 50          |
|    time_elapsed         | 464         |
|    total_timesteps      | 819200      |
| train/                  |             |
|    approx_kl            | 0.031714626 |
|    clip_fraction        | 0.302       |
|    clip_range           | 0.2         |
|    entropy_loss         | -1.4        |
|    explained_variance   | 0.639       |
|    learning_rate        | 0.0003      |
|    loss                 | 0.065       |
|    n_updates            | 490         |
|    policy_gradient_loss | 0.00254     |
|    std                  | 0.387       |
|    value_loss           | 0.43        |
-----------------------------------------
[2026-05-06 12:58:50] HEARTBEAT steps=823840/1000000 percent= 82.38% rate=  1750.2 step/s eta=   1.68 min
----------------------------------------
| rollout/                |            |
|    ep_len_mean          | 43.3       |
|    ep_rew_mean          | 21         |
|    success_rate         | 1          |
| time/                   |            |
|    fps                  | 1762       |
|    iterations           | 51         |
|    time_elapsed         | 473        |
|    total_timesteps      | 835584     |
| train/                  |            |
|    approx_kl            | 0.03024845 |
|    clip_fraction        | 0.285      |
|    clip_range           | 0.2        |
|    entropy_loss         | -1.37      |
|    explained_variance   | 0.807      |
|    learning_rate        | 0.0003     |
|    loss                 | 0.0155     |
|    n_updates            | 500        |
|    policy_gradient_loss | -0.00193   |
|    std                  | 0.382      |
|    value_loss           | 0.166      |
----------------------------------------
-----------------------------------------
| rollout/                |             |
|    ep_len_mean          | 43.1        |
|    ep_rew_mean          | 20.6        |
|    success_rate         | 0.99        |
| time/                   |             |
|    fps                  | 1761        |
|    iterations           | 52          |
|    time_elapsed         | 483         |
|    total_timesteps      | 851968      |
| train/                  |             |
|    approx_kl            | 0.031109298 |
|    clip_fraction        | 0.291       |
|    clip_range           | 0.2         |
|    entropy_loss         | -1.35       |
|    explained_variance   | 0.731       |
|    learning_rate        | 0.0003      |
|    loss                 | 0.0346      |
|    n_updates            | 510         |
|    policy_gradient_loss | -0.00206    |
|    std                  | 0.38        |
|    value_loss           | 0.287       |
-----------------------------------------
-----------------------------------------
| rollout/                |             |
|    ep_len_mean          | 43.1        |
|    ep_rew_mean          | 21.2        |
|    success_rate         | 1           |
| time/                   |             |
|    fps                  | 1761        |
|    iterations           | 53          |
|    time_elapsed         | 492         |
|    total_timesteps      | 868352      |
| train/                  |             |
|    approx_kl            | 0.032953583 |
|    clip_fraction        | 0.314       |
|    clip_range           | 0.2         |
|    entropy_loss         | -1.32       |
|    explained_variance   | 0.737       |
|    learning_rate        | 0.0003      |
|    loss                 | 0.0559      |
|    n_updates            | 520         |
|    policy_gradient_loss | -0.00199    |
|    std                  | 0.374       |
|    value_loss           | 0.356       |
-----------------------------------------
[2026-05-06 12:59:20] HEARTBEAT steps=879456/1000000 percent= 87.95% rate=  1756.4 step/s eta=   1.14 min
---------------------------------------
| rollout/                |           |
|    ep_len_mean          | 43.4      |
|    ep_rew_mean          | 21.5      |
|    success_rate         | 1         |
| time/                   |           |
|    fps                  | 1761      |
|    iterations           | 54        |
|    time_elapsed         | 502       |
|    total_timesteps      | 884736    |
| train/                  |           |
|    approx_kl            | 0.0258541 |
|    clip_fraction        | 0.285     |
|    clip_range           | 0.2       |
|    entropy_loss         | -1.28     |
|    explained_variance   | 0.856     |
|    learning_rate        | 0.0003    |
|    loss                 | 0.0499    |
|    n_updates            | 530       |
|    policy_gradient_loss | -0.00453  |
|    std                  | 0.371     |
|    value_loss           | 0.187     |
---------------------------------------
-----------------------------------------
| rollout/                |             |
|    ep_len_mean          | 42.2        |
|    ep_rew_mean          | 21.3        |
|    success_rate         | 1           |
| time/                   |             |
|    fps                  | 1761        |
|    iterations           | 55          |
|    time_elapsed         | 511         |
|    total_timesteps      | 901120      |
| train/                  |             |
|    approx_kl            | 0.028364617 |
|    clip_fraction        | 0.28        |
|    clip_range           | 0.2         |
|    entropy_loss         | -1.24       |
|    explained_variance   | 0.903       |
|    learning_rate        | 0.0003      |
|    loss                 | 0.0461      |
|    n_updates            | 540         |
|    policy_gradient_loss | -0.00669    |
|    std                  | 0.365       |
|    value_loss           | 0.175       |
-----------------------------------------
-----------------------------------------
| rollout/                |             |
|    ep_len_mean          | 43.1        |
|    ep_rew_mean          | 21.3        |
|    success_rate         | 1           |
| time/                   |             |
|    fps                  | 1761        |
|    iterations           | 56          |
|    time_elapsed         | 520         |
|    total_timesteps      | 917504      |
| train/                  |             |
|    approx_kl            | 0.030816304 |
|    clip_fraction        | 0.3         |
|    clip_range           | 0.2         |
|    entropy_loss         | -1.2        |
|    explained_variance   | 0.771       |
|    learning_rate        | 0.0003      |
|    loss                 | 0.0445      |
|    n_updates            | 550         |
|    policy_gradient_loss | -0.00268    |
|    std                  | 0.361       |
|    value_loss           | 0.196       |
-----------------------------------------
----------------------------------------
| rollout/                |            |
|    ep_len_mean          | 42.7       |
|    ep_rew_mean          | 21         |
|    success_rate         | 1          |
| time/                   |            |
|    fps                  | 1761       |
|    iterations           | 57         |
|    time_elapsed         | 530        |
|    total_timesteps      | 933888     |
| train/                  |            |
|    approx_kl            | 0.07778433 |
|    clip_fraction        | 0.366      |
|    clip_range           | 0.2        |
|    entropy_loss         | -1.19      |
|    explained_variance   | 0.729      |
|    learning_rate        | 0.0003     |
|    loss                 | 0.0707     |
|    n_updates            | 560        |
|    policy_gradient_loss | 0.00776    |
|    std                  | 0.362      |
|    value_loss           | 0.497      |
----------------------------------------
[2026-05-06 12:59:55] HEARTBEAT steps=933904/1000000 percent= 93.39% rate=  1745.2 step/s eta=   0.63 min
----------------------------------------
| rollout/                |            |
|    ep_len_mean          | 41.5       |
|    ep_rew_mean          | 21.3       |
|    success_rate         | 1          |
| time/                   |            |
|    fps                  | 1762       |
|    iterations           | 58         |
|    time_elapsed         | 539        |
|    total_timesteps      | 950272     |
| train/                  |            |
|    approx_kl            | 0.03331293 |
|    clip_fraction        | 0.3        |
|    clip_range           | 0.2        |
|    entropy_loss         | -1.18      |
|    explained_variance   | 0.837      |
|    learning_rate        | 0.0003     |
|    loss                 | 0.0471     |
|    n_updates            | 570        |
|    policy_gradient_loss | -0.00211   |
|    std                  | 0.359      |
|    value_loss           | 0.246      |
----------------------------------------
-----------------------------------------
| rollout/                |             |
|    ep_len_mean          | 41.9        |
|    ep_rew_mean          | 21.4        |
|    success_rate         | 1           |
| time/                   |             |
|    fps                  | 1761        |
|    iterations           | 59          |
|    time_elapsed         | 548         |
|    total_timesteps      | 966656      |
| train/                  |             |
|    approx_kl            | 0.025744539 |
|    clip_fraction        | 0.282       |
|    clip_range           | 0.2         |
|    entropy_loss         | -1.13       |
|    explained_variance   | 0.89        |
|    learning_rate        | 0.0003      |
|    loss                 | 0.0607      |
|    n_updates            | 580         |
|    policy_gradient_loss | -0.00313    |
|    std                  | 0.352       |
|    value_loss           | 0.198       |
-----------------------------------------
-----------------------------------------
| rollout/                |             |
|    ep_len_mean          | 42.3        |
|    ep_rew_mean          | 21.2        |
|    success_rate         | 1           |
| time/                   |             |
|    fps                  | 1761        |
|    iterations           | 60          |
|    time_elapsed         | 557         |
|    total_timesteps      | 983040      |
| train/                  |             |
|    approx_kl            | 0.042561866 |
|    clip_fraction        | 0.302       |
|    clip_range           | 0.2         |
|    entropy_loss         | -1.09       |
|    explained_variance   | 0.819       |
|    learning_rate        | 0.0003      |
|    loss                 | 0.0169      |
|    n_updates            | 590         |
|    policy_gradient_loss | 0.00119     |
|    std                  | 0.349       |
|    value_loss           | 0.224       |
-----------------------------------------
[2026-05-06 13:00:25] HEARTBEAT steps=990624/1000000 percent= 99.06% rate=  1752.9 step/s eta=   0.09 min
----------------------------------------
| rollout/                |            |
|    ep_len_mean          | 41.8       |
|    ep_rew_mean          | 21.5       |
|    success_rate         | 1          |
| time/                   |            |
|    fps                  | 1761       |
|    iterations           | 61         |
|    time_elapsed         | 567        |
|    total_timesteps      | 999424     |
| train/                  |            |
|    approx_kl            | 0.03708263 |
|    clip_fraction        | 0.315      |
|    clip_range           | 0.2        |
|    entropy_loss         | -1.05      |
|    explained_variance   | 0.879      |
|    learning_rate        | 0.0003     |
|    loss                 | 0.0374     |
|    n_updates            | 600        |
|    policy_gradient_loss | -0.00112   |
|    std                  | 0.345      |
|    value_loss           | 0.248      |
----------------------------------------
[2026-05-06 13:00:32] CHECKPOINT_SAVED local_step=1000000 global_step=1000000 path=/root/workspace/uav-risk-rl/checkpoints/gate2b/risk_biased_attention_risk_penalty_s0_step1000000.zip
----------------------------------------
| rollout/                |            |
|    ep_len_mean          | 41.3       |
|    ep_rew_mean          | 21.2       |
|    success_rate         | 1          |
| time/                   |            |
|    fps                  | 1760       |
|    iterations           | 62         |
|    time_elapsed         | 576        |
|    total_timesteps      | 1015808    |
| train/                  |            |
|    approx_kl            | 0.03181278 |
|    clip_fraction        | 0.285      |
|    clip_range           | 0.2        |
|    entropy_loss         | -1.01      |
|    explained_variance   | 0.908      |
|    learning_rate        | 0.0003     |
|    loss                 | 0.0254     |
|    n_updates            | 610        |
|    policy_gradient_loss | -0.00384   |
|    std                  | 0.342      |
|    value_loss           | 0.123      |
----------------------------------------
[2026-05-06 13:00:41] TRAIN_END elapsed=9.70 min local_steps=1015808 model_num_timesteps=1015808
[2026-05-06 13:00:41] SAVED model=/root/workspace/uav-risk-rl/checkpoints/gate2b/risk_biased_attention_risk_penalty_s0_step1000000.zip approx_updates=62
