

$ /usr/local/miniconda3/envs/py310/bin/python train.py --method attention_full_risk_penalty --profile_mode full_12 --agg attention --seed 0 --total_steps 1000000 --n_envs 16 --device cpu --scenario train_random_switch --save_checkpoints true --checkpoint_steps 250000,500000,750000,1000000 --checkpoint_dir /root/workspace/uav-risk-rl/checkpoints/gate2b --log_dir /root/workspace/uav-risk-rl/runs/gate2b/attention_full_risk_penalty_s0 --run_name attention_full_risk_penalty --save_path /root/workspace/uav-risk-rl/checkpoints/gate2b/attention_full_risk_penalty_s0_step1000000.zip --heartbeat_seconds 30 --use_safety_cost true --cost_type risk_sum --fallback_penalty true --beta_cost 5.0
[2026-05-06 12:38:35] CONFIG agg=attention seed=0 total_steps=1000000 n_envs=16 device=cpu scenario=train_random_switch use_rbar=False rbar_floor=0.0 hidden_dim=64 r_gate=5.0 lambda_ewma=0.1 sigma_min=0.05 run_name=attention_full_risk_penalty method=attention_full_risk_penalty resume_from=none resume_global_step=0 use_safety_cost=True cost_type=risk_sum fallback_penalty=True beta_cost=5.0 use_risk_bias=False lambda_bias=0.2
FALLBACK: cost-penalty, not PPO-Lagrangian.
Using cpu device
Logging to /root/workspace/uav-risk-rl/runs/gate2b/attention_full_risk_penalty_s0/PPO_1
[2026-05-06 12:38:37] TRAIN_START total_steps=1000000 start_num_timesteps=0
---------------------------------
| rollout/           |          |
|    ep_len_mean     | 119      |
|    ep_rew_mean     | -57.1    |
|    success_rate    | 0        |
| time/              |          |
|    fps             | 3708     |
|    iterations      | 1        |
|    time_elapsed    | 4        |
|    total_timesteps | 16384    |
---------------------------------
-----------------------------------------
| rollout/                |             |
|    ep_len_mean          | 168         |
|    ep_rew_mean          | -51.1       |
|    success_rate         | 0           |
| time/                   |             |
|    fps                  | 2091        |
|    iterations           | 2           |
|    time_elapsed         | 15          |
|    total_timesteps      | 32768       |
| train/                  |             |
|    approx_kl            | 0.005972784 |
|    clip_fraction        | 0.0575      |
|    clip_range           | 0.2         |
|    entropy_loss         | -4.25       |
|    explained_variance   | -0.00245    |
|    learning_rate        | 0.0003      |
|    loss                 | 9.84        |
|    n_updates            | 10          |
|    policy_gradient_loss | -0.00569    |
|    std                  | 0.998       |
|    value_loss           | 34.2        |
-----------------------------------------
-----------------------------------------
| rollout/                |             |
|    ep_len_mean          | 159         |
|    ep_rew_mean          | -49.3       |
|    success_rate         | 0           |
| time/                   |             |
|    fps                  | 1951        |
|    iterations           | 3           |
|    time_elapsed         | 25          |
|    total_timesteps      | 49152       |
| train/                  |             |
|    approx_kl            | 0.008125389 |
|    clip_fraction        | 0.1         |
|    clip_range           | 0.2         |
|    entropy_loss         | -4.24       |
|    explained_variance   | 0.602       |
|    learning_rate        | 0.0003      |
|    loss                 | 5.34        |
|    n_updates            | 20          |
|    policy_gradient_loss | -0.0079     |
|    std                  | 0.993       |
|    value_loss           | 12.3        |
-----------------------------------------
[2026-05-06 12:39:07] HEARTBEAT steps=49168/1000000 percent=  4.92% rate=  1616.9 step/s eta=   9.80 min
-----------------------------------------
| rollout/                |             |
|    ep_len_mean          | 183         |
|    ep_rew_mean          | -47.3       |
|    success_rate         | 0           |
| time/                   |             |
|    fps                  | 1890        |
|    iterations           | 4           |
|    time_elapsed         | 34          |
|    total_timesteps      | 65536       |
| train/                  |             |
|    approx_kl            | 0.009727471 |
|    clip_fraction        | 0.103       |
|    clip_range           | 0.2         |
|    entropy_loss         | -4.22       |
|    explained_variance   | 0.712       |
|    learning_rate        | 0.0003      |
|    loss                 | 6.57        |
|    n_updates            | 30          |
|    policy_gradient_loss | -0.00842    |
|    std                  | 0.986       |
|    value_loss           | 8.73        |
-----------------------------------------
----------------------------------------
| rollout/                |            |
|    ep_len_mean          | 194        |
|    ep_rew_mean          | -44.4      |
|    success_rate         | 0          |
| time/                   |            |
|    fps                  | 1857       |
|    iterations           | 5          |
|    time_elapsed         | 44         |
|    total_timesteps      | 81920      |
| train/                  |            |
|    approx_kl            | 0.01379906 |
|    clip_fraction        | 0.158      |
|    clip_range           | 0.2        |
|    entropy_loss         | -4.16      |
|    explained_variance   | 0.784      |
|    learning_rate        | 0.0003     |
|    loss                 | 2.59       |
|    n_updates            | 40         |
|    policy_gradient_loss | -0.0117    |
|    std                  | 0.964      |
|    value_loss           | 5.06       |
----------------------------------------
----------------------------------------
| rollout/                |            |
|    ep_len_mean          | 195        |
|    ep_rew_mean          | -40        |
|    success_rate         | 0          |
| time/                   |            |
|    fps                  | 1837       |
|    iterations           | 6          |
|    time_elapsed         | 53         |
|    total_timesteps      | 98304      |
| train/                  |            |
|    approx_kl            | 0.01505175 |
|    clip_fraction        | 0.172      |
|    clip_range           | 0.2        |
|    entropy_loss         | -4.12      |
|    explained_variance   | 0.792      |
|    learning_rate        | 0.0003     |
|    loss                 | 2.11       |
|    n_updates            | 50         |
|    policy_gradient_loss | -0.0116    |
|    std                  | 0.953      |
|    value_loss           | 3.7        |
----------------------------------------
[2026-05-06 12:39:37] HEARTBEAT steps=104832/1000000 percent= 10.48% rate=  1735.4 step/s eta=   8.60 min
-----------------------------------------
| rollout/                |             |
|    ep_len_mean          | 198         |
|    ep_rew_mean          | -34.8       |
|    success_rate         | 0           |
| time/                   |             |
|    fps                  | 1817        |
|    iterations           | 7           |
|    time_elapsed         | 63          |
|    total_timesteps      | 114688      |
| train/                  |             |
|    approx_kl            | 0.016484082 |
|    clip_fraction        | 0.183       |
|    clip_range           | 0.2         |
|    entropy_loss         | -4.08       |
|    explained_variance   | 0.762       |
|    learning_rate        | 0.0003      |
|    loss                 | 1.45        |
|    n_updates            | 60          |
|    policy_gradient_loss | -0.011      |
|    std                  | 0.937       |
|    value_loss           | 3.01        |
-----------------------------------------
-----------------------------------------
| rollout/                |             |
|    ep_len_mean          | 198         |
|    ep_rew_mean          | -30.2       |
|    success_rate         | 0           |
| time/                   |             |
|    fps                  | 1813        |
|    iterations           | 8           |
|    time_elapsed         | 72          |
|    total_timesteps      | 131072      |
| train/                  |             |
|    approx_kl            | 0.015874088 |
|    clip_fraction        | 0.213       |
|    clip_range           | 0.2         |
|    entropy_loss         | -4.02       |
|    explained_variance   | 0.711       |
|    learning_rate        | 0.0003      |
|    loss                 | 0.284       |
|    n_updates            | 70          |
|    policy_gradient_loss | -0.0107     |
|    std                  | 0.919       |
|    value_loss           | 0.94        |
-----------------------------------------
-----------------------------------------
| rollout/                |             |
|    ep_len_mean          | 200         |
|    ep_rew_mean          | -24.8       |
|    success_rate         | 0           |
| time/                   |             |
|    fps                  | 1807        |
|    iterations           | 9           |
|    time_elapsed         | 81          |
|    total_timesteps      | 147456      |
| train/                  |             |
|    approx_kl            | 0.017056383 |
|    clip_fraction        | 0.237       |
|    clip_range           | 0.2         |
|    entropy_loss         | -3.93       |
|    explained_variance   | 0.672       |
|    learning_rate        | 0.0003      |
|    loss                 | 0.155       |
|    n_updates            | 80          |
|    policy_gradient_loss | -0.0159     |
|    std                  | 0.893       |
|    value_loss           | 0.555       |
-----------------------------------------
[2026-05-06 12:40:07] HEARTBEAT steps=161760/1000000 percent= 16.18% rate=  1789.1 step/s eta=   7.81 min
-----------------------------------------
| rollout/                |             |
|    ep_len_mean          | 198         |
|    ep_rew_mean          | -21.7       |
|    success_rate         | 0           |
| time/                   |             |
|    fps                  | 1801        |
|    iterations           | 10          |
|    time_elapsed         | 90          |
|    total_timesteps      | 163840      |
| train/                  |             |
|    approx_kl            | 0.019503362 |
|    clip_fraction        | 0.252       |
|    clip_range           | 0.2         |
|    entropy_loss         | -3.84       |
|    explained_variance   | 0.57        |
|    learning_rate        | 0.0003      |
|    loss                 | 0.0734      |
|    n_updates            | 90          |
|    policy_gradient_loss | -0.0206     |
|    std                  | 0.865       |
|    value_loss           | 0.355       |
-----------------------------------------
-----------------------------------------
| rollout/                |             |
|    ep_len_mean          | 196         |
|    ep_rew_mean          | -18.5       |
|    success_rate         | 0           |
| time/                   |             |
|    fps                  | 1799        |
|    iterations           | 11          |
|    time_elapsed         | 100         |
|    total_timesteps      | 180224      |
| train/                  |             |
|    approx_kl            | 0.016229603 |
|    clip_fraction        | 0.22        |
|    clip_range           | 0.2         |
|    entropy_loss         | -3.76       |
|    explained_variance   | 0.649       |
|    learning_rate        | 0.0003      |
|    loss                 | 0.0684      |
|    n_updates            | 100         |
|    policy_gradient_loss | -0.0159     |
|    std                  | 0.844       |
|    value_loss           | 0.478       |
-----------------------------------------
-----------------------------------------
| rollout/                |             |
|    ep_len_mean          | 200         |
|    ep_rew_mean          | -15.1       |
|    success_rate         | 0           |
| time/                   |             |
|    fps                  | 1796        |
|    iterations           | 12          |
|    time_elapsed         | 109         |
|    total_timesteps      | 196608      |
| train/                  |             |
|    approx_kl            | 0.019515328 |
|    clip_fraction        | 0.236       |
|    clip_range           | 0.2         |
|    entropy_loss         | -3.68       |
|    explained_variance   | 0.814       |
|    learning_rate        | 0.0003      |
|    loss                 | 0.0436      |
|    n_updates            | 110         |
|    policy_gradient_loss | -0.0169     |
|    std                  | 0.818       |
|    value_loss           | 0.301       |
-----------------------------------------
-----------------------------------------
| rollout/                |             |
|    ep_len_mean          | 200         |
|    ep_rew_mean          | -13.3       |
|    success_rate         | 0.01        |
| time/                   |             |
|    fps                  | 1789        |
|    iterations           | 13          |
|    time_elapsed         | 119         |
|    total_timesteps      | 212992      |
| train/                  |             |
|    approx_kl            | 0.018222209 |
|    clip_fraction        | 0.231       |
|    clip_range           | 0.2         |
|    entropy_loss         | -3.58       |
|    explained_variance   | 0.897       |
|    learning_rate        | 0.0003      |
|    loss                 | 0.0346      |
|    n_updates            | 120         |
|    policy_gradient_loss | -0.0183     |
|    std                  | 0.793       |
|    value_loss           | 0.229       |
-----------------------------------------
[2026-05-06 12:40:41] HEARTBEAT steps=213008/1000000 percent= 21.30% rate=  1715.8 step/s eta=   7.64 min
-----------------------------------------
| rollout/                |             |
|    ep_len_mean          | 197         |
|    ep_rew_mean          | -9.88       |
|    success_rate         | 0.04        |
| time/                   |             |
|    fps                  | 1786        |
|    iterations           | 14          |
|    time_elapsed         | 128         |
|    total_timesteps      | 229376      |
| train/                  |             |
|    approx_kl            | 0.020122036 |
|    clip_fraction        | 0.249       |
|    clip_range           | 0.2         |
|    entropy_loss         | -3.49       |
|    explained_variance   | 0.881       |
|    learning_rate        | 0.0003      |
|    loss                 | 0.0978      |
|    n_updates            | 130         |
|    policy_gradient_loss | -0.013      |
|    std                  | 0.767       |
|    value_loss           | 0.449       |
-----------------------------------------
-----------------------------------------
| rollout/                |             |
|    ep_len_mean          | 196         |
|    ep_rew_mean          | -7.95       |
|    success_rate         | 0.06        |
| time/                   |             |
|    fps                  | 1780        |
|    iterations           | 15          |
|    time_elapsed         | 138         |
|    total_timesteps      | 245760      |
| train/                  |             |
|    approx_kl            | 0.023708846 |
|    clip_fraction        | 0.243       |
|    clip_range           | 0.2         |
|    entropy_loss         | -3.4        |
|    explained_variance   | 0.816       |
|    learning_rate        | 0.0003      |
|    loss                 | 0.318       |
|    n_updates            | 140         |
|    policy_gradient_loss | -0.0116     |
|    std                  | 0.744       |
|    value_loss           | 1.25        |
-----------------------------------------
[2026-05-06 12:41:01] CHECKPOINT_SAVED local_step=250000 global_step=250000 path=/root/workspace/uav-risk-rl/checkpoints/gate2b/attention_full_risk_penalty_s0_step250000.zip
-----------------------------------------
| rollout/                |             |
|    ep_len_mean          | 186         |
|    ep_rew_mean          | -4.26       |
|    success_rate         | 0.17        |
| time/                   |             |
|    fps                  | 1777        |
|    iterations           | 16          |
|    time_elapsed         | 147         |
|    total_timesteps      | 262144      |
| train/                  |             |
|    approx_kl            | 0.023635974 |
|    clip_fraction        | 0.241       |
|    clip_range           | 0.2         |
|    entropy_loss         | -3.33       |
|    explained_variance   | 0.809       |
|    learning_rate        | 0.0003      |
|    loss                 | 0.526       |
|    n_updates            | 150         |
|    policy_gradient_loss | -0.00303    |
|    std                  | 0.728       |
|    value_loss           | 1.44        |
-----------------------------------------
[2026-05-06 12:41:11] HEARTBEAT steps=268752/1000000 percent= 26.88% rate=  1743.4 step/s eta=   6.99 min
-----------------------------------------
| rollout/                |             |
|    ep_len_mean          | 174         |
|    ep_rew_mean          | -0.148      |
|    success_rate         | 0.35        |
| time/                   |             |
|    fps                  | 1777        |
|    iterations           | 17          |
|    time_elapsed         | 156         |
|    total_timesteps      | 278528      |
| train/                  |             |
|    approx_kl            | 0.025251845 |
|    clip_fraction        | 0.21        |
|    clip_range           | 0.2         |
|    entropy_loss         | -3.27       |
|    explained_variance   | 0.637       |
|    learning_rate        | 0.0003      |
|    loss                 | 0.614       |
|    n_updates            | 160         |
|    policy_gradient_loss | -0.00217    |
|    std                  | 0.715       |
|    value_loss           | 3.05        |
-----------------------------------------
-----------------------------------------
| rollout/                |             |
|    ep_len_mean          | 157         |
|    ep_rew_mean          | 3.03        |
|    success_rate         | 0.57        |
| time/                   |             |
|    fps                  | 1779        |
|    iterations           | 18          |
|    time_elapsed         | 165         |
|    total_timesteps      | 294912      |
| train/                  |             |
|    approx_kl            | 0.019286055 |
|    clip_fraction        | 0.186       |
|    clip_range           | 0.2         |
|    entropy_loss         | -3.24       |
|    explained_variance   | 0.592       |
|    learning_rate        | 0.0003      |
|    loss                 | 3.31        |
|    n_updates            | 170         |
|    policy_gradient_loss | -0.00389    |
|    std                  | 0.71        |
|    value_loss           | 5.55        |
-----------------------------------------
-----------------------------------------
| rollout/                |             |
|    ep_len_mean          | 124         |
|    ep_rew_mean          | 9.9         |
|    success_rate         | 0.81        |
| time/                   |             |
|    fps                  | 1782        |
|    iterations           | 19          |
|    time_elapsed         | 174         |
|    total_timesteps      | 311296      |
| train/                  |             |
|    approx_kl            | 0.013940709 |
|    clip_fraction        | 0.159       |
|    clip_range           | 0.2         |
|    entropy_loss         | -3.22       |
|    explained_variance   | 0.5         |
|    learning_rate        | 0.0003      |
|    loss                 | 3.1         |
|    n_updates            | 180         |
|    policy_gradient_loss | -0.00695    |
|    std                  | 0.706       |
|    value_loss           | 8.87        |
-----------------------------------------
-----------------------------------------
| rollout/                |             |
|    ep_len_mean          | 94.8        |
|    ep_rew_mean          | 13.8        |
|    success_rate         | 0.95        |
| time/                   |             |
|    fps                  | 1782        |
|    iterations           | 20          |
|    time_elapsed         | 183         |
|    total_timesteps      | 327680      |
| train/                  |             |
|    approx_kl            | 0.016900137 |
|    clip_fraction        | 0.17        |
|    clip_range           | 0.2         |
|    entropy_loss         | -3.19       |
|    explained_variance   | 0.416       |
|    learning_rate        | 0.0003      |
|    loss                 | 5.08        |
|    n_updates            | 190         |
|    policy_gradient_loss | -0.00836    |
|    std                  | 0.697       |
|    value_loss           | 11.7        |
-----------------------------------------
[2026-05-06 12:41:45] HEARTBEAT steps=327696/1000000 percent= 32.77% rate=  1736.2 step/s eta=   6.45 min
-----------------------------------------
| rollout/                |             |
|    ep_len_mean          | 85.7        |
|    ep_rew_mean          | 15.3        |
|    success_rate         | 0.99        |
| time/                   |             |
|    fps                  | 1783        |
|    iterations           | 21          |
|    time_elapsed         | 192         |
|    total_timesteps      | 344064      |
| train/                  |             |
|    approx_kl            | 0.014890771 |
|    clip_fraction        | 0.163       |
|    clip_range           | 0.2         |
|    entropy_loss         | -3.15       |
|    explained_variance   | 0.422       |
|    learning_rate        | 0.0003      |
|    loss                 | 4.23        |
|    n_updates            | 200         |
|    policy_gradient_loss | -0.00862    |
|    std                  | 0.688       |
|    value_loss           | 10.7        |
-----------------------------------------
-----------------------------------------
| rollout/                |             |
|    ep_len_mean          | 73.6        |
|    ep_rew_mean          | 16.9        |
|    success_rate         | 1           |
| time/                   |             |
|    fps                  | 1783        |
|    iterations           | 22          |
|    time_elapsed         | 202         |
|    total_timesteps      | 360448      |
| train/                  |             |
|    approx_kl            | 0.016712075 |
|    clip_fraction        | 0.183       |
|    clip_range           | 0.2         |
|    entropy_loss         | -3.09       |
|    explained_variance   | 0.519       |
|    learning_rate        | 0.0003      |
|    loss                 | 3.56        |
|    n_updates            | 210         |
|    policy_gradient_loss | -0.0103     |
|    std                  | 0.674       |
|    value_loss           | 7.34        |
-----------------------------------------
-----------------------------------------
| rollout/                |             |
|    ep_len_mean          | 73.7        |
|    ep_rew_mean          | 17.2        |
|    success_rate         | 1           |
| time/                   |             |
|    fps                  | 1781        |
|    iterations           | 23          |
|    time_elapsed         | 211         |
|    total_timesteps      | 376832      |
| train/                  |             |
|    approx_kl            | 0.022582192 |
|    clip_fraction        | 0.244       |
|    clip_range           | 0.2         |
|    entropy_loss         | -3.03       |
|    explained_variance   | 0.479       |
|    learning_rate        | 0.0003      |
|    loss                 | 1.41        |
|    n_updates            | 220         |
|    policy_gradient_loss | -0.00774    |
|    std                  | 0.663       |
|    value_loss           | 4           |
-----------------------------------------
[2026-05-06 12:42:15] HEARTBEAT steps=385152/1000000 percent= 38.52% rate=  1760.8 step/s eta=   5.82 min
-----------------------------------------
| rollout/                |             |
|    ep_len_mean          | 67.1        |
|    ep_rew_mean          | 16.3        |
|    success_rate         | 0.98        |
| time/                   |             |
|    fps                  | 1780        |
|    iterations           | 24          |
|    time_elapsed         | 220         |
|    total_timesteps      | 393216      |
| train/                  |             |
|    approx_kl            | 0.023733467 |
|    clip_fraction        | 0.252       |
|    clip_range           | 0.2         |
|    entropy_loss         | -2.97       |
|    explained_variance   | 0.426       |
|    learning_rate        | 0.0003      |
|    loss                 | 0.879       |
|    n_updates            | 230         |
|    policy_gradient_loss | -0.008      |
|    std                  | 0.65        |
|    value_loss           | 2.08        |
-----------------------------------------
----------------------------------------
| rollout/                |            |
|    ep_len_mean          | 62.2       |
|    ep_rew_mean          | 18         |
|    success_rate         | 0.99       |
| time/                   |            |
|    fps                  | 1779       |
|    iterations           | 25         |
|    time_elapsed         | 230        |
|    total_timesteps      | 409600     |
| train/                  |            |
|    approx_kl            | 0.02245635 |
|    clip_fraction        | 0.226      |
|    clip_range           | 0.2        |
|    entropy_loss         | -2.92      |
|    explained_variance   | 0.428      |
|    learning_rate        | 0.0003     |
|    loss                 | 0.739      |
|    n_updates            | 240        |
|    policy_gradient_loss | -0.0053    |
|    std                  | 0.64       |
|    value_loss           | 2.61       |
----------------------------------------
-----------------------------------------
| rollout/                |             |
|    ep_len_mean          | 59.5        |
|    ep_rew_mean          | 18          |
|    success_rate         | 0.99        |
| time/                   |             |
|    fps                  | 1777        |
|    iterations           | 26          |
|    time_elapsed         | 239         |
|    total_timesteps      | 425984      |
| train/                  |             |
|    approx_kl            | 0.024698753 |
|    clip_fraction        | 0.244       |
|    clip_range           | 0.2         |
|    entropy_loss         | -2.88       |
|    explained_variance   | 0.367       |
|    learning_rate        | 0.0003      |
|    loss                 | 0.64        |
|    n_updates            | 250         |
|    policy_gradient_loss | -0.00427    |
|    std                  | 0.633       |
|    value_loss           | 1.95        |
-----------------------------------------
[2026-05-06 12:42:45] HEARTBEAT steps=440656/1000000 percent= 44.07% rate=  1771.5 step/s eta=   5.26 min
----------------------------------------
| rollout/                |            |
|    ep_len_mean          | 58         |
|    ep_rew_mean          | 18.6       |
|    success_rate         | 1          |
| time/                   |            |
|    fps                  | 1775       |
|    iterations           | 27         |
|    time_elapsed         | 249        |
|    total_timesteps      | 442368     |
| train/                  |            |
|    approx_kl            | 0.02609741 |
|    clip_fraction        | 0.255      |
|    clip_range           | 0.2        |
|    entropy_loss         | -2.82      |
|    explained_variance   | 0.262      |
|    learning_rate        | 0.0003     |
|    loss                 | 0.364      |
|    n_updates            | 260        |
|    policy_gradient_loss | -0.00387   |
|    std                  | 0.618      |
|    value_loss           | 1.22       |
----------------------------------------
-----------------------------------------
| rollout/                |             |
|    ep_len_mean          | 55.8        |
|    ep_rew_mean          | 18.9        |
|    success_rate         | 0.99        |
| time/                   |             |
|    fps                  | 1774        |
|    iterations           | 28          |
|    time_elapsed         | 258         |
|    total_timesteps      | 458752      |
| train/                  |             |
|    approx_kl            | 0.020116163 |
|    clip_fraction        | 0.241       |
|    clip_range           | 0.2         |
|    entropy_loss         | -2.77       |
|    explained_variance   | 0.463       |
|    learning_rate        | 0.0003      |
|    loss                 | 0.176       |
|    n_updates            | 270         |
|    policy_gradient_loss | -0.00553    |
|    std                  | 0.609       |
|    value_loss           | 0.928       |
-----------------------------------------
-----------------------------------------
| rollout/                |             |
|    ep_len_mean          | 50.8        |
|    ep_rew_mean          | 19.1        |
|    success_rate         | 0.99        |
| time/                   |             |
|    fps                  | 1773        |
|    iterations           | 29          |
|    time_elapsed         | 267         |
|    total_timesteps      | 475136      |
| train/                  |             |
|    approx_kl            | 0.024504691 |
|    clip_fraction        | 0.241       |
|    clip_range           | 0.2         |
|    entropy_loss         | -2.7        |
|    explained_variance   | 0.518       |
|    learning_rate        | 0.0003      |
|    loss                 | 0.32        |
|    n_updates            | 280         |
|    policy_gradient_loss | -0.0048     |
|    std                  | 0.591       |
|    value_loss           | 1.07        |
-----------------------------------------
-----------------------------------------
| rollout/                |             |
|    ep_len_mean          | 51.2        |
|    ep_rew_mean          | 19.2        |
|    success_rate         | 0.99        |
| time/                   |             |
|    fps                  | 1773        |
|    iterations           | 30          |
|    time_elapsed         | 277         |
|    total_timesteps      | 491520      |
| train/                  |             |
|    approx_kl            | 0.027579702 |
|    clip_fraction        | 0.259       |
|    clip_range           | 0.2         |
|    entropy_loss         | -2.62       |
|    explained_variance   | 0.46        |
|    learning_rate        | 0.0003      |
|    loss                 | 0.259       |
|    n_updates            | 290         |
|    policy_gradient_loss | -0.00116    |
|    std                  | 0.578       |
|    value_loss           | 0.894       |
-----------------------------------------
[2026-05-06 12:43:19] HEARTBEAT steps=491536/1000000 percent= 49.15% rate=  1742.3 step/s eta=   4.86 min
[2026-05-06 12:43:21] CHECKPOINT_SAVED local_step=500000 global_step=500000 path=/root/workspace/uav-risk-rl/checkpoints/gate2b/attention_full_risk_penalty_s0_step500000.zip
-----------------------------------------
| rollout/                |             |
|    ep_len_mean          | 49.8        |
|    ep_rew_mean          | 19.6        |
|    success_rate         | 1           |
| time/                   |             |
|    fps                  | 1771        |
|    iterations           | 31          |
|    time_elapsed         | 286         |
|    total_timesteps      | 507904      |
| train/                  |             |
|    approx_kl            | 0.027519966 |
|    clip_fraction        | 0.27        |
|    clip_range           | 0.2         |
|    entropy_loss         | -2.55       |
|    explained_variance   | 0.496       |
|    learning_rate        | 0.0003      |
|    loss                 | 0.0815      |
|    n_updates            | 300         |
|    policy_gradient_loss | -0.00332    |
|    std                  | 0.563       |
|    value_loss           | 0.621       |
-----------------------------------------
-----------------------------------------
| rollout/                |             |
|    ep_len_mean          | 48.8        |
|    ep_rew_mean          | 19.6        |
|    success_rate         | 1           |
| time/                   |             |
|    fps                  | 1770        |
|    iterations           | 32          |
|    time_elapsed         | 296         |
|    total_timesteps      | 524288      |
| train/                  |             |
|    approx_kl            | 0.028073467 |
|    clip_fraction        | 0.27        |
|    clip_range           | 0.2         |
|    entropy_loss         | -2.47       |
|    explained_variance   | 0.485       |
|    learning_rate        | 0.0003      |
|    loss                 | 0.223       |
|    n_updates            | 310         |
|    policy_gradient_loss | -0.00546    |
|    std                  | 0.549       |
|    value_loss           | 0.921       |
-----------------------------------------
---------------------------------------
| rollout/                |           |
|    ep_len_mean          | 49        |
|    ep_rew_mean          | 20.1      |
|    success_rate         | 1         |
| time/                   |           |
|    fps                  | 1768      |
|    iterations           | 33        |
|    time_elapsed         | 305       |
|    total_timesteps      | 540672    |
| train/                  |           |
|    approx_kl            | 0.0255145 |
|    clip_fraction        | 0.249     |
|    clip_range           | 0.2       |
|    entropy_loss         | -2.4      |
|    explained_variance   | 0.71      |
|    learning_rate        | 0.0003    |
|    loss                 | 0.112     |
|    n_updates            | 320       |
|    policy_gradient_loss | -0.00613  |
|    std                  | 0.536     |
|    value_loss           | 0.44      |
---------------------------------------
[2026-05-06 12:43:49] HEARTBEAT steps=545552/1000000 percent= 54.56% rate=  1747.9 step/s eta=   4.33 min
-----------------------------------------
| rollout/                |             |
|    ep_len_mean          | 49          |
|    ep_rew_mean          | 19.8        |
|    success_rate         | 0.99        |
| time/                   |             |
|    fps                  | 1766        |
|    iterations           | 34          |
|    time_elapsed         | 315         |
|    total_timesteps      | 557056      |
| train/                  |             |
|    approx_kl            | 0.024972716 |
|    clip_fraction        | 0.268       |
|    clip_range           | 0.2         |
|    entropy_loss         | -2.34       |
|    explained_variance   | 0.651       |
|    learning_rate        | 0.0003      |
|    loss                 | 0.118       |
|    n_updates            | 330         |
|    policy_gradient_loss | -0.00324    |
|    std                  | 0.526       |
|    value_loss           | 0.608       |
-----------------------------------------
-----------------------------------------
| rollout/                |             |
|    ep_len_mean          | 48          |
|    ep_rew_mean          | 19.7        |
|    success_rate         | 0.99        |
| time/                   |             |
|    fps                  | 1766        |
|    iterations           | 35          |
|    time_elapsed         | 324         |
|    total_timesteps      | 573440      |
| train/                  |             |
|    approx_kl            | 0.033200704 |
|    clip_fraction        | 0.273       |
|    clip_range           | 0.2         |
|    entropy_loss         | -2.31       |
|    explained_variance   | 0.475       |
|    learning_rate        | 0.0003      |
|    loss                 | 0.135       |
|    n_updates            | 340         |
|    policy_gradient_loss | 0.000664    |
|    std                  | 0.523       |
|    value_loss           | 1.02        |
-----------------------------------------
-----------------------------------------
| rollout/                |             |
|    ep_len_mean          | 48.4        |
|    ep_rew_mean          | 20.3        |
|    success_rate         | 1           |
| time/                   |             |
|    fps                  | 1765        |
|    iterations           | 36          |
|    time_elapsed         | 334         |
|    total_timesteps      | 589824      |
| train/                  |             |
|    approx_kl            | 0.031747863 |
|    clip_fraction        | 0.293       |
|    clip_range           | 0.2         |
|    entropy_loss         | -2.28       |
|    explained_variance   | 0.514       |
|    learning_rate        | 0.0003      |
|    loss                 | 0.152       |
|    n_updates            | 350         |
|    policy_gradient_loss | -0.000196   |
|    std                  | 0.515       |
|    value_loss           | 0.561       |
-----------------------------------------
[2026-05-06 12:44:19] HEARTBEAT steps=600432/1000000 percent= 60.04% rate=  1755.0 step/s eta=   3.79 min
----------------------------------------
| rollout/                |            |
|    ep_len_mean          | 47         |
|    ep_rew_mean          | 20.3       |
|    success_rate         | 1          |
| time/                   |            |
|    fps                  | 1763       |
|    iterations           | 37         |
|    time_elapsed         | 343        |
|    total_timesteps      | 606208     |
| train/                  |            |
|    approx_kl            | 0.03173279 |
|    clip_fraction        | 0.284      |
|    clip_range           | 0.2        |
|    entropy_loss         | -2.24      |
|    explained_variance   | 0.52       |
|    learning_rate        | 0.0003     |
|    loss                 | 0.247      |
|    n_updates            | 360        |
|    policy_gradient_loss | -0.00026   |
|    std                  | 0.509      |
|    value_loss           | 0.774      |
----------------------------------------
-----------------------------------------
| rollout/                |             |
|    ep_len_mean          | 46.8        |
|    ep_rew_mean          | 20.4        |
|    success_rate         | 1           |
| time/                   |             |
|    fps                  | 1762        |
|    iterations           | 38          |
|    time_elapsed         | 353         |
|    total_timesteps      | 622592      |
| train/                  |             |
|    approx_kl            | 0.023416484 |
|    clip_fraction        | 0.267       |
|    clip_range           | 0.2         |
|    entropy_loss         | -2.2        |
|    explained_variance   | 0.476       |
|    learning_rate        | 0.0003      |
|    loss                 | 0.495       |
|    n_updates            | 370         |
|    policy_gradient_loss | -0.00378    |
|    std                  | 0.503       |
|    value_loss           | 1.33        |
-----------------------------------------
-----------------------------------------
| rollout/                |             |
|    ep_len_mean          | 46          |
|    ep_rew_mean          | 20          |
|    success_rate         | 1           |
| time/                   |             |
|    fps                  | 1761        |
|    iterations           | 39          |
|    time_elapsed         | 362         |
|    total_timesteps      | 638976      |
| train/                  |             |
|    approx_kl            | 0.035544943 |
|    clip_fraction        | 0.282       |
|    clip_range           | 0.2         |
|    entropy_loss         | -2.17       |
|    explained_variance   | 0.616       |
|    learning_rate        | 0.0003      |
|    loss                 | 0.145       |
|    n_updates            | 380         |
|    policy_gradient_loss | -0.00109    |
|    std                  | 0.497       |
|    value_loss           | 0.754       |
-----------------------------------------
[2026-05-06 12:44:49] HEARTBEAT steps=654912/1000000 percent= 65.49% rate=  1759.9 step/s eta=   3.27 min
---------------------------------------
| rollout/                |           |
|    ep_len_mean          | 45.9      |
|    ep_rew_mean          | 20        |
|    success_rate         | 1         |
| time/                   |           |
|    fps                  | 1760      |
|    iterations           | 40        |
|    time_elapsed         | 372       |
|    total_timesteps      | 655360    |
| train/                  |           |
|    approx_kl            | 0.0352858 |
|    clip_fraction        | 0.306     |
|    clip_range           | 0.2       |
|    entropy_loss         | -2.13     |
|    explained_variance   | 0.523     |
|    learning_rate        | 0.0003    |
|    loss                 | 0.193     |
|    n_updates            | 390       |
|    policy_gradient_loss | -0.00194  |
|    std                  | 0.49      |
|    value_loss           | 0.802     |
---------------------------------------
-----------------------------------------
| rollout/                |             |
|    ep_len_mean          | 46          |
|    ep_rew_mean          | 20          |
|    success_rate         | 0.99        |
| time/                   |             |
|    fps                  | 1759        |
|    iterations           | 41          |
|    time_elapsed         | 381         |
|    total_timesteps      | 671744      |
| train/                  |             |
|    approx_kl            | 0.036713794 |
|    clip_fraction        | 0.311       |
|    clip_range           | 0.2         |
|    entropy_loss         | -2.08       |
|    explained_variance   | 0.623       |
|    learning_rate        | 0.0003      |
|    loss                 | 0.387       |
|    n_updates            | 400         |
|    policy_gradient_loss | 0.000297    |
|    std                  | 0.482       |
|    value_loss           | 0.682       |
-----------------------------------------
-----------------------------------------
| rollout/                |             |
|    ep_len_mean          | 44.6        |
|    ep_rew_mean          | 20.1        |
|    success_rate         | 1           |
| time/                   |             |
|    fps                  | 1759        |
|    iterations           | 42          |
|    time_elapsed         | 391         |
|    total_timesteps      | 688128      |
| train/                  |             |
|    approx_kl            | 0.030884761 |
|    clip_fraction        | 0.268       |
|    clip_range           | 0.2         |
|    entropy_loss         | -2.03       |
|    explained_variance   | 0.597       |
|    learning_rate        | 0.0003      |
|    loss                 | 1.32        |
|    n_updates            | 410         |
|    policy_gradient_loss | -0.00382    |
|    std                  | 0.474       |
|    value_loss           | 0.774       |
-----------------------------------------
-----------------------------------------
| rollout/                |             |
|    ep_len_mean          | 44.3        |
|    ep_rew_mean          | 20          |
|    success_rate         | 1           |
| time/                   |             |
|    fps                  | 1758        |
|    iterations           | 43          |
|    time_elapsed         | 400         |
|    total_timesteps      | 704512      |
| train/                  |             |
|    approx_kl            | 0.030944372 |
|    clip_fraction        | 0.292       |
|    clip_range           | 0.2         |
|    entropy_loss         | -1.99       |
|    explained_variance   | 0.7         |
|    learning_rate        | 0.0003      |
|    loss                 | 0.13        |
|    n_updates            | 420         |
|    policy_gradient_loss | -0.00253    |
|    std                  | 0.467       |
|    value_loss           | 0.532       |
-----------------------------------------
[2026-05-06 12:45:22] HEARTBEAT steps=704528/1000000 percent= 70.45% rate=  1736.6 step/s eta=   2.84 min
----------------------------------------
| rollout/                |            |
|    ep_len_mean          | 44.6       |
|    ep_rew_mean          | 20.1       |
|    success_rate         | 1          |
| time/                   |            |
|    fps                  | 1758       |
|    iterations           | 44         |
|    time_elapsed         | 410        |
|    total_timesteps      | 720896     |
| train/                  |            |
|    approx_kl            | 0.03060166 |
|    clip_fraction        | 0.263      |
|    clip_range           | 0.2        |
|    entropy_loss         | -1.94      |
|    explained_variance   | 0.587      |
|    learning_rate        | 0.0003     |
|    loss                 | 0.0556     |
|    n_updates            | 430        |
|    policy_gradient_loss | 0.000349   |
|    std                  | 0.46       |
|    value_loss           | 0.77       |
----------------------------------------
-----------------------------------------
| rollout/                |             |
|    ep_len_mean          | 44.7        |
|    ep_rew_mean          | 20.7        |
|    success_rate         | 1           |
| time/                   |             |
|    fps                  | 1758        |
|    iterations           | 45          |
|    time_elapsed         | 419         |
|    total_timesteps      | 737280      |
| train/                  |             |
|    approx_kl            | 0.023744479 |
|    clip_fraction        | 0.269       |
|    clip_range           | 0.2         |
|    entropy_loss         | -1.88       |
|    explained_variance   | 0.806       |
|    learning_rate        | 0.0003      |
|    loss                 | 0.12        |
|    n_updates            | 440         |
|    policy_gradient_loss | -0.00721    |
|    std                  | 0.45        |
|    value_loss           | 0.292       |
-----------------------------------------
[2026-05-06 12:45:44] CHECKPOINT_SAVED local_step=750000 global_step=750000 path=/root/workspace/uav-risk-rl/checkpoints/gate2b/attention_full_risk_penalty_s0_step750000.zip
-----------------------------------------
| rollout/                |             |
|    ep_len_mean          | 44.4        |
|    ep_rew_mean          | 20.7        |
|    success_rate         | 1           |
| time/                   |             |
|    fps                  | 1758        |
|    iterations           | 46          |
|    time_elapsed         | 428         |
|    total_timesteps      | 753664      |
| train/                  |             |
|    approx_kl            | 0.033155445 |
|    clip_fraction        | 0.291       |
|    clip_range           | 0.2         |
|    entropy_loss         | -1.8        |
|    explained_variance   | 0.76        |
|    learning_rate        | 0.0003      |
|    loss                 | 0.0631      |
|    n_updates            | 450         |
|    policy_gradient_loss | -0.000682   |
|    std                  | 0.437       |
|    value_loss           | 0.34        |
-----------------------------------------
[2026-05-06 12:45:52] HEARTBEAT steps=762784/1000000 percent= 76.28% rate=  1750.8 step/s eta=   2.26 min
-----------------------------------------
| rollout/                |             |
|    ep_len_mean          | 44.4        |
|    ep_rew_mean          | 20.8        |
|    success_rate         | 1           |
| time/                   |             |
|    fps                  | 1759        |
|    iterations           | 47          |
|    time_elapsed         | 437         |
|    total_timesteps      | 770048      |
| train/                  |             |
|    approx_kl            | 0.032609574 |
|    clip_fraction        | 0.281       |
|    clip_range           | 0.2         |
|    entropy_loss         | -1.72       |
|    explained_variance   | 0.84        |
|    learning_rate        | 0.0003      |
|    loss                 | 0.0261      |
|    n_updates            | 460         |
|    policy_gradient_loss | -0.00485    |
|    std                  | 0.425       |
|    value_loss           | 0.274       |
-----------------------------------------
----------------------------------------
| rollout/                |            |
|    ep_len_mean          | 44.6       |
|    ep_rew_mean          | 20.9       |
|    success_rate         | 1          |
| time/                   |            |
|    fps                  | 1758       |
|    iterations           | 48         |
|    time_elapsed         | 447        |
|    total_timesteps      | 786432     |
| train/                  |            |
|    approx_kl            | 0.04214237 |
|    clip_fraction        | 0.315      |
|    clip_range           | 0.2        |
|    entropy_loss         | -1.7       |
|    explained_variance   | 0.533      |
|    learning_rate        | 0.0003     |
|    loss                 | 0.127      |
|    n_updates            | 470        |
|    policy_gradient_loss | 0.0025     |
|    std                  | 0.427      |
|    value_loss           | 0.911      |
----------------------------------------
-----------------------------------------
| rollout/                |             |
|    ep_len_mean          | 44.6        |
|    ep_rew_mean          | 20.9        |
|    success_rate         | 1           |
| time/                   |             |
|    fps                  | 1758        |
|    iterations           | 49          |
|    time_elapsed         | 456         |
|    total_timesteps      | 802816      |
| train/                  |             |
|    approx_kl            | 0.047792245 |
|    clip_fraction        | 0.338       |
|    clip_range           | 0.2         |
|    entropy_loss         | -1.7        |
|    explained_variance   | 0.475       |
|    learning_rate        | 0.0003      |
|    loss                 | 0.104       |
|    n_updates            | 480         |
|    policy_gradient_loss | 0.00775     |
|    std                  | 0.428       |
|    value_loss           | 0.815       |
-----------------------------------------
[2026-05-06 12:46:22] HEARTBEAT steps=818208/1000000 percent= 81.82% rate=  1757.0 step/s eta=   1.72 min
----------------------------------------
| rollout/                |            |
|    ep_len_mean          | 43.8       |
|    ep_rew_mean          | 20.6       |
|    success_rate         | 1          |
| time/                   |            |
|    fps                  | 1758       |
|    iterations           | 50         |
|    time_elapsed         | 465        |
|    total_timesteps      | 819200     |
| train/                  |            |
|    approx_kl            | 0.03790106 |
|    clip_fraction        | 0.308      |
|    clip_range           | 0.2        |
|    entropy_loss         | -1.7       |
|    explained_variance   | 0.599      |
|    learning_rate        | 0.0003     |
|    loss                 | 0.228      |
|    n_updates            | 490        |
|    policy_gradient_loss | -0.000729  |
|    std                  | 0.424      |
|    value_loss           | 0.966      |
----------------------------------------
----------------------------------------
| rollout/                |            |
|    ep_len_mean          | 44.3       |
|    ep_rew_mean          | 20.9       |
|    success_rate         | 1          |
| time/                   |            |
|    fps                  | 1757       |
|    iterations           | 51         |
|    time_elapsed         | 475        |
|    total_timesteps      | 835584     |
| train/                  |            |
|    approx_kl            | 0.04114252 |
|    clip_fraction        | 0.306      |
|    clip_range           | 0.2        |
|    entropy_loss         | -1.66      |
|    explained_variance   | 0.665      |
|    learning_rate        | 0.0003     |
|    loss                 | 0.0652     |
|    n_updates            | 500        |
|    policy_gradient_loss | -0.00321   |
|    std                  | 0.42       |
|    value_loss           | 0.516      |
----------------------------------------
----------------------------------------
| rollout/                |            |
|    ep_len_mean          | 44.8       |
|    ep_rew_mean          | 21         |
|    success_rate         | 1          |
| time/                   |            |
|    fps                  | 1757       |
|    iterations           | 52         |
|    time_elapsed         | 484        |
|    total_timesteps      | 851968     |
| train/                  |            |
|    approx_kl            | 0.03872145 |
|    clip_fraction        | 0.308      |
|    clip_range           | 0.2        |
|    entropy_loss         | -1.63      |
|    explained_variance   | 0.628      |
|    learning_rate        | 0.0003     |
|    loss                 | 0.0901     |
|    n_updates            | 510        |
|    policy_gradient_loss | -0.00172   |
|    std                  | 0.415      |
|    value_loss           | 0.689      |
----------------------------------------
----------------------------------------
| rollout/                |            |
|    ep_len_mean          | 45         |
|    ep_rew_mean          | 20.8       |
|    success_rate         | 1          |
| time/                   |            |
|    fps                  | 1758       |
|    iterations           | 53         |
|    time_elapsed         | 493        |
|    total_timesteps      | 868352     |
| train/                  |            |
|    approx_kl            | 0.03972853 |
|    clip_fraction        | 0.299      |
|    clip_range           | 0.2        |
|    entropy_loss         | -1.6       |
|    explained_variance   | 0.729      |
|    learning_rate        | 0.0003     |
|    loss                 | 0.17       |
|    n_updates            | 520        |
|    policy_gradient_loss | -0.00438   |
|    std                  | 0.41       |
|    value_loss           | 0.456      |
----------------------------------------
[2026-05-06 12:46:55] HEARTBEAT steps=868368/1000000 percent= 86.84% rate=  1740.7 step/s eta=   1.26 min
-----------------------------------------
| rollout/                |             |
|    ep_len_mean          | 44.5        |
|    ep_rew_mean          | 20.8        |
|    success_rate         | 1           |
| time/                   |             |
|    fps                  | 1758        |
|    iterations           | 54          |
|    time_elapsed         | 503         |
|    total_timesteps      | 884736      |
| train/                  |             |
|    approx_kl            | 0.027215827 |
|    clip_fraction        | 0.272       |
|    clip_range           | 0.2         |
|    entropy_loss         | -1.55       |
|    explained_variance   | 0.781       |
|    learning_rate        | 0.0003      |
|    loss                 | 0.562       |
|    n_updates            | 530         |
|    policy_gradient_loss | -0.00431    |
|    std                  | 0.403       |
|    value_loss           | 0.413       |
-----------------------------------------
-----------------------------------------
| rollout/                |             |
|    ep_len_mean          | 43.5        |
|    ep_rew_mean          | 21.2        |
|    success_rate         | 1           |
| time/                   |             |
|    fps                  | 1758        |
|    iterations           | 55          |
|    time_elapsed         | 512         |
|    total_timesteps      | 901120      |
| train/                  |             |
|    approx_kl            | 0.034779295 |
|    clip_fraction        | 0.295       |
|    clip_range           | 0.2         |
|    entropy_loss         | -1.48       |
|    explained_variance   | 0.853       |
|    learning_rate        | 0.0003      |
|    loss                 | 0.035       |
|    n_updates            | 540         |
|    policy_gradient_loss | -0.00544    |
|    std                  | 0.392       |
|    value_loss           | 0.244       |
-----------------------------------------
-----------------------------------------
| rollout/                |             |
|    ep_len_mean          | 43          |
|    ep_rew_mean          | 21.1        |
|    success_rate         | 1           |
| time/                   |             |
|    fps                  | 1758        |
|    iterations           | 56          |
|    time_elapsed         | 521         |
|    total_timesteps      | 917504      |
| train/                  |             |
|    approx_kl            | 0.032228064 |
|    clip_fraction        | 0.286       |
|    clip_range           | 0.2         |
|    entropy_loss         | -1.41       |
|    explained_variance   | 0.866       |
|    learning_rate        | 0.0003      |
|    loss                 | 0.0726      |
|    n_updates            | 550         |
|    policy_gradient_loss | -0.00574    |
|    std                  | 0.385       |
|    value_loss           | 0.23        |
-----------------------------------------
[2026-05-06 12:47:25] HEARTBEAT steps=924224/1000000 percent= 92.42% rate=  1747.6 step/s eta=   0.72 min
-----------------------------------------
| rollout/                |             |
|    ep_len_mean          | 43.4        |
|    ep_rew_mean          | 21          |
|    success_rate         | 1           |
| time/                   |             |
|    fps                  | 1757        |
|    iterations           | 57          |
|    time_elapsed         | 531         |
|    total_timesteps      | 933888      |
| train/                  |             |
|    approx_kl            | 0.028235337 |
|    clip_fraction        | 0.274       |
|    clip_range           | 0.2         |
|    entropy_loss         | -1.36       |
|    explained_variance   | 0.901       |
|    learning_rate        | 0.0003      |
|    loss                 | 0.0336      |
|    n_updates            | 560         |
|    policy_gradient_loss | -0.00399    |
|    std                  | 0.377       |
|    value_loss           | 0.16        |
-----------------------------------------
-----------------------------------------
| rollout/                |             |
|    ep_len_mean          | 42.2        |
|    ep_rew_mean          | 21          |
|    success_rate         | 0.99        |
| time/                   |             |
|    fps                  | 1757        |
|    iterations           | 58          |
|    time_elapsed         | 540         |
|    total_timesteps      | 950272      |
| train/                  |             |
|    approx_kl            | 0.039831255 |
|    clip_fraction        | 0.317       |
|    clip_range           | 0.2         |
|    entropy_loss         | -1.3        |
|    explained_variance   | 0.859       |
|    learning_rate        | 0.0003      |
|    loss                 | 0.0187      |
|    n_updates            | 570         |
|    policy_gradient_loss | -0.00356    |
|    std                  | 0.372       |
|    value_loss           | 0.206       |
-----------------------------------------
----------------------------------------
| rollout/                |            |
|    ep_len_mean          | 41.8       |
|    ep_rew_mean          | 21.2       |
|    success_rate         | 1          |
| time/                   |            |
|    fps                  | 1757       |
|    iterations           | 59         |
|    time_elapsed         | 550        |
|    total_timesteps      | 966656     |
| train/                  |            |
|    approx_kl            | 0.04178769 |
|    clip_fraction        | 0.298      |
|    clip_range           | 0.2        |
|    entropy_loss         | -1.27      |
|    explained_variance   | 0.705      |
|    learning_rate        | 0.0003     |
|    loss                 | 0.0327     |
|    n_updates            | 580        |
|    policy_gradient_loss | -0.00166   |
|    std                  | 0.367      |
|    value_loss           | 0.255      |
----------------------------------------
[2026-05-06 12:47:55] HEARTBEAT steps=980976/1000000 percent= 98.10% rate=  1755.3 step/s eta=   0.18 min
----------------------------------------
| rollout/                |            |
|    ep_len_mean          | 41.5       |
|    ep_rew_mean          | 20.9       |
|    success_rate         | 1          |
| time/                   |            |
|    fps                  | 1757       |
|    iterations           | 60         |
|    time_elapsed         | 559        |
|    total_timesteps      | 983040     |
| train/                  |            |
|    approx_kl            | 0.02920435 |
|    clip_fraction        | 0.275      |
|    clip_range           | 0.2        |
|    entropy_loss         | -1.23      |
|    explained_variance   | 0.898      |
|    learning_rate        | 0.0003     |
|    loss                 | 0.0472     |
|    n_updates            | 590        |
|    policy_gradient_loss | -0.00384   |
|    std                  | 0.363      |
|    value_loss           | 0.245      |
----------------------------------------
-----------------------------------------
| rollout/                |             |
|    ep_len_mean          | 41.2        |
|    ep_rew_mean          | 21.3        |
|    success_rate         | 1           |
| time/                   |             |
|    fps                  | 1757        |
|    iterations           | 61          |
|    time_elapsed         | 568         |
|    total_timesteps      | 999424      |
| train/                  |             |
|    approx_kl            | 0.049167715 |
|    clip_fraction        | 0.334       |
|    clip_range           | 0.2         |
|    entropy_loss         | -1.2        |
|    explained_variance   | 0.791       |
|    learning_rate        | 0.0003      |
|    loss                 | 0.114       |
|    n_updates            | 600         |
|    policy_gradient_loss | -0.00128    |
|    std                  | 0.36        |
|    value_loss           | 0.224       |
-----------------------------------------
[2026-05-06 12:48:11] CHECKPOINT_SAVED local_step=1000000 global_step=1000000 path=/root/workspace/uav-risk-rl/checkpoints/gate2b/attention_full_risk_penalty_s0_step1000000.zip
-----------------------------------------
| rollout/                |             |
|    ep_len_mean          | 41.2        |
|    ep_rew_mean          | 21.2        |
|    success_rate         | 1           |
| time/                   |             |
|    fps                  | 1756        |
|    iterations           | 62          |
|    time_elapsed         | 578         |
|    total_timesteps      | 1015808     |
| train/                  |             |
|    approx_kl            | 0.034265917 |
|    clip_fraction        | 0.293       |
|    clip_range           | 0.2         |
|    entropy_loss         | -1.15       |
|    explained_variance   | 0.791       |
|    learning_rate        | 0.0003      |
|    loss                 | 0.0182      |
|    n_updates            | 610         |
|    policy_gradient_loss | -0.0034     |
|    std                  | 0.352       |
|    value_loss           | 0.19        |
-----------------------------------------
[2026-05-06 12:48:20] TRAIN_END elapsed=9.72 min local_steps=1015808 model_num_timesteps=1015808
[2026-05-06 12:48:20] SAVED model=/root/workspace/uav-risk-rl/checkpoints/gate2b/attention_full_risk_penalty_s0_step1000000.zip approx_updates=62
