[2026-05-06 13:58:20] CONFIG agg=attention seed=2 total_steps=1000000 n_envs=16 device=cpu scenario=train_random_switch use_rbar=False rbar_floor=0.0 hidden_dim=64 r_gate=5.0 lambda_ewma=0.1 sigma_min=0.05 run_name=attention_full method=attention_full resume_from=none resume_global_step=0 use_safety_cost=False cost_type=none fallback_penalty=False beta_cost=5.0 use_risk_bias=False lambda_bias=0.2
Using cpu device
Logging to /root/workspace/uav-risk-rl/runs/p1_three_seed/attention_full_s2/PPO_1
[2026-05-06 13:58:22] TRAIN_START total_steps=1000000 start_num_timesteps=0
---------------------------------
| rollout/           |          |
|    ep_len_mean     | 141      |
|    ep_rew_mean     | -27.5    |
|    success_rate    | 0        |
| time/              |          |
|    fps             | 3654     |
|    iterations      | 1        |
|    time_elapsed    | 4        |
|    total_timesteps | 16384    |
---------------------------------
-----------------------------------------
| rollout/                |             |
|    ep_len_mean          | 111         |
|    ep_rew_mean          | -21.6       |
|    success_rate         | 0           |
| time/                   |             |
|    fps                  | 2100        |
|    iterations           | 2           |
|    time_elapsed         | 15          |
|    total_timesteps      | 32768       |
| train/                  |             |
|    approx_kl            | 0.013643129 |
|    clip_fraction        | 0.167       |
|    clip_range           | 0.2         |
|    entropy_loss         | -4.22       |
|    explained_variance   | -0.0367     |
|    learning_rate        | 0.0003      |
|    loss                 | 0.774       |
|    n_updates            | 10          |
|    policy_gradient_loss | -0.0145     |
|    std                  | 0.985       |
|    value_loss           | 1.83        |
-----------------------------------------
-----------------------------------------
| rollout/                |             |
|    ep_len_mean          | 116         |
|    ep_rew_mean          | -18.7       |
|    success_rate         | 0.02        |
| time/                   |             |
|    fps                  | 1975        |
|    iterations           | 3           |
|    time_elapsed         | 24          |
|    total_timesteps      | 49152       |
| train/                  |             |
|    approx_kl            | 0.012903502 |
|    clip_fraction        | 0.17        |
|    clip_range           | 0.2         |
|    entropy_loss         | -4.16       |
|    explained_variance   | 0.306       |
|    learning_rate        | 0.0003      |
|    loss                 | 0.637       |
|    n_updates            | 20          |
|    policy_gradient_loss | -0.0168     |
|    std                  | 0.963       |
|    value_loss           | 1.38        |
-----------------------------------------
[2026-05-06 13:58:52] HEARTBEAT steps=50080/1000000 percent=  5.01% rate=  1669.3 step/s eta=   9.48 min
-----------------------------------------
| rollout/                |             |
|    ep_len_mean          | 120         |
|    ep_rew_mean          | -13.6       |
|    success_rate         | 0.16        |
| time/                   |             |
|    fps                  | 1922        |
|    iterations           | 4           |
|    time_elapsed         | 34          |
|    total_timesteps      | 65536       |
| train/                  |             |
|    approx_kl            | 0.015564101 |
|    clip_fraction        | 0.204       |
|    clip_range           | 0.2         |
|    entropy_loss         | -4.09       |
|    explained_variance   | 0.428       |
|    learning_rate        | 0.0003      |
|    loss                 | 0.373       |
|    n_updates            | 30          |
|    policy_gradient_loss | -0.0213     |
|    std                  | 0.939       |
|    value_loss           | 1.07        |
-----------------------------------------
-----------------------------------------
| rollout/                |             |
|    ep_len_mean          | 88.4        |
|    ep_rew_mean          | -5.87       |
|    success_rate         | 0.37        |
| time/                   |             |
|    fps                  | 1885        |
|    iterations           | 5           |
|    time_elapsed         | 43          |
|    total_timesteps      | 81920       |
| train/                  |             |
|    approx_kl            | 0.015081716 |
|    clip_fraction        | 0.208       |
|    clip_range           | 0.2         |
|    entropy_loss         | -4.02       |
|    explained_variance   | 0.324       |
|    learning_rate        | 0.0003      |
|    loss                 | 1.25        |
|    n_updates            | 40          |
|    policy_gradient_loss | -0.0196     |
|    std                  | 0.918       |
|    value_loss           | 2.59        |
-----------------------------------------
-----------------------------------------
| rollout/                |             |
|    ep_len_mean          | 83.1        |
|    ep_rew_mean          | 0.462       |
|    success_rate         | 0.61        |
| time/                   |             |
|    fps                  | 1863        |
|    iterations           | 6           |
|    time_elapsed         | 52          |
|    total_timesteps      | 98304       |
| train/                  |             |
|    approx_kl            | 0.012641579 |
|    clip_fraction        | 0.173       |
|    clip_range           | 0.2         |
|    entropy_loss         | -3.97       |
|    explained_variance   | 0.45        |
|    learning_rate        | 0.0003      |
|    loss                 | 2.78        |
|    n_updates            | 50          |
|    policy_gradient_loss | -0.0189     |
|    std                  | 0.903       |
|    value_loss           | 5.43        |
-----------------------------------------
[2026-05-06 13:59:22] HEARTBEAT steps=106144/1000000 percent= 10.61% rate=  1769.0 step/s eta=   8.42 min
------------------------------------------
| rollout/                |              |
|    ep_len_mean          | 74.4         |
|    ep_rew_mean          | 5.63         |
|    success_rate         | 0.74         |
| time/                   |              |
|    fps                  | 1841         |
|    iterations           | 7            |
|    time_elapsed         | 62           |
|    total_timesteps      | 114688       |
| train/                  |              |
|    approx_kl            | 0.0149332285 |
|    clip_fraction        | 0.196        |
|    clip_range           | 0.2          |
|    entropy_loss         | -3.9         |
|    explained_variance   | 0.712        |
|    learning_rate        | 0.0003       |
|    loss                 | 1.52         |
|    n_updates            | 60           |
|    policy_gradient_loss | -0.022       |
|    std                  | 0.882        |
|    value_loss           | 3.78         |
------------------------------------------
-----------------------------------------
| rollout/                |             |
|    ep_len_mean          | 63.1        |
|    ep_rew_mean          | 8.21        |
|    success_rate         | 0.77        |
| time/                   |             |
|    fps                  | 1827        |
|    iterations           | 8           |
|    time_elapsed         | 71          |
|    total_timesteps      | 131072      |
| train/                  |             |
|    approx_kl            | 0.017376173 |
|    clip_fraction        | 0.211       |
|    clip_range           | 0.2         |
|    entropy_loss         | -3.81       |
|    explained_variance   | 0.817       |
|    learning_rate        | 0.0003      |
|    loss                 | 1.4         |
|    n_updates            | 70          |
|    policy_gradient_loss | -0.022      |
|    std                  | 0.853       |
|    value_loss           | 3.3         |
-----------------------------------------
----------------------------------------
| rollout/                |            |
|    ep_len_mean          | 57.5       |
|    ep_rew_mean          | 10.6       |
|    success_rate         | 0.81       |
| time/                   |            |
|    fps                  | 1822       |
|    iterations           | 9          |
|    time_elapsed         | 80         |
|    total_timesteps      | 147456     |
| train/                  |            |
|    approx_kl            | 0.01665825 |
|    clip_fraction        | 0.198      |
|    clip_range           | 0.2        |
|    entropy_loss         | -3.71      |
|    explained_variance   | 0.735      |
|    learning_rate        | 0.0003     |
|    loss                 | 2.05       |
|    n_updates            | 80         |
|    policy_gradient_loss | -0.0193    |
|    std                  | 0.825      |
|    value_loss           | 4.12       |
----------------------------------------
[2026-05-06 13:59:52] HEARTBEAT steps=163216/1000000 percent= 16.32% rate=  1813.4 step/s eta=   7.69 min
-----------------------------------------
| rollout/                |             |
|    ep_len_mean          | 58.1        |
|    ep_rew_mean          | 12.8        |
|    success_rate         | 0.87        |
| time/                   |             |
|    fps                  | 1816        |
|    iterations           | 10          |
|    time_elapsed         | 90          |
|    total_timesteps      | 163840      |
| train/                  |             |
|    approx_kl            | 0.012925141 |
|    clip_fraction        | 0.169       |
|    clip_range           | 0.2         |
|    entropy_loss         | -3.62       |
|    explained_variance   | 0.61        |
|    learning_rate        | 0.0003      |
|    loss                 | 1.88        |
|    n_updates            | 90          |
|    policy_gradient_loss | -0.0154     |
|    std                  | 0.802       |
|    value_loss           | 3.72        |
-----------------------------------------
-----------------------------------------
| rollout/                |             |
|    ep_len_mean          | 55.1        |
|    ep_rew_mean          | 14.3        |
|    success_rate         | 0.89        |
| time/                   |             |
|    fps                  | 1812        |
|    iterations           | 11          |
|    time_elapsed         | 99          |
|    total_timesteps      | 180224      |
| train/                  |             |
|    approx_kl            | 0.013276895 |
|    clip_fraction        | 0.162       |
|    clip_range           | 0.2         |
|    entropy_loss         | -3.53       |
|    explained_variance   | 0.352       |
|    learning_rate        | 0.0003      |
|    loss                 | 1.31        |
|    n_updates            | 100         |
|    policy_gradient_loss | -0.0114     |
|    std                  | 0.78        |
|    value_loss           | 2.98        |
-----------------------------------------
-----------------------------------------
| rollout/                |             |
|    ep_len_mean          | 51.7        |
|    ep_rew_mean          | 15          |
|    success_rate         | 0.89        |
| time/                   |             |
|    fps                  | 1807        |
|    iterations           | 12          |
|    time_elapsed         | 108         |
|    total_timesteps      | 196608      |
| train/                  |             |
|    approx_kl            | 0.015104881 |
|    clip_fraction        | 0.18        |
|    clip_range           | 0.2         |
|    entropy_loss         | -3.45       |
|    explained_variance   | 0.141       |
|    learning_rate        | 0.0003      |
|    loss                 | 1.89        |
|    n_updates            | 110         |
|    policy_gradient_loss | -0.0113     |
|    std                  | 0.761       |
|    value_loss           | 3.63        |
-----------------------------------------
-----------------------------------------
| rollout/                |             |
|    ep_len_mean          | 52          |
|    ep_rew_mean          | 17.3        |
|    success_rate         | 0.97        |
| time/                   |             |
|    fps                  | 1800        |
|    iterations           | 13          |
|    time_elapsed         | 118         |
|    total_timesteps      | 212992      |
| train/                  |             |
|    approx_kl            | 0.018628832 |
|    clip_fraction        | 0.205       |
|    clip_range           | 0.2         |
|    entropy_loss         | -3.35       |
|    explained_variance   | 0.0851      |
|    learning_rate        | 0.0003      |
|    loss                 | 0.986       |
|    n_updates            | 120         |
|    policy_gradient_loss | -0.0115     |
|    std                  | 0.734       |
|    value_loss           | 3.33        |
-----------------------------------------
[2026-05-06 14:00:25] HEARTBEAT steps=213008/1000000 percent= 21.30% rate=  1729.2 step/s eta=   7.59 min
-----------------------------------------
| rollout/                |             |
|    ep_len_mean          | 52.1        |
|    ep_rew_mean          | 17.8        |
|    success_rate         | 0.97        |
| time/                   |             |
|    fps                  | 1798        |
|    iterations           | 14          |
|    time_elapsed         | 127         |
|    total_timesteps      | 229376      |
| train/                  |             |
|    approx_kl            | 0.018490102 |
|    clip_fraction        | 0.214       |
|    clip_range           | 0.2         |
|    entropy_loss         | -3.24       |
|    explained_variance   | -0.0494     |
|    learning_rate        | 0.0003      |
|    loss                 | 1.12        |
|    n_updates            | 130         |
|    policy_gradient_loss | -0.00822    |
|    std                  | 0.708       |
|    value_loss           | 2.06        |
-----------------------------------------
-----------------------------------------
| rollout/                |             |
|    ep_len_mean          | 48.2        |
|    ep_rew_mean          | 18.4        |
|    success_rate         | 0.98        |
| time/                   |             |
|    fps                  | 1792        |
|    iterations           | 15          |
|    time_elapsed         | 137         |
|    total_timesteps      | 245760      |
| train/                  |             |
|    approx_kl            | 0.019643262 |
|    clip_fraction        | 0.221       |
|    clip_range           | 0.2         |
|    entropy_loss         | -3.14       |
|    explained_variance   | 0.145       |
|    learning_rate        | 0.0003      |
|    loss                 | 0.725       |
|    n_updates            | 140         |
|    policy_gradient_loss | -0.00938    |
|    std                  | 0.684       |
|    value_loss           | 2.01        |
-----------------------------------------
[2026-05-06 14:00:45] CHECKPOINT_SAVED local_step=250000 global_step=250000 path=/root/workspace/uav-risk-rl/checkpoints/p1_three_seed/attention_full_s2_step250000.zip
-----------------------------------------
| rollout/                |             |
|    ep_len_mean          | 46.1        |
|    ep_rew_mean          | 18.8        |
|    success_rate         | 0.98        |
| time/                   |             |
|    fps                  | 1789        |
|    iterations           | 16          |
|    time_elapsed         | 146         |
|    total_timesteps      | 262144      |
| train/                  |             |
|    approx_kl            | 0.018606681 |
|    clip_fraction        | 0.225       |
|    clip_range           | 0.2         |
|    entropy_loss         | -3.04       |
|    explained_variance   | 0.172       |
|    learning_rate        | 0.0003      |
|    loss                 | 1.27        |
|    n_updates            | 150         |
|    policy_gradient_loss | -0.0105     |
|    std                  | 0.661       |
|    value_loss           | 2.18        |
-----------------------------------------
[2026-05-06 14:00:55] HEARTBEAT steps=268528/1000000 percent= 26.85% rate=  1752.9 step/s eta=   6.95 min
-----------------------------------------
| rollout/                |             |
|    ep_len_mean          | 45.6        |
|    ep_rew_mean          | 19.4        |
|    success_rate         | 0.99        |
| time/                   |             |
|    fps                  | 1788        |
|    iterations           | 17          |
|    time_elapsed         | 155         |
|    total_timesteps      | 278528      |
| train/                  |             |
|    approx_kl            | 0.020947468 |
|    clip_fraction        | 0.225       |
|    clip_range           | 0.2         |
|    entropy_loss         | -2.93       |
|    explained_variance   | 0.275       |
|    learning_rate        | 0.0003      |
|    loss                 | 0.916       |
|    n_updates            | 160         |
|    policy_gradient_loss | -0.00688    |
|    std                  | 0.638       |
|    value_loss           | 1.75        |
-----------------------------------------
-----------------------------------------
| rollout/                |             |
|    ep_len_mean          | 43.6        |
|    ep_rew_mean          | 19.3        |
|    success_rate         | 0.98        |
| time/                   |             |
|    fps                  | 1785        |
|    iterations           | 18          |
|    time_elapsed         | 165         |
|    total_timesteps      | 294912      |
| train/                  |             |
|    approx_kl            | 0.018291816 |
|    clip_fraction        | 0.213       |
|    clip_range           | 0.2         |
|    entropy_loss         | -2.81       |
|    explained_variance   | 0.484       |
|    learning_rate        | 0.0003      |
|    loss                 | 0.0688      |
|    n_updates            | 170         |
|    policy_gradient_loss | -0.0094     |
|    std                  | 0.612       |
|    value_loss           | 0.951       |
-----------------------------------------
----------------------------------------
| rollout/                |            |
|    ep_len_mean          | 43.4       |
|    ep_rew_mean          | 19.5       |
|    success_rate         | 0.97       |
| time/                   |            |
|    fps                  | 1783       |
|    iterations           | 19         |
|    time_elapsed         | 174        |
|    total_timesteps      | 311296     |
| train/                  |            |
|    approx_kl            | 0.02202451 |
|    clip_fraction        | 0.219      |
|    clip_range           | 0.2        |
|    entropy_loss         | -2.68      |
|    explained_variance   | 0.354      |
|    learning_rate        | 0.0003     |
|    loss                 | 0.468      |
|    n_updates            | 180        |
|    policy_gradient_loss | -0.00857   |
|    std                  | 0.585      |
|    value_loss           | 1.63       |
----------------------------------------
[2026-05-06 14:01:25] HEARTBEAT steps=323872/1000000 percent= 32.39% rate=  1768.0 step/s eta=   6.37 min
-----------------------------------------
| rollout/                |             |
|    ep_len_mean          | 42.8        |
|    ep_rew_mean          | 19.5        |
|    success_rate         | 0.96        |
| time/                   |             |
|    fps                  | 1778        |
|    iterations           | 20          |
|    time_elapsed         | 184         |
|    total_timesteps      | 327680      |
| train/                  |             |
|    approx_kl            | 0.021978747 |
|    clip_fraction        | 0.222       |
|    clip_range           | 0.2         |
|    entropy_loss         | -2.55       |
|    explained_variance   | 0.604       |
|    learning_rate        | 0.0003      |
|    loss                 | 0.0219      |
|    n_updates            | 190         |
|    policy_gradient_loss | -0.00656    |
|    std                  | 0.562       |
|    value_loss           | 0.783       |
-----------------------------------------
-----------------------------------------
| rollout/                |             |
|    ep_len_mean          | 42.4        |
|    ep_rew_mean          | 19.8        |
|    success_rate         | 0.97        |
| time/                   |             |
|    fps                  | 1775        |
|    iterations           | 21          |
|    time_elapsed         | 193         |
|    total_timesteps      | 344064      |
| train/                  |             |
|    approx_kl            | 0.028926989 |
|    clip_fraction        | 0.235       |
|    clip_range           | 0.2         |
|    entropy_loss         | -2.46       |
|    explained_variance   | 0.422       |
|    learning_rate        | 0.0003      |
|    loss                 | 0.505       |
|    n_updates            | 200         |
|    policy_gradient_loss | -0.0067     |
|    std                  | 0.544       |
|    value_loss           | 1.94        |
-----------------------------------------
-----------------------------------------
| rollout/                |             |
|    ep_len_mean          | 42.3        |
|    ep_rew_mean          | 20.3        |
|    success_rate         | 0.98        |
| time/                   |             |
|    fps                  | 1774        |
|    iterations           | 22          |
|    time_elapsed         | 203         |
|    total_timesteps      | 360448      |
| train/                  |             |
|    approx_kl            | 0.015738199 |
|    clip_fraction        | 0.214       |
|    clip_range           | 0.2         |
|    entropy_loss         | -2.38       |
|    explained_variance   | 0.535       |
|    learning_rate        | 0.0003      |
|    loss                 | 0.62        |
|    n_updates            | 210         |
|    policy_gradient_loss | -0.00392    |
|    std                  | 0.533       |
|    value_loss           | 1.49        |
-----------------------------------------
--------------------------------------
| rollout/                |          |
|    ep_len_mean          | 41.6     |
|    ep_rew_mean          | 20.2     |
|    success_rate         | 0.98     |
| time/                   |          |
|    fps                  | 1774     |
|    iterations           | 23       |
|    time_elapsed         | 212      |
|    total_timesteps      | 376832   |
| train/                  |          |
|    approx_kl            | 0.021816 |
|    clip_fraction        | 0.23     |
|    clip_range           | 0.2      |
|    entropy_loss         | -2.29    |
|    explained_variance   | 0.6      |
|    learning_rate        | 0.0003   |
|    loss                 | 0.096    |
|    n_updates            | 220      |
|    policy_gradient_loss | -0.00597 |
|    std                  | 0.513    |
|    value_loss           | 1.04     |
--------------------------------------
[2026-05-06 14:01:59] HEARTBEAT steps=376848/1000000 percent= 37.68% rate=  1735.2 step/s eta=   5.99 min
-----------------------------------------
| rollout/                |             |
|    ep_len_mean          | 41.5        |
|    ep_rew_mean          | 20.8        |
|    success_rate         | 1           |
| time/                   |             |
|    fps                  | 1773        |
|    iterations           | 24          |
|    time_elapsed         | 221         |
|    total_timesteps      | 393216      |
| train/                  |             |
|    approx_kl            | 0.021401616 |
|    clip_fraction        | 0.204       |
|    clip_range           | 0.2         |
|    entropy_loss         | -2.18       |
|    explained_variance   | 0.66        |
|    learning_rate        | 0.0003      |
|    loss                 | 0.0155      |
|    n_updates            | 230         |
|    policy_gradient_loss | -0.00828    |
|    std                  | 0.495       |
|    value_loss           | 0.877       |
-----------------------------------------
-----------------------------------------
| rollout/                |             |
|    ep_len_mean          | 41.2        |
|    ep_rew_mean          | 20.8        |
|    success_rate         | 0.99        |
| time/                   |             |
|    fps                  | 1770        |
|    iterations           | 25          |
|    time_elapsed         | 231         |
|    total_timesteps      | 409600      |
| train/                  |             |
|    approx_kl            | 0.020523753 |
|    clip_fraction        | 0.219       |
|    clip_range           | 0.2         |
|    entropy_loss         | -2.03       |
|    explained_variance   | 0.882       |
|    learning_rate        | 0.0003      |
|    loss                 | -0.0189     |
|    n_updates            | 240         |
|    policy_gradient_loss | -0.0124     |
|    std                  | 0.471       |
|    value_loss           | 0.179       |
-----------------------------------------
-----------------------------------------
| rollout/                |             |
|    ep_len_mean          | 40.7        |
|    ep_rew_mean          | 21.2        |
|    success_rate         | 1           |
| time/                   |             |
|    fps                  | 1768        |
|    iterations           | 26          |
|    time_elapsed         | 240         |
|    total_timesteps      | 425984      |
| train/                  |             |
|    approx_kl            | 0.025146622 |
|    clip_fraction        | 0.235       |
|    clip_range           | 0.2         |
|    entropy_loss         | -1.89       |
|    explained_variance   | 0.759       |
|    learning_rate        | 0.0003      |
|    loss                 | 0.603       |
|    n_updates            | 250         |
|    policy_gradient_loss | -0.00819    |
|    std                  | 0.449       |
|    value_loss           | 0.759       |
-----------------------------------------
[2026-05-06 14:02:29] HEARTBEAT steps=430224/1000000 percent= 43.02% rate=  1740.5 step/s eta=   5.46 min
-----------------------------------------
| rollout/                |             |
|    ep_len_mean          | 39.7        |
|    ep_rew_mean          | 21.2        |
|    success_rate         | 1           |
| time/                   |             |
|    fps                  | 1764        |
|    iterations           | 27          |
|    time_elapsed         | 250         |
|    total_timesteps      | 442368      |
| train/                  |             |
|    approx_kl            | 0.023570558 |
|    clip_fraction        | 0.222       |
|    clip_range           | 0.2         |
|    entropy_loss         | -1.76       |
|    explained_variance   | 0.822       |
|    learning_rate        | 0.0003      |
|    loss                 | -0.00242    |
|    n_updates            | 260         |
|    policy_gradient_loss | -0.00811    |
|    std                  | 0.43        |
|    value_loss           | 0.401       |
-----------------------------------------
-----------------------------------------
| rollout/                |             |
|    ep_len_mean          | 39          |
|    ep_rew_mean          | 20.8        |
|    success_rate         | 0.98        |
| time/                   |             |
|    fps                  | 1764        |
|    iterations           | 28          |
|    time_elapsed         | 259         |
|    total_timesteps      | 458752      |
| train/                  |             |
|    approx_kl            | 0.020926196 |
|    clip_fraction        | 0.211       |
|    clip_range           | 0.2         |
|    entropy_loss         | -1.63       |
|    explained_variance   | 0.799       |
|    learning_rate        | 0.0003      |
|    loss                 | 0.0111      |
|    n_updates            | 270         |
|    policy_gradient_loss | -0.00836    |
|    std                  | 0.413       |
|    value_loss           | 0.671       |
-----------------------------------------
-----------------------------------------
| rollout/                |             |
|    ep_len_mean          | 39.2        |
|    ep_rew_mean          | 21.1        |
|    success_rate         | 0.99        |
| time/                   |             |
|    fps                  | 1763        |
|    iterations           | 29          |
|    time_elapsed         | 269         |
|    total_timesteps      | 475136      |
| train/                  |             |
|    approx_kl            | 0.019050144 |
|    clip_fraction        | 0.214       |
|    clip_range           | 0.2         |
|    entropy_loss         | -1.56       |
|    explained_variance   | 0.714       |
|    learning_rate        | 0.0003      |
|    loss                 | 0.543       |
|    n_updates            | 280         |
|    policy_gradient_loss | -0.00273    |
|    std                  | 0.405       |
|    value_loss           | 0.821       |
-----------------------------------------
[2026-05-06 14:02:59] HEARTBEAT steps=485344/1000000 percent= 48.53% rate=  1751.0 step/s eta=   4.90 min
-----------------------------------------
| rollout/                |             |
|    ep_len_mean          | 38.6        |
|    ep_rew_mean          | 21.2        |
|    success_rate         | 0.99        |
| time/                   |             |
|    fps                  | 1762        |
|    iterations           | 30          |
|    time_elapsed         | 278         |
|    total_timesteps      | 491520      |
| train/                  |             |
|    approx_kl            | 0.023391861 |
|    clip_fraction        | 0.236       |
|    clip_range           | 0.2         |
|    entropy_loss         | -1.5        |
|    explained_variance   | 0.704       |
|    learning_rate        | 0.0003      |
|    loss                 | 0.0386      |
|    n_updates            | 290         |
|    policy_gradient_loss | -0.00214    |
|    std                  | 0.397       |
|    value_loss           | 0.867       |
-----------------------------------------
[2026-05-06 14:03:08] CHECKPOINT_SAVED local_step=500000 global_step=500000 path=/root/workspace/uav-risk-rl/checkpoints/p1_three_seed/attention_full_s2_step500000.zip
-----------------------------------------
| rollout/                |             |
|    ep_len_mean          | 38.4        |
|    ep_rew_mean          | 21.2        |
|    success_rate         | 0.99        |
| time/                   |             |
|    fps                  | 1762        |
|    iterations           | 31          |
|    time_elapsed         | 288         |
|    total_timesteps      | 507904      |
| train/                  |             |
|    approx_kl            | 0.023817603 |
|    clip_fraction        | 0.255       |
|    clip_range           | 0.2         |
|    entropy_loss         | -1.44       |
|    explained_variance   | 0.697       |
|    learning_rate        | 0.0003      |
|    loss                 | 0.0723      |
|    n_updates            | 300         |
|    policy_gradient_loss | -0.0013     |
|    std                  | 0.389       |
|    value_loss           | 0.983       |
-----------------------------------------
-----------------------------------------
| rollout/                |             |
|    ep_len_mean          | 37.8        |
|    ep_rew_mean          | 21          |
|    success_rate         | 0.98        |
| time/                   |             |
|    fps                  | 1762        |
|    iterations           | 32          |
|    time_elapsed         | 297         |
|    total_timesteps      | 524288      |
| train/                  |             |
|    approx_kl            | 0.024602681 |
|    clip_fraction        | 0.228       |
|    clip_range           | 0.2         |
|    entropy_loss         | -1.38       |
|    explained_variance   | 0.788       |
|    learning_rate        | 0.0003      |
|    loss                 | 0.0312      |
|    n_updates            | 310         |
|    policy_gradient_loss | -0.00387    |
|    std                  | 0.381       |
|    value_loss           | 0.678       |
-----------------------------------------
----------------------------------------
| rollout/                |            |
|    ep_len_mean          | 37.6       |
|    ep_rew_mean          | 21.2       |
|    success_rate         | 0.99       |
| time/                   |            |
|    fps                  | 1762       |
|    iterations           | 33         |
|    time_elapsed         | 306        |
|    total_timesteps      | 540672     |
| train/                  |            |
|    approx_kl            | 0.02551376 |
|    clip_fraction        | 0.251      |
|    clip_range           | 0.2        |
|    entropy_loss         | -1.31      |
|    explained_variance   | 0.754      |
|    learning_rate        | 0.0003     |
|    loss                 | 0.0152     |
|    n_updates            | 320        |
|    policy_gradient_loss | 0.000239   |
|    std                  | 0.374      |
|    value_loss           | 0.768      |
----------------------------------------
[2026-05-06 14:03:34] HEARTBEAT steps=540688/1000000 percent= 54.07% rate=  1734.0 step/s eta=   4.41 min
----------------------------------------
| rollout/                |            |
|    ep_len_mean          | 37.7       |
|    ep_rew_mean          | 21.4       |
|    success_rate         | 0.99       |
| time/                   |            |
|    fps                  | 1761       |
|    iterations           | 34         |
|    time_elapsed         | 316        |
|    total_timesteps      | 557056     |
| train/                  |            |
|    approx_kl            | 0.02411206 |
|    clip_fraction        | 0.238      |
|    clip_range           | 0.2        |
|    entropy_loss         | -1.26      |
|    explained_variance   | 0.688      |
|    learning_rate        | 0.0003     |
|    loss                 | 0.235      |
|    n_updates            | 330        |
|    policy_gradient_loss | -0.0021    |
|    std                  | 0.368      |
|    value_loss           | 0.881      |
----------------------------------------
-----------------------------------------
| rollout/                |             |
|    ep_len_mean          | 36.8        |
|    ep_rew_mean          | 20.7        |
|    success_rate         | 0.97        |
| time/                   |             |
|    fps                  | 1759        |
|    iterations           | 35          |
|    time_elapsed         | 325         |
|    total_timesteps      | 573440      |
| train/                  |             |
|    approx_kl            | 0.022664003 |
|    clip_fraction        | 0.258       |
|    clip_range           | 0.2         |
|    entropy_loss         | -1.21       |
|    explained_variance   | 0.791       |
|    learning_rate        | 0.0003      |
|    loss                 | -0.000903   |
|    n_updates            | 340         |
|    policy_gradient_loss | -0.00301    |
|    std                  | 0.36        |
|    value_loss           | 0.698       |
-----------------------------------------
-----------------------------------------
| rollout/                |             |
|    ep_len_mean          | 37          |
|    ep_rew_mean          | 20.9        |
|    success_rate         | 0.97        |
| time/                   |             |
|    fps                  | 1757        |
|    iterations           | 36          |
|    time_elapsed         | 335         |
|    total_timesteps      | 589824      |
| train/                  |             |
|    approx_kl            | 0.022692584 |
|    clip_fraction        | 0.223       |
|    clip_range           | 0.2         |
|    entropy_loss         | -1.16       |
|    explained_variance   | 0.723       |
|    learning_rate        | 0.0003      |
|    loss                 | 0.025       |
|    n_updates            | 350         |
|    policy_gradient_loss | -0.00268    |
|    std                  | 0.357       |
|    value_loss           | 0.902       |
-----------------------------------------
[2026-05-06 14:04:04] HEARTBEAT steps=594000/1000000 percent= 59.40% rate=  1737.7 step/s eta=   3.89 min
-----------------------------------------
| rollout/                |             |
|    ep_len_mean          | 37.2        |
|    ep_rew_mean          | 21.4        |
|    success_rate         | 0.99        |
| time/                   |             |
|    fps                  | 1757        |
|    iterations           | 37          |
|    time_elapsed         | 345         |
|    total_timesteps      | 606208      |
| train/                  |             |
|    approx_kl            | 0.023531582 |
|    clip_fraction        | 0.249       |
|    clip_range           | 0.2         |
|    entropy_loss         | -1.13       |
|    explained_variance   | 0.726       |
|    learning_rate        | 0.0003      |
|    loss                 | 0.268       |
|    n_updates            | 360         |
|    policy_gradient_loss | -0.000777   |
|    std                  | 0.355       |
|    value_loss           | 1.02        |
-----------------------------------------
-----------------------------------------
| rollout/                |             |
|    ep_len_mean          | 37.6        |
|    ep_rew_mean          | 21.5        |
|    success_rate         | 0.99        |
| time/                   |             |
|    fps                  | 1757        |
|    iterations           | 38          |
|    time_elapsed         | 354         |
|    total_timesteps      | 622592      |
| train/                  |             |
|    approx_kl            | 0.019552961 |
|    clip_fraction        | 0.226       |
|    clip_range           | 0.2         |
|    entropy_loss         | -1.08       |
|    explained_variance   | 0.793       |
|    learning_rate        | 0.0003      |
|    loss                 | 0.0975      |
|    n_updates            | 370         |
|    policy_gradient_loss | -0.00388    |
|    std                  | 0.346       |
|    value_loss           | 0.545       |
-----------------------------------------
-----------------------------------------
| rollout/                |             |
|    ep_len_mean          | 37.3        |
|    ep_rew_mean          | 21.8        |
|    success_rate         | 1           |
| time/                   |             |
|    fps                  | 1756        |
|    iterations           | 39          |
|    time_elapsed         | 363         |
|    total_timesteps      | 638976      |
| train/                  |             |
|    approx_kl            | 0.024323301 |
|    clip_fraction        | 0.267       |
|    clip_range           | 0.2         |
|    entropy_loss         | -1.04       |
|    explained_variance   | 0.669       |
|    learning_rate        | 0.0003      |
|    loss                 | 0.152       |
|    n_updates            | 380         |
|    policy_gradient_loss | 0.000513    |
|    std                  | 0.344       |
|    value_loss           | 1.41        |
-----------------------------------------
[2026-05-06 14:04:34] HEARTBEAT steps=650480/1000000 percent= 65.05% rate=  1749.4 step/s eta=   3.33 min
-----------------------------------------
| rollout/                |             |
|    ep_len_mean          | 36.5        |
|    ep_rew_mean          | 20.7        |
|    success_rate         | 0.96        |
| time/                   |             |
|    fps                  | 1756        |
|    iterations           | 40          |
|    time_elapsed         | 373         |
|    total_timesteps      | 655360      |
| train/                  |             |
|    approx_kl            | 0.027426017 |
|    clip_fraction        | 0.265       |
|    clip_range           | 0.2         |
|    entropy_loss         | -1.01       |
|    explained_variance   | 0.646       |
|    learning_rate        | 0.0003      |
|    loss                 | 0.0375      |
|    n_updates            | 390         |
|    policy_gradient_loss | -0.00361    |
|    std                  | 0.341       |
|    value_loss           | 1.08        |
-----------------------------------------
-----------------------------------------
| rollout/                |             |
|    ep_len_mean          | 37.1        |
|    ep_rew_mean          | 21.8        |
|    success_rate         | 1           |
| time/                   |             |
|    fps                  | 1756        |
|    iterations           | 41          |
|    time_elapsed         | 382         |
|    total_timesteps      | 671744      |
| train/                  |             |
|    approx_kl            | 0.032728806 |
|    clip_fraction        | 0.28        |
|    clip_range           | 0.2         |
|    entropy_loss         | -0.989      |
|    explained_variance   | 0.623       |
|    learning_rate        | 0.0003      |
|    loss                 | 1.29        |
|    n_updates            | 400         |
|    policy_gradient_loss | 0.000554    |
|    std                  | 0.341       |
|    value_loss           | 1.66        |
-----------------------------------------
-----------------------------------------
| rollout/                |             |
|    ep_len_mean          | 36.6        |
|    ep_rew_mean          | 21.1        |
|    success_rate         | 0.97        |
| time/                   |             |
|    fps                  | 1755        |
|    iterations           | 42          |
|    time_elapsed         | 391         |
|    total_timesteps      | 688128      |
| train/                  |             |
|    approx_kl            | 0.027049163 |
|    clip_fraction        | 0.248       |
|    clip_range           | 0.2         |
|    entropy_loss         | -0.974      |
|    explained_variance   | 0.681       |
|    learning_rate        | 0.0003      |
|    loss                 | 0.1         |
|    n_updates            | 410         |
|    policy_gradient_loss | -0.00275    |
|    std                  | 0.338       |
|    value_loss           | 0.774       |
-----------------------------------------
-----------------------------------------
| rollout/                |             |
|    ep_len_mean          | 36.5        |
|    ep_rew_mean          | 21.5        |
|    success_rate         | 0.99        |
| time/                   |             |
|    fps                  | 1755        |
|    iterations           | 43          |
|    time_elapsed         | 401         |
|    total_timesteps      | 704512      |
| train/                  |             |
|    approx_kl            | 0.023606662 |
|    clip_fraction        | 0.253       |
|    clip_range           | 0.2         |
|    entropy_loss         | -0.961      |
|    explained_variance   | 0.701       |
|    learning_rate        | 0.0003      |
|    loss                 | 0.152       |
|    n_updates            | 420         |
|    policy_gradient_loss | -0.00226    |
|    std                  | 0.338       |
|    value_loss           | 1.18        |
-----------------------------------------
[2026-05-06 14:05:08] HEARTBEAT steps=704528/1000000 percent= 70.45% rate=  1733.5 step/s eta=   2.84 min
----------------------------------------
| rollout/                |            |
|    ep_len_mean          | 36.3       |
|    ep_rew_mean          | 21.5       |
|    success_rate         | 0.99       |
| time/                   |            |
|    fps                  | 1754       |
|    iterations           | 44         |
|    time_elapsed         | 410        |
|    total_timesteps      | 720896     |
| train/                  |            |
|    approx_kl            | 0.03030055 |
|    clip_fraction        | 0.268      |
|    clip_range           | 0.2        |
|    entropy_loss         | -0.918     |
|    explained_variance   | 0.765      |
|    learning_rate        | 0.0003     |
|    loss                 | 0.0329     |
|    n_updates            | 430        |
|    policy_gradient_loss | -0.00176   |
|    std                  | 0.332      |
|    value_loss           | 0.585      |
----------------------------------------
-----------------------------------------
| rollout/                |             |
|    ep_len_mean          | 36.3        |
|    ep_rew_mean          | 21.5        |
|    success_rate         | 0.99        |
| time/                   |             |
|    fps                  | 1754        |
|    iterations           | 45          |
|    time_elapsed         | 420         |
|    total_timesteps      | 737280      |
| train/                  |             |
|    approx_kl            | 0.035712823 |
|    clip_fraction        | 0.294       |
|    clip_range           | 0.2         |
|    entropy_loss         | -0.873      |
|    explained_variance   | 0.692       |
|    learning_rate        | 0.0003      |
|    loss                 | 1.31        |
|    n_updates            | 440         |
|    policy_gradient_loss | -0.00105    |
|    std                  | 0.328       |
|    value_loss           | 0.953       |
-----------------------------------------
[2026-05-06 14:05:31] CHECKPOINT_SAVED local_step=750000 global_step=750000 path=/root/workspace/uav-risk-rl/checkpoints/p1_three_seed/attention_full_s2_step750000.zip
-----------------------------------------
| rollout/                |             |
|    ep_len_mean          | 36.6        |
|    ep_rew_mean          | 21.8        |
|    success_rate         | 1           |
| time/                   |             |
|    fps                  | 1753        |
|    iterations           | 46          |
|    time_elapsed         | 429         |
|    total_timesteps      | 753664      |
| train/                  |             |
|    approx_kl            | 0.029556684 |
|    clip_fraction        | 0.289       |
|    clip_range           | 0.2         |
|    entropy_loss         | -0.845      |
|    explained_variance   | 0.672       |
|    learning_rate        | 0.0003      |
|    loss                 | 0.0411      |
|    n_updates            | 450         |
|    policy_gradient_loss | -0.00155    |
|    std                  | 0.328       |
|    value_loss           | 1.04        |
-----------------------------------------
[2026-05-06 14:05:38] HEARTBEAT steps=758944/1000000 percent= 75.89% rate=  1739.0 step/s eta=   2.31 min
-----------------------------------------
| rollout/                |             |
|    ep_len_mean          | 36.3        |
|    ep_rew_mean          | 21.7        |
|    success_rate         | 1           |
| time/                   |             |
|    fps                  | 1752        |
|    iterations           | 47          |
|    time_elapsed         | 439         |
|    total_timesteps      | 770048      |
| train/                  |             |
|    approx_kl            | 0.027911132 |
|    clip_fraction        | 0.281       |
|    clip_range           | 0.2         |
|    entropy_loss         | -0.825      |
|    explained_variance   | 0.762       |
|    learning_rate        | 0.0003      |
|    loss                 | 0.179       |
|    n_updates            | 460         |
|    policy_gradient_loss | 0.00303     |
|    std                  | 0.326       |
|    value_loss           | 0.648       |
-----------------------------------------
----------------------------------------
| rollout/                |            |
|    ep_len_mean          | 36.6       |
|    ep_rew_mean          | 21.9       |
|    success_rate         | 1          |
| time/                   |            |
|    fps                  | 1752       |
|    iterations           | 48         |
|    time_elapsed         | 448        |
|    total_timesteps      | 786432     |
| train/                  |            |
|    approx_kl            | 0.02232835 |
|    clip_fraction        | 0.258      |
|    clip_range           | 0.2        |
|    entropy_loss         | -0.789     |
|    explained_variance   | 0.79       |
|    learning_rate        | 0.0003     |
|    loss                 | 0.367      |
|    n_updates            | 470        |
|    policy_gradient_loss | -0.00386   |
|    std                  | 0.322      |
|    value_loss           | 0.877      |
----------------------------------------
-----------------------------------------
| rollout/                |             |
|    ep_len_mean          | 35.7        |
|    ep_rew_mean          | 21.6        |
|    success_rate         | 0.99        |
| time/                   |             |
|    fps                  | 1751        |
|    iterations           | 49          |
|    time_elapsed         | 458         |
|    total_timesteps      | 802816      |
| train/                  |             |
|    approx_kl            | 0.028940786 |
|    clip_fraction        | 0.251       |
|    clip_range           | 0.2         |
|    entropy_loss         | -0.73       |
|    explained_variance   | 0.824       |
|    learning_rate        | 0.0003      |
|    loss                 | 0.0112      |
|    n_updates            | 480         |
|    policy_gradient_loss | -0.00289    |
|    std                  | 0.316       |
|    value_loss           | 0.35        |
-----------------------------------------
[2026-05-06 14:06:08] HEARTBEAT steps=814432/1000000 percent= 81.44% rate=  1746.1 step/s eta=   1.77 min
-----------------------------------------
| rollout/                |             |
|    ep_len_mean          | 36.1        |
|    ep_rew_mean          | 21.6        |
|    success_rate         | 0.99        |
| time/                   |             |
|    fps                  | 1751        |
|    iterations           | 50          |
|    time_elapsed         | 467         |
|    total_timesteps      | 819200      |
| train/                  |             |
|    approx_kl            | 0.028507808 |
|    clip_fraction        | 0.285       |
|    clip_range           | 0.2         |
|    entropy_loss         | -0.719      |
|    explained_variance   | 0.741       |
|    learning_rate        | 0.0003      |
|    loss                 | 0.0187      |
|    n_updates            | 490         |
|    policy_gradient_loss | -0.00213    |
|    std                  | 0.317       |
|    value_loss           | 0.545       |
-----------------------------------------
-----------------------------------------
| rollout/                |             |
|    ep_len_mean          | 35.6        |
|    ep_rew_mean          | 21.1        |
|    success_rate         | 0.97        |
| time/                   |             |
|    fps                  | 1752        |
|    iterations           | 51          |
|    time_elapsed         | 476         |
|    total_timesteps      | 835584      |
| train/                  |             |
|    approx_kl            | 0.040998302 |
|    clip_fraction        | 0.319       |
|    clip_range           | 0.2         |
|    entropy_loss         | -0.709      |
|    explained_variance   | 0.695       |
|    learning_rate        | 0.0003      |
|    loss                 | 1.38        |
|    n_updates            | 500         |
|    policy_gradient_loss | -0.00102    |
|    std                  | 0.317       |
|    value_loss           | 1.1         |
-----------------------------------------
-----------------------------------------
| rollout/                |             |
|    ep_len_mean          | 36          |
|    ep_rew_mean          | 22          |
|    success_rate         | 1           |
| time/                   |             |
|    fps                  | 1753        |
|    iterations           | 52          |
|    time_elapsed         | 485         |
|    total_timesteps      | 851968      |
| train/                  |             |
|    approx_kl            | 0.028876323 |
|    clip_fraction        | 0.268       |
|    clip_range           | 0.2         |
|    entropy_loss         | -0.665      |
|    explained_variance   | 0.759       |
|    learning_rate        | 0.0003      |
|    loss                 | 0.641       |
|    n_updates            | 510         |
|    policy_gradient_loss | -0.0038     |
|    std                  | 0.311       |
|    value_loss           | 0.918       |
-----------------------------------------
-----------------------------------------
| rollout/                |             |
|    ep_len_mean          | 35.6        |
|    ep_rew_mean          | 21.5        |
|    success_rate         | 0.98        |
| time/                   |             |
|    fps                  | 1753        |
|    iterations           | 53          |
|    time_elapsed         | 495         |
|    total_timesteps      | 868352      |
| train/                  |             |
|    approx_kl            | 0.035582043 |
|    clip_fraction        | 0.277       |
|    clip_range           | 0.2         |
|    entropy_loss         | -0.599      |
|    explained_variance   | 0.8         |
|    learning_rate        | 0.0003      |
|    loss                 | 0.0274      |
|    n_updates            | 520         |
|    policy_gradient_loss | 0.000649    |
|    std                  | 0.307       |
|    value_loss           | 0.72        |
-----------------------------------------
[2026-05-06 14:06:42] HEARTBEAT steps=868368/1000000 percent= 86.84% rate=  1735.5 step/s eta=   1.26 min
----------------------------------------
| rollout/                |            |
|    ep_len_mean          | 35.6       |
|    ep_rew_mean          | 21.7       |
|    success_rate         | 0.99       |
| time/                   |            |
|    fps                  | 1752       |
|    iterations           | 54         |
|    time_elapsed         | 504        |
|    total_timesteps      | 884736     |
| train/                  |            |
|    approx_kl            | 0.03184071 |
|    clip_fraction        | 0.29       |
|    clip_range           | 0.2        |
|    entropy_loss         | -0.597     |
|    explained_variance   | 0.676      |
|    learning_rate        | 0.0003     |
|    loss                 | 0.23       |
|    n_updates            | 530        |
|    policy_gradient_loss | -0.00124   |
|    std                  | 0.309      |
|    value_loss           | 1.23       |
----------------------------------------
-----------------------------------------
| rollout/                |             |
|    ep_len_mean          | 35.8        |
|    ep_rew_mean          | 22          |
|    success_rate         | 1           |
| time/                   |             |
|    fps                  | 1752        |
|    iterations           | 55          |
|    time_elapsed         | 514         |
|    total_timesteps      | 901120      |
| train/                  |             |
|    approx_kl            | 0.024058912 |
|    clip_fraction        | 0.265       |
|    clip_range           | 0.2         |
|    entropy_loss         | -0.573      |
|    explained_variance   | 0.842       |
|    learning_rate        | 0.0003      |
|    loss                 | 0.0395      |
|    n_updates            | 540         |
|    policy_gradient_loss | -0.00197    |
|    std                  | 0.306       |
|    value_loss           | 0.461       |
-----------------------------------------
----------------------------------------
| rollout/                |            |
|    ep_len_mean          | 35.3       |
|    ep_rew_mean          | 21.7       |
|    success_rate         | 0.99       |
| time/                   |            |
|    fps                  | 1752       |
|    iterations           | 56         |
|    time_elapsed         | 523        |
|    total_timesteps      | 917504     |
| train/                  |            |
|    approx_kl            | 0.03720426 |
|    clip_fraction        | 0.295      |
|    clip_range           | 0.2        |
|    entropy_loss         | -0.566     |
|    explained_variance   | 0.67       |
|    learning_rate        | 0.0003     |
|    loss                 | 0.812      |
|    n_updates            | 550        |
|    policy_gradient_loss | -0.00196   |
|    std                  | 0.308      |
|    value_loss           | 1.22       |
----------------------------------------
[2026-05-06 14:07:12] HEARTBEAT steps=924208/1000000 percent= 92.42% rate=  1742.6 step/s eta=   0.72 min
-----------------------------------------
| rollout/                |             |
|    ep_len_mean          | 35.5        |
|    ep_rew_mean          | 21.7        |
|    success_rate         | 0.99        |
| time/                   |             |
|    fps                  | 1752        |
|    iterations           | 57          |
|    time_elapsed         | 532         |
|    total_timesteps      | 933888      |
| train/                  |             |
|    approx_kl            | 0.028973782 |
|    clip_fraction        | 0.287       |
|    clip_range           | 0.2         |
|    entropy_loss         | -0.531      |
|    explained_variance   | 0.791       |
|    learning_rate        | 0.0003      |
|    loss                 | 0.0145      |
|    n_updates            | 560         |
|    policy_gradient_loss | -0.00175    |
|    std                  | 0.303       |
|    value_loss           | 0.613       |
-----------------------------------------
----------------------------------------
| rollout/                |            |
|    ep_len_mean          | 35.3       |
|    ep_rew_mean          | 22         |
|    success_rate         | 1          |
| time/                   |            |
|    fps                  | 1751       |
|    iterations           | 58         |
|    time_elapsed         | 542        |
|    total_timesteps      | 950272     |
| train/                  |            |
|    approx_kl            | 0.02979086 |
|    clip_fraction        | 0.279      |
|    clip_range           | 0.2        |
|    entropy_loss         | -0.48      |
|    explained_variance   | 0.856      |
|    learning_rate        | 0.0003     |
|    loss                 | 0.00626    |
|    n_updates            | 570        |
|    policy_gradient_loss | -0.00211   |
|    std                  | 0.3        |
|    value_loss           | 0.212      |
----------------------------------------
----------------------------------------
| rollout/                |            |
|    ep_len_mean          | 34         |
|    ep_rew_mean          | 20.9       |
|    success_rate         | 0.96       |
| time/                   |            |
|    fps                  | 1751       |
|    iterations           | 59         |
|    time_elapsed         | 551        |
|    total_timesteps      | 966656     |
| train/                  |            |
|    approx_kl            | 0.03359727 |
|    clip_fraction        | 0.252      |
|    clip_range           | 0.2        |
|    entropy_loss         | -0.412     |
|    explained_variance   | 0.849      |
|    learning_rate        | 0.0003     |
|    loss                 | 0.00226    |
|    n_updates            | 580        |
|    policy_gradient_loss | -0.00603   |
|    std                  | 0.294      |
|    value_loss           | 0.411      |
----------------------------------------
[2026-05-06 14:07:42] HEARTBEAT steps=978608/1000000 percent= 97.86% rate=  1746.4 step/s eta=   0.20 min
----------------------------------------
| rollout/                |            |
|    ep_len_mean          | 35.3       |
|    ep_rew_mean          | 22         |
|    success_rate         | 1          |
| time/                   |            |
|    fps                  | 1750       |
|    iterations           | 60         |
|    time_elapsed         | 561        |
|    total_timesteps      | 983040     |
| train/                  |            |
|    approx_kl            | 0.03773953 |
|    clip_fraction        | 0.297      |
|    clip_range           | 0.2        |
|    entropy_loss         | -0.408     |
|    explained_variance   | 0.689      |
|    learning_rate        | 0.0003     |
|    loss                 | 0.255      |
|    n_updates            | 590        |
|    policy_gradient_loss | -0.000579  |
|    std                  | 0.297      |
|    value_loss           | 1.35       |
----------------------------------------
-----------------------------------------
| rollout/                |             |
|    ep_len_mean          | 35          |
|    ep_rew_mean          | 21.4        |
|    success_rate         | 0.98        |
| time/                   |             |
|    fps                  | 1749        |
|    iterations           | 61          |
|    time_elapsed         | 571         |
|    total_timesteps      | 999424      |
| train/                  |             |
|    approx_kl            | 0.034816943 |
|    clip_fraction        | 0.3         |
|    clip_range           | 0.2         |
|    entropy_loss         | -0.427      |
|    explained_variance   | 0.631       |
|    learning_rate        | 0.0003      |
|    loss                 | 0.384       |
|    n_updates            | 600         |
|    policy_gradient_loss | -0.00107    |
|    std                  | 0.301       |
|    value_loss           | 1.3         |
-----------------------------------------
[2026-05-06 14:07:58] CHECKPOINT_SAVED local_step=1000000 global_step=1000000 path=/root/workspace/uav-risk-rl/checkpoints/p1_three_seed/attention_full_s2_step1000000.zip
----------------------------------------
| rollout/                |            |
|    ep_len_mean          | 35.7       |
|    ep_rew_mean          | 22         |
|    success_rate         | 0.99       |
| time/                   |            |
|    fps                  | 1749       |
|    iterations           | 62         |
|    time_elapsed         | 580        |
|    total_timesteps      | 1015808    |
| train/                  |            |
|    approx_kl            | 0.03441594 |
|    clip_fraction        | 0.305      |
|    clip_range           | 0.2        |
|    entropy_loss         | -0.444     |
|    explained_variance   | 0.671      |
|    learning_rate        | 0.0003     |
|    loss                 | 0.174      |
|    n_updates            | 610        |
|    policy_gradient_loss | -0.00132   |
|    std                  | 0.302      |
|    value_loss           | 1.39       |
----------------------------------------
[2026-05-06 14:08:08] TRAIN_END elapsed=9.76 min local_steps=1015808 model_num_timesteps=1015808
[2026-05-06 14:08:08] SAVED model=/root/workspace/uav-risk-rl/checkpoints/p1_three_seed/attention_full_s2_step1000000.zip approx_updates=62
