[2026-05-07 09:57:49] CONFIG agg=attention seed=0 total_steps=1000000 n_envs=16 device=cpu scenario=train_mixed_modes_v2 use_rbar=False rbar_floor=0.0 hidden_dim=64 r_gate=5.0 lambda_ewma=0.1 sigma_min=0.05 run_name=attention_full_distance_penalty_wide_d2 method=attention_full_distance_penalty_wide_d2 resume_from=none resume_global_step=0 use_safety_cost=True cost_type=distance_warning fallback_penalty=True beta_cost=5.0 use_risk_bias=False lambda_bias=0.2
FALLBACK: cost-penalty, not PPO-Lagrangian.
Using cpu device
Logging to /root/workspace/uav-risk-rl/runs/p2_rich_motion/attention_full_distance_penalty_wide_d2_s0/PPO_1
[2026-05-07 09:57:51] TRAIN_START total_steps=1000000 start_num_timesteps=0
---------------------------------
| rollout/           |          |
|    ep_len_mean     | 144      |
|    ep_rew_mean     | -76.9    |
|    success_rate    | 0        |
| time/              |          |
|    fps             | 3471     |
|    iterations      | 1        |
|    time_elapsed    | 4        |
|    total_timesteps | 16384    |
---------------------------------
------------------------------------------
| rollout/                |              |
|    ep_len_mean          | 148          |
|    ep_rew_mean          | -66.5        |
|    success_rate         | 0            |
| time/                   |              |
|    fps                  | 2250         |
|    iterations           | 2            |
|    time_elapsed         | 14           |
|    total_timesteps      | 32768        |
| train/                  |              |
|    approx_kl            | 0.0055854404 |
|    clip_fraction        | 0.0509       |
|    clip_range           | 0.2          |
|    entropy_loss         | -4.24        |
|    explained_variance   | -0.00388     |
|    learning_rate        | 0.0003       |
|    loss                 | 35.2         |
|    n_updates            | 10           |
|    policy_gradient_loss | -0.00407     |
|    std                  | 0.989        |
|    value_loss           | 83.7         |
------------------------------------------
-----------------------------------------
| rollout/                |             |
|    ep_len_mean          | 165         |
|    ep_rew_mean          | -56.6       |
|    success_rate         | 0           |
| time/                   |             |
|    fps                  | 2152        |
|    iterations           | 3           |
|    time_elapsed         | 22          |
|    total_timesteps      | 49152       |
| train/                  |             |
|    approx_kl            | 0.007367595 |
|    clip_fraction        | 0.0867      |
|    clip_range           | 0.2         |
|    entropy_loss         | -4.23       |
|    explained_variance   | 0.547       |
|    learning_rate        | 0.0003      |
|    loss                 | 29.5        |
|    n_updates            | 20          |
|    policy_gradient_loss | -0.00584    |
|    std                  | 0.992       |
|    value_loss           | 45.5        |
-----------------------------------------
[2026-05-07 09:58:21] HEARTBEAT steps=61104/1000000 percent=  6.11% rate=  2036.5 step/s eta=   7.68 min
-----------------------------------------
| rollout/                |             |
|    ep_len_mean          | 165         |
|    ep_rew_mean          | -52.5       |
|    success_rate         | 0.01        |
| time/                   |             |
|    fps                  | 2095        |
|    iterations           | 4           |
|    time_elapsed         | 31          |
|    total_timesteps      | 65536       |
| train/                  |             |
|    approx_kl            | 0.010312237 |
|    clip_fraction        | 0.117       |
|    clip_range           | 0.2         |
|    entropy_loss         | -4.22       |
|    explained_variance   | 0.682       |
|    learning_rate        | 0.0003      |
|    loss                 | 7.99        |
|    n_updates            | 30          |
|    policy_gradient_loss | -0.00633    |
|    std                  | 0.984       |
|    value_loss           | 25.8        |
-----------------------------------------
-----------------------------------------
| rollout/                |             |
|    ep_len_mean          | 181         |
|    ep_rew_mean          | -43.8       |
|    success_rate         | 0.01        |
| time/                   |             |
|    fps                  | 2075        |
|    iterations           | 5           |
|    time_elapsed         | 39          |
|    total_timesteps      | 81920       |
| train/                  |             |
|    approx_kl            | 0.011633817 |
|    clip_fraction        | 0.141       |
|    clip_range           | 0.2         |
|    entropy_loss         | -4.2        |
|    explained_variance   | 0.645       |
|    learning_rate        | 0.0003      |
|    loss                 | 23.8        |
|    n_updates            | 40          |
|    policy_gradient_loss | -0.00782    |
|    std                  | 0.981       |
|    value_loss           | 27.2        |
-----------------------------------------
-----------------------------------------
| rollout/                |             |
|    ep_len_mean          | 192         |
|    ep_rew_mean          | -37.2       |
|    success_rate         | 0           |
| time/                   |             |
|    fps                  | 2064        |
|    iterations           | 6           |
|    time_elapsed         | 47          |
|    total_timesteps      | 98304       |
| train/                  |             |
|    approx_kl            | 0.012666814 |
|    clip_fraction        | 0.156       |
|    clip_range           | 0.2         |
|    entropy_loss         | -4.18       |
|    explained_variance   | 0.567       |
|    learning_rate        | 0.0003      |
|    loss                 | 7.48        |
|    n_updates            | 50          |
|    policy_gradient_loss | -0.00658    |
|    std                  | 0.972       |
|    value_loss           | 12.9        |
-----------------------------------------
----------------------------------------
| rollout/                |            |
|    ep_len_mean          | 193        |
|    ep_rew_mean          | -31.9      |
|    success_rate         | 0.04       |
| time/                   |            |
|    fps                  | 2053       |
|    iterations           | 7          |
|    time_elapsed         | 55         |
|    total_timesteps      | 114688     |
| train/                  |            |
|    approx_kl            | 0.01681573 |
|    clip_fraction        | 0.199      |
|    clip_range           | 0.2        |
|    entropy_loss         | -4.13      |
|    explained_variance   | 0.562      |
|    learning_rate        | 0.0003     |
|    loss                 | 3.98       |
|    n_updates            | 60         |
|    policy_gradient_loss | -0.00961   |
|    std                  | 0.954      |
|    value_loss           | 7.23       |
----------------------------------------
[2026-05-07 09:58:51] HEARTBEAT steps=115120/1000000 percent= 11.51% rate=  1918.4 step/s eta=   7.69 min
-----------------------------------------
| rollout/                |             |
|    ep_len_mean          | 182         |
|    ep_rew_mean          | -24.5       |
|    success_rate         | 0.19        |
| time/                   |             |
|    fps                  | 2045        |
|    iterations           | 8           |
|    time_elapsed         | 64          |
|    total_timesteps      | 131072      |
| train/                  |             |
|    approx_kl            | 0.017473344 |
|    clip_fraction        | 0.22        |
|    clip_range           | 0.2         |
|    entropy_loss         | -4.09       |
|    explained_variance   | 0.383       |
|    learning_rate        | 0.0003      |
|    loss                 | 2.91        |
|    n_updates            | 70          |
|    policy_gradient_loss | -0.00922    |
|    std                  | 0.942       |
|    value_loss           | 8.05        |
-----------------------------------------
-----------------------------------------
| rollout/                |             |
|    ep_len_mean          | 163         |
|    ep_rew_mean          | -12.9       |
|    success_rate         | 0.42        |
| time/                   |             |
|    fps                  | 2040        |
|    iterations           | 9           |
|    time_elapsed         | 72          |
|    total_timesteps      | 147456      |
| train/                  |             |
|    approx_kl            | 0.018744983 |
|    clip_fraction        | 0.227       |
|    clip_range           | 0.2         |
|    entropy_loss         | -4.04       |
|    explained_variance   | 0.381       |
|    learning_rate        | 0.0003      |
|    loss                 | 1.89        |
|    n_updates            | 80          |
|    policy_gradient_loss | -0.00982    |
|    std                  | 0.926       |
|    value_loss           | 6.11        |
-----------------------------------------
-----------------------------------------
| rollout/                |             |
|    ep_len_mean          | 140         |
|    ep_rew_mean          | -3.72       |
|    success_rate         | 0.71        |
| time/                   |             |
|    fps                  | 2034        |
|    iterations           | 10          |
|    time_elapsed         | 80          |
|    total_timesteps      | 163840      |
| train/                  |             |
|    approx_kl            | 0.018885963 |
|    clip_fraction        | 0.216       |
|    clip_range           | 0.2         |
|    entropy_loss         | -3.97       |
|    explained_variance   | 0.437       |
|    learning_rate        | 0.0003      |
|    loss                 | 3.14        |
|    n_updates            | 90          |
|    policy_gradient_loss | -0.0133     |
|    std                  | 0.903       |
|    value_loss           | 7.72        |
-----------------------------------------
-----------------------------------------
| rollout/                |             |
|    ep_len_mean          | 123         |
|    ep_rew_mean          | 3.74        |
|    success_rate         | 0.86        |
| time/                   |             |
|    fps                  | 2033        |
|    iterations           | 11          |
|    time_elapsed         | 88          |
|    total_timesteps      | 180224      |
| train/                  |             |
|    approx_kl            | 0.017255226 |
|    clip_fraction        | 0.204       |
|    clip_range           | 0.2         |
|    entropy_loss         | -3.91       |
|    explained_variance   | 0.452       |
|    learning_rate        | 0.0003      |
|    loss                 | 2.5         |
|    n_updates            | 100         |
|    policy_gradient_loss | -0.011      |
|    std                  | 0.886       |
|    value_loss           | 8.87        |
-----------------------------------------
[2026-05-07 09:59:23] HEARTBEAT steps=180240/1000000 percent= 18.02% rate=  1942.8 step/s eta=   7.03 min
-----------------------------------------
| rollout/                |             |
|    ep_len_mean          | 102         |
|    ep_rew_mean          | 8           |
|    success_rate         | 0.9         |
| time/                   |             |
|    fps                  | 2027        |
|    iterations           | 12          |
|    time_elapsed         | 96          |
|    total_timesteps      | 196608      |
| train/                  |             |
|    approx_kl            | 0.016542416 |
|    clip_fraction        | 0.207       |
|    clip_range           | 0.2         |
|    entropy_loss         | -3.85       |
|    explained_variance   | 0.667       |
|    learning_rate        | 0.0003      |
|    loss                 | 1.9         |
|    n_updates            | 110         |
|    policy_gradient_loss | -0.0146     |
|    std                  | 0.869       |
|    value_loss           | 5.75        |
-----------------------------------------
-----------------------------------------
| rollout/                |             |
|    ep_len_mean          | 80.9        |
|    ep_rew_mean          | 11.7        |
|    success_rate         | 1           |
| time/                   |             |
|    fps                  | 2026        |
|    iterations           | 13          |
|    time_elapsed         | 105         |
|    total_timesteps      | 212992      |
| train/                  |             |
|    approx_kl            | 0.018592494 |
|    clip_fraction        | 0.22        |
|    clip_range           | 0.2         |
|    entropy_loss         | -3.79       |
|    explained_variance   | 0.72        |
|    learning_rate        | 0.0003      |
|    loss                 | 2.64        |
|    n_updates            | 120         |
|    policy_gradient_loss | -0.012      |
|    std                  | 0.852       |
|    value_loss           | 5.52        |
-----------------------------------------
-----------------------------------------
| rollout/                |             |
|    ep_len_mean          | 73.8        |
|    ep_rew_mean          | 13.8        |
|    success_rate         | 1           |
| time/                   |             |
|    fps                  | 2022        |
|    iterations           | 14          |
|    time_elapsed         | 113         |
|    total_timesteps      | 229376      |
| train/                  |             |
|    approx_kl            | 0.018621065 |
|    clip_fraction        | 0.217       |
|    clip_range           | 0.2         |
|    entropy_loss         | -3.72       |
|    explained_variance   | 0.732       |
|    learning_rate        | 0.0003      |
|    loss                 | 2.39        |
|    n_updates            | 130         |
|    policy_gradient_loss | -0.0138     |
|    std                  | 0.831       |
|    value_loss           | 4.28        |
-----------------------------------------
-----------------------------------------
| rollout/                |             |
|    ep_len_mean          | 70.9        |
|    ep_rew_mean          | 14.3        |
|    success_rate         | 0.99        |
| time/                   |             |
|    fps                  | 2021        |
|    iterations           | 15          |
|    time_elapsed         | 121         |
|    total_timesteps      | 245760      |
| train/                  |             |
|    approx_kl            | 0.018243458 |
|    clip_fraction        | 0.217       |
|    clip_range           | 0.2         |
|    entropy_loss         | -3.65       |
|    explained_variance   | 0.641       |
|    learning_rate        | 0.0003      |
|    loss                 | 1.58        |
|    n_updates            | 140         |
|    policy_gradient_loss | -0.0099     |
|    std                  | 0.814       |
|    value_loss           | 3.38        |
-----------------------------------------
[2026-05-07 09:59:56] HEARTBEAT steps=245776/1000000 percent= 24.58% rate=  1953.9 step/s eta=   6.43 min
[2026-05-07 09:59:57] CHECKPOINT_SAVED local_step=250000 global_step=250000 path=/root/workspace/uav-risk-rl/checkpoints/p2_rich_motion/attention_full_distance_penalty_wide_d2_s0_step250000.zip
-----------------------------------------
| rollout/                |             |
|    ep_len_mean          | 61.9        |
|    ep_rew_mean          | 16.7        |
|    success_rate         | 1           |
| time/                   |             |
|    fps                  | 2017        |
|    iterations           | 16          |
|    time_elapsed         | 129         |
|    total_timesteps      | 262144      |
| train/                  |             |
|    approx_kl            | 0.018953703 |
|    clip_fraction        | 0.202       |
|    clip_range           | 0.2         |
|    entropy_loss         | -3.58       |
|    explained_variance   | 0.58        |
|    learning_rate        | 0.0003      |
|    loss                 | 0.664       |
|    n_updates            | 150         |
|    policy_gradient_loss | -0.0058     |
|    std                  | 0.793       |
|    value_loss           | 2.42        |
-----------------------------------------
----------------------------------------
| rollout/                |            |
|    ep_len_mean          | 58.8       |
|    ep_rew_mean          | 17.4       |
|    success_rate         | 1          |
| time/                   |            |
|    fps                  | 2016       |
|    iterations           | 17         |
|    time_elapsed         | 138        |
|    total_timesteps      | 278528     |
| train/                  |            |
|    approx_kl            | 0.01773402 |
|    clip_fraction        | 0.209      |
|    clip_range           | 0.2        |
|    entropy_loss         | -3.48      |
|    explained_variance   | 0.435      |
|    learning_rate        | 0.0003     |
|    loss                 | 0.282      |
|    n_updates            | 160        |
|    policy_gradient_loss | -0.00995   |
|    std                  | 0.771      |
|    value_loss           | 1.16       |
----------------------------------------
-----------------------------------------
| rollout/                |             |
|    ep_len_mean          | 55.8        |
|    ep_rew_mean          | 16.8        |
|    success_rate         | 0.99        |
| time/                   |             |
|    fps                  | 2015        |
|    iterations           | 18          |
|    time_elapsed         | 146         |
|    total_timesteps      | 294912      |
| train/                  |             |
|    approx_kl            | 0.017310072 |
|    clip_fraction        | 0.216       |
|    clip_range           | 0.2         |
|    entropy_loss         | -3.39       |
|    explained_variance   | 0.238       |
|    learning_rate        | 0.0003      |
|    loss                 | 0.169       |
|    n_updates            | 170         |
|    policy_gradient_loss | -0.00858    |
|    std                  | 0.745       |
|    value_loss           | 0.922       |
-----------------------------------------
-----------------------------------------
| rollout/                |             |
|    ep_len_mean          | 54.5        |
|    ep_rew_mean          | 17.7        |
|    success_rate         | 1           |
| time/                   |             |
|    fps                  | 2009        |
|    iterations           | 19          |
|    time_elapsed         | 154         |
|    total_timesteps      | 311296      |
| train/                  |             |
|    approx_kl            | 0.024276037 |
|    clip_fraction        | 0.209       |
|    clip_range           | 0.2         |
|    entropy_loss         | -3.32       |
|    explained_variance   | 0.244       |
|    learning_rate        | 0.0003      |
|    loss                 | 0.284       |
|    n_updates            | 180         |
|    policy_gradient_loss | -0.00241    |
|    std                  | 0.726       |
|    value_loss           | 1.45        |
-----------------------------------------
[2026-05-07 10:00:30] HEARTBEAT steps=311312/1000000 percent= 31.13% rate=  1958.2 step/s eta=   5.86 min
-----------------------------------------
| rollout/                |             |
|    ep_len_mean          | 52.6        |
|    ep_rew_mean          | 18.1        |
|    success_rate         | 1           |
| time/                   |             |
|    fps                  | 2009        |
|    iterations           | 20          |
|    time_elapsed         | 163         |
|    total_timesteps      | 327680      |
| train/                  |             |
|    approx_kl            | 0.025427986 |
|    clip_fraction        | 0.22        |
|    clip_range           | 0.2         |
|    entropy_loss         | -3.26       |
|    explained_variance   | 0.377       |
|    learning_rate        | 0.0003      |
|    loss                 | 0.341       |
|    n_updates            | 190         |
|    policy_gradient_loss | -0.00135    |
|    std                  | 0.712       |
|    value_loss           | 1.63        |
-----------------------------------------
----------------------------------------
| rollout/                |            |
|    ep_len_mean          | 52.5       |
|    ep_rew_mean          | 18.6       |
|    success_rate         | 1          |
| time/                   |            |
|    fps                  | 2009       |
|    iterations           | 21         |
|    time_elapsed         | 171        |
|    total_timesteps      | 344064     |
| train/                  |            |
|    approx_kl            | 0.02730506 |
|    clip_fraction        | 0.279      |
|    clip_range           | 0.2        |
|    entropy_loss         | -3.19      |
|    explained_variance   | 0.334      |
|    learning_rate        | 0.0003     |
|    loss                 | 0.518      |
|    n_updates            | 200        |
|    policy_gradient_loss | -0.00317   |
|    std                  | 0.697      |
|    value_loss           | 1.21       |
----------------------------------------
-----------------------------------------
| rollout/                |             |
|    ep_len_mean          | 50.4        |
|    ep_rew_mean          | 19          |
|    success_rate         | 1           |
| time/                   |             |
|    fps                  | 2008        |
|    iterations           | 22          |
|    time_elapsed         | 179         |
|    total_timesteps      | 360448      |
| train/                  |             |
|    approx_kl            | 0.026656315 |
|    clip_fraction        | 0.275       |
|    clip_range           | 0.2         |
|    entropy_loss         | -3.11       |
|    explained_variance   | 0.362       |
|    learning_rate        | 0.0003      |
|    loss                 | 0.184       |
|    n_updates            | 210         |
|    policy_gradient_loss | -0.00332    |
|    std                  | 0.678       |
|    value_loss           | 1.18        |
-----------------------------------------
----------------------------------------
| rollout/                |            |
|    ep_len_mean          | 49.2       |
|    ep_rew_mean          | 18.1       |
|    success_rate         | 1          |
| time/                   |            |
|    fps                  | 2007       |
|    iterations           | 23         |
|    time_elapsed         | 187        |
|    total_timesteps      | 376832     |
| train/                  |            |
|    approx_kl            | 0.02256276 |
|    clip_fraction        | 0.252      |
|    clip_range           | 0.2        |
|    entropy_loss         | -3.01      |
|    explained_variance   | 0.567      |
|    learning_rate        | 0.0003     |
|    loss                 | 0.143      |
|    n_updates            | 220        |
|    policy_gradient_loss | -0.00672   |
|    std                  | 0.654      |
|    value_loss           | 0.354      |
----------------------------------------
[2026-05-07 10:01:02] HEARTBEAT steps=376848/1000000 percent= 37.68% rate=  1964.0 step/s eta=   5.29 min
-----------------------------------------
| rollout/                |             |
|    ep_len_mean          | 48.6        |
|    ep_rew_mean          | 19.3        |
|    success_rate         | 0.99        |
| time/                   |             |
|    fps                  | 2005        |
|    iterations           | 24          |
|    time_elapsed         | 196         |
|    total_timesteps      | 393216      |
| train/                  |             |
|    approx_kl            | 0.025325168 |
|    clip_fraction        | 0.238       |
|    clip_range           | 0.2         |
|    entropy_loss         | -2.96       |
|    explained_variance   | 0.31        |
|    learning_rate        | 0.0003      |
|    loss                 | 0.601       |
|    n_updates            | 230         |
|    policy_gradient_loss | -0.00136    |
|    std                  | 0.644       |
|    value_loss           | 1.61        |
-----------------------------------------
-----------------------------------------
| rollout/                |             |
|    ep_len_mean          | 48.2        |
|    ep_rew_mean          | 19.1        |
|    success_rate         | 1           |
| time/                   |             |
|    fps                  | 2002        |
|    iterations           | 25          |
|    time_elapsed         | 204         |
|    total_timesteps      | 409600      |
| train/                  |             |
|    approx_kl            | 0.021264177 |
|    clip_fraction        | 0.247       |
|    clip_range           | 0.2         |
|    entropy_loss         | -2.87       |
|    explained_variance   | 0.491       |
|    learning_rate        | 0.0003      |
|    loss                 | 0.0547      |
|    n_updates            | 240         |
|    policy_gradient_loss | -0.00394    |
|    std                  | 0.623       |
|    value_loss           | 1.12        |
-----------------------------------------
-----------------------------------------
| rollout/                |             |
|    ep_len_mean          | 48.4        |
|    ep_rew_mean          | 19.8        |
|    success_rate         | 1           |
| time/                   |             |
|    fps                  | 1999        |
|    iterations           | 26          |
|    time_elapsed         | 213         |
|    total_timesteps      | 425984      |
| train/                  |             |
|    approx_kl            | 0.028207451 |
|    clip_fraction        | 0.241       |
|    clip_range           | 0.2         |
|    entropy_loss         | -2.82       |
|    explained_variance   | 0.45        |
|    learning_rate        | 0.0003      |
|    loss                 | 0.161       |
|    n_updates            | 250         |
|    policy_gradient_loss | 0.00157     |
|    std                  | 0.617       |
|    value_loss           | 1.85        |
-----------------------------------------
-----------------------------------------
| rollout/                |             |
|    ep_len_mean          | 47.8        |
|    ep_rew_mean          | 19.5        |
|    success_rate         | 1           |
| time/                   |             |
|    fps                  | 1998        |
|    iterations           | 27          |
|    time_elapsed         | 221         |
|    total_timesteps      | 442368      |
| train/                  |             |
|    approx_kl            | 0.028016526 |
|    clip_fraction        | 0.266       |
|    clip_range           | 0.2         |
|    entropy_loss         | -2.77       |
|    explained_variance   | 0.453       |
|    learning_rate        | 0.0003      |
|    loss                 | 0.279       |
|    n_updates            | 260         |
|    policy_gradient_loss | 0.000836    |
|    std                  | 0.605       |
|    value_loss           | 0.811       |
-----------------------------------------
[2026-05-07 10:01:36] HEARTBEAT steps=442384/1000000 percent= 44.24% rate=  1961.1 step/s eta=   4.74 min
-----------------------------------------
| rollout/                |             |
|    ep_len_mean          | 47.5        |
|    ep_rew_mean          | 19.1        |
|    success_rate         | 0.99        |
| time/                   |             |
|    fps                  | 1996        |
|    iterations           | 28          |
|    time_elapsed         | 229         |
|    total_timesteps      | 458752      |
| train/                  |             |
|    approx_kl            | 0.023333814 |
|    clip_fraction        | 0.243       |
|    clip_range           | 0.2         |
|    entropy_loss         | -2.71       |
|    explained_variance   | 0.374       |
|    learning_rate        | 0.0003      |
|    loss                 | 1.21        |
|    n_updates            | 270         |
|    policy_gradient_loss | -0.00316    |
|    std                  | 0.592       |
|    value_loss           | 1.71        |
-----------------------------------------
----------------------------------------
| rollout/                |            |
|    ep_len_mean          | 47.9       |
|    ep_rew_mean          | 19.6       |
|    success_rate         | 1          |
| time/                   |            |
|    fps                  | 1996       |
|    iterations           | 29         |
|    time_elapsed         | 238        |
|    total_timesteps      | 475136     |
| train/                  |            |
|    approx_kl            | 0.03382609 |
|    clip_fraction        | 0.24       |
|    clip_range           | 0.2        |
|    entropy_loss         | -2.68      |
|    explained_variance   | 0.347      |
|    learning_rate        | 0.0003     |
|    loss                 | 2.19       |
|    n_updates            | 280        |
|    policy_gradient_loss | 0.000605   |
|    std                  | 0.59       |
|    value_loss           | 2.48       |
----------------------------------------
----------------------------------------
| rollout/                |            |
|    ep_len_mean          | 47.5       |
|    ep_rew_mean          | 19.8       |
|    success_rate         | 1          |
| time/                   |            |
|    fps                  | 1994       |
|    iterations           | 30         |
|    time_elapsed         | 246        |
|    total_timesteps      | 491520     |
| train/                  |            |
|    approx_kl            | 0.03187465 |
|    clip_fraction        | 0.263      |
|    clip_range           | 0.2        |
|    entropy_loss         | -2.67      |
|    explained_variance   | 0.447      |
|    learning_rate        | 0.0003     |
|    loss                 | 0.92       |
|    n_updates            | 290        |
|    policy_gradient_loss | 0.00226    |
|    std                  | 0.587      |
|    value_loss           | 2.42       |
----------------------------------------
[2026-05-07 10:02:03] CHECKPOINT_SAVED local_step=500000 global_step=500000 path=/root/workspace/uav-risk-rl/checkpoints/p2_rich_motion/attention_full_distance_penalty_wide_d2_s0_step500000.zip
----------------------------------------
| rollout/                |            |
|    ep_len_mean          | 47.2       |
|    ep_rew_mean          | 20         |
|    success_rate         | 1          |
| time/                   |            |
|    fps                  | 1994       |
|    iterations           | 31         |
|    time_elapsed         | 254        |
|    total_timesteps      | 507904     |
| train/                  |            |
|    approx_kl            | 0.03312384 |
|    clip_fraction        | 0.303      |
|    clip_range           | 0.2        |
|    entropy_loss         | -2.61      |
|    explained_variance   | 0.578      |
|    learning_rate        | 0.0003     |
|    loss                 | 0.0432     |
|    n_updates            | 300        |
|    policy_gradient_loss | -0.00343   |
|    std                  | 0.574      |
|    value_loss           | 0.435      |
----------------------------------------
[2026-05-07 10:02:09] HEARTBEAT steps=507920/1000000 percent= 50.79% rate=  1962.3 step/s eta=   4.18 min
-----------------------------------------
| rollout/                |             |
|    ep_len_mean          | 47.4        |
|    ep_rew_mean          | 20          |
|    success_rate         | 1           |
| time/                   |             |
|    fps                  | 1993        |
|    iterations           | 32          |
|    time_elapsed         | 262         |
|    total_timesteps      | 524288      |
| train/                  |             |
|    approx_kl            | 0.032835383 |
|    clip_fraction        | 0.288       |
|    clip_range           | 0.2         |
|    entropy_loss         | -2.56       |
|    explained_variance   | 0.463       |
|    learning_rate        | 0.0003      |
|    loss                 | 0.15        |
|    n_updates            | 310         |
|    policy_gradient_loss | 0.00155     |
|    std                  | 0.564       |
|    value_loss           | 0.97        |
-----------------------------------------
-----------------------------------------
| rollout/                |             |
|    ep_len_mean          | 46.7        |
|    ep_rew_mean          | 19.7        |
|    success_rate         | 1           |
| time/                   |             |
|    fps                  | 1992        |
|    iterations           | 33          |
|    time_elapsed         | 271         |
|    total_timesteps      | 540672      |
| train/                  |             |
|    approx_kl            | 0.025347946 |
|    clip_fraction        | 0.264       |
|    clip_range           | 0.2         |
|    entropy_loss         | -2.48       |
|    explained_variance   | 0.677       |
|    learning_rate        | 0.0003      |
|    loss                 | 0.115       |
|    n_updates            | 320         |
|    policy_gradient_loss | -0.00276    |
|    std                  | 0.546       |
|    value_loss           | 0.402       |
-----------------------------------------
---------------------------------------
| rollout/                |           |
|    ep_len_mean          | 46.5      |
|    ep_rew_mean          | 19.9      |
|    success_rate         | 0.99      |
| time/                   |           |
|    fps                  | 1991      |
|    iterations           | 34        |
|    time_elapsed         | 279       |
|    total_timesteps      | 557056    |
| train/                  |           |
|    approx_kl            | 0.0369716 |
|    clip_fraction        | 0.277     |
|    clip_range           | 0.2       |
|    entropy_loss         | -2.4      |
|    explained_variance   | 0.69      |
|    learning_rate        | 0.0003    |
|    loss                 | 0.117     |
|    n_updates            | 330       |
|    policy_gradient_loss | -0.0056   |
|    std                  | 0.534     |
|    value_loss           | 0.639     |
---------------------------------------
--------------------------------------
| rollout/                |          |
|    ep_len_mean          | 45.6     |
|    ep_rew_mean          | 20.4     |
|    success_rate         | 1        |
| time/                   |          |
|    fps                  | 1991     |
|    iterations           | 35       |
|    time_elapsed         | 287      |
|    total_timesteps      | 573440   |
| train/                  |          |
|    approx_kl            | 0.027624 |
|    clip_fraction        | 0.262    |
|    clip_range           | 0.2      |
|    entropy_loss         | -2.34    |
|    explained_variance   | 0.619    |
|    learning_rate        | 0.0003   |
|    loss                 | 0.0433   |
|    n_updates            | 340      |
|    policy_gradient_loss | -0.00265 |
|    std                  | 0.524    |
|    value_loss           | 1.05     |
--------------------------------------
[2026-05-07 10:02:43] HEARTBEAT steps=573456/1000000 percent= 57.35% rate=  1963.6 step/s eta=   3.62 min
-----------------------------------------
| rollout/                |             |
|    ep_len_mean          | 45.2        |
|    ep_rew_mean          | 20.1        |
|    success_rate         | 1           |
| time/                   |             |
|    fps                  | 1991        |
|    iterations           | 36          |
|    time_elapsed         | 296         |
|    total_timesteps      | 589824      |
| train/                  |             |
|    approx_kl            | 0.029214397 |
|    clip_fraction        | 0.246       |
|    clip_range           | 0.2         |
|    entropy_loss         | -2.3        |
|    explained_variance   | 0.497       |
|    learning_rate        | 0.0003      |
|    loss                 | 0.425       |
|    n_updates            | 350         |
|    policy_gradient_loss | 0.000147    |
|    std                  | 0.518       |
|    value_loss           | 1.62        |
-----------------------------------------
---------------------------------------
| rollout/                |           |
|    ep_len_mean          | 45.8      |
|    ep_rew_mean          | 20.1      |
|    success_rate         | 1         |
| time/                   |           |
|    fps                  | 1991      |
|    iterations           | 37        |
|    time_elapsed         | 304       |
|    total_timesteps      | 606208    |
| train/                  |           |
|    approx_kl            | 0.0306033 |
|    clip_fraction        | 0.266     |
|    clip_range           | 0.2       |
|    entropy_loss         | -2.25     |
|    explained_variance   | 0.654     |
|    learning_rate        | 0.0003    |
|    loss                 | 0.408     |
|    n_updates            | 360       |
|    policy_gradient_loss | -0.00131  |
|    std                  | 0.51      |
|    value_loss           | 0.591     |
---------------------------------------
-----------------------------------------
| rollout/                |             |
|    ep_len_mean          | 45.8        |
|    ep_rew_mean          | 19.7        |
|    success_rate         | 0.99        |
| time/                   |             |
|    fps                  | 1990        |
|    iterations           | 38          |
|    time_elapsed         | 312         |
|    total_timesteps      | 622592      |
| train/                  |             |
|    approx_kl            | 0.048342794 |
|    clip_fraction        | 0.3         |
|    clip_range           | 0.2         |
|    entropy_loss         | -2.22       |
|    explained_variance   | 0.465       |
|    learning_rate        | 0.0003      |
|    loss                 | 0.164       |
|    n_updates            | 370         |
|    policy_gradient_loss | 0.00029     |
|    std                  | 0.505       |
|    value_loss           | 1.37        |
-----------------------------------------
-----------------------------------------
| rollout/                |             |
|    ep_len_mean          | 45.3        |
|    ep_rew_mean          | 20.6        |
|    success_rate         | 1           |
| time/                   |             |
|    fps                  | 1989        |
|    iterations           | 39          |
|    time_elapsed         | 321         |
|    total_timesteps      | 638976      |
| train/                  |             |
|    approx_kl            | 0.034606047 |
|    clip_fraction        | 0.269       |
|    clip_range           | 0.2         |
|    entropy_loss         | -2.19       |
|    explained_variance   | 0.658       |
|    learning_rate        | 0.0003      |
|    loss                 | 0.131       |
|    n_updates            | 380         |
|    policy_gradient_loss | 0.00134     |
|    std                  | 0.501       |
|    value_loss           | 1.02        |
-----------------------------------------
[2026-05-07 10:03:16] HEARTBEAT steps=638992/1000000 percent= 63.90% rate=  1964.3 step/s eta=   3.06 min
-----------------------------------------
| rollout/                |             |
|    ep_len_mean          | 45.6        |
|    ep_rew_mean          | 19.1        |
|    success_rate         | 0.99        |
| time/                   |             |
|    fps                  | 1988        |
|    iterations           | 40          |
|    time_elapsed         | 329         |
|    total_timesteps      | 655360      |
| train/                  |             |
|    approx_kl            | 0.029208858 |
|    clip_fraction        | 0.27        |
|    clip_range           | 0.2         |
|    entropy_loss         | -2.14       |
|    explained_variance   | 0.618       |
|    learning_rate        | 0.0003      |
|    loss                 | 0.144       |
|    n_updates            | 390         |
|    policy_gradient_loss | -0.00183    |
|    std                  | 0.492       |
|    value_loss           | 0.314       |
-----------------------------------------
----------------------------------------
| rollout/                |            |
|    ep_len_mean          | 45.4       |
|    ep_rew_mean          | 20.7       |
|    success_rate         | 1          |
| time/                   |            |
|    fps                  | 1986       |
|    iterations           | 41         |
|    time_elapsed         | 338        |
|    total_timesteps      | 671744     |
| train/                  |            |
|    approx_kl            | 0.05593377 |
|    clip_fraction        | 0.332      |
|    clip_range           | 0.2        |
|    entropy_loss         | -2.11      |
|    explained_variance   | 0.483      |
|    learning_rate        | 0.0003     |
|    loss                 | 0.0936     |
|    n_updates            | 400        |
|    policy_gradient_loss | 0.00304    |
|    std                  | 0.486      |
|    value_loss           | 0.88       |
----------------------------------------
-----------------------------------------
| rollout/                |             |
|    ep_len_mean          | 46.3        |
|    ep_rew_mean          | 20.8        |
|    success_rate         | 1           |
| time/                   |             |
|    fps                  | 1985        |
|    iterations           | 42          |
|    time_elapsed         | 346         |
|    total_timesteps      | 688128      |
| train/                  |             |
|    approx_kl            | 0.058007665 |
|    clip_fraction        | 0.344       |
|    clip_range           | 0.2         |
|    entropy_loss         | -2.1        |
|    explained_variance   | 0.38        |
|    learning_rate        | 0.0003      |
|    loss                 | 0.191       |
|    n_updates            | 410         |
|    policy_gradient_loss | 0.0124      |
|    std                  | 0.49        |
|    value_loss           | 1.49        |
-----------------------------------------
-----------------------------------------
| rollout/                |             |
|    ep_len_mean          | 46          |
|    ep_rew_mean          | 20.8        |
|    success_rate         | 1           |
| time/                   |             |
|    fps                  | 1984        |
|    iterations           | 43          |
|    time_elapsed         | 355         |
|    total_timesteps      | 704512      |
| train/                  |             |
|    approx_kl            | 0.030165382 |
|    clip_fraction        | 0.291       |
|    clip_range           | 0.2         |
|    entropy_loss         | -2.09       |
|    explained_variance   | 0.67        |
|    learning_rate        | 0.0003      |
|    loss                 | 0.0248      |
|    n_updates            | 420         |
|    policy_gradient_loss | -0.00361    |
|    std                  | 0.483       |
|    value_loss           | 0.499       |
-----------------------------------------
[2026-05-07 10:03:50] HEARTBEAT steps=704528/1000000 percent= 70.45% rate=  1961.3 step/s eta=   2.51 min
---------------------------------------
| rollout/                |           |
|    ep_len_mean          | 45        |
|    ep_rew_mean          | 20.8      |
|    success_rate         | 1         |
| time/                   |           |
|    fps                  | 1984      |
|    iterations           | 44        |
|    time_elapsed         | 363       |
|    total_timesteps      | 720896    |
| train/                  |           |
|    approx_kl            | 0.0390732 |
|    clip_fraction        | 0.288     |
|    clip_range           | 0.2       |
|    entropy_loss         | -2.03     |
|    explained_variance   | 0.566     |
|    learning_rate        | 0.0003    |
|    loss                 | 0.0527    |
|    n_updates            | 430       |
|    policy_gradient_loss | 0.00142   |
|    std                  | 0.473     |
|    value_loss           | 0.354     |
---------------------------------------
---------------------------------------
| rollout/                |           |
|    ep_len_mean          | 45.5      |
|    ep_rew_mean          | 20.3      |
|    success_rate         | 1         |
| time/                   |           |
|    fps                  | 1981      |
|    iterations           | 45        |
|    time_elapsed         | 371       |
|    total_timesteps      | 737280    |
| train/                  |           |
|    approx_kl            | 0.0469499 |
|    clip_fraction        | 0.31      |
|    clip_range           | 0.2       |
|    entropy_loss         | -2        |
|    explained_variance   | 0.638     |
|    learning_rate        | 0.0003    |
|    loss                 | 0.0792    |
|    n_updates            | 440       |
|    policy_gradient_loss | 0.000933  |
|    std                  | 0.471     |
|    value_loss           | 0.413     |
---------------------------------------
[2026-05-07 10:04:10] CHECKPOINT_SAVED local_step=750000 global_step=750000 path=/root/workspace/uav-risk-rl/checkpoints/p2_rich_motion/attention_full_distance_penalty_wide_d2_s0_step750000.zip
----------------------------------------
| rollout/                |            |
|    ep_len_mean          | 45         |
|    ep_rew_mean          | 19.8       |
|    success_rate         | 1          |
| time/                   |            |
|    fps                  | 1980       |
|    iterations           | 46         |
|    time_elapsed         | 380        |
|    total_timesteps      | 753664     |
| train/                  |            |
|    approx_kl            | 0.06256448 |
|    clip_fraction        | 0.313      |
|    clip_range           | 0.2        |
|    entropy_loss         | -1.99      |
|    explained_variance   | 0.575      |
|    learning_rate        | 0.0003     |
|    loss                 | 0.228      |
|    n_updates            | 450        |
|    policy_gradient_loss | 0.00277    |
|    std                  | 0.47       |
|    value_loss           | 1.19       |
----------------------------------------
----------------------------------------
| rollout/                |            |
|    ep_len_mean          | 44.7       |
|    ep_rew_mean          | 20.5       |
|    success_rate         | 1          |
| time/                   |            |
|    fps                  | 1980       |
|    iterations           | 47         |
|    time_elapsed         | 388        |
|    total_timesteps      | 770048     |
| train/                  |            |
|    approx_kl            | 0.03418717 |
|    clip_fraction        | 0.296      |
|    clip_range           | 0.2        |
|    entropy_loss         | -1.97      |
|    explained_variance   | 0.555      |
|    learning_rate        | 0.0003     |
|    loss                 | 0.14       |
|    n_updates            | 460        |
|    policy_gradient_loss | -0.000598  |
|    std                  | 0.466      |
|    value_loss           | 0.683      |
----------------------------------------
[2026-05-07 10:04:24] HEARTBEAT steps=770064/1000000 percent= 77.01% rate=  1958.8 step/s eta=   1.96 min
-----------------------------------------
| rollout/                |             |
|    ep_len_mean          | 46.1        |
|    ep_rew_mean          | 20.6        |
|    success_rate         | 1           |
| time/                   |             |
|    fps                  | 1978        |
|    iterations           | 48          |
|    time_elapsed         | 397         |
|    total_timesteps      | 786432      |
| train/                  |             |
|    approx_kl            | 0.034671552 |
|    clip_fraction        | 0.284       |
|    clip_range           | 0.2         |
|    entropy_loss         | -1.94       |
|    explained_variance   | 0.596       |
|    learning_rate        | 0.0003      |
|    loss                 | 0.0564      |
|    n_updates            | 470         |
|    policy_gradient_loss | -0.0027     |
|    std                  | 0.462       |
|    value_loss           | 0.662       |
-----------------------------------------
-----------------------------------------
| rollout/                |             |
|    ep_len_mean          | 45          |
|    ep_rew_mean          | 19.5        |
|    success_rate         | 0.99        |
| time/                   |             |
|    fps                  | 1977        |
|    iterations           | 49          |
|    time_elapsed         | 405         |
|    total_timesteps      | 802816      |
| train/                  |             |
|    approx_kl            | 0.028501902 |
|    clip_fraction        | 0.265       |
|    clip_range           | 0.2         |
|    entropy_loss         | -1.9        |
|    explained_variance   | 0.748       |
|    learning_rate        | 0.0003      |
|    loss                 | 0.0852      |
|    n_updates            | 480         |
|    policy_gradient_loss | -0.0026     |
|    std                  | 0.454       |
|    value_loss           | 0.551       |
-----------------------------------------
-----------------------------------------
| rollout/                |             |
|    ep_len_mean          | 45.7        |
|    ep_rew_mean          | 20.4        |
|    success_rate         | 1           |
| time/                   |             |
|    fps                  | 1977        |
|    iterations           | 50          |
|    time_elapsed         | 414         |
|    total_timesteps      | 819200      |
| train/                  |             |
|    approx_kl            | 0.085008934 |
|    clip_fraction        | 0.288       |
|    clip_range           | 0.2         |
|    entropy_loss         | -1.89       |
|    explained_variance   | 0.416       |
|    learning_rate        | 0.0003      |
|    loss                 | 2.31        |
|    n_updates            | 490         |
|    policy_gradient_loss | 0.000264    |
|    std                  | 0.458       |
|    value_loss           | 2.69        |
-----------------------------------------
-----------------------------------------
| rollout/                |             |
|    ep_len_mean          | 46.8        |
|    ep_rew_mean          | 20.5        |
|    success_rate         | 1           |
| time/                   |             |
|    fps                  | 1976        |
|    iterations           | 51          |
|    time_elapsed         | 422         |
|    total_timesteps      | 835584      |
| train/                  |             |
|    approx_kl            | 0.030528376 |
|    clip_fraction        | 0.283       |
|    clip_range           | 0.2         |
|    entropy_loss         | -1.89       |
|    explained_variance   | 0.62        |
|    learning_rate        | 0.0003      |
|    loss                 | 0.394       |
|    n_updates            | 500         |
|    policy_gradient_loss | -0.00215    |
|    std                  | 0.455       |
|    value_loss           | 0.698       |
-----------------------------------------
[2026-05-07 10:04:58] HEARTBEAT steps=835600/1000000 percent= 83.56% rate=  1956.9 step/s eta=   1.40 min
---------------------------------------
| rollout/                |           |
|    ep_len_mean          | 45.4      |
|    ep_rew_mean          | 20.6      |
|    success_rate         | 1         |
| time/                   |           |
|    fps                  | 1974      |
|    iterations           | 52        |
|    time_elapsed         | 431       |
|    total_timesteps      | 851968    |
| train/                  |           |
|    approx_kl            | 0.0328431 |
|    clip_fraction        | 0.279     |
|    clip_range           | 0.2       |
|    entropy_loss         | -1.84     |
|    explained_variance   | 0.736     |
|    learning_rate        | 0.0003    |
|    loss                 | 0.106     |
|    n_updates            | 510       |
|    policy_gradient_loss | -0.00538  |
|    std                  | 0.448     |
|    value_loss           | 0.423     |
---------------------------------------
-----------------------------------------
| rollout/                |             |
|    ep_len_mean          | 45.4        |
|    ep_rew_mean          | 21          |
|    success_rate         | 1           |
| time/                   |             |
|    fps                  | 1974        |
|    iterations           | 53          |
|    time_elapsed         | 439         |
|    total_timesteps      | 868352      |
| train/                  |             |
|    approx_kl            | 0.037259337 |
|    clip_fraction        | 0.278       |
|    clip_range           | 0.2         |
|    entropy_loss         | -1.82       |
|    explained_variance   | 0.663       |
|    learning_rate        | 0.0003      |
|    loss                 | 0.104       |
|    n_updates            | 520         |
|    policy_gradient_loss | -0.0034     |
|    std                  | 0.446       |
|    value_loss           | 0.792       |
-----------------------------------------
----------------------------------------
| rollout/                |            |
|    ep_len_mean          | 44.9       |
|    ep_rew_mean          | 21.1       |
|    success_rate         | 1          |
| time/                   |            |
|    fps                  | 1974       |
|    iterations           | 54         |
|    time_elapsed         | 448        |
|    total_timesteps      | 884736     |
| train/                  |            |
|    approx_kl            | 0.02773371 |
|    clip_fraction        | 0.276      |
|    clip_range           | 0.2        |
|    entropy_loss         | -1.8       |
|    explained_variance   | 0.779      |
|    learning_rate        | 0.0003     |
|    loss                 | 0.0533     |
|    n_updates            | 530        |
|    policy_gradient_loss | -0.00571   |
|    std                  | 0.441      |
|    value_loss           | 0.225      |
----------------------------------------
----------------------------------------
| rollout/                |            |
|    ep_len_mean          | 46.3       |
|    ep_rew_mean          | 20.2       |
|    success_rate         | 1          |
| time/                   |            |
|    fps                  | 1972       |
|    iterations           | 55         |
|    time_elapsed         | 456        |
|    total_timesteps      | 901120     |
| train/                  |            |
|    approx_kl            | 0.03394257 |
|    clip_fraction        | 0.279      |
|    clip_range           | 0.2        |
|    entropy_loss         | -1.75      |
|    explained_variance   | 0.861      |
|    learning_rate        | 0.0003     |
|    loss                 | 0.103      |
|    n_updates            | 540        |
|    policy_gradient_loss | -0.00617   |
|    std                  | 0.435      |
|    value_loss           | 0.247      |
----------------------------------------
[2026-05-07 10:05:31] HEARTBEAT steps=901136/1000000 percent= 90.11% rate=  1955.0 step/s eta=   0.84 min
----------------------------------------
| rollout/                |            |
|    ep_len_mean          | 44         |
|    ep_rew_mean          | 21         |
|    success_rate         | 1          |
| time/                   |            |
|    fps                  | 1972       |
|    iterations           | 56         |
|    time_elapsed         | 465        |
|    total_timesteps      | 917504     |
| train/                  |            |
|    approx_kl            | 0.03491474 |
|    clip_fraction        | 0.273      |
|    clip_range           | 0.2        |
|    entropy_loss         | -1.71      |
|    explained_variance   | 0.792      |
|    learning_rate        | 0.0003     |
|    loss                 | 0.0307     |
|    n_updates            | 550        |
|    policy_gradient_loss | -0.005     |
|    std                  | 0.431      |
|    value_loss           | 0.388      |
----------------------------------------
-----------------------------------------
| rollout/                |             |
|    ep_len_mean          | 46          |
|    ep_rew_mean          | 21.1        |
|    success_rate         | 1           |
| time/                   |             |
|    fps                  | 1972        |
|    iterations           | 57          |
|    time_elapsed         | 473         |
|    total_timesteps      | 933888      |
| train/                  |             |
|    approx_kl            | 0.048192695 |
|    clip_fraction        | 0.301       |
|    clip_range           | 0.2         |
|    entropy_loss         | -1.7        |
|    explained_variance   | 0.558       |
|    learning_rate        | 0.0003      |
|    loss                 | 0.128       |
|    n_updates            | 560         |
|    policy_gradient_loss | 0.000361    |
|    std                  | 0.43        |
|    value_loss           | 1.57        |
-----------------------------------------
----------------------------------------
| rollout/                |            |
|    ep_len_mean          | 42.9       |
|    ep_rew_mean          | 20.9       |
|    success_rate         | 1          |
| time/                   |            |
|    fps                  | 1971       |
|    iterations           | 58         |
|    time_elapsed         | 482        |
|    total_timesteps      | 950272     |
| train/                  |            |
|    approx_kl            | 0.04161153 |
|    clip_fraction        | 0.301      |
|    clip_range           | 0.2        |
|    entropy_loss         | -1.71      |
|    explained_variance   | 0.754      |
|    learning_rate        | 0.0003     |
|    loss                 | 0.236      |
|    n_updates            | 570        |
|    policy_gradient_loss | -0.000843  |
|    std                  | 0.432      |
|    value_loss           | 0.876      |
----------------------------------------
-----------------------------------------
| rollout/                |             |
|    ep_len_mean          | 46.6        |
|    ep_rew_mean          | 19.9        |
|    success_rate         | 0.99        |
| time/                   |             |
|    fps                  | 1971        |
|    iterations           | 59          |
|    time_elapsed         | 490         |
|    total_timesteps      | 966656      |
| train/                  |             |
|    approx_kl            | 0.048668146 |
|    clip_fraction        | 0.322       |
|    clip_range           | 0.2         |
|    entropy_loss         | -1.69       |
|    explained_variance   | 0.586       |
|    learning_rate        | 0.0003      |
|    loss                 | 0.227       |
|    n_updates            | 580         |
|    policy_gradient_loss | 0.00143     |
|    std                  | 0.428       |
|    value_loss           | 1.01        |
-----------------------------------------
[2026-05-07 10:06:05] HEARTBEAT steps=966672/1000000 percent= 96.67% rate=  1955.0 step/s eta=   0.28 min
----------------------------------------
| rollout/                |            |
|    ep_len_mean          | 43.3       |
|    ep_rew_mean          | 20.7       |
|    success_rate         | 1          |
| time/                   |            |
|    fps                  | 1970       |
|    iterations           | 60         |
|    time_elapsed         | 498        |
|    total_timesteps      | 983040     |
| train/                  |            |
|    approx_kl            | 0.05486858 |
|    clip_fraction        | 0.32       |
|    clip_range           | 0.2        |
|    entropy_loss         | -1.67      |
|    explained_variance   | 0.453      |
|    learning_rate        | 0.0003     |
|    loss                 | 0.101      |
|    n_updates            | 590        |
|    policy_gradient_loss | -0.00238   |
|    std                  | 0.427      |
|    value_loss           | 1.36       |
----------------------------------------
-----------------------------------------
| rollout/                |             |
|    ep_len_mean          | 44.2        |
|    ep_rew_mean          | 20.5        |
|    success_rate         | 1           |
| time/                   |             |
|    fps                  | 1969        |
|    iterations           | 61          |
|    time_elapsed         | 507         |
|    total_timesteps      | 999424      |
| train/                  |             |
|    approx_kl            | 0.042423613 |
|    clip_fraction        | 0.297       |
|    clip_range           | 0.2         |
|    entropy_loss         | -1.67       |
|    explained_variance   | 0.624       |
|    learning_rate        | 0.0003      |
|    loss                 | 0.107       |
|    n_updates            | 600         |
|    policy_gradient_loss | -0.00297    |
|    std                  | 0.427       |
|    value_loss           | 1.2         |
-----------------------------------------
[2026-05-07 10:06:22] CHECKPOINT_SAVED local_step=1000000 global_step=1000000 path=/root/workspace/uav-risk-rl/checkpoints/p2_rich_motion/attention_full_distance_penalty_wide_d2_s0_step1000000.zip
-----------------------------------------
| rollout/                |             |
|    ep_len_mean          | 45.7        |
|    ep_rew_mean          | 20.5        |
|    success_rate         | 0.99        |
| time/                   |             |
|    fps                  | 1969        |
|    iterations           | 62          |
|    time_elapsed         | 515         |
|    total_timesteps      | 1015808     |
| train/                  |             |
|    approx_kl            | 0.053115085 |
|    clip_fraction        | 0.318       |
|    clip_range           | 0.2         |
|    entropy_loss         | -1.68       |
|    explained_variance   | 0.54        |
|    learning_rate        | 0.0003      |
|    loss                 | 0.228       |
|    n_updates            | 610         |
|    policy_gradient_loss | 0.00196     |
|    std                  | 0.43        |
|    value_loss           | 1.49        |
-----------------------------------------
[2026-05-07 10:06:31] TRAIN_END elapsed=8.67 min local_steps=1015808 model_num_timesteps=1015808
[2026-05-07 10:06:31] SAVED model=/root/workspace/uav-risk-rl/checkpoints/p2_rich_motion/attention_full_distance_penalty_wide_d2_s0_step1000000.zip approx_updates=62
