[2026-05-06 14:08:12] CONFIG agg=attention seed=1 total_steps=1000000 n_envs=16 device=cpu scenario=train_random_switch use_rbar=False rbar_floor=0.0 hidden_dim=64 r_gate=5.0 lambda_ewma=0.1 sigma_min=0.05 run_name=attention_full_distance_penalty method=attention_full_distance_penalty resume_from=none resume_global_step=0 use_safety_cost=True cost_type=distance_warning fallback_penalty=True beta_cost=5.0 use_risk_bias=False lambda_bias=0.2
FALLBACK: cost-penalty, not PPO-Lagrangian.
Using cpu device
Logging to /root/workspace/uav-risk-rl/runs/p1_three_seed/attention_full_distance_penalty_s1/PPO_1
[2026-05-06 14:08:14] TRAIN_START total_steps=1000000 start_num_timesteps=0
---------------------------------
| rollout/           |          |
|    ep_len_mean     | 124      |
|    ep_rew_mean     | -27.4    |
|    success_rate    | 0        |
| time/              |          |
|    fps             | 3592     |
|    iterations      | 1        |
|    time_elapsed    | 4        |
|    total_timesteps | 16384    |
---------------------------------
-----------------------------------------
| rollout/                |             |
|    ep_len_mean          | 114         |
|    ep_rew_mean          | -24.2       |
|    success_rate         | 0           |
| time/                   |             |
|    fps                  | 2133        |
|    iterations           | 2           |
|    time_elapsed         | 15          |
|    total_timesteps      | 32768       |
| train/                  |             |
|    approx_kl            | 0.010449968 |
|    clip_fraction        | 0.127       |
|    clip_range           | 0.2         |
|    entropy_loss         | -4.21       |
|    explained_variance   | -0.0136     |
|    learning_rate        | 0.0003      |
|    loss                 | 1.45        |
|    n_updates            | 10          |
|    policy_gradient_loss | -0.00932    |
|    std                  | 0.979       |
|    value_loss           | 2.85        |
-----------------------------------------
-----------------------------------------
| rollout/                |             |
|    ep_len_mean          | 120         |
|    ep_rew_mean          | -22.4       |
|    success_rate         | 0           |
| time/                   |             |
|    fps                  | 1984        |
|    iterations           | 3           |
|    time_elapsed         | 24          |
|    total_timesteps      | 49152       |
| train/                  |             |
|    approx_kl            | 0.011880608 |
|    clip_fraction        | 0.14        |
|    clip_range           | 0.2         |
|    entropy_loss         | -4.15       |
|    explained_variance   | 0.298       |
|    learning_rate        | 0.0003      |
|    loss                 | 0.91        |
|    n_updates            | 20          |
|    policy_gradient_loss | -0.0116     |
|    std                  | 0.958       |
|    value_loss           | 2.18        |
-----------------------------------------
[2026-05-06 14:08:44] HEARTBEAT steps=49904/1000000 percent=  4.99% rate=  1663.4 step/s eta=   9.52 min
-----------------------------------------
| rollout/                |             |
|    ep_len_mean          | 133         |
|    ep_rew_mean          | -18.3       |
|    success_rate         | 0.05        |
| time/                   |             |
|    fps                  | 1922        |
|    iterations           | 4           |
|    time_elapsed         | 34          |
|    total_timesteps      | 65536       |
| train/                  |             |
|    approx_kl            | 0.015318101 |
|    clip_fraction        | 0.188       |
|    clip_range           | 0.2         |
|    entropy_loss         | -4.07       |
|    explained_variance   | 0.479       |
|    learning_rate        | 0.0003      |
|    loss                 | 0.681       |
|    n_updates            | 30          |
|    policy_gradient_loss | -0.0192     |
|    std                  | 0.935       |
|    value_loss           | 1.35        |
-----------------------------------------
-----------------------------------------
| rollout/                |             |
|    ep_len_mean          | 124         |
|    ep_rew_mean          | -11.8       |
|    success_rate         | 0.25        |
| time/                   |             |
|    fps                  | 1901        |
|    iterations           | 5           |
|    time_elapsed         | 43          |
|    total_timesteps      | 81920       |
| train/                  |             |
|    approx_kl            | 0.017586034 |
|    clip_fraction        | 0.208       |
|    clip_range           | 0.2         |
|    entropy_loss         | -3.99       |
|    explained_variance   | 0.405       |
|    learning_rate        | 0.0003      |
|    loss                 | 0.66        |
|    n_updates            | 40          |
|    policy_gradient_loss | -0.0198     |
|    std                  | 0.909       |
|    value_loss           | 1.67        |
-----------------------------------------
-----------------------------------------
| rollout/                |             |
|    ep_len_mean          | 106         |
|    ep_rew_mean          | -1.52       |
|    success_rate         | 0.64        |
| time/                   |             |
|    fps                  | 1881        |
|    iterations           | 6           |
|    time_elapsed         | 52          |
|    total_timesteps      | 98304       |
| train/                  |             |
|    approx_kl            | 0.014558734 |
|    clip_fraction        | 0.198       |
|    clip_range           | 0.2         |
|    entropy_loss         | -3.93       |
|    explained_variance   | 0.356       |
|    learning_rate        | 0.0003      |
|    loss                 | 1.37        |
|    n_updates            | 50          |
|    policy_gradient_loss | -0.0186     |
|    std                  | 0.89        |
|    value_loss           | 3.98        |
-----------------------------------------
[2026-05-06 14:09:14] HEARTBEAT steps=109248/1000000 percent= 10.92% rate=  1820.6 step/s eta=   8.15 min
-----------------------------------------
| rollout/                |             |
|    ep_len_mean          | 87.9        |
|    ep_rew_mean          | 3.21        |
|    success_rate         | 0.74        |
| time/                   |             |
|    fps                  | 1868        |
|    iterations           | 7           |
|    time_elapsed         | 61          |
|    total_timesteps      | 114688      |
| train/                  |             |
|    approx_kl            | 0.013466695 |
|    clip_fraction        | 0.177       |
|    clip_range           | 0.2         |
|    entropy_loss         | -3.86       |
|    explained_variance   | 0.514       |
|    learning_rate        | 0.0003      |
|    loss                 | 2.31        |
|    n_updates            | 60          |
|    policy_gradient_loss | -0.0178     |
|    std                  | 0.869       |
|    value_loss           | 5.17        |
-----------------------------------------
-----------------------------------------
| rollout/                |             |
|    ep_len_mean          | 73.3        |
|    ep_rew_mean          | 5.05        |
|    success_rate         | 0.72        |
| time/                   |             |
|    fps                  | 1857        |
|    iterations           | 8           |
|    time_elapsed         | 70          |
|    total_timesteps      | 131072      |
| train/                  |             |
|    approx_kl            | 0.016019039 |
|    clip_fraction        | 0.206       |
|    clip_range           | 0.2         |
|    entropy_loss         | -3.79       |
|    explained_variance   | 0.719       |
|    learning_rate        | 0.0003      |
|    loss                 | 1.89        |
|    n_updates            | 70          |
|    policy_gradient_loss | -0.0211     |
|    std                  | 0.848       |
|    value_loss           | 4.22        |
-----------------------------------------
----------------------------------------
| rollout/                |            |
|    ep_len_mean          | 62.4       |
|    ep_rew_mean          | 9.8        |
|    success_rate         | 0.82       |
| time/                   |            |
|    fps                  | 1848       |
|    iterations           | 9          |
|    time_elapsed         | 79         |
|    total_timesteps      | 147456     |
| train/                  |            |
|    approx_kl            | 0.02174837 |
|    clip_fraction        | 0.244      |
|    clip_range           | 0.2        |
|    entropy_loss         | -3.7       |
|    explained_variance   | 0.775      |
|    learning_rate        | 0.0003     |
|    loss                 | 2.04       |
|    n_updates            | 80         |
|    policy_gradient_loss | -0.0209    |
|    std                  | 0.825      |
|    value_loss           | 4.09       |
----------------------------------------
-----------------------------------------
| rollout/                |             |
|    ep_len_mean          | 56.3        |
|    ep_rew_mean          | 11          |
|    success_rate         | 0.82        |
| time/                   |             |
|    fps                  | 1839        |
|    iterations           | 10          |
|    time_elapsed         | 89          |
|    total_timesteps      | 163840      |
| train/                  |             |
|    approx_kl            | 0.017663233 |
|    clip_fraction        | 0.201       |
|    clip_range           | 0.2         |
|    entropy_loss         | -3.62       |
|    explained_variance   | 0.704       |
|    learning_rate        | 0.0003      |
|    loss                 | 1.87        |
|    n_updates            | 90          |
|    policy_gradient_loss | -0.0176     |
|    std                  | 0.803       |
|    value_loss           | 4.37        |
-----------------------------------------
[2026-05-06 14:09:48] HEARTBEAT steps=163856/1000000 percent= 16.39% rate=  1742.3 step/s eta=   8.00 min
---------------------------------------
| rollout/                |           |
|    ep_len_mean          | 56.8      |
|    ep_rew_mean          | 14.3      |
|    success_rate         | 0.91      |
| time/                   |           |
|    fps                  | 1832      |
|    iterations           | 11        |
|    time_elapsed         | 98        |
|    total_timesteps      | 180224    |
| train/                  |           |
|    approx_kl            | 0.0144317 |
|    clip_fraction        | 0.18      |
|    clip_range           | 0.2       |
|    entropy_loss         | -3.53     |
|    explained_variance   | 0.513     |
|    learning_rate        | 0.0003    |
|    loss                 | 2.12      |
|    n_updates            | 100       |
|    policy_gradient_loss | -0.012    |
|    std                  | 0.78      |
|    value_loss           | 4.74      |
---------------------------------------
----------------------------------------
| rollout/                |            |
|    ep_len_mean          | 54.1       |
|    ep_rew_mean          | 14.9       |
|    success_rate         | 0.91       |
| time/                   |            |
|    fps                  | 1826       |
|    iterations           | 12         |
|    time_elapsed         | 107        |
|    total_timesteps      | 196608     |
| train/                  |            |
|    approx_kl            | 0.01676035 |
|    clip_fraction        | 0.178      |
|    clip_range           | 0.2        |
|    entropy_loss         | -3.44      |
|    explained_variance   | 0.264      |
|    learning_rate        | 0.0003     |
|    loss                 | 2.56       |
|    n_updates            | 110        |
|    policy_gradient_loss | -0.00969   |
|    std                  | 0.755      |
|    value_loss           | 4.95       |
----------------------------------------
------------------------------------------
| rollout/                |              |
|    ep_len_mean          | 51.8         |
|    ep_rew_mean          | 15.7         |
|    success_rate         | 0.92         |
| time/                   |              |
|    fps                  | 1824         |
|    iterations           | 13           |
|    time_elapsed         | 116          |
|    total_timesteps      | 212992       |
| train/                  |              |
|    approx_kl            | 0.0155859925 |
|    clip_fraction        | 0.184        |
|    clip_range           | 0.2          |
|    entropy_loss         | -3.36        |
|    explained_variance   | 0.181        |
|    learning_rate        | 0.0003       |
|    loss                 | 1.94         |
|    n_updates            | 120          |
|    policy_gradient_loss | -0.00949     |
|    std                  | 0.736        |
|    value_loss           | 4.41         |
------------------------------------------
[2026-05-06 14:10:18] HEARTBEAT steps=222320/1000000 percent= 22.23% rate=  1792.2 step/s eta=   7.23 min
-----------------------------------------
| rollout/                |             |
|    ep_len_mean          | 51.9        |
|    ep_rew_mean          | 18.2        |
|    success_rate         | 0.99        |
| time/                   |             |
|    fps                  | 1823        |
|    iterations           | 14          |
|    time_elapsed         | 125         |
|    total_timesteps      | 229376      |
| train/                  |             |
|    approx_kl            | 0.017337035 |
|    clip_fraction        | 0.207       |
|    clip_range           | 0.2         |
|    entropy_loss         | -3.28       |
|    explained_variance   | 0.0985      |
|    learning_rate        | 0.0003      |
|    loss                 | 1.66        |
|    n_updates            | 130         |
|    policy_gradient_loss | -0.01       |
|    std                  | 0.72        |
|    value_loss           | 3.8         |
-----------------------------------------
-----------------------------------------
| rollout/                |             |
|    ep_len_mean          | 50.3        |
|    ep_rew_mean          | 18.4        |
|    success_rate         | 0.98        |
| time/                   |             |
|    fps                  | 1819        |
|    iterations           | 15          |
|    time_elapsed         | 135         |
|    total_timesteps      | 245760      |
| train/                  |             |
|    approx_kl            | 0.020779256 |
|    clip_fraction        | 0.232       |
|    clip_range           | 0.2         |
|    entropy_loss         | -3.18       |
|    explained_variance   | 0.0748      |
|    learning_rate        | 0.0003      |
|    loss                 | 0.997       |
|    n_updates            | 140         |
|    policy_gradient_loss | -0.0112     |
|    std                  | 0.695       |
|    value_loss           | 1.72        |
-----------------------------------------
[2026-05-06 14:10:35] CHECKPOINT_SAVED local_step=250000 global_step=250000 path=/root/workspace/uav-risk-rl/checkpoints/p1_three_seed/attention_full_distance_penalty_s1_step250000.zip
-----------------------------------------
| rollout/                |             |
|    ep_len_mean          | 47          |
|    ep_rew_mean          | 19.1        |
|    success_rate         | 0.99        |
| time/                   |             |
|    fps                  | 1812        |
|    iterations           | 16          |
|    time_elapsed         | 144         |
|    total_timesteps      | 262144      |
| train/                  |             |
|    approx_kl            | 0.019836022 |
|    clip_fraction        | 0.228       |
|    clip_range           | 0.2         |
|    entropy_loss         | -3.08       |
|    explained_variance   | 0.122       |
|    learning_rate        | 0.0003      |
|    loss                 | 1.13        |
|    n_updates            | 150         |
|    policy_gradient_loss | -0.00979    |
|    std                  | 0.669       |
|    value_loss           | 1.84        |
-----------------------------------------
-----------------------------------------
| rollout/                |             |
|    ep_len_mean          | 45.4        |
|    ep_rew_mean          | 19.1        |
|    success_rate         | 0.98        |
| time/                   |             |
|    fps                  | 1808        |
|    iterations           | 17          |
|    time_elapsed         | 154         |
|    total_timesteps      | 278528      |
| train/                  |             |
|    approx_kl            | 0.021115169 |
|    clip_fraction        | 0.225       |
|    clip_range           | 0.2         |
|    entropy_loss         | -2.95       |
|    explained_variance   | 0.318       |
|    learning_rate        | 0.0003      |
|    loss                 | 0.139       |
|    n_updates            | 160         |
|    policy_gradient_loss | -0.0107     |
|    std                  | 0.643       |
|    value_loss           | 0.789       |
-----------------------------------------
[2026-05-06 14:10:53] HEARTBEAT steps=278544/1000000 percent= 27.85% rate=  1751.4 step/s eta=   6.87 min
-----------------------------------------
| rollout/                |             |
|    ep_len_mean          | 45.5        |
|    ep_rew_mean          | 19.5        |
|    success_rate         | 0.98        |
| time/                   |             |
|    fps                  | 1804        |
|    iterations           | 18          |
|    time_elapsed         | 163         |
|    total_timesteps      | 294912      |
| train/                  |             |
|    approx_kl            | 0.018412992 |
|    clip_fraction        | 0.202       |
|    clip_range           | 0.2         |
|    entropy_loss         | -2.85       |
|    explained_variance   | 0.404       |
|    learning_rate        | 0.0003      |
|    loss                 | 0.0973      |
|    n_updates            | 170         |
|    policy_gradient_loss | -0.00785    |
|    std                  | 0.62        |
|    value_loss           | 1.35        |
-----------------------------------------
----------------------------------------
| rollout/                |            |
|    ep_len_mean          | 44.6       |
|    ep_rew_mean          | 20.1       |
|    success_rate         | 1          |
| time/                   |            |
|    fps                  | 1802       |
|    iterations           | 19         |
|    time_elapsed         | 172        |
|    total_timesteps      | 311296     |
| train/                  |            |
|    approx_kl            | 0.02467895 |
|    clip_fraction        | 0.241      |
|    clip_range           | 0.2        |
|    entropy_loss         | -2.74      |
|    explained_variance   | 0.474      |
|    learning_rate        | 0.0003     |
|    loss                 | 0.048      |
|    n_updates            | 180        |
|    policy_gradient_loss | -0.00572   |
|    std                  | 0.597      |
|    value_loss           | 1.01       |
----------------------------------------
----------------------------------------
| rollout/                |            |
|    ep_len_mean          | 43         |
|    ep_rew_mean          | 19.8       |
|    success_rate         | 0.98       |
| time/                   |            |
|    fps                  | 1801       |
|    iterations           | 20         |
|    time_elapsed         | 181        |
|    total_timesteps      | 327680     |
| train/                  |            |
|    approx_kl            | 0.02164523 |
|    clip_fraction        | 0.214      |
|    clip_range           | 0.2        |
|    entropy_loss         | -2.62      |
|    explained_variance   | 0.57       |
|    learning_rate        | 0.0003     |
|    loss                 | 0.0679     |
|    n_updates            | 190        |
|    policy_gradient_loss | -0.00704   |
|    std                  | 0.575      |
|    value_loss           | 0.962      |
----------------------------------------
[2026-05-06 14:11:23] HEARTBEAT steps=335424/1000000 percent= 33.54% rate=  1774.3 step/s eta=   6.24 min
-----------------------------------------
| rollout/                |             |
|    ep_len_mean          | 43          |
|    ep_rew_mean          | 20.2        |
|    success_rate         | 0.99        |
| time/                   |             |
|    fps                  | 1798        |
|    iterations           | 21          |
|    time_elapsed         | 191         |
|    total_timesteps      | 344064      |
| train/                  |             |
|    approx_kl            | 0.020011619 |
|    clip_fraction        | 0.219       |
|    clip_range           | 0.2         |
|    entropy_loss         | -2.52       |
|    explained_variance   | 0.57        |
|    learning_rate        | 0.0003      |
|    loss                 | 0.0985      |
|    n_updates            | 200         |
|    policy_gradient_loss | -0.00595    |
|    std                  | 0.554       |
|    value_loss           | 1.27        |
-----------------------------------------
-----------------------------------------
| rollout/                |             |
|    ep_len_mean          | 42.1        |
|    ep_rew_mean          | 20          |
|    success_rate         | 0.98        |
| time/                   |             |
|    fps                  | 1796        |
|    iterations           | 22          |
|    time_elapsed         | 200         |
|    total_timesteps      | 360448      |
| train/                  |             |
|    approx_kl            | 0.018573709 |
|    clip_fraction        | 0.202       |
|    clip_range           | 0.2         |
|    entropy_loss         | -2.41       |
|    explained_variance   | 0.591       |
|    learning_rate        | 0.0003      |
|    loss                 | 0.39        |
|    n_updates            | 210         |
|    policy_gradient_loss | -0.00608    |
|    std                  | 0.534       |
|    value_loss           | 1.03        |
-----------------------------------------
----------------------------------------
| rollout/                |            |
|    ep_len_mean          | 41.7       |
|    ep_rew_mean          | 20.5       |
|    success_rate         | 0.99       |
| time/                   |            |
|    fps                  | 1793       |
|    iterations           | 23         |
|    time_elapsed         | 210        |
|    total_timesteps      | 376832     |
| train/                  |            |
|    approx_kl            | 0.02049661 |
|    clip_fraction        | 0.217      |
|    clip_range           | 0.2        |
|    entropy_loss         | -2.31      |
|    explained_variance   | 0.682      |
|    learning_rate        | 0.0003     |
|    loss                 | 0.507      |
|    n_updates            | 220        |
|    policy_gradient_loss | -0.00441   |
|    std                  | 0.517      |
|    value_loss           | 0.738      |
----------------------------------------
[2026-05-06 14:11:53] HEARTBEAT steps=392032/1000000 percent= 39.20% rate=  1789.8 step/s eta=   5.66 min
----------------------------------------
| rollout/                |            |
|    ep_len_mean          | 41.4       |
|    ep_rew_mean          | 20.6       |
|    success_rate         | 0.99       |
| time/                   |            |
|    fps                  | 1792       |
|    iterations           | 24         |
|    time_elapsed         | 219        |
|    total_timesteps      | 393216     |
| train/                  |            |
|    approx_kl            | 0.02267672 |
|    clip_fraction        | 0.222      |
|    clip_range           | 0.2        |
|    entropy_loss         | -2.21      |
|    explained_variance   | 0.626      |
|    learning_rate        | 0.0003     |
|    loss                 | 0.0189     |
|    n_updates            | 230        |
|    policy_gradient_loss | -0.0053    |
|    std                  | 0.497      |
|    value_loss           | 0.895      |
----------------------------------------
-----------------------------------------
| rollout/                |             |
|    ep_len_mean          | 41.2        |
|    ep_rew_mean          | 21          |
|    success_rate         | 1           |
| time/                   |             |
|    fps                  | 1792        |
|    iterations           | 25          |
|    time_elapsed         | 228         |
|    total_timesteps      | 409600      |
| train/                  |             |
|    approx_kl            | 0.018708494 |
|    clip_fraction        | 0.206       |
|    clip_range           | 0.2         |
|    entropy_loss         | -2.08       |
|    explained_variance   | 0.798       |
|    learning_rate        | 0.0003      |
|    loss                 | 0.986       |
|    n_updates            | 240         |
|    policy_gradient_loss | -0.00629    |
|    std                  | 0.479       |
|    value_loss           | 0.45        |
-----------------------------------------
-----------------------------------------
| rollout/                |             |
|    ep_len_mean          | 40.9        |
|    ep_rew_mean          | 21          |
|    success_rate         | 0.99        |
| time/                   |             |
|    fps                  | 1790        |
|    iterations           | 26          |
|    time_elapsed         | 237         |
|    total_timesteps      | 425984      |
| train/                  |             |
|    approx_kl            | 0.023913164 |
|    clip_fraction        | 0.228       |
|    clip_range           | 0.2         |
|    entropy_loss         | -1.98       |
|    explained_variance   | 0.699       |
|    learning_rate        | 0.0003      |
|    loss                 | 0.028       |
|    n_updates            | 250         |
|    policy_gradient_loss | -0.00572    |
|    std                  | 0.463       |
|    value_loss           | 0.869       |
-----------------------------------------
-----------------------------------------
| rollout/                |             |
|    ep_len_mean          | 39.4        |
|    ep_rew_mean          | 19.9        |
|    success_rate         | 0.95        |
| time/                   |             |
|    fps                  | 1788        |
|    iterations           | 27          |
|    time_elapsed         | 247         |
|    total_timesteps      | 442368      |
| train/                  |             |
|    approx_kl            | 0.025128905 |
|    clip_fraction        | 0.231       |
|    clip_range           | 0.2         |
|    entropy_loss         | -1.88       |
|    explained_variance   | 0.735       |
|    learning_rate        | 0.0003      |
|    loss                 | 0.106       |
|    n_updates            | 260         |
|    policy_gradient_loss | -0.00346    |
|    std                  | 0.448       |
|    value_loss           | 0.812       |
-----------------------------------------
[2026-05-06 14:12:26] HEARTBEAT steps=442384/1000000 percent= 44.24% rate=  1753.7 step/s eta=   5.30 min
----------------------------------------
| rollout/                |            |
|    ep_len_mean          | 39.7       |
|    ep_rew_mean          | 21.3       |
|    success_rate         | 1          |
| time/                   |            |
|    fps                  | 1787       |
|    iterations           | 28         |
|    time_elapsed         | 256        |
|    total_timesteps      | 458752     |
| train/                  |            |
|    approx_kl            | 0.02785888 |
|    clip_fraction        | 0.247      |
|    clip_range           | 0.2        |
|    entropy_loss         | -1.8       |
|    explained_variance   | 0.556      |
|    learning_rate        | 0.0003     |
|    loss                 | 0.447      |
|    n_updates            | 270        |
|    policy_gradient_loss | -0.00547   |
|    std                  | 0.438      |
|    value_loss           | 1.58       |
----------------------------------------
-----------------------------------------
| rollout/                |             |
|    ep_len_mean          | 40.1        |
|    ep_rew_mean          | 21.3        |
|    success_rate         | 1           |
| time/                   |             |
|    fps                  | 1783        |
|    iterations           | 29          |
|    time_elapsed         | 266         |
|    total_timesteps      | 475136      |
| train/                  |             |
|    approx_kl            | 0.020625481 |
|    clip_fraction        | 0.22        |
|    clip_range           | 0.2         |
|    entropy_loss         | -1.72       |
|    explained_variance   | 0.667       |
|    learning_rate        | 0.0003      |
|    loss                 | 0.7         |
|    n_updates            | 280         |
|    policy_gradient_loss | -0.00529    |
|    std                  | 0.427       |
|    value_loss           | 1.06        |
-----------------------------------------
-----------------------------------------
| rollout/                |             |
|    ep_len_mean          | 40.5        |
|    ep_rew_mean          | 21.5        |
|    success_rate         | 1           |
| time/                   |             |
|    fps                  | 1782        |
|    iterations           | 30          |
|    time_elapsed         | 275         |
|    total_timesteps      | 491520      |
| train/                  |             |
|    approx_kl            | 0.024194146 |
|    clip_fraction        | 0.232       |
|    clip_range           | 0.2         |
|    entropy_loss         | -1.61       |
|    explained_variance   | 0.88        |
|    learning_rate        | 0.0003      |
|    loss                 | 0.0179      |
|    n_updates            | 290         |
|    policy_gradient_loss | -0.00755    |
|    std                  | 0.411       |
|    value_loss           | 0.317       |
-----------------------------------------
[2026-05-06 14:12:56] HEARTBEAT steps=497152/1000000 percent= 49.72% rate=  1761.4 step/s eta=   4.76 min
[2026-05-06 14:12:57] CHECKPOINT_SAVED local_step=500000 global_step=500000 path=/root/workspace/uav-risk-rl/checkpoints/p1_three_seed/attention_full_distance_penalty_s1_step500000.zip
-----------------------------------------
| rollout/                |             |
|    ep_len_mean          | 39.2        |
|    ep_rew_mean          | 21.5        |
|    success_rate         | 1           |
| time/                   |             |
|    fps                  | 1781        |
|    iterations           | 31          |
|    time_elapsed         | 285         |
|    total_timesteps      | 507904      |
| train/                  |             |
|    approx_kl            | 0.024294225 |
|    clip_fraction        | 0.256       |
|    clip_range           | 0.2         |
|    entropy_loss         | -1.49       |
|    explained_variance   | 0.903       |
|    learning_rate        | 0.0003      |
|    loss                 | 0.00254     |
|    n_updates            | 300         |
|    policy_gradient_loss | -0.0109     |
|    std                  | 0.394       |
|    value_loss           | 0.285       |
-----------------------------------------
----------------------------------------
| rollout/                |            |
|    ep_len_mean          | 39.2       |
|    ep_rew_mean          | 21.6       |
|    success_rate         | 1          |
| time/                   |            |
|    fps                  | 1780       |
|    iterations           | 32         |
|    time_elapsed         | 294        |
|    total_timesteps      | 524288     |
| train/                  |            |
|    approx_kl            | 0.02458509 |
|    clip_fraction        | 0.258      |
|    clip_range           | 0.2        |
|    entropy_loss         | -1.4       |
|    explained_variance   | 0.705      |
|    learning_rate        | 0.0003     |
|    loss                 | 0.0128     |
|    n_updates            | 310        |
|    policy_gradient_loss | -0.00386   |
|    std                  | 0.384      |
|    value_loss           | 0.894      |
----------------------------------------
-----------------------------------------
| rollout/                |             |
|    ep_len_mean          | 39          |
|    ep_rew_mean          | 21.6        |
|    success_rate         | 1           |
| time/                   |             |
|    fps                  | 1779        |
|    iterations           | 33          |
|    time_elapsed         | 303         |
|    total_timesteps      | 540672      |
| train/                  |             |
|    approx_kl            | 0.023158355 |
|    clip_fraction        | 0.224       |
|    clip_range           | 0.2         |
|    entropy_loss         | -1.28       |
|    explained_variance   | 0.945       |
|    learning_rate        | 0.0003      |
|    loss                 | -0.0191     |
|    n_updates            | 320         |
|    policy_gradient_loss | -0.00981    |
|    std                  | 0.371       |
|    value_loss           | 0.117       |
-----------------------------------------
[2026-05-06 14:13:26] HEARTBEAT steps=553440/1000000 percent= 55.34% rate=  1772.4 step/s eta=   4.20 min
-----------------------------------------
| rollout/                |             |
|    ep_len_mean          | 38.7        |
|    ep_rew_mean          | 21.8        |
|    success_rate         | 1           |
| time/                   |             |
|    fps                  | 1778        |
|    iterations           | 34          |
|    time_elapsed         | 313         |
|    total_timesteps      | 557056      |
| train/                  |             |
|    approx_kl            | 0.024227194 |
|    clip_fraction        | 0.252       |
|    clip_range           | 0.2         |
|    entropy_loss         | -1.15       |
|    explained_variance   | 0.978       |
|    learning_rate        | 0.0003      |
|    loss                 | -0.0271     |
|    n_updates            | 330         |
|    policy_gradient_loss | -0.012      |
|    std                  | 0.355       |
|    value_loss           | 0.0271      |
-----------------------------------------
-----------------------------------------
| rollout/                |             |
|    ep_len_mean          | 37.4        |
|    ep_rew_mean          | 21.4        |
|    success_rate         | 0.99        |
| time/                   |             |
|    fps                  | 1777        |
|    iterations           | 35          |
|    time_elapsed         | 322         |
|    total_timesteps      | 573440      |
| train/                  |             |
|    approx_kl            | 0.025417149 |
|    clip_fraction        | 0.247       |
|    clip_range           | 0.2         |
|    entropy_loss         | -1          |
|    explained_variance   | 0.994       |
|    learning_rate        | 0.0003      |
|    loss                 | -0.0227     |
|    n_updates            | 340         |
|    policy_gradient_loss | -0.0172     |
|    std                  | 0.339       |
|    value_loss           | 0.0158      |
-----------------------------------------
-----------------------------------------
| rollout/                |             |
|    ep_len_mean          | 37.5        |
|    ep_rew_mean          | 21.8        |
|    success_rate         | 1           |
| time/                   |             |
|    fps                  | 1777        |
|    iterations           | 36          |
|    time_elapsed         | 331         |
|    total_timesteps      | 589824      |
| train/                  |             |
|    approx_kl            | 0.025138985 |
|    clip_fraction        | 0.274       |
|    clip_range           | 0.2         |
|    entropy_loss         | -0.911      |
|    explained_variance   | 0.871       |
|    learning_rate        | 0.0003      |
|    loss                 | 0.32        |
|    n_updates            | 350         |
|    policy_gradient_loss | -0.00422    |
|    std                  | 0.329       |
|    value_loss           | 0.287       |
-----------------------------------------
-----------------------------------------
| rollout/                |             |
|    ep_len_mean          | 37          |
|    ep_rew_mean          | 21.6        |
|    success_rate         | 0.99        |
| time/                   |             |
|    fps                  | 1776        |
|    iterations           | 37          |
|    time_elapsed         | 341         |
|    total_timesteps      | 606208      |
| train/                  |             |
|    approx_kl            | 0.029821236 |
|    clip_fraction        | 0.267       |
|    clip_range           | 0.2         |
|    entropy_loss         | -0.808      |
|    explained_variance   | 0.906       |
|    learning_rate        | 0.0003      |
|    loss                 | 0.017       |
|    n_updates            | 360         |
|    policy_gradient_loss | -0.00336    |
|    std                  | 0.32        |
|    value_loss           | 0.246       |
-----------------------------------------
[2026-05-06 14:14:00] HEARTBEAT steps=606224/1000000 percent= 60.62% rate=  1752.1 step/s eta=   3.75 min
----------------------------------------
| rollout/                |            |
|    ep_len_mean          | 36.9       |
|    ep_rew_mean          | 21.8       |
|    success_rate         | 1          |
| time/                   |            |
|    fps                  | 1777       |
|    iterations           | 38         |
|    time_elapsed         | 350        |
|    total_timesteps      | 622592     |
| train/                  |            |
|    approx_kl            | 0.03374496 |
|    clip_fraction        | 0.284      |
|    clip_range           | 0.2        |
|    entropy_loss         | -0.748     |
|    explained_variance   | 0.817      |
|    learning_rate        | 0.0003     |
|    loss                 | 0.134      |
|    n_updates            | 370        |
|    policy_gradient_loss | -0.00136   |
|    std                  | 0.315      |
|    value_loss           | 0.629      |
----------------------------------------
----------------------------------------
| rollout/                |            |
|    ep_len_mean          | 36.9       |
|    ep_rew_mean          | 21.7       |
|    success_rate         | 0.99       |
| time/                   |            |
|    fps                  | 1776       |
|    iterations           | 39         |
|    time_elapsed         | 359        |
|    total_timesteps      | 638976     |
| train/                  |            |
|    approx_kl            | 0.02100604 |
|    clip_fraction        | 0.235      |
|    clip_range           | 0.2        |
|    entropy_loss         | -0.674     |
|    explained_variance   | 0.973      |
|    learning_rate        | 0.0003     |
|    loss                 | 0.00901    |
|    n_updates            | 380        |
|    policy_gradient_loss | -0.00454   |
|    std                  | 0.308      |
|    value_loss           | 0.0285     |
----------------------------------------
-----------------------------------------
| rollout/                |             |
|    ep_len_mean          | 36.8        |
|    ep_rew_mean          | 22          |
|    success_rate         | 1           |
| time/                   |             |
|    fps                  | 1776        |
|    iterations           | 40          |
|    time_elapsed         | 369         |
|    total_timesteps      | 655360      |
| train/                  |             |
|    approx_kl            | 0.042444978 |
|    clip_fraction        | 0.297       |
|    clip_range           | 0.2         |
|    entropy_loss         | -0.626      |
|    explained_variance   | 0.76        |
|    learning_rate        | 0.0003      |
|    loss                 | 0.0541      |
|    n_updates            | 390         |
|    policy_gradient_loss | 0.00239     |
|    std                  | 0.305       |
|    value_loss           | 0.761       |
-----------------------------------------
[2026-05-06 14:14:30] HEARTBEAT steps=662816/1000000 percent= 66.28% rate=  1762.8 step/s eta=   3.19 min
-----------------------------------------
| rollout/                |             |
|    ep_len_mean          | 36.2        |
|    ep_rew_mean          | 21.8        |
|    success_rate         | 1           |
| time/                   |             |
|    fps                  | 1775        |
|    iterations           | 41          |
|    time_elapsed         | 378         |
|    total_timesteps      | 671744      |
| train/                  |             |
|    approx_kl            | 0.021699546 |
|    clip_fraction        | 0.247       |
|    clip_range           | 0.2         |
|    entropy_loss         | -0.553      |
|    explained_variance   | 0.966       |
|    learning_rate        | 0.0003      |
|    loss                 | -0.00815    |
|    n_updates            | 400         |
|    policy_gradient_loss | -0.00842    |
|    std                  | 0.298       |
|    value_loss           | 0.0237      |
-----------------------------------------
-----------------------------------------
| rollout/                |             |
|    ep_len_mean          | 35.5        |
|    ep_rew_mean          | 21.2        |
|    success_rate         | 0.98        |
| time/                   |             |
|    fps                  | 1773        |
|    iterations           | 42          |
|    time_elapsed         | 388         |
|    total_timesteps      | 688128      |
| train/                  |             |
|    approx_kl            | 0.026490018 |
|    clip_fraction        | 0.272       |
|    clip_range           | 0.2         |
|    entropy_loss         | -0.491      |
|    explained_variance   | 0.811       |
|    learning_rate        | 0.0003      |
|    loss                 | 0.0123      |
|    n_updates            | 410         |
|    policy_gradient_loss | -0.00165    |
|    std                  | 0.291       |
|    value_loss           | 0.762       |
-----------------------------------------
----------------------------------------
| rollout/                |            |
|    ep_len_mean          | 36.6       |
|    ep_rew_mean          | 22         |
|    success_rate         | 1          |
| time/                   |            |
|    fps                  | 1772       |
|    iterations           | 43         |
|    time_elapsed         | 397        |
|    total_timesteps      | 704512     |
| train/                  |            |
|    approx_kl            | 0.05010608 |
|    clip_fraction        | 0.343      |
|    clip_range           | 0.2        |
|    entropy_loss         | -0.465     |
|    explained_variance   | 0.627      |
|    learning_rate        | 0.0003     |
|    loss                 | 0.894      |
|    n_updates            | 420        |
|    policy_gradient_loss | 0.00282    |
|    std                  | 0.293      |
|    value_loss           | 1.6        |
----------------------------------------
[2026-05-06 14:15:00] HEARTBEAT steps=717744/1000000 percent= 71.77% rate=  1767.8 step/s eta=   2.66 min
-----------------------------------------
| rollout/                |             |
|    ep_len_mean          | 36.9        |
|    ep_rew_mean          | 22.1        |
|    success_rate         | 1           |
| time/                   |             |
|    fps                  | 1771        |
|    iterations           | 44          |
|    time_elapsed         | 406         |
|    total_timesteps      | 720896      |
| train/                  |             |
|    approx_kl            | 0.031830885 |
|    clip_fraction        | 0.282       |
|    clip_range           | 0.2         |
|    entropy_loss         | -0.454      |
|    explained_variance   | 0.835       |
|    learning_rate        | 0.0003      |
|    loss                 | 0.0322      |
|    n_updates            | 430         |
|    policy_gradient_loss | 0.00368     |
|    std                  | 0.292       |
|    value_loss           | 0.324       |
-----------------------------------------
-----------------------------------------
| rollout/                |             |
|    ep_len_mean          | 36.5        |
|    ep_rew_mean          | 21.7        |
|    success_rate         | 0.99        |
| time/                   |             |
|    fps                  | 1771        |
|    iterations           | 45          |
|    time_elapsed         | 416         |
|    total_timesteps      | 737280      |
| train/                  |             |
|    approx_kl            | 0.025498753 |
|    clip_fraction        | 0.269       |
|    clip_range           | 0.2         |
|    entropy_loss         | -0.383      |
|    explained_variance   | 0.98        |
|    learning_rate        | 0.0003      |
|    loss                 | -0.0117     |
|    n_updates            | 440         |
|    policy_gradient_loss | -0.00568    |
|    std                  | 0.285       |
|    value_loss           | 0.027       |
-----------------------------------------
[2026-05-06 14:15:18] CHECKPOINT_SAVED local_step=750000 global_step=750000 path=/root/workspace/uav-risk-rl/checkpoints/p1_three_seed/attention_full_distance_penalty_s1_step750000.zip
----------------------------------------
| rollout/                |            |
|    ep_len_mean          | 36.7       |
|    ep_rew_mean          | 22.1       |
|    success_rate         | 1          |
| time/                   |            |
|    fps                  | 1771       |
|    iterations           | 46         |
|    time_elapsed         | 425        |
|    total_timesteps      | 753664     |
| train/                  |            |
|    approx_kl            | 0.04286158 |
|    clip_fraction        | 0.291      |
|    clip_range           | 0.2        |
|    entropy_loss         | -0.325     |
|    explained_variance   | 0.852      |
|    learning_rate        | 0.0003     |
|    loss                 | 0.0573     |
|    n_updates            | 450        |
|    policy_gradient_loss | -0.00444   |
|    std                  | 0.28       |
|    value_loss           | 0.305      |
----------------------------------------
-----------------------------------------
| rollout/                |             |
|    ep_len_mean          | 36.5        |
|    ep_rew_mean          | 22          |
|    success_rate         | 1           |
| time/                   |             |
|    fps                  | 1770        |
|    iterations           | 47          |
|    time_elapsed         | 434         |
|    total_timesteps      | 770048      |
| train/                  |             |
|    approx_kl            | 0.026598554 |
|    clip_fraction        | 0.295       |
|    clip_range           | 0.2         |
|    entropy_loss         | -0.285      |
|    explained_variance   | 0.849       |
|    learning_rate        | 0.0003      |
|    loss                 | 0.0419      |
|    n_updates            | 460         |
|    policy_gradient_loss | 0.00097     |
|    std                  | 0.278       |
|    value_loss           | 0.664       |
-----------------------------------------
[2026-05-06 14:15:34] HEARTBEAT steps=770064/1000000 percent= 77.01% rate=  1751.0 step/s eta=   2.19 min
---------------------------------------
| rollout/                |           |
|    ep_len_mean          | 36.1      |
|    ep_rew_mean          | 21.7      |
|    success_rate         | 0.99      |
| time/                   |           |
|    fps                  | 1770      |
|    iterations           | 48        |
|    time_elapsed         | 444       |
|    total_timesteps      | 786432    |
| train/                  |           |
|    approx_kl            | 0.0247062 |
|    clip_fraction        | 0.267     |
|    clip_range           | 0.2       |
|    entropy_loss         | -0.249    |
|    explained_variance   | 0.917     |
|    learning_rate        | 0.0003    |
|    loss                 | 0.00417   |
|    n_updates            | 470       |
|    policy_gradient_loss | -0.00221  |
|    std                  | 0.275     |
|    value_loss           | 0.0971    |
---------------------------------------
-----------------------------------------
| rollout/                |             |
|    ep_len_mean          | 36.5        |
|    ep_rew_mean          | 22.2        |
|    success_rate         | 1           |
| time/                   |             |
|    fps                  | 1769        |
|    iterations           | 49          |
|    time_elapsed         | 453         |
|    total_timesteps      | 802816      |
| train/                  |             |
|    approx_kl            | 0.026502308 |
|    clip_fraction        | 0.293       |
|    clip_range           | 0.2         |
|    entropy_loss         | -0.218      |
|    explained_variance   | 0.775       |
|    learning_rate        | 0.0003      |
|    loss                 | 0.221       |
|    n_updates            | 480         |
|    policy_gradient_loss | -0.000365   |
|    std                  | 0.273       |
|    value_loss           | 0.581       |
-----------------------------------------
-----------------------------------------
| rollout/                |             |
|    ep_len_mean          | 36.1        |
|    ep_rew_mean          | 21.9        |
|    success_rate         | 1           |
| time/                   |             |
|    fps                  | 1771        |
|    iterations           | 50          |
|    time_elapsed         | 462         |
|    total_timesteps      | 819200      |
| train/                  |             |
|    approx_kl            | 0.034770176 |
|    clip_fraction        | 0.317       |
|    clip_range           | 0.2         |
|    entropy_loss         | -0.201      |
|    explained_variance   | 0.792       |
|    learning_rate        | 0.0003      |
|    loss                 | 0.099       |
|    n_updates            | 490         |
|    policy_gradient_loss | 0.004       |
|    std                  | 0.272       |
|    value_loss           | 0.577       |
-----------------------------------------
[2026-05-06 14:16:04] HEARTBEAT steps=829040/1000000 percent= 82.90% rate=  1764.7 step/s eta=   1.61 min
-----------------------------------------
| rollout/                |             |
|    ep_len_mean          | 35.9        |
|    ep_rew_mean          | 22.1        |
|    success_rate         | 1           |
| time/                   |             |
|    fps                  | 1772        |
|    iterations           | 51          |
|    time_elapsed         | 471         |
|    total_timesteps      | 835584      |
| train/                  |             |
|    approx_kl            | 0.022629675 |
|    clip_fraction        | 0.259       |
|    clip_range           | 0.2         |
|    entropy_loss         | -0.151      |
|    explained_variance   | 0.935       |
|    learning_rate        | 0.0003      |
|    loss                 | 0.0218      |
|    n_updates            | 500         |
|    policy_gradient_loss | -0.00197    |
|    std                  | 0.267       |
|    value_loss           | 0.172       |
-----------------------------------------
-----------------------------------------
| rollout/                |             |
|    ep_len_mean          | 36.3        |
|    ep_rew_mean          | 22.1        |
|    success_rate         | 1           |
| time/                   |             |
|    fps                  | 1772        |
|    iterations           | 52          |
|    time_elapsed         | 480         |
|    total_timesteps      | 851968      |
| train/                  |             |
|    approx_kl            | 0.024453247 |
|    clip_fraction        | 0.275       |
|    clip_range           | 0.2         |
|    entropy_loss         | -0.0904     |
|    explained_variance   | 0.925       |
|    learning_rate        | 0.0003      |
|    loss                 | 0.0113      |
|    n_updates            | 510         |
|    policy_gradient_loss | -0.000735   |
|    std                  | 0.263       |
|    value_loss           | 0.298       |
-----------------------------------------
-----------------------------------------
| rollout/                |             |
|    ep_len_mean          | 35          |
|    ep_rew_mean          | 21.6        |
|    success_rate         | 0.99        |
| time/                   |             |
|    fps                  | 1771        |
|    iterations           | 53          |
|    time_elapsed         | 490         |
|    total_timesteps      | 868352      |
| train/                  |             |
|    approx_kl            | 0.025107402 |
|    clip_fraction        | 0.27        |
|    clip_range           | 0.2         |
|    entropy_loss         | -0.0509     |
|    explained_variance   | 0.93        |
|    learning_rate        | 0.0003      |
|    loss                 | 0.0165      |
|    n_updates            | 520         |
|    policy_gradient_loss | -0.00111    |
|    std                  | 0.261       |
|    value_loss           | 0.16        |
-----------------------------------------
----------------------------------------
| rollout/                |            |
|    ep_len_mean          | 35.2       |
|    ep_rew_mean          | 21.6       |
|    success_rate         | 0.99       |
| time/                   |            |
|    fps                  | 1771       |
|    iterations           | 54         |
|    time_elapsed         | 499        |
|    total_timesteps      | 884736     |
| train/                  |            |
|    approx_kl            | 0.02521278 |
|    clip_fraction        | 0.254      |
|    clip_range           | 0.2        |
|    entropy_loss         | 0.00773    |
|    explained_variance   | 0.967      |
|    learning_rate        | 0.0003     |
|    loss                 | 0.00223    |
|    n_updates            | 530        |
|    policy_gradient_loss | -0.00398   |
|    std                  | 0.256      |
|    value_loss           | 0.0416     |
----------------------------------------
[2026-05-06 14:16:38] HEARTBEAT steps=884752/1000000 percent= 88.48% rate=  1753.6 step/s eta=   1.10 min
-----------------------------------------
| rollout/                |             |
|    ep_len_mean          | 35.7        |
|    ep_rew_mean          | 22.1        |
|    success_rate         | 1           |
| time/                   |             |
|    fps                  | 1770        |
|    iterations           | 55          |
|    time_elapsed         | 509         |
|    total_timesteps      | 901120      |
| train/                  |             |
|    approx_kl            | 0.030635681 |
|    clip_fraction        | 0.276       |
|    clip_range           | 0.2         |
|    entropy_loss         | 0.0584      |
|    explained_variance   | 0.869       |
|    learning_rate        | 0.0003      |
|    loss                 | 0.167       |
|    n_updates            | 540         |
|    policy_gradient_loss | -0.00237    |
|    std                  | 0.254       |
|    value_loss           | 0.453       |
-----------------------------------------
-----------------------------------------
| rollout/                |             |
|    ep_len_mean          | 35.3        |
|    ep_rew_mean          | 22          |
|    success_rate         | 1           |
| time/                   |             |
|    fps                  | 1770        |
|    iterations           | 56          |
|    time_elapsed         | 518         |
|    total_timesteps      | 917504      |
| train/                  |             |
|    approx_kl            | 0.025883583 |
|    clip_fraction        | 0.273       |
|    clip_range           | 0.2         |
|    entropy_loss         | 0.0962      |
|    explained_variance   | 0.923       |
|    learning_rate        | 0.0003      |
|    loss                 | 0.00329     |
|    n_updates            | 550         |
|    policy_gradient_loss | 5.12e-05    |
|    std                  | 0.252       |
|    value_loss           | 0.0676      |
-----------------------------------------
-----------------------------------------
| rollout/                |             |
|    ep_len_mean          | 35.4        |
|    ep_rew_mean          | 21.8        |
|    success_rate         | 0.99        |
| time/                   |             |
|    fps                  | 1769        |
|    iterations           | 57          |
|    time_elapsed         | 527         |
|    total_timesteps      | 933888      |
| train/                  |             |
|    approx_kl            | 0.049541537 |
|    clip_fraction        | 0.288       |
|    clip_range           | 0.2         |
|    entropy_loss         | 0.138       |
|    explained_variance   | 0.907       |
|    learning_rate        | 0.0003      |
|    loss                 | 0.0138      |
|    n_updates            | 560         |
|    policy_gradient_loss | -0.000624   |
|    std                  | 0.249       |
|    value_loss           | 0.298       |
-----------------------------------------
[2026-05-06 14:17:08] HEARTBEAT steps=940208/1000000 percent= 94.02% rate=  1758.9 step/s eta=   0.57 min
----------------------------------------
| rollout/                |            |
|    ep_len_mean          | 35.7       |
|    ep_rew_mean          | 22         |
|    success_rate         | 1          |
| time/                   |            |
|    fps                  | 1768       |
|    iterations           | 58         |
|    time_elapsed         | 537        |
|    total_timesteps      | 950272     |
| train/                  |            |
|    approx_kl            | 0.03422854 |
|    clip_fraction        | 0.307      |
|    clip_range           | 0.2        |
|    entropy_loss         | 0.133      |
|    explained_variance   | 0.775      |
|    learning_rate        | 0.0003     |
|    loss                 | 1.12       |
|    n_updates            | 570        |
|    policy_gradient_loss | 0.00181    |
|    std                  | 0.253      |
|    value_loss           | 0.887      |
----------------------------------------
-----------------------------------------
| rollout/                |             |
|    ep_len_mean          | 35.5        |
|    ep_rew_mean          | 22.1        |
|    success_rate         | 1           |
| time/                   |             |
|    fps                  | 1767        |
|    iterations           | 59          |
|    time_elapsed         | 546         |
|    total_timesteps      | 966656      |
| train/                  |             |
|    approx_kl            | 0.035056375 |
|    clip_fraction        | 0.305       |
|    clip_range           | 0.2         |
|    entropy_loss         | 0.106       |
|    explained_variance   | 0.812       |
|    learning_rate        | 0.0003      |
|    loss                 | 0.157       |
|    n_updates            | 580         |
|    policy_gradient_loss | 0.00102     |
|    std                  | 0.255       |
|    value_loss           | 0.668       |
-----------------------------------------
----------------------------------------
| rollout/                |            |
|    ep_len_mean          | 35.4       |
|    ep_rew_mean          | 21.7       |
|    success_rate         | 0.99       |
| time/                   |            |
|    fps                  | 1767       |
|    iterations           | 60         |
|    time_elapsed         | 556        |
|    total_timesteps      | 983040     |
| train/                  |            |
|    approx_kl            | 0.03323251 |
|    clip_fraction        | 0.32       |
|    clip_range           | 0.2        |
|    entropy_loss         | 0.0785     |
|    explained_variance   | 0.794      |
|    learning_rate        | 0.0003     |
|    loss                 | 0.21       |
|    n_updates            | 590        |
|    policy_gradient_loss | 0.000712   |
|    std                  | 0.258      |
|    value_loss           | 0.466      |
----------------------------------------
[2026-05-06 14:17:38] HEARTBEAT steps=995600/1000000 percent= 99.56% rate=  1763.6 step/s eta=   0.04 min
----------------------------------------
| rollout/                |            |
|    ep_len_mean          | 35.3       |
|    ep_rew_mean          | 22.1       |
|    success_rate         | 1          |
| time/                   |            |
|    fps                  | 1767       |
|    iterations           | 61         |
|    time_elapsed         | 565        |
|    total_timesteps      | 999424     |
| train/                  |            |
|    approx_kl            | 0.04020052 |
|    clip_fraction        | 0.311      |
|    clip_range           | 0.2        |
|    entropy_loss         | 0.0734     |
|    explained_variance   | 0.78       |
|    learning_rate        | 0.0003     |
|    loss                 | 0.403      |
|    n_updates            | 600        |
|    policy_gradient_loss | -0.000582  |
|    std                  | 0.257      |
|    value_loss           | 0.578      |
----------------------------------------
[2026-05-06 14:17:45] CHECKPOINT_SAVED local_step=1000000 global_step=1000000 path=/root/workspace/uav-risk-rl/checkpoints/p1_three_seed/attention_full_distance_penalty_s1_step1000000.zip
-----------------------------------------
| rollout/                |             |
|    ep_len_mean          | 35.4        |
|    ep_rew_mean          | 22.1        |
|    success_rate         | 1           |
| time/                   |             |
|    fps                  | 1766        |
|    iterations           | 62          |
|    time_elapsed         | 575         |
|    total_timesteps      | 1015808     |
| train/                  |             |
|    approx_kl            | 0.028955195 |
|    clip_fraction        | 0.278       |
|    clip_range           | 0.2         |
|    entropy_loss         | 0.0978      |
|    explained_variance   | 0.916       |
|    learning_rate        | 0.0003      |
|    loss                 | 0.038       |
|    n_updates            | 610         |
|    policy_gradient_loss | 0.000129    |
|    std                  | 0.255       |
|    value_loss           | 0.214       |
-----------------------------------------
[2026-05-06 14:17:54] TRAIN_END elapsed=9.67 min local_steps=1015808 model_num_timesteps=1015808
[2026-05-06 14:17:54] SAVED model=/root/workspace/uav-risk-rl/checkpoints/p1_three_seed/attention_full_distance_penalty_s1_step1000000.zip approx_updates=62
