[2026-05-07 04:10:53] CONFIG agg=attention seed=0 total_steps=1000000 n_envs=16 device=cpu scenario=train_random_switch use_rbar=False rbar_floor=0.0 hidden_dim=64 r_gate=5.0 lambda_ewma=0.1 sigma_min=0.05 run_name=attention_full_distance_penalty_mid_d15 method=attention_full_distance_penalty_mid_d15 resume_from=none resume_global_step=0 use_safety_cost=True cost_type=distance_warning fallback_penalty=True beta_cost=5.0 use_risk_bias=False lambda_bias=0.2
FALLBACK: cost-penalty, not PPO-Lagrangian.
Using cpu device
Logging to /root/workspace/uav-risk-rl/runs/p1_5_distance_wide/attention_full_distance_penalty_mid_d15_s0/PPO_1
[2026-05-07 04:10:55] TRAIN_START total_steps=1000000 start_num_timesteps=0
---------------------------------
| rollout/           |          |
|    ep_len_mean     | 119      |
|    ep_rew_mean     | -36.3    |
|    success_rate    | 0        |
| time/              |          |
|    fps             | 4131     |
|    iterations      | 1        |
|    time_elapsed    | 3        |
|    total_timesteps | 16384    |
---------------------------------
-----------------------------------------
| rollout/                |             |
|    ep_len_mean          | 151         |
|    ep_rew_mean          | -39.5       |
|    success_rate         | 0           |
| time/                   |             |
|    fps                  | 2485        |
|    iterations           | 2           |
|    time_elapsed         | 13          |
|    total_timesteps      | 32768       |
| train/                  |             |
|    approx_kl            | 0.006111927 |
|    clip_fraction        | 0.055       |
|    clip_range           | 0.2         |
|    entropy_loss         | -4.24       |
|    explained_variance   | -0.0063     |
|    learning_rate        | 0.0003      |
|    loss                 | 4.29        |
|    n_updates            | 10          |
|    policy_gradient_loss | -0.00389    |
|    std                  | 0.993       |
|    value_loss           | 12.3        |
-----------------------------------------
------------------------------------------
| rollout/                |              |
|    ep_len_mean          | 164          |
|    ep_rew_mean          | -40.2        |
|    success_rate         | 0            |
| time/                   |              |
|    fps                  | 2361         |
|    iterations           | 3            |
|    time_elapsed         | 20           |
|    total_timesteps      | 49152        |
| train/                  |              |
|    approx_kl            | 0.0075586266 |
|    clip_fraction        | 0.0751       |
|    clip_range           | 0.2          |
|    entropy_loss         | -4.23        |
|    explained_variance   | 0.456        |
|    learning_rate        | 0.0003       |
|    loss                 | 3.18         |
|    n_updates            | 20           |
|    policy_gradient_loss | -0.00474     |
|    std                  | 0.991        |
|    value_loss           | 7.17         |
------------------------------------------
-----------------------------------------
| rollout/                |             |
|    ep_len_mean          | 180         |
|    ep_rew_mean          | -36.5       |
|    success_rate         | 0           |
| time/                   |             |
|    fps                  | 2298        |
|    iterations           | 4           |
|    time_elapsed         | 28          |
|    total_timesteps      | 65536       |
| train/                  |             |
|    approx_kl            | 0.011001581 |
|    clip_fraction        | 0.107       |
|    clip_range           | 0.2         |
|    entropy_loss         | -4.19       |
|    explained_variance   | 0.636       |
|    learning_rate        | 0.0003      |
|    loss                 | 2.08        |
|    n_updates            | 30          |
|    policy_gradient_loss | -0.00755    |
|    std                  | 0.971       |
|    value_loss           | 4.24        |
-----------------------------------------
[2026-05-07 04:11:28] HEARTBEAT steps=65552/1000000 percent=  6.56% rate=  2014.5 step/s eta=   7.73 min
----------------------------------------
| rollout/                |            |
|    ep_len_mean          | 194        |
|    ep_rew_mean          | -35.7      |
|    success_rate         | 0          |
| time/                   |            |
|    fps                  | 2250       |
|    iterations           | 5          |
|    time_elapsed         | 36         |
|    total_timesteps      | 81920      |
| train/                  |            |
|    approx_kl            | 0.01369578 |
|    clip_fraction        | 0.163      |
|    clip_range           | 0.2        |
|    entropy_loss         | -4.12      |
|    explained_variance   | 0.71       |
|    learning_rate        | 0.0003     |
|    loss                 | 0.624      |
|    n_updates            | 40         |
|    policy_gradient_loss | -0.0125    |
|    std                  | 0.951      |
|    value_loss           | 2.04       |
----------------------------------------
-----------------------------------------
| rollout/                |             |
|    ep_len_mean          | 196         |
|    ep_rew_mean          | -30.3       |
|    success_rate         | 0           |
| time/                   |             |
|    fps                  | 2228        |
|    iterations           | 6           |
|    time_elapsed         | 44          |
|    total_timesteps      | 98304       |
| train/                  |             |
|    approx_kl            | 0.017775957 |
|    clip_fraction        | 0.223       |
|    clip_range           | 0.2         |
|    entropy_loss         | -4.06       |
|    explained_variance   | 0.723       |
|    learning_rate        | 0.0003      |
|    loss                 | 0.735       |
|    n_updates            | 50          |
|    policy_gradient_loss | -0.0155     |
|    std                  | 0.934       |
|    value_loss           | 1.14        |
-----------------------------------------
-----------------------------------------
| rollout/                |             |
|    ep_len_mean          | 198         |
|    ep_rew_mean          | -26         |
|    success_rate         | 0           |
| time/                   |             |
|    fps                  | 2213        |
|    iterations           | 7           |
|    time_elapsed         | 51          |
|    total_timesteps      | 114688      |
| train/                  |             |
|    approx_kl            | 0.019471932 |
|    clip_fraction        | 0.256       |
|    clip_range           | 0.2         |
|    entropy_loss         | -3.99       |
|    explained_variance   | 0.701       |
|    learning_rate        | 0.0003      |
|    loss                 | 0.122       |
|    n_updates            | 60          |
|    policy_gradient_loss | -0.0223     |
|    std                  | 0.91        |
|    value_loss           | 0.641       |
-----------------------------------------
-----------------------------------------
| rollout/                |             |
|    ep_len_mean          | 198         |
|    ep_rew_mean          | -22.5       |
|    success_rate         | 0           |
| time/                   |             |
|    fps                  | 2202        |
|    iterations           | 8           |
|    time_elapsed         | 59          |
|    total_timesteps      | 131072      |
| train/                  |             |
|    approx_kl            | 0.019157346 |
|    clip_fraction        | 0.246       |
|    clip_range           | 0.2         |
|    entropy_loss         | -3.9        |
|    explained_variance   | 0.593       |
|    learning_rate        | 0.0003      |
|    loss                 | 0.114       |
|    n_updates            | 70          |
|    policy_gradient_loss | -0.0208     |
|    std                  | 0.881       |
|    value_loss           | 0.616       |
-----------------------------------------
[2026-05-07 04:11:58] HEARTBEAT steps=131088/1000000 percent= 13.11% rate=  2063.4 step/s eta=   7.02 min
-----------------------------------------
| rollout/                |             |
|    ep_len_mean          | 200         |
|    ep_rew_mean          | -18.7       |
|    success_rate         | 0           |
| time/                   |             |
|    fps                  | 2195        |
|    iterations           | 9           |
|    time_elapsed         | 67          |
|    total_timesteps      | 147456      |
| train/                  |             |
|    approx_kl            | 0.021162484 |
|    clip_fraction        | 0.263       |
|    clip_range           | 0.2         |
|    entropy_loss         | -3.79       |
|    explained_variance   | 0.675       |
|    learning_rate        | 0.0003      |
|    loss                 | 0.157       |
|    n_updates            | 80          |
|    policy_gradient_loss | -0.0228     |
|    std                  | 0.852       |
|    value_loss           | 0.313       |
-----------------------------------------
-----------------------------------------
| rollout/                |             |
|    ep_len_mean          | 199         |
|    ep_rew_mean          | -14.5       |
|    success_rate         | 0.04        |
| time/                   |             |
|    fps                  | 2189        |
|    iterations           | 10          |
|    time_elapsed         | 74          |
|    total_timesteps      | 163840      |
| train/                  |             |
|    approx_kl            | 0.019463006 |
|    clip_fraction        | 0.25        |
|    clip_range           | 0.2         |
|    entropy_loss         | -3.7        |
|    explained_variance   | 0.777       |
|    learning_rate        | 0.0003      |
|    loss                 | 0.0874      |
|    n_updates            | 90          |
|    policy_gradient_loss | -0.0227     |
|    std                  | 0.826       |
|    value_loss           | 0.34        |
-----------------------------------------
-----------------------------------------
| rollout/                |             |
|    ep_len_mean          | 193         |
|    ep_rew_mean          | -11         |
|    success_rate         | 0.1         |
| time/                   |             |
|    fps                  | 2184        |
|    iterations           | 11          |
|    time_elapsed         | 82          |
|    total_timesteps      | 180224      |
| train/                  |             |
|    approx_kl            | 0.019065462 |
|    clip_fraction        | 0.222       |
|    clip_range           | 0.2         |
|    entropy_loss         | -3.61       |
|    explained_variance   | 0.582       |
|    learning_rate        | 0.0003      |
|    loss                 | 0.144       |
|    n_updates            | 100         |
|    policy_gradient_loss | -0.0144     |
|    std                  | 0.797       |
|    value_loss           | 0.955       |
-----------------------------------------
----------------------------------------
| rollout/                |            |
|    ep_len_mean          | 178        |
|    ep_rew_mean          | -5.65      |
|    success_rate         | 0.27       |
| time/                   |            |
|    fps                  | 2179       |
|    iterations           | 12         |
|    time_elapsed         | 90         |
|    total_timesteps      | 196608     |
| train/                  |            |
|    approx_kl            | 0.01764764 |
|    clip_fraction        | 0.204      |
|    clip_range           | 0.2        |
|    entropy_loss         | -3.55      |
|    explained_variance   | 0.566      |
|    learning_rate        | 0.0003     |
|    loss                 | 1.34       |
|    n_updates            | 110        |
|    policy_gradient_loss | -0.00862   |
|    std                  | 0.786      |
|    value_loss           | 1.8        |
----------------------------------------
[2026-05-07 04:12:29] HEARTBEAT steps=196624/1000000 percent= 19.66% rate=  2084.8 step/s eta=   6.42 min
-----------------------------------------
| rollout/                |             |
|    ep_len_mean          | 163         |
|    ep_rew_mean          | -2.15       |
|    success_rate         | 0.46        |
| time/                   |             |
|    fps                  | 2170        |
|    iterations           | 13          |
|    time_elapsed         | 98          |
|    total_timesteps      | 212992      |
| train/                  |             |
|    approx_kl            | 0.012095841 |
|    clip_fraction        | 0.145       |
|    clip_range           | 0.2         |
|    entropy_loss         | -3.52       |
|    explained_variance   | 0.483       |
|    learning_rate        | 0.0003      |
|    loss                 | 2           |
|    n_updates            | 120         |
|    policy_gradient_loss | -0.00462    |
|    std                  | 0.782       |
|    value_loss           | 4.25        |
-----------------------------------------
-----------------------------------------
| rollout/                |             |
|    ep_len_mean          | 131         |
|    ep_rew_mean          | 7.38        |
|    success_rate         | 0.82        |
| time/                   |             |
|    fps                  | 2168        |
|    iterations           | 14          |
|    time_elapsed         | 105         |
|    total_timesteps      | 229376      |
| train/                  |             |
|    approx_kl            | 0.012772949 |
|    clip_fraction        | 0.138       |
|    clip_range           | 0.2         |
|    entropy_loss         | -3.5        |
|    explained_variance   | 0.49        |
|    learning_rate        | 0.0003      |
|    loss                 | 2.57        |
|    n_updates            | 130         |
|    policy_gradient_loss | -0.00674    |
|    std                  | 0.773       |
|    value_loss           | 7.03        |
-----------------------------------------
-----------------------------------------
| rollout/                |             |
|    ep_len_mean          | 111         |
|    ep_rew_mean          | 9.71        |
|    success_rate         | 0.94        |
| time/                   |             |
|    fps                  | 2165        |
|    iterations           | 15          |
|    time_elapsed         | 113         |
|    total_timesteps      | 245760      |
| train/                  |             |
|    approx_kl            | 0.014437852 |
|    clip_fraction        | 0.15        |
|    clip_range           | 0.2         |
|    entropy_loss         | -3.46       |
|    explained_variance   | 0.467       |
|    learning_rate        | 0.0003      |
|    loss                 | 4.45        |
|    n_updates            | 140         |
|    policy_gradient_loss | -0.0111     |
|    std                  | 0.764       |
|    value_loss           | 10.5        |
-----------------------------------------
[2026-05-07 04:12:54] CHECKPOINT_SAVED local_step=250000 global_step=250000 path=/root/workspace/uav-risk-rl/checkpoints/p1_5_distance_wide/attention_full_distance_penalty_mid_d15_s0_step250000.zip
-----------------------------------------
| rollout/                |             |
|    ep_len_mean          | 94.6        |
|    ep_rew_mean          | 13.7        |
|    success_rate         | 0.99        |
| time/                   |             |
|    fps                  | 2160        |
|    iterations           | 16          |
|    time_elapsed         | 121         |
|    total_timesteps      | 262144      |
| train/                  |             |
|    approx_kl            | 0.016540237 |
|    clip_fraction        | 0.169       |
|    clip_range           | 0.2         |
|    entropy_loss         | -3.42       |
|    explained_variance   | 0.638       |
|    learning_rate        | 0.0003      |
|    loss                 | 3.37        |
|    n_updates            | 150         |
|    policy_gradient_loss | -0.0127     |
|    std                  | 0.751       |
|    value_loss           | 7.93        |
-----------------------------------------
[2026-05-07 04:13:00] HEARTBEAT steps=262160/1000000 percent= 26.22% rate=  2091.7 step/s eta=   5.88 min
-----------------------------------------
| rollout/                |             |
|    ep_len_mean          | 81.2        |
|    ep_rew_mean          | 15          |
|    success_rate         | 0.99        |
| time/                   |             |
|    fps                  | 2158        |
|    iterations           | 17          |
|    time_elapsed         | 129         |
|    total_timesteps      | 278528      |
| train/                  |             |
|    approx_kl            | 0.015270983 |
|    clip_fraction        | 0.183       |
|    clip_range           | 0.2         |
|    entropy_loss         | -3.35       |
|    explained_variance   | 0.695       |
|    learning_rate        | 0.0003      |
|    loss                 | 1.91        |
|    n_updates            | 160         |
|    policy_gradient_loss | -0.0134     |
|    std                  | 0.734       |
|    value_loss           | 4.56        |
-----------------------------------------
-----------------------------------------
| rollout/                |             |
|    ep_len_mean          | 72.6        |
|    ep_rew_mean          | 16.6        |
|    success_rate         | 1           |
| time/                   |             |
|    fps                  | 2157        |
|    iterations           | 18          |
|    time_elapsed         | 136         |
|    total_timesteps      | 294912      |
| train/                  |             |
|    approx_kl            | 0.017940883 |
|    clip_fraction        | 0.215       |
|    clip_range           | 0.2         |
|    entropy_loss         | -3.27       |
|    explained_variance   | 0.751       |
|    learning_rate        | 0.0003      |
|    loss                 | 0.814       |
|    n_updates            | 170         |
|    policy_gradient_loss | -0.0116     |
|    std                  | 0.718       |
|    value_loss           | 2.36        |
-----------------------------------------
----------------------------------------
| rollout/                |            |
|    ep_len_mean          | 68.1       |
|    ep_rew_mean          | 17         |
|    success_rate         | 1          |
| time/                   |            |
|    fps                  | 2156       |
|    iterations           | 19         |
|    time_elapsed         | 144        |
|    total_timesteps      | 311296     |
| train/                  |            |
|    approx_kl            | 0.02112877 |
|    clip_fraction        | 0.222      |
|    clip_range           | 0.2        |
|    entropy_loss         | -3.19      |
|    explained_variance   | 0.713      |
|    learning_rate        | 0.0003     |
|    loss                 | 0.444      |
|    n_updates            | 180        |
|    policy_gradient_loss | -0.0108    |
|    std                  | 0.699      |
|    value_loss           | 1.65       |
----------------------------------------
-----------------------------------------
| rollout/                |             |
|    ep_len_mean          | 64.5        |
|    ep_rew_mean          | 17.4        |
|    success_rate         | 1           |
| time/                   |             |
|    fps                  | 2154        |
|    iterations           | 20          |
|    time_elapsed         | 152         |
|    total_timesteps      | 327680      |
| train/                  |             |
|    approx_kl            | 0.018952925 |
|    clip_fraction        | 0.216       |
|    clip_range           | 0.2         |
|    entropy_loss         | -3.12       |
|    explained_variance   | 0.63        |
|    learning_rate        | 0.0003      |
|    loss                 | 0.431       |
|    n_updates            | 190         |
|    policy_gradient_loss | -0.00978    |
|    std                  | 0.683       |
|    value_loss           | 1.03        |
-----------------------------------------
[2026-05-07 04:13:31] HEARTBEAT steps=327696/1000000 percent= 32.77% rate=  2097.7 step/s eta=   5.34 min
-----------------------------------------
| rollout/                |             |
|    ep_len_mean          | 61.1        |
|    ep_rew_mean          | 17.9        |
|    success_rate         | 1           |
| time/                   |             |
|    fps                  | 2152        |
|    iterations           | 21          |
|    time_elapsed         | 159         |
|    total_timesteps      | 344064      |
| train/                  |             |
|    approx_kl            | 0.017755724 |
|    clip_fraction        | 0.202       |
|    clip_range           | 0.2         |
|    entropy_loss         | -3.04       |
|    explained_variance   | 0.505       |
|    learning_rate        | 0.0003      |
|    loss                 | 0.26        |
|    n_updates            | 200         |
|    policy_gradient_loss | -0.0112     |
|    std                  | 0.665       |
|    value_loss           | 0.664       |
-----------------------------------------
-----------------------------------------
| rollout/                |             |
|    ep_len_mean          | 55          |
|    ep_rew_mean          | 17.7        |
|    success_rate         | 0.97        |
| time/                   |             |
|    fps                  | 2151        |
|    iterations           | 22          |
|    time_elapsed         | 167         |
|    total_timesteps      | 360448      |
| train/                  |             |
|    approx_kl            | 0.018832177 |
|    clip_fraction        | 0.208       |
|    clip_range           | 0.2         |
|    entropy_loss         | -2.96       |
|    explained_variance   | 0.477       |
|    learning_rate        | 0.0003      |
|    loss                 | 0.226       |
|    n_updates            | 210         |
|    policy_gradient_loss | -0.0108     |
|    std                  | 0.646       |
|    value_loss           | 0.802       |
-----------------------------------------
-----------------------------------------
| rollout/                |             |
|    ep_len_mean          | 56.2        |
|    ep_rew_mean          | 18.7        |
|    success_rate         | 0.99        |
| time/                   |             |
|    fps                  | 2147        |
|    iterations           | 23          |
|    time_elapsed         | 175         |
|    total_timesteps      | 376832      |
| train/                  |             |
|    approx_kl            | 0.025103953 |
|    clip_fraction        | 0.234       |
|    clip_range           | 0.2         |
|    entropy_loss         | -2.87       |
|    explained_variance   | 0.255       |
|    learning_rate        | 0.0003      |
|    loss                 | 0.136       |
|    n_updates            | 220         |
|    policy_gradient_loss | -0.00485    |
|    std                  | 0.627       |
|    value_loss           | 1.16        |
-----------------------------------------
-----------------------------------------
| rollout/                |             |
|    ep_len_mean          | 52.9        |
|    ep_rew_mean          | 18.9        |
|    success_rate         | 0.99        |
| time/                   |             |
|    fps                  | 2145        |
|    iterations           | 24          |
|    time_elapsed         | 183         |
|    total_timesteps      | 393216      |
| train/                  |             |
|    approx_kl            | 0.024969999 |
|    clip_fraction        | 0.262       |
|    clip_range           | 0.2         |
|    entropy_loss         | -2.79       |
|    explained_variance   | 0.287       |
|    learning_rate        | 0.0003      |
|    loss                 | 0.135       |
|    n_updates            | 230         |
|    policy_gradient_loss | -0.00713    |
|    std                  | 0.611       |
|    value_loss           | 0.543       |
-----------------------------------------
[2026-05-07 04:14:02] HEARTBEAT steps=393232/1000000 percent= 39.32% rate=  2099.8 step/s eta=   4.82 min
-----------------------------------------
| rollout/                |             |
|    ep_len_mean          | 51.4        |
|    ep_rew_mean          | 19.2        |
|    success_rate         | 0.99        |
| time/                   |             |
|    fps                  | 2145        |
|    iterations           | 25          |
|    time_elapsed         | 190         |
|    total_timesteps      | 409600      |
| train/                  |             |
|    approx_kl            | 0.024056533 |
|    clip_fraction        | 0.256       |
|    clip_range           | 0.2         |
|    entropy_loss         | -2.69       |
|    explained_variance   | 0.473       |
|    learning_rate        | 0.0003      |
|    loss                 | 0.0618      |
|    n_updates            | 240         |
|    policy_gradient_loss | -0.00721    |
|    std                  | 0.591       |
|    value_loss           | 0.37        |
-----------------------------------------
----------------------------------------
| rollout/                |            |
|    ep_len_mean          | 49.8       |
|    ep_rew_mean          | 19.7       |
|    success_rate         | 0.99       |
| time/                   |            |
|    fps                  | 2144       |
|    iterations           | 26         |
|    time_elapsed         | 198        |
|    total_timesteps      | 425984     |
| train/                  |            |
|    approx_kl            | 0.02542687 |
|    clip_fraction        | 0.245      |
|    clip_range           | 0.2        |
|    entropy_loss         | -2.59      |
|    explained_variance   | 0.485      |
|    learning_rate        | 0.0003     |
|    loss                 | 0.0652     |
|    n_updates            | 250        |
|    policy_gradient_loss | -0.00863   |
|    std                  | 0.57       |
|    value_loss           | 0.603      |
----------------------------------------
-----------------------------------------
| rollout/                |             |
|    ep_len_mean          | 48.3        |
|    ep_rew_mean          | 20          |
|    success_rate         | 0.99        |
| time/                   |             |
|    fps                  | 2143        |
|    iterations           | 27          |
|    time_elapsed         | 206         |
|    total_timesteps      | 442368      |
| train/                  |             |
|    approx_kl            | 0.022532064 |
|    clip_fraction        | 0.23        |
|    clip_range           | 0.2         |
|    entropy_loss         | -2.47       |
|    explained_variance   | 0.666       |
|    learning_rate        | 0.0003      |
|    loss                 | 0.0407      |
|    n_updates            | 260         |
|    policy_gradient_loss | -0.0133     |
|    std                  | 0.547       |
|    value_loss           | 0.542       |
-----------------------------------------
----------------------------------------
| rollout/                |            |
|    ep_len_mean          | 47.8       |
|    ep_rew_mean          | 20.5       |
|    success_rate         | 1          |
| time/                   |            |
|    fps                  | 2143       |
|    iterations           | 28         |
|    time_elapsed         | 214        |
|    total_timesteps      | 458752     |
| train/                  |            |
|    approx_kl            | 0.02647837 |
|    clip_fraction        | 0.259      |
|    clip_range           | 0.2        |
|    entropy_loss         | -2.37      |
|    explained_variance   | 0.61       |
|    learning_rate        | 0.0003     |
|    loss                 | 0.0477     |
|    n_updates            | 270        |
|    policy_gradient_loss | -0.00457   |
|    std                  | 0.527      |
|    value_loss           | 0.356      |
----------------------------------------
[2026-05-07 04:14:33] HEARTBEAT steps=458768/1000000 percent= 45.88% rate=  2103.3 step/s eta=   4.29 min
-----------------------------------------
| rollout/                |             |
|    ep_len_mean          | 46.4        |
|    ep_rew_mean          | 20.4        |
|    success_rate         | 1           |
| time/                   |             |
|    fps                  | 2142        |
|    iterations           | 29          |
|    time_elapsed         | 221         |
|    total_timesteps      | 475136      |
| train/                  |             |
|    approx_kl            | 0.026380433 |
|    clip_fraction        | 0.255       |
|    clip_range           | 0.2         |
|    entropy_loss         | -2.26       |
|    explained_variance   | 0.639       |
|    learning_rate        | 0.0003      |
|    loss                 | 0.0233      |
|    n_updates            | 280         |
|    policy_gradient_loss | -0.00688    |
|    std                  | 0.51        |
|    value_loss           | 0.376       |
-----------------------------------------
-----------------------------------------
| rollout/                |             |
|    ep_len_mean          | 45.8        |
|    ep_rew_mean          | 20.8        |
|    success_rate         | 1           |
| time/                   |             |
|    fps                  | 2140        |
|    iterations           | 30          |
|    time_elapsed         | 229         |
|    total_timesteps      | 491520      |
| train/                  |             |
|    approx_kl            | 0.029030412 |
|    clip_fraction        | 0.265       |
|    clip_range           | 0.2         |
|    entropy_loss         | -2.14       |
|    explained_variance   | 0.762       |
|    learning_rate        | 0.0003      |
|    loss                 | 0.0149      |
|    n_updates            | 290         |
|    policy_gradient_loss | -0.0041     |
|    std                  | 0.489       |
|    value_loss           | 0.279       |
-----------------------------------------
[2026-05-07 04:14:51] CHECKPOINT_SAVED local_step=500000 global_step=500000 path=/root/workspace/uav-risk-rl/checkpoints/p1_5_distance_wide/attention_full_distance_penalty_mid_d15_s0_step500000.zip
----------------------------------------
| rollout/                |            |
|    ep_len_mean          | 45.4       |
|    ep_rew_mean          | 21         |
|    success_rate         | 1          |
| time/                   |            |
|    fps                  | 2139       |
|    iterations           | 31         |
|    time_elapsed         | 237        |
|    total_timesteps      | 507904     |
| train/                  |            |
|    approx_kl            | 0.02151373 |
|    clip_fraction        | 0.232      |
|    clip_range           | 0.2        |
|    entropy_loss         | -2.01      |
|    explained_variance   | 0.945      |
|    learning_rate        | 0.0003     |
|    loss                 | -0.0206    |
|    n_updates            | 300        |
|    policy_gradient_loss | -0.0128    |
|    std                  | 0.469      |
|    value_loss           | 0.0724     |
----------------------------------------
-----------------------------------------
| rollout/                |             |
|    ep_len_mean          | 44.2        |
|    ep_rew_mean          | 21.2        |
|    success_rate         | 1           |
| time/                   |             |
|    fps                  | 2138        |
|    iterations           | 32          |
|    time_elapsed         | 245         |
|    total_timesteps      | 524288      |
| train/                  |             |
|    approx_kl            | 0.023551507 |
|    clip_fraction        | 0.234       |
|    clip_range           | 0.2         |
|    entropy_loss         | -1.87       |
|    explained_variance   | 0.967       |
|    learning_rate        | 0.0003      |
|    loss                 | -0.0108     |
|    n_updates            | 310         |
|    policy_gradient_loss | -0.0167     |
|    std                  | 0.447       |
|    value_loss           | 0.0606      |
-----------------------------------------
[2026-05-07 04:15:04] HEARTBEAT steps=524304/1000000 percent= 52.43% rate=  2103.6 step/s eta=   3.77 min
----------------------------------------
| rollout/                |            |
|    ep_len_mean          | 43.4       |
|    ep_rew_mean          | 21.1       |
|    success_rate         | 1          |
| time/                   |            |
|    fps                  | 2137       |
|    iterations           | 33         |
|    time_elapsed         | 252        |
|    total_timesteps      | 540672     |
| train/                  |            |
|    approx_kl            | 0.03244988 |
|    clip_fraction        | 0.277      |
|    clip_range           | 0.2        |
|    entropy_loss         | -1.75      |
|    explained_variance   | 0.827      |
|    learning_rate        | 0.0003     |
|    loss                 | -0.00512   |
|    n_updates            | 320        |
|    policy_gradient_loss | -0.00636   |
|    std                  | 0.428      |
|    value_loss           | 0.179      |
----------------------------------------
-----------------------------------------
| rollout/                |             |
|    ep_len_mean          | 42.1        |
|    ep_rew_mean          | 21.1        |
|    success_rate         | 1           |
| time/                   |             |
|    fps                  | 2137        |
|    iterations           | 34          |
|    time_elapsed         | 260         |
|    total_timesteps      | 557056      |
| train/                  |             |
|    approx_kl            | 0.033128247 |
|    clip_fraction        | 0.288       |
|    clip_range           | 0.2         |
|    entropy_loss         | -1.67       |
|    explained_variance   | 0.734       |
|    learning_rate        | 0.0003      |
|    loss                 | 0.106       |
|    n_updates            | 330         |
|    policy_gradient_loss | 0.00115     |
|    std                  | 0.418       |
|    value_loss           | 0.662       |
-----------------------------------------
----------------------------------------
| rollout/                |            |
|    ep_len_mean          | 42         |
|    ep_rew_mean          | 21.1       |
|    success_rate         | 1          |
| time/                   |            |
|    fps                  | 2136       |
|    iterations           | 35         |
|    time_elapsed         | 268        |
|    total_timesteps      | 573440     |
| train/                  |            |
|    approx_kl            | 0.03117247 |
|    clip_fraction        | 0.285      |
|    clip_range           | 0.2        |
|    entropy_loss         | -1.58      |
|    explained_variance   | 0.794      |
|    learning_rate        | 0.0003     |
|    loss                 | 0.0243     |
|    n_updates            | 340        |
|    policy_gradient_loss | -0.000269  |
|    std                  | 0.406      |
|    value_loss           | 0.374      |
----------------------------------------
----------------------------------------
| rollout/                |            |
|    ep_len_mean          | 42         |
|    ep_rew_mean          | 21.3       |
|    success_rate         | 1          |
| time/                   |            |
|    fps                  | 2135       |
|    iterations           | 36         |
|    time_elapsed         | 276        |
|    total_timesteps      | 589824     |
| train/                  |            |
|    approx_kl            | 0.02122232 |
|    clip_fraction        | 0.241      |
|    clip_range           | 0.2        |
|    entropy_loss         | -1.48      |
|    explained_variance   | 0.947      |
|    learning_rate        | 0.0003     |
|    loss                 | -0.000805  |
|    n_updates            | 350        |
|    policy_gradient_loss | -0.00616   |
|    std                  | 0.394      |
|    value_loss           | 0.12       |
----------------------------------------
[2026-05-07 04:15:35] HEARTBEAT steps=589840/1000000 percent= 58.98% rate=  2103.9 step/s eta=   3.25 min
-----------------------------------------
| rollout/                |             |
|    ep_len_mean          | 41.1        |
|    ep_rew_mean          | 21.2        |
|    success_rate         | 1           |
| time/                   |             |
|    fps                  | 2134        |
|    iterations           | 37          |
|    time_elapsed         | 284         |
|    total_timesteps      | 606208      |
| train/                  |             |
|    approx_kl            | 0.027975066 |
|    clip_fraction        | 0.256       |
|    clip_range           | 0.2         |
|    entropy_loss         | -1.4        |
|    explained_variance   | 0.913       |
|    learning_rate        | 0.0003      |
|    loss                 | 0.0292      |
|    n_updates            | 360         |
|    policy_gradient_loss | -0.00576    |
|    std                  | 0.382       |
|    value_loss           | 0.181       |
-----------------------------------------
-----------------------------------------
| rollout/                |             |
|    ep_len_mean          | 40.8        |
|    ep_rew_mean          | 21.5        |
|    success_rate         | 1           |
| time/                   |             |
|    fps                  | 2133        |
|    iterations           | 38          |
|    time_elapsed         | 291         |
|    total_timesteps      | 622592      |
| train/                  |             |
|    approx_kl            | 0.021880582 |
|    clip_fraction        | 0.25        |
|    clip_range           | 0.2         |
|    entropy_loss         | -1.32       |
|    explained_variance   | 0.957       |
|    learning_rate        | 0.0003      |
|    loss                 | 0.0161      |
|    n_updates            | 370         |
|    policy_gradient_loss | -0.00707    |
|    std                  | 0.373       |
|    value_loss           | 0.0907      |
-----------------------------------------
-----------------------------------------
| rollout/                |             |
|    ep_len_mean          | 40.7        |
|    ep_rew_mean          | 21.5        |
|    success_rate         | 1           |
| time/                   |             |
|    fps                  | 2133        |
|    iterations           | 39          |
|    time_elapsed         | 299         |
|    total_timesteps      | 638976      |
| train/                  |             |
|    approx_kl            | 0.029395804 |
|    clip_fraction        | 0.275       |
|    clip_range           | 0.2         |
|    entropy_loss         | -1.24       |
|    explained_variance   | 0.837       |
|    learning_rate        | 0.0003      |
|    loss                 | 0.0336      |
|    n_updates            | 380         |
|    policy_gradient_loss | -0.00375    |
|    std                  | 0.362       |
|    value_loss           | 0.431       |
-----------------------------------------
-----------------------------------------
| rollout/                |             |
|    ep_len_mean          | 40.6        |
|    ep_rew_mean          | 21.5        |
|    success_rate         | 1           |
| time/                   |             |
|    fps                  | 2132        |
|    iterations           | 40          |
|    time_elapsed         | 307         |
|    total_timesteps      | 655360      |
| train/                  |             |
|    approx_kl            | 0.025982779 |
|    clip_fraction        | 0.243       |
|    clip_range           | 0.2         |
|    entropy_loss         | -1.15       |
|    explained_variance   | 0.844       |
|    learning_rate        | 0.0003      |
|    loss                 | 0.137       |
|    n_updates            | 390         |
|    policy_gradient_loss | -0.00225    |
|    std                  | 0.352       |
|    value_loss           | 0.205       |
-----------------------------------------
[2026-05-07 04:16:06] HEARTBEAT steps=655376/1000000 percent= 65.54% rate=  2104.5 step/s eta=   2.73 min
-----------------------------------------
| rollout/                |             |
|    ep_len_mean          | 39.5        |
|    ep_rew_mean          | 21.4        |
|    success_rate         | 1           |
| time/                   |             |
|    fps                  | 2131        |
|    iterations           | 41          |
|    time_elapsed         | 315         |
|    total_timesteps      | 671744      |
| train/                  |             |
|    approx_kl            | 0.022497937 |
|    clip_fraction        | 0.25        |
|    clip_range           | 0.2         |
|    entropy_loss         | -1.06       |
|    explained_variance   | 0.953       |
|    learning_rate        | 0.0003      |
|    loss                 | 0.017       |
|    n_updates            | 400         |
|    policy_gradient_loss | -0.00811    |
|    std                  | 0.342       |
|    value_loss           | 0.0793      |
-----------------------------------------
-----------------------------------------
| rollout/                |             |
|    ep_len_mean          | 39.7        |
|    ep_rew_mean          | 21.3        |
|    success_rate         | 1           |
| time/                   |             |
|    fps                  | 2130        |
|    iterations           | 42          |
|    time_elapsed         | 323         |
|    total_timesteps      | 688128      |
| train/                  |             |
|    approx_kl            | 0.020430135 |
|    clip_fraction        | 0.246       |
|    clip_range           | 0.2         |
|    entropy_loss         | -0.975      |
|    explained_variance   | 0.971       |
|    learning_rate        | 0.0003      |
|    loss                 | 0.0198      |
|    n_updates            | 410         |
|    policy_gradient_loss | -0.00595    |
|    std                  | 0.333       |
|    value_loss           | 0.068       |
-----------------------------------------
-----------------------------------------
| rollout/                |             |
|    ep_len_mean          | 39.1        |
|    ep_rew_mean          | 21.5        |
|    success_rate         | 1           |
| time/                   |             |
|    fps                  | 2129        |
|    iterations           | 43          |
|    time_elapsed         | 330         |
|    total_timesteps      | 704512      |
| train/                  |             |
|    approx_kl            | 0.024228817 |
|    clip_fraction        | 0.267       |
|    clip_range           | 0.2         |
|    entropy_loss         | -0.896      |
|    explained_variance   | 0.952       |
|    learning_rate        | 0.0003      |
|    loss                 | 0.00599     |
|    n_updates            | 420         |
|    policy_gradient_loss | -0.00467    |
|    std                  | 0.324       |
|    value_loss           | 0.0847      |
-----------------------------------------
-----------------------------------------
| rollout/                |             |
|    ep_len_mean          | 39          |
|    ep_rew_mean          | 21.3        |
|    success_rate         | 0.99        |
| time/                   |             |
|    fps                  | 2128        |
|    iterations           | 44          |
|    time_elapsed         | 338         |
|    total_timesteps      | 720896      |
| train/                  |             |
|    approx_kl            | 0.023416312 |
|    clip_fraction        | 0.235       |
|    clip_range           | 0.2         |
|    entropy_loss         | -0.801      |
|    explained_variance   | 0.979       |
|    learning_rate        | 0.0003      |
|    loss                 | 0.0021      |
|    n_updates            | 430         |
|    policy_gradient_loss | -0.00675    |
|    std                  | 0.314       |
|    value_loss           | 0.0599      |
-----------------------------------------
[2026-05-07 04:16:38] HEARTBEAT steps=720912/1000000 percent= 72.09% rate=  2102.9 step/s eta=   2.21 min
-----------------------------------------
| rollout/                |             |
|    ep_len_mean          | 38.5        |
|    ep_rew_mean          | 21.5        |
|    success_rate         | 1           |
| time/                   |             |
|    fps                  | 2127        |
|    iterations           | 45          |
|    time_elapsed         | 346         |
|    total_timesteps      | 737280      |
| train/                  |             |
|    approx_kl            | 0.039735395 |
|    clip_fraction        | 0.302       |
|    clip_range           | 0.2         |
|    entropy_loss         | -0.716      |
|    explained_variance   | 0.863       |
|    learning_rate        | 0.0003      |
|    loss                 | -0.00529    |
|    n_updates            | 440         |
|    policy_gradient_loss | 0.00207     |
|    std                  | 0.306       |
|    value_loss           | 0.173       |
-----------------------------------------
[2026-05-07 04:16:48] CHECKPOINT_SAVED local_step=750000 global_step=750000 path=/root/workspace/uav-risk-rl/checkpoints/p1_5_distance_wide/attention_full_distance_penalty_mid_d15_s0_step750000.zip
-----------------------------------------
| rollout/                |             |
|    ep_len_mean          | 39          |
|    ep_rew_mean          | 21.8        |
|    success_rate         | 1           |
| time/                   |             |
|    fps                  | 2126        |
|    iterations           | 46          |
|    time_elapsed         | 354         |
|    total_timesteps      | 753664      |
| train/                  |             |
|    approx_kl            | 0.030456908 |
|    clip_fraction        | 0.296       |
|    clip_range           | 0.2         |
|    entropy_loss         | -0.68       |
|    explained_variance   | 0.821       |
|    learning_rate        | 0.0003      |
|    loss                 | 0.0397      |
|    n_updates            | 450         |
|    policy_gradient_loss | 0.00222     |
|    std                  | 0.305       |
|    value_loss           | 0.277       |
-----------------------------------------
----------------------------------------
| rollout/                |            |
|    ep_len_mean          | 39.2       |
|    ep_rew_mean          | 21.8       |
|    success_rate         | 1          |
| time/                   |            |
|    fps                  | 2126       |
|    iterations           | 47         |
|    time_elapsed         | 362        |
|    total_timesteps      | 770048     |
| train/                  |            |
|    approx_kl            | 0.04271845 |
|    clip_fraction        | 0.33       |
|    clip_range           | 0.2        |
|    entropy_loss         | -0.667     |
|    explained_variance   | 0.708      |
|    learning_rate        | 0.0003     |
|    loss                 | 0.102      |
|    n_updates            | 460        |
|    policy_gradient_loss | 0.00468    |
|    std                  | 0.303      |
|    value_loss           | 0.651      |
----------------------------------------
----------------------------------------
| rollout/                |            |
|    ep_len_mean          | 39.5       |
|    ep_rew_mean          | 21.7       |
|    success_rate         | 1          |
| time/                   |            |
|    fps                  | 2125       |
|    iterations           | 48         |
|    time_elapsed         | 369        |
|    total_timesteps      | 786432     |
| train/                  |            |
|    approx_kl            | 0.03623137 |
|    clip_fraction        | 0.315      |
|    clip_range           | 0.2        |
|    entropy_loss         | -0.63      |
|    explained_variance   | 0.795      |
|    learning_rate        | 0.0003     |
|    loss                 | 0.0594     |
|    n_updates            | 470        |
|    policy_gradient_loss | 0.000187   |
|    std                  | 0.299      |
|    value_loss           | 0.266      |
----------------------------------------
[2026-05-07 04:17:09] HEARTBEAT steps=786448/1000000 percent= 78.64% rate=  2102.3 step/s eta=   1.69 min
-----------------------------------------
| rollout/                |             |
|    ep_len_mean          | 39.6        |
|    ep_rew_mean          | 21.9        |
|    success_rate         | 1           |
| time/                   |             |
|    fps                  | 2125        |
|    iterations           | 49          |
|    time_elapsed         | 377         |
|    total_timesteps      | 802816      |
| train/                  |             |
|    approx_kl            | 0.025154667 |
|    clip_fraction        | 0.298       |
|    clip_range           | 0.2         |
|    entropy_loss         | -0.579      |
|    explained_variance   | 0.924       |
|    learning_rate        | 0.0003      |
|    loss                 | 0.0143      |
|    n_updates            | 480         |
|    policy_gradient_loss | -0.00233    |
|    std                  | 0.294       |
|    value_loss           | 0.132       |
-----------------------------------------
----------------------------------------
| rollout/                |            |
|    ep_len_mean          | 38.3       |
|    ep_rew_mean          | 21.7       |
|    success_rate         | 1          |
| time/                   |            |
|    fps                  | 2125       |
|    iterations           | 50         |
|    time_elapsed         | 385        |
|    total_timesteps      | 819200     |
| train/                  |            |
|    approx_kl            | 0.03019454 |
|    clip_fraction        | 0.282      |
|    clip_range           | 0.2        |
|    entropy_loss         | -0.531     |
|    explained_variance   | 0.888      |
|    learning_rate        | 0.0003     |
|    loss                 | 0.0204     |
|    n_updates            | 490        |
|    policy_gradient_loss | -0.00164   |
|    std                  | 0.291      |
|    value_loss           | 0.248      |
----------------------------------------
-----------------------------------------
| rollout/                |             |
|    ep_len_mean          | 38.5        |
|    ep_rew_mean          | 21.8        |
|    success_rate         | 1           |
| time/                   |             |
|    fps                  | 2125        |
|    iterations           | 51          |
|    time_elapsed         | 393         |
|    total_timesteps      | 835584      |
| train/                  |             |
|    approx_kl            | 0.025993008 |
|    clip_fraction        | 0.256       |
|    clip_range           | 0.2         |
|    entropy_loss         | -0.461      |
|    explained_variance   | 0.972       |
|    learning_rate        | 0.0003      |
|    loss                 | 0.0045      |
|    n_updates            | 500         |
|    policy_gradient_loss | -0.00399    |
|    std                  | 0.284       |
|    value_loss           | 0.0325      |
-----------------------------------------
-----------------------------------------
| rollout/                |             |
|    ep_len_mean          | 38.6        |
|    ep_rew_mean          | 21.9        |
|    success_rate         | 1           |
| time/                   |             |
|    fps                  | 2124        |
|    iterations           | 52          |
|    time_elapsed         | 401         |
|    total_timesteps      | 851968      |
| train/                  |             |
|    approx_kl            | 0.028781062 |
|    clip_fraction        | 0.296       |
|    clip_range           | 0.2         |
|    entropy_loss         | -0.399      |
|    explained_variance   | 0.94        |
|    learning_rate        | 0.0003      |
|    loss                 | 0.0167      |
|    n_updates            | 510         |
|    policy_gradient_loss | -0.000884   |
|    std                  | 0.279       |
|    value_loss           | 0.0751      |
-----------------------------------------
[2026-05-07 04:17:40] HEARTBEAT steps=851984/1000000 percent= 85.20% rate=  2103.2 step/s eta=   1.17 min
-----------------------------------------
| rollout/                |             |
|    ep_len_mean          | 38.4        |
|    ep_rew_mean          | 22          |
|    success_rate         | 1           |
| time/                   |             |
|    fps                  | 2124        |
|    iterations           | 53          |
|    time_elapsed         | 408         |
|    total_timesteps      | 868352      |
| train/                  |             |
|    approx_kl            | 0.044624656 |
|    clip_fraction        | 0.337       |
|    clip_range           | 0.2         |
|    entropy_loss         | -0.362      |
|    explained_variance   | 0.851       |
|    learning_rate        | 0.0003      |
|    loss                 | 0.0054      |
|    n_updates            | 520         |
|    policy_gradient_loss | 0.00249     |
|    std                  | 0.278       |
|    value_loss           | 0.251       |
-----------------------------------------
-----------------------------------------
| rollout/                |             |
|    ep_len_mean          | 38.3        |
|    ep_rew_mean          | 21.4        |
|    success_rate         | 0.99        |
| time/                   |             |
|    fps                  | 2123        |
|    iterations           | 54          |
|    time_elapsed         | 416         |
|    total_timesteps      | 884736      |
| train/                  |             |
|    approx_kl            | 0.024614993 |
|    clip_fraction        | 0.26        |
|    clip_range           | 0.2         |
|    entropy_loss         | -0.314      |
|    explained_variance   | 0.97        |
|    learning_rate        | 0.0003      |
|    loss                 | 0.0233      |
|    n_updates            | 530         |
|    policy_gradient_loss | -0.00348    |
|    std                  | 0.272       |
|    value_loss           | 0.0554      |
-----------------------------------------
-----------------------------------------
| rollout/                |             |
|    ep_len_mean          | 37.9        |
|    ep_rew_mean          | 21.8        |
|    success_rate         | 1           |
| time/                   |             |
|    fps                  | 2123        |
|    iterations           | 55          |
|    time_elapsed         | 424         |
|    total_timesteps      | 901120      |
| train/                  |             |
|    approx_kl            | 0.037949115 |
|    clip_fraction        | 0.32        |
|    clip_range           | 0.2         |
|    entropy_loss         | -0.282      |
|    explained_variance   | 0.885       |
|    learning_rate        | 0.0003      |
|    loss                 | -0.00554    |
|    n_updates            | 540         |
|    policy_gradient_loss | 0.00456     |
|    std                  | 0.271       |
|    value_loss           | 0.209       |
-----------------------------------------
-----------------------------------------
| rollout/                |             |
|    ep_len_mean          | 37.7        |
|    ep_rew_mean          | 21.9        |
|    success_rate         | 1           |
| time/                   |             |
|    fps                  | 2122        |
|    iterations           | 56          |
|    time_elapsed         | 432         |
|    total_timesteps      | 917504      |
| train/                  |             |
|    approx_kl            | 0.032598916 |
|    clip_fraction        | 0.299       |
|    clip_range           | 0.2         |
|    entropy_loss         | -0.242      |
|    explained_variance   | 0.962       |
|    learning_rate        | 0.0003      |
|    loss                 | -0.00047    |
|    n_updates            | 550         |
|    policy_gradient_loss | -0.00154    |
|    std                  | 0.266       |
|    value_loss           | 0.0803      |
-----------------------------------------
[2026-05-07 04:18:11] HEARTBEAT steps=917520/1000000 percent= 91.75% rate=  2103.3 step/s eta=   0.65 min
-----------------------------------------
| rollout/                |             |
|    ep_len_mean          | 38.1        |
|    ep_rew_mean          | 21.9        |
|    success_rate         | 1           |
| time/                   |             |
|    fps                  | 2122        |
|    iterations           | 57          |
|    time_elapsed         | 440         |
|    total_timesteps      | 933888      |
| train/                  |             |
|    approx_kl            | 0.039905537 |
|    clip_fraction        | 0.342       |
|    clip_range           | 0.2         |
|    entropy_loss         | -0.206      |
|    explained_variance   | 0.924       |
|    learning_rate        | 0.0003      |
|    loss                 | 0.0639      |
|    n_updates            | 560         |
|    policy_gradient_loss | 0.000871    |
|    std                  | 0.264       |
|    value_loss           | 0.128       |
-----------------------------------------
----------------------------------------
| rollout/                |            |
|    ep_len_mean          | 38         |
|    ep_rew_mean          | 21.9       |
|    success_rate         | 1          |
| time/                   |            |
|    fps                  | 2121       |
|    iterations           | 58         |
|    time_elapsed         | 447        |
|    total_timesteps      | 950272     |
| train/                  |            |
|    approx_kl            | 0.03070728 |
|    clip_fraction        | 0.292      |
|    clip_range           | 0.2        |
|    entropy_loss         | -0.154     |
|    explained_variance   | 0.975      |
|    learning_rate        | 0.0003     |
|    loss                 | 0.0372     |
|    n_updates            | 570        |
|    policy_gradient_loss | -0.00409   |
|    std                  | 0.26       |
|    value_loss           | 0.047      |
----------------------------------------
-----------------------------------------
| rollout/                |             |
|    ep_len_mean          | 38          |
|    ep_rew_mean          | 22          |
|    success_rate         | 1           |
| time/                   |             |
|    fps                  | 2120        |
|    iterations           | 59          |
|    time_elapsed         | 455         |
|    total_timesteps      | 966656      |
| train/                  |             |
|    approx_kl            | 0.026449604 |
|    clip_fraction        | 0.283       |
|    clip_range           | 0.2         |
|    entropy_loss         | -0.0955     |
|    explained_variance   | 0.981       |
|    learning_rate        | 0.0003      |
|    loss                 | 0.00153     |
|    n_updates            | 580         |
|    policy_gradient_loss | -0.00635    |
|    std                  | 0.256       |
|    value_loss           | 0.0436      |
-----------------------------------------
-----------------------------------------
| rollout/                |             |
|    ep_len_mean          | 37.4        |
|    ep_rew_mean          | 21.9        |
|    success_rate         | 1           |
| time/                   |             |
|    fps                  | 2121        |
|    iterations           | 60          |
|    time_elapsed         | 463         |
|    total_timesteps      | 983040      |
| train/                  |             |
|    approx_kl            | 0.024318961 |
|    clip_fraction        | 0.273       |
|    clip_range           | 0.2         |
|    entropy_loss         | -0.0267     |
|    explained_variance   | 0.986       |
|    learning_rate        | 0.0003      |
|    loss                 | -0.00304    |
|    n_updates            | 590         |
|    policy_gradient_loss | -0.00587    |
|    std                  | 0.251       |
|    value_loss           | 0.0378      |
-----------------------------------------
[2026-05-07 04:18:42] HEARTBEAT steps=983056/1000000 percent= 98.31% rate=  2102.9 step/s eta=   0.13 min
----------------------------------------
| rollout/                |            |
|    ep_len_mean          | 37.2       |
|    ep_rew_mean          | 21.9       |
|    success_rate         | 1          |
| time/                   |            |
|    fps                  | 2121       |
|    iterations           | 61         |
|    time_elapsed         | 471        |
|    total_timesteps      | 999424     |
| train/                  |            |
|    approx_kl            | 0.03040798 |
|    clip_fraction        | 0.294      |
|    clip_range           | 0.2        |
|    entropy_loss         | 0.0408     |
|    explained_variance   | 0.987      |
|    learning_rate        | 0.0003     |
|    loss                 | 0.0229     |
|    n_updates            | 600        |
|    policy_gradient_loss | -0.00307   |
|    std                  | 0.246      |
|    value_loss           | 0.0445     |
----------------------------------------
[2026-05-07 04:18:50] CHECKPOINT_SAVED local_step=1000000 global_step=1000000 path=/root/workspace/uav-risk-rl/checkpoints/p1_5_distance_wide/attention_full_distance_penalty_mid_d15_s0_step1000000.zip
-----------------------------------------
| rollout/                |             |
|    ep_len_mean          | 37.6        |
|    ep_rew_mean          | 22          |
|    success_rate         | 1           |
| time/                   |             |
|    fps                  | 2120        |
|    iterations           | 62          |
|    time_elapsed         | 478         |
|    total_timesteps      | 1015808     |
| train/                  |             |
|    approx_kl            | 0.045221433 |
|    clip_fraction        | 0.318       |
|    clip_range           | 0.2         |
|    entropy_loss         | 0.0708      |
|    explained_variance   | 0.889       |
|    learning_rate        | 0.0003      |
|    loss                 | 0.0356      |
|    n_updates            | 610         |
|    policy_gradient_loss | 0.00272     |
|    std                  | 0.245       |
|    value_loss           | 0.116       |
-----------------------------------------
[2026-05-07 04:18:58] TRAIN_END elapsed=8.05 min local_steps=1015808 model_num_timesteps=1015808
[2026-05-07 04:18:58] SAVED model=/root/workspace/uav-risk-rl/checkpoints/p1_5_distance_wide/attention_full_distance_penalty_mid_d15_s0_step1000000.zip approx_updates=62
