[2026-05-08 09:19:04] CONFIG agg=attention seed=0 total_steps=750000 n_envs=16 device=cpu scenario=train_mixed_modes_v2 use_rbar=False rbar_floor=0.0 hidden_dim=64 r_gate=5.0 lambda_ewma=0.1 sigma_min=0.05 run_name=wide_d2_beta10 method=attention_full_distance_penalty_wide_d2_beta10 resume_from=none resume_global_step=0 use_safety_cost=True cost_type=distance_warning fallback_penalty=True beta_cost=10.0 use_risk_bias=False lambda_bias=0.2
FALLBACK: cost-penalty, not PPO-Lagrangian.
Using cpu device
Logging to /root/workspace/uav-risk-rl/runs/pre_ppo_priority/p0_5_beta_sweep/wide_d2_beta10_s0/PPO_1
[2026-05-08 09:19:06] TRAIN_START total_steps=750000 start_num_timesteps=0
---------------------------------
| rollout/           |          |
|    ep_len_mean     | 144      |
|    ep_rew_mean     | -126     |
|    success_rate    | 0        |
| time/              |          |
|    fps             | 2899     |
|    iterations      | 1        |
|    time_elapsed    | 5        |
|    total_timesteps | 16384    |
---------------------------------
-----------------------------------------
| rollout/                |             |
|    ep_len_mean          | 148         |
|    ep_rew_mean          | -108        |
|    success_rate         | 0           |
| time/                   |             |
|    fps                  | 1943        |
|    iterations           | 2           |
|    time_elapsed         | 16          |
|    total_timesteps      | 32768       |
| train/                  |             |
|    approx_kl            | 0.005128358 |
|    clip_fraction        | 0.0439      |
|    clip_range           | 0.2         |
|    entropy_loss         | -4.24       |
|    explained_variance   | -0.00192    |
|    learning_rate        | 0.0003      |
|    loss                 | 154         |
|    n_updates            | 10          |
|    policy_gradient_loss | -0.00357    |
|    std                  | 0.991       |
|    value_loss           | 354         |
-----------------------------------------
-----------------------------------------
| rollout/                |             |
|    ep_len_mean          | 172         |
|    ep_rew_mean          | -96.6       |
|    success_rate         | 0           |
| time/                   |             |
|    fps                  | 1848        |
|    iterations           | 3           |
|    time_elapsed         | 26          |
|    total_timesteps      | 49152       |
| train/                  |             |
|    approx_kl            | 0.006265802 |
|    clip_fraction        | 0.0665      |
|    clip_range           | 0.2         |
|    entropy_loss         | -4.25       |
|    explained_variance   | 0.469       |
|    learning_rate        | 0.0003      |
|    loss                 | 107         |
|    n_updates            | 20          |
|    policy_gradient_loss | -0.00505    |
|    std                  | 0.999       |
|    value_loss           | 196         |
-----------------------------------------
[2026-05-08 09:19:37] HEARTBEAT steps=49168/750000 percent=  6.56% rate=  1573.2 step/s eta=   7.42 min
-----------------------------------------
| rollout/                |             |
|    ep_len_mean          | 169         |
|    ep_rew_mean          | -79.9       |
|    success_rate         | 0           |
| time/                   |             |
|    fps                  | 1800        |
|    iterations           | 4           |
|    time_elapsed         | 36          |
|    total_timesteps      | 65536       |
| train/                  |             |
|    approx_kl            | 0.009975028 |
|    clip_fraction        | 0.111       |
|    clip_range           | 0.2         |
|    entropy_loss         | -4.25       |
|    explained_variance   | 0.571       |
|    learning_rate        | 0.0003      |
|    loss                 | 79.5        |
|    n_updates            | 30          |
|    policy_gradient_loss | -0.00617    |
|    std                  | 1           |
|    value_loss           | 158         |
-----------------------------------------
-----------------------------------------
| rollout/                |             |
|    ep_len_mean          | 173         |
|    ep_rew_mean          | -74.8       |
|    success_rate         | 0           |
| time/                   |             |
|    fps                  | 1787        |
|    iterations           | 5           |
|    time_elapsed         | 45          |
|    total_timesteps      | 81920       |
| train/                  |             |
|    approx_kl            | 0.010466581 |
|    clip_fraction        | 0.12        |
|    clip_range           | 0.2         |
|    entropy_loss         | -4.25       |
|    explained_variance   | 0.598       |
|    learning_rate        | 0.0003      |
|    loss                 | 122         |
|    n_updates            | 40          |
|    policy_gradient_loss | -0.00535    |
|    std                  | 0.999       |
|    value_loss           | 123         |
-----------------------------------------
-----------------------------------------
| rollout/                |             |
|    ep_len_mean          | 192         |
|    ep_rew_mean          | -59         |
|    success_rate         | 0           |
| time/                   |             |
|    fps                  | 1760        |
|    iterations           | 6           |
|    time_elapsed         | 55          |
|    total_timesteps      | 98304       |
| train/                  |             |
|    approx_kl            | 0.011188338 |
|    clip_fraction        | 0.132       |
|    clip_range           | 0.2         |
|    entropy_loss         | -4.25       |
|    explained_variance   | 0.687       |
|    learning_rate        | 0.0003      |
|    loss                 | 13          |
|    n_updates            | 50          |
|    policy_gradient_loss | -0.00688    |
|    std                  | 0.996       |
|    value_loss           | 48          |
-----------------------------------------
[2026-05-08 09:20:07] HEARTBEAT steps=99968/750000 percent= 13.33% rate=  1631.9 step/s eta=   6.64 min
-----------------------------------------
| rollout/                |             |
|    ep_len_mean          | 195         |
|    ep_rew_mean          | -47.2       |
|    success_rate         | 0           |
| time/                   |             |
|    fps                  | 1746        |
|    iterations           | 7           |
|    time_elapsed         | 65          |
|    total_timesteps      | 114688      |
| train/                  |             |
|    approx_kl            | 0.014192457 |
|    clip_fraction        | 0.152       |
|    clip_range           | 0.2         |
|    entropy_loss         | -4.24       |
|    explained_variance   | 0.594       |
|    learning_rate        | 0.0003      |
|    loss                 | 10.5        |
|    n_updates            | 60          |
|    policy_gradient_loss | -0.00604    |
|    std                  | 0.99        |
|    value_loss           | 31.9        |
-----------------------------------------
-----------------------------------------
| rollout/                |             |
|    ep_len_mean          | 199         |
|    ep_rew_mean          | -44         |
|    success_rate         | 0           |
| time/                   |             |
|    fps                  | 1743        |
|    iterations           | 8           |
|    time_elapsed         | 75          |
|    total_timesteps      | 131072      |
| train/                  |             |
|    approx_kl            | 0.017937064 |
|    clip_fraction        | 0.195       |
|    clip_range           | 0.2         |
|    entropy_loss         | -4.2        |
|    explained_variance   | 0.452       |
|    learning_rate        | 0.0003      |
|    loss                 | 5.08        |
|    n_updates            | 70          |
|    policy_gradient_loss | -0.00511    |
|    std                  | 0.977       |
|    value_loss           | 12.2        |
-----------------------------------------
-----------------------------------------
| rollout/                |             |
|    ep_len_mean          | 197         |
|    ep_rew_mean          | -35.5       |
|    success_rate         | 0           |
| time/                   |             |
|    fps                  | 1737        |
|    iterations           | 9           |
|    time_elapsed         | 84          |
|    total_timesteps      | 147456      |
| train/                  |             |
|    approx_kl            | 0.016090397 |
|    clip_fraction        | 0.191       |
|    clip_range           | 0.2         |
|    entropy_loss         | -4.16       |
|    explained_variance   | 0.308       |
|    learning_rate        | 0.0003      |
|    loss                 | 3.92        |
|    n_updates            | 80          |
|    policy_gradient_loss | -0.00711    |
|    std                  | 0.964       |
|    value_loss           | 14.5        |
-----------------------------------------
[2026-05-08 09:20:37] HEARTBEAT steps=153360/750000 percent= 20.45% rate=  1680.4 step/s eta=   5.92 min
-----------------------------------------
| rollout/                |             |
|    ep_len_mean          | 190         |
|    ep_rew_mean          | -35.6       |
|    success_rate         | 0.07        |
| time/                   |             |
|    fps                  | 1734        |
|    iterations           | 10          |
|    time_elapsed         | 94          |
|    total_timesteps      | 163840      |
| train/                  |             |
|    approx_kl            | 0.019649826 |
|    clip_fraction        | 0.226       |
|    clip_range           | 0.2         |
|    entropy_loss         | -4.12       |
|    explained_variance   | 0.35        |
|    learning_rate        | 0.0003      |
|    loss                 | 7.79        |
|    n_updates            | 90          |
|    policy_gradient_loss | -0.00543    |
|    std                  | 0.957       |
|    value_loss           | 12.1        |
-----------------------------------------
-----------------------------------------
| rollout/                |             |
|    ep_len_mean          | 189         |
|    ep_rew_mean          | -25.1       |
|    success_rate         | 0.1         |
| time/                   |             |
|    fps                  | 1726        |
|    iterations           | 11          |
|    time_elapsed         | 104         |
|    total_timesteps      | 180224      |
| train/                  |             |
|    approx_kl            | 0.021607049 |
|    clip_fraction        | 0.242       |
|    clip_range           | 0.2         |
|    entropy_loss         | -4.11       |
|    explained_variance   | 0.402       |
|    learning_rate        | 0.0003      |
|    loss                 | 3.74        |
|    n_updates            | 100         |
|    policy_gradient_loss | -0.00661    |
|    std                  | 0.95        |
|    value_loss           | 13.6        |
-----------------------------------------
-----------------------------------------
| rollout/                |             |
|    ep_len_mean          | 168         |
|    ep_rew_mean          | -13         |
|    success_rate         | 0.44        |
| time/                   |             |
|    fps                  | 1714        |
|    iterations           | 12          |
|    time_elapsed         | 114         |
|    total_timesteps      | 196608      |
| train/                  |             |
|    approx_kl            | 0.020051869 |
|    clip_fraction        | 0.236       |
|    clip_range           | 0.2         |
|    entropy_loss         | -4.08       |
|    explained_variance   | 0.288       |
|    learning_rate        | 0.0003      |
|    loss                 | 1.71        |
|    n_updates            | 110         |
|    policy_gradient_loss | -0.00601    |
|    std                  | 0.939       |
|    value_loss           | 6.38        |
-----------------------------------------
[2026-05-08 09:21:07] HEARTBEAT steps=202576/750000 percent= 27.01% rate=  1670.5 step/s eta=   5.46 min
-----------------------------------------
| rollout/                |             |
|    ep_len_mean          | 136         |
|    ep_rew_mean          | -3.82       |
|    success_rate         | 0.71        |
| time/                   |             |
|    fps                  | 1711        |
|    iterations           | 13          |
|    time_elapsed         | 124         |
|    total_timesteps      | 212992      |
| train/                  |             |
|    approx_kl            | 0.021451276 |
|    clip_fraction        | 0.233       |
|    clip_range           | 0.2         |
|    entropy_loss         | -4.03       |
|    explained_variance   | 0.352       |
|    learning_rate        | 0.0003      |
|    loss                 | 4.1         |
|    n_updates            | 120         |
|    policy_gradient_loss | -0.0104     |
|    std                  | 0.923       |
|    value_loss           | 11.3        |
-----------------------------------------
-----------------------------------------
| rollout/                |             |
|    ep_len_mean          | 121         |
|    ep_rew_mean          | 1.39        |
|    success_rate         | 0.78        |
| time/                   |             |
|    fps                  | 1705        |
|    iterations           | 14          |
|    time_elapsed         | 134         |
|    total_timesteps      | 229376      |
| train/                  |             |
|    approx_kl            | 0.016184643 |
|    clip_fraction        | 0.208       |
|    clip_range           | 0.2         |
|    entropy_loss         | -4          |
|    explained_variance   | 0.464       |
|    learning_rate        | 0.0003      |
|    loss                 | 3.23        |
|    n_updates            | 130         |
|    policy_gradient_loss | -0.0107     |
|    std                  | 0.915       |
|    value_loss           | 11.5        |
-----------------------------------------
--------------------------------------
| rollout/                |          |
|    ep_len_mean          | 85.9     |
|    ep_rew_mean          | 10.5     |
|    success_rate         | 0.98     |
| time/                   |          |
|    fps                  | 1699     |
|    iterations           | 15       |
|    time_elapsed         | 144      |
|    total_timesteps      | 245760   |
| train/                  |          |
|    approx_kl            | 0.018517 |
|    clip_fraction        | 0.213    |
|    clip_range           | 0.2      |
|    entropy_loss         | -3.96    |
|    explained_variance   | 0.613    |
|    learning_rate        | 0.0003   |
|    loss                 | 6.42     |
|    n_updates            | 140      |
|    policy_gradient_loss | -0.0124  |
|    std                  | 0.904    |
|    value_loss           | 11.6     |
--------------------------------------
[2026-05-08 09:21:37] CHECKPOINT_SAVED local_step=250000 global_step=250000 path=/root/workspace/uav-risk-rl/checkpoints/pre_ppo_priority/p0_5_beta_sweep/wide_d2_beta10_s0_step250000.zip
[2026-05-08 09:21:37] HEARTBEAT steps=251296/750000 percent= 33.51% rate=  1661.3 step/s eta=   5.00 min
-----------------------------------------
| rollout/                |             |
|    ep_len_mean          | 76.2        |
|    ep_rew_mean          | 12.9        |
|    success_rate         | 1           |
| time/                   |             |
|    fps                  | 1694        |
|    iterations           | 16          |
|    time_elapsed         | 154         |
|    total_timesteps      | 262144      |
| train/                  |             |
|    approx_kl            | 0.018962719 |
|    clip_fraction        | 0.239       |
|    clip_range           | 0.2         |
|    entropy_loss         | -3.91       |
|    explained_variance   | 0.625       |
|    learning_rate        | 0.0003      |
|    loss                 | 2.38        |
|    n_updates            | 150         |
|    policy_gradient_loss | -0.00935    |
|    std                  | 0.889       |
|    value_loss           | 6.51        |
-----------------------------------------
-----------------------------------------
| rollout/                |             |
|    ep_len_mean          | 70.7        |
|    ep_rew_mean          | 11.2        |
|    success_rate         | 0.99        |
| time/                   |             |
|    fps                  | 1691        |
|    iterations           | 17          |
|    time_elapsed         | 164         |
|    total_timesteps      | 278528      |
| train/                  |             |
|    approx_kl            | 0.018304687 |
|    clip_fraction        | 0.223       |
|    clip_range           | 0.2         |
|    entropy_loss         | -3.84       |
|    explained_variance   | 0.662       |
|    learning_rate        | 0.0003      |
|    loss                 | 1.09        |
|    n_updates            | 160         |
|    policy_gradient_loss | -0.0136     |
|    std                  | 0.866       |
|    value_loss           | 3.37        |
-----------------------------------------
-----------------------------------------
| rollout/                |             |
|    ep_len_mean          | 67.3        |
|    ep_rew_mean          | 15.1        |
|    success_rate         | 1           |
| time/                   |             |
|    fps                  | 1683        |
|    iterations           | 18          |
|    time_elapsed         | 175         |
|    total_timesteps      | 294912      |
| train/                  |             |
|    approx_kl            | 0.021673776 |
|    clip_fraction        | 0.221       |
|    clip_range           | 0.2         |
|    entropy_loss         | -3.79       |
|    explained_variance   | 0.283       |
|    learning_rate        | 0.0003      |
|    loss                 | 2.52        |
|    n_updates            | 170         |
|    policy_gradient_loss | -0.0023     |
|    std                  | 0.851       |
|    value_loss           | 9.65        |
-----------------------------------------
[2026-05-08 09:22:07] HEARTBEAT steps=299856/750000 percent= 39.98% rate=  1654.2 step/s eta=   4.54 min
-----------------------------------------
| rollout/                |             |
|    ep_len_mean          | 61.4        |
|    ep_rew_mean          | 15.1        |
|    success_rate         | 1           |
| time/                   |             |
|    fps                  | 1685        |
|    iterations           | 19          |
|    time_elapsed         | 184         |
|    total_timesteps      | 311296      |
| train/                  |             |
|    approx_kl            | 0.017577846 |
|    clip_fraction        | 0.232       |
|    clip_range           | 0.2         |
|    entropy_loss         | -3.7        |
|    explained_variance   | 0.374       |
|    learning_rate        | 0.0003      |
|    loss                 | 0.804       |
|    n_updates            | 180         |
|    policy_gradient_loss | -0.00756    |
|    std                  | 0.827       |
|    value_loss           | 2.2         |
-----------------------------------------
-----------------------------------------
| rollout/                |             |
|    ep_len_mean          | 60          |
|    ep_rew_mean          | 15.9        |
|    success_rate         | 0.99        |
| time/                   |             |
|    fps                  | 1681        |
|    iterations           | 20          |
|    time_elapsed         | 194         |
|    total_timesteps      | 327680      |
| train/                  |             |
|    approx_kl            | 0.018663317 |
|    clip_fraction        | 0.206       |
|    clip_range           | 0.2         |
|    entropy_loss         | -3.64       |
|    explained_variance   | 0.281       |
|    learning_rate        | 0.0003      |
|    loss                 | 0.632       |
|    n_updates            | 190         |
|    policy_gradient_loss | -0.00607    |
|    std                  | 0.808       |
|    value_loss           | 3.77        |
-----------------------------------------
-----------------------------------------
| rollout/                |             |
|    ep_len_mean          | 56.4        |
|    ep_rew_mean          | 15.4        |
|    success_rate         | 0.99        |
| time/                   |             |
|    fps                  | 1681        |
|    iterations           | 21          |
|    time_elapsed         | 204         |
|    total_timesteps      | 344064      |
| train/                  |             |
|    approx_kl            | 0.029623367 |
|    clip_fraction        | 0.275       |
|    clip_range           | 0.2         |
|    entropy_loss         | -3.57       |
|    explained_variance   | 0.153       |
|    learning_rate        | 0.0003      |
|    loss                 | 0.548       |
|    n_updates            | 200         |
|    policy_gradient_loss | 0.00115     |
|    std                  | 0.788       |
|    value_loss           | 2.75        |
-----------------------------------------
[2026-05-08 09:22:37] HEARTBEAT steps=350240/750000 percent= 46.70% rate=  1657.8 step/s eta=   4.02 min
----------------------------------------
| rollout/                |            |
|    ep_len_mean          | 55.3       |
|    ep_rew_mean          | 16.8       |
|    success_rate         | 1          |
| time/                   |            |
|    fps                  | 1681       |
|    iterations           | 22         |
|    time_elapsed         | 214        |
|    total_timesteps      | 360448     |
| train/                  |            |
|    approx_kl            | 0.02481014 |
|    clip_fraction        | 0.245      |
|    clip_range           | 0.2        |
|    entropy_loss         | -3.49      |
|    explained_variance   | 0.266      |
|    learning_rate        | 0.0003     |
|    loss                 | 0.228      |
|    n_updates            | 210        |
|    policy_gradient_loss | -0.003     |
|    std                  | 0.767      |
|    value_loss           | 3.44       |
----------------------------------------
-----------------------------------------
| rollout/                |             |
|    ep_len_mean          | 54.3        |
|    ep_rew_mean          | 16.6        |
|    success_rate         | 1           |
| time/                   |             |
|    fps                  | 1679        |
|    iterations           | 23          |
|    time_elapsed         | 224         |
|    total_timesteps      | 376832      |
| train/                  |             |
|    approx_kl            | 0.044321217 |
|    clip_fraction        | 0.305       |
|    clip_range           | 0.2         |
|    entropy_loss         | -3.45       |
|    explained_variance   | 0.111       |
|    learning_rate        | 0.0003      |
|    loss                 | 1.23        |
|    n_updates            | 220         |
|    policy_gradient_loss | 0.00615     |
|    std                  | 0.762       |
|    value_loss           | 7.93        |
-----------------------------------------
----------------------------------------
| rollout/                |            |
|    ep_len_mean          | 55         |
|    ep_rew_mean          | 15.2       |
|    success_rate         | 0.99       |
| time/                   |            |
|    fps                  | 1678       |
|    iterations           | 24         |
|    time_elapsed         | 234        |
|    total_timesteps      | 393216     |
| train/                  |            |
|    approx_kl            | 0.03219957 |
|    clip_fraction        | 0.266      |
|    clip_range           | 0.2        |
|    entropy_loss         | -3.43      |
|    explained_variance   | 0.13       |
|    learning_rate        | 0.0003     |
|    loss                 | 2.13       |
|    n_updates            | 230        |
|    policy_gradient_loss | 0.00254    |
|    std                  | 0.756      |
|    value_loss           | 6          |
----------------------------------------
[2026-05-08 09:23:07] HEARTBEAT steps=400000/750000 percent= 53.33% rate=  1657.9 step/s eta=   3.52 min
-----------------------------------------
| rollout/                |             |
|    ep_len_mean          | 53.9        |
|    ep_rew_mean          | 17.6        |
|    success_rate         | 1           |
| time/                   |             |
|    fps                  | 1676        |
|    iterations           | 25          |
|    time_elapsed         | 244         |
|    total_timesteps      | 409600      |
| train/                  |             |
|    approx_kl            | 0.030328399 |
|    clip_fraction        | 0.276       |
|    clip_range           | 0.2         |
|    entropy_loss         | -3.4        |
|    explained_variance   | 0.311       |
|    learning_rate        | 0.0003      |
|    loss                 | 0.445       |
|    n_updates            | 240         |
|    policy_gradient_loss | 0.00074     |
|    std                  | 0.749       |
|    value_loss           | 5.65        |
-----------------------------------------
-----------------------------------------
| rollout/                |             |
|    ep_len_mean          | 53.7        |
|    ep_rew_mean          | 17.7        |
|    success_rate         | 0.99        |
| time/                   |             |
|    fps                  | 1677        |
|    iterations           | 26          |
|    time_elapsed         | 253         |
|    total_timesteps      | 425984      |
| train/                  |             |
|    approx_kl            | 0.025415432 |
|    clip_fraction        | 0.269       |
|    clip_range           | 0.2         |
|    entropy_loss         | -3.36       |
|    explained_variance   | 0.209       |
|    learning_rate        | 0.0003      |
|    loss                 | 0.248       |
|    n_updates            | 250         |
|    policy_gradient_loss | 0.000725    |
|    std                  | 0.74        |
|    value_loss           | 2.6         |
-----------------------------------------
----------------------------------------
| rollout/                |            |
|    ep_len_mean          | 51.1       |
|    ep_rew_mean          | 18.3       |
|    success_rate         | 0.99       |
| time/                   |            |
|    fps                  | 1678       |
|    iterations           | 27         |
|    time_elapsed         | 263        |
|    total_timesteps      | 442368     |
| train/                  |            |
|    approx_kl            | 0.02988074 |
|    clip_fraction        | 0.278      |
|    clip_range           | 0.2        |
|    entropy_loss         | -3.3       |
|    explained_variance   | 0.268      |
|    learning_rate        | 0.0003     |
|    loss                 | 1.21       |
|    n_updates            | 260        |
|    policy_gradient_loss | 0.000234   |
|    std                  | 0.72       |
|    value_loss           | 2.38       |
----------------------------------------
[2026-05-08 09:23:37] HEARTBEAT steps=452624/750000 percent= 60.35% rate=  1668.5 step/s eta=   2.97 min
-----------------------------------------
| rollout/                |             |
|    ep_len_mean          | 51.7        |
|    ep_rew_mean          | 18.8        |
|    success_rate         | 1           |
| time/                   |             |
|    fps                  | 1679        |
|    iterations           | 28          |
|    time_elapsed         | 273         |
|    total_timesteps      | 458752      |
| train/                  |             |
|    approx_kl            | 0.037597127 |
|    clip_fraction        | 0.289       |
|    clip_range           | 0.2         |
|    entropy_loss         | -3.26       |
|    explained_variance   | 0.191       |
|    learning_rate        | 0.0003      |
|    loss                 | 0.276       |
|    n_updates            | 270         |
|    policy_gradient_loss | 0.00521     |
|    std                  | 0.716       |
|    value_loss           | 5.39        |
-----------------------------------------
-----------------------------------------
| rollout/                |             |
|    ep_len_mean          | 52.9        |
|    ep_rew_mean          | 18.7        |
|    success_rate         | 1           |
| time/                   |             |
|    fps                  | 1673        |
|    iterations           | 29          |
|    time_elapsed         | 283         |
|    total_timesteps      | 475136      |
| train/                  |             |
|    approx_kl            | 0.050972376 |
|    clip_fraction        | 0.283       |
|    clip_range           | 0.2         |
|    entropy_loss         | -3.25       |
|    explained_variance   | 0.113       |
|    learning_rate        | 0.0003      |
|    loss                 | 2.18        |
|    n_updates            | 280         |
|    policy_gradient_loss | 0.00667     |
|    std                  | 0.711       |
|    value_loss           | 4.63        |
-----------------------------------------
----------------------------------------
| rollout/                |            |
|    ep_len_mean          | 51.8       |
|    ep_rew_mean          | 15.7       |
|    success_rate         | 1          |
| time/                   |            |
|    fps                  | 1671       |
|    iterations           | 30         |
|    time_elapsed         | 294        |
|    total_timesteps      | 491520     |
| train/                  |            |
|    approx_kl            | 0.02784873 |
|    clip_fraction        | 0.31       |
|    clip_range           | 0.2        |
|    entropy_loss         | -3.2       |
|    explained_variance   | 0.161      |
|    learning_rate        | 0.0003     |
|    loss                 | 0.224      |
|    n_updates            | 290        |
|    policy_gradient_loss | 0.00177    |
|    std                  | 0.697      |
|    value_loss           | 1.03       |
----------------------------------------
[2026-05-08 09:24:07] HEARTBEAT steps=499136/750000 percent= 66.55% rate=  1656.7 step/s eta=   2.52 min
[2026-05-08 09:24:07] CHECKPOINT_SAVED local_step=500000 global_step=500000 path=/root/workspace/uav-risk-rl/checkpoints/pre_ppo_priority/p0_5_beta_sweep/wide_d2_beta10_s0_step500000.zip
-----------------------------------------
| rollout/                |             |
|    ep_len_mean          | 51.9        |
|    ep_rew_mean          | 19.1        |
|    success_rate         | 1           |
| time/                   |             |
|    fps                  | 1670        |
|    iterations           | 31          |
|    time_elapsed         | 304         |
|    total_timesteps      | 507904      |
| train/                  |             |
|    approx_kl            | 0.028554004 |
|    clip_fraction        | 0.244       |
|    clip_range           | 0.2         |
|    entropy_loss         | -3.16       |
|    explained_variance   | 0.297       |
|    learning_rate        | 0.0003      |
|    loss                 | 0.352       |
|    n_updates            | 300         |
|    policy_gradient_loss | 0.000365    |
|    std                  | 0.692       |
|    value_loss           | 3.97        |
-----------------------------------------
-----------------------------------------
| rollout/                |             |
|    ep_len_mean          | 51.4        |
|    ep_rew_mean          | 18.5        |
|    success_rate         | 1           |
| time/                   |             |
|    fps                  | 1669        |
|    iterations           | 32          |
|    time_elapsed         | 314         |
|    total_timesteps      | 524288      |
| train/                  |             |
|    approx_kl            | 0.039048932 |
|    clip_fraction        | 0.288       |
|    clip_range           | 0.2         |
|    entropy_loss         | -3.13       |
|    explained_variance   | 0.253       |
|    learning_rate        | 0.0003      |
|    loss                 | 0.33        |
|    n_updates            | 310         |
|    policy_gradient_loss | 0.00268     |
|    std                  | 0.685       |
|    value_loss           | 2.23        |
-----------------------------------------
-----------------------------------------
| rollout/                |             |
|    ep_len_mean          | 52.3        |
|    ep_rew_mean          | 16.5        |
|    success_rate         | 1           |
| time/                   |             |
|    fps                  | 1668        |
|    iterations           | 33          |
|    time_elapsed         | 324         |
|    total_timesteps      | 540672      |
| train/                  |             |
|    approx_kl            | 0.047485184 |
|    clip_fraction        | 0.315       |
|    clip_range           | 0.2         |
|    entropy_loss         | -3.12       |
|    explained_variance   | 0.184       |
|    learning_rate        | 0.0003      |
|    loss                 | 0.985       |
|    n_updates            | 320         |
|    policy_gradient_loss | 0.00804     |
|    std                  | 0.684       |
|    value_loss           | 4.86        |
-----------------------------------------
[2026-05-08 09:24:37] HEARTBEAT steps=548160/750000 percent= 73.09% rate=  1654.7 step/s eta=   2.03 min
----------------------------------------
| rollout/                |            |
|    ep_len_mean          | 53         |
|    ep_rew_mean          | 17.6       |
|    success_rate         | 1          |
| time/                   |            |
|    fps                  | 1667       |
|    iterations           | 34         |
|    time_elapsed         | 334        |
|    total_timesteps      | 557056     |
| train/                  |            |
|    approx_kl            | 0.05488118 |
|    clip_fraction        | 0.33       |
|    clip_range           | 0.2        |
|    entropy_loss         | -3.11      |
|    explained_variance   | 0.103      |
|    learning_rate        | 0.0003     |
|    loss                 | 0.844      |
|    n_updates            | 330        |
|    policy_gradient_loss | 0.000692   |
|    std                  | 0.681      |
|    value_loss           | 4.67       |
----------------------------------------
-----------------------------------------
| rollout/                |             |
|    ep_len_mean          | 51.4        |
|    ep_rew_mean          | 19.2        |
|    success_rate         | 1           |
| time/                   |             |
|    fps                  | 1661        |
|    iterations           | 35          |
|    time_elapsed         | 345         |
|    total_timesteps      | 573440      |
| train/                  |             |
|    approx_kl            | 0.041452322 |
|    clip_fraction        | 0.321       |
|    clip_range           | 0.2         |
|    entropy_loss         | -3.1        |
|    explained_variance   | 0.112       |
|    learning_rate        | 0.0003      |
|    loss                 | 0.773       |
|    n_updates            | 340         |
|    policy_gradient_loss | 0.00857     |
|    std                  | 0.68        |
|    value_loss           | 5.13        |
-----------------------------------------
-----------------------------------------
| rollout/                |             |
|    ep_len_mean          | 51          |
|    ep_rew_mean          | 18.9        |
|    success_rate         | 1           |
| time/                   |             |
|    fps                  | 1659        |
|    iterations           | 36          |
|    time_elapsed         | 355         |
|    total_timesteps      | 589824      |
| train/                  |             |
|    approx_kl            | 0.042247675 |
|    clip_fraction        | 0.32        |
|    clip_range           | 0.2         |
|    entropy_loss         | -3.08       |
|    explained_variance   | 0.102       |
|    learning_rate        | 0.0003      |
|    loss                 | 1.16        |
|    n_updates            | 350         |
|    policy_gradient_loss | 0.000473    |
|    std                  | 0.673       |
|    value_loss           | 4.26        |
-----------------------------------------
[2026-05-08 09:25:07] HEARTBEAT steps=593488/750000 percent= 79.13% rate=  1642.7 step/s eta=   1.59 min
----------------------------------------
| rollout/                |            |
|    ep_len_mean          | 51         |
|    ep_rew_mean          | 17.6       |
|    success_rate         | 0.99       |
| time/                   |            |
|    fps                  | 1659       |
|    iterations           | 37         |
|    time_elapsed         | 365        |
|    total_timesteps      | 606208     |
| train/                  |            |
|    approx_kl            | 0.03853742 |
|    clip_fraction        | 0.289      |
|    clip_range           | 0.2        |
|    entropy_loss         | -3.07      |
|    explained_variance   | 0.427      |
|    learning_rate        | 0.0003     |
|    loss                 | 0.402      |
|    n_updates            | 360        |
|    policy_gradient_loss | 0.00341    |
|    std                  | 0.672      |
|    value_loss           | 2.58       |
----------------------------------------
-----------------------------------------
| rollout/                |             |
|    ep_len_mean          | 50.5        |
|    ep_rew_mean          | 17.3        |
|    success_rate         | 0.99        |
| time/                   |             |
|    fps                  | 1659        |
|    iterations           | 38          |
|    time_elapsed         | 375         |
|    total_timesteps      | 622592      |
| train/                  |             |
|    approx_kl            | 0.031585135 |
|    clip_fraction        | 0.273       |
|    clip_range           | 0.2         |
|    entropy_loss         | -3.06       |
|    explained_variance   | 0.349       |
|    learning_rate        | 0.0003      |
|    loss                 | 2.89        |
|    n_updates            | 370         |
|    policy_gradient_loss | 0.00468     |
|    std                  | 0.673       |
|    value_loss           | 7.82        |
-----------------------------------------
-----------------------------------------
| rollout/                |             |
|    ep_len_mean          | 50.1        |
|    ep_rew_mean          | 16.9        |
|    success_rate         | 0.99        |
| time/                   |             |
|    fps                  | 1660        |
|    iterations           | 39          |
|    time_elapsed         | 384         |
|    total_timesteps      | 638976      |
| train/                  |             |
|    approx_kl            | 0.040167227 |
|    clip_fraction        | 0.3         |
|    clip_range           | 0.2         |
|    entropy_loss         | -3.08       |
|    explained_variance   | 0.174       |
|    learning_rate        | 0.0003      |
|    loss                 | 1.08        |
|    n_updates            | 380         |
|    policy_gradient_loss | 0.00791     |
|    std                  | 0.681       |
|    value_loss           | 6.33        |
-----------------------------------------
[2026-05-08 09:25:37] HEARTBEAT steps=644432/750000 percent= 85.92% rate=  1647.0 step/s eta=   1.07 min
-----------------------------------------
| rollout/                |             |
|    ep_len_mean          | 51.5        |
|    ep_rew_mean          | 18.6        |
|    success_rate         | 0.99        |
| time/                   |             |
|    fps                  | 1660        |
|    iterations           | 40          |
|    time_elapsed         | 394         |
|    total_timesteps      | 655360      |
| train/                  |             |
|    approx_kl            | 0.034548517 |
|    clip_fraction        | 0.317       |
|    clip_range           | 0.2         |
|    entropy_loss         | -3.08       |
|    explained_variance   | 0.184       |
|    learning_rate        | 0.0003      |
|    loss                 | 1.51        |
|    n_updates            | 390         |
|    policy_gradient_loss | 0.00529     |
|    std                  | 0.676       |
|    value_loss           | 4.46        |
-----------------------------------------
-----------------------------------------
| rollout/                |             |
|    ep_len_mean          | 52.1        |
|    ep_rew_mean          | 19.2        |
|    success_rate         | 1           |
| time/                   |             |
|    fps                  | 1660        |
|    iterations           | 41          |
|    time_elapsed         | 404         |
|    total_timesteps      | 671744      |
| train/                  |             |
|    approx_kl            | 0.026191164 |
|    clip_fraction        | 0.293       |
|    clip_range           | 0.2         |
|    entropy_loss         | -3.07       |
|    explained_variance   | 0.422       |
|    learning_rate        | 0.0003      |
|    loss                 | 0.681       |
|    n_updates            | 400         |
|    policy_gradient_loss | 0.00181     |
|    std                  | 0.672       |
|    value_loss           | 1.42        |
-----------------------------------------
-----------------------------------------
| rollout/                |             |
|    ep_len_mean          | 50.4        |
|    ep_rew_mean          | 20          |
|    success_rate         | 1           |
| time/                   |             |
|    fps                  | 1659        |
|    iterations           | 42          |
|    time_elapsed         | 414         |
|    total_timesteps      | 688128      |
| train/                  |             |
|    approx_kl            | 0.039000757 |
|    clip_fraction        | 0.296       |
|    clip_range           | 0.2         |
|    entropy_loss         | -3.05       |
|    explained_variance   | 0.244       |
|    learning_rate        | 0.0003      |
|    loss                 | 0.548       |
|    n_updates            | 410         |
|    policy_gradient_loss | 0.0036      |
|    std                  | 0.668       |
|    value_loss           | 9.8         |
-----------------------------------------
[2026-05-08 09:26:07] HEARTBEAT steps=693472/750000 percent= 92.46% rate=  1646.1 step/s eta=   0.57 min
-----------------------------------------
| rollout/                |             |
|    ep_len_mean          | 51.7        |
|    ep_rew_mean          | 18.2        |
|    success_rate         | 0.99        |
| time/                   |             |
|    fps                  | 1657        |
|    iterations           | 43          |
|    time_elapsed         | 424         |
|    total_timesteps      | 704512      |
| train/                  |             |
|    approx_kl            | 0.035117645 |
|    clip_fraction        | 0.303       |
|    clip_range           | 0.2         |
|    entropy_loss         | -3.05       |
|    explained_variance   | 0.164       |
|    learning_rate        | 0.0003      |
|    loss                 | 0.523       |
|    n_updates            | 420         |
|    policy_gradient_loss | 0.0035      |
|    std                  | 0.668       |
|    value_loss           | 1.87        |
-----------------------------------------
----------------------------------------
| rollout/                |            |
|    ep_len_mean          | 53.1       |
|    ep_rew_mean          | 19.8       |
|    success_rate         | 1          |
| time/                   |            |
|    fps                  | 1656       |
|    iterations           | 44         |
|    time_elapsed         | 435        |
|    total_timesteps      | 720896     |
| train/                  |            |
|    approx_kl            | 0.03559409 |
|    clip_fraction        | 0.286      |
|    clip_range           | 0.2        |
|    entropy_loss         | -3.04      |
|    explained_variance   | 0.275      |
|    learning_rate        | 0.0003     |
|    loss                 | 1.21       |
|    n_updates            | 430        |
|    policy_gradient_loss | 0.00364    |
|    std                  | 0.667      |
|    value_loss           | 3.66       |
----------------------------------------
-----------------------------------------
| rollout/                |             |
|    ep_len_mean          | 51.6        |
|    ep_rew_mean          | 20          |
|    success_rate         | 1           |
| time/                   |             |
|    fps                  | 1655        |
|    iterations           | 45          |
|    time_elapsed         | 445         |
|    total_timesteps      | 737280      |
| train/                  |             |
|    approx_kl            | 0.025566814 |
|    clip_fraction        | 0.28        |
|    clip_range           | 0.2         |
|    entropy_loss         | -3          |
|    explained_variance   | 0.338       |
|    learning_rate        | 0.0003      |
|    loss                 | 0.49        |
|    n_updates            | 440         |
|    policy_gradient_loss | -0.00359    |
|    std                  | 0.655       |
|    value_loss           | 1.15        |
-----------------------------------------
[2026-05-08 09:26:37] HEARTBEAT steps=740320/750000 percent= 98.71% rate=  1640.4 step/s eta=   0.10 min
[2026-05-08 09:26:40] CHECKPOINT_SAVED local_step=750000 global_step=750000 path=/root/workspace/uav-risk-rl/checkpoints/pre_ppo_priority/p0_5_beta_sweep/wide_d2_beta10_s0_step750000.zip
-----------------------------------------
| rollout/                |             |
|    ep_len_mean          | 50.3        |
|    ep_rew_mean          | 18.9        |
|    success_rate         | 1           |
| time/                   |             |
|    fps                  | 1654        |
|    iterations           | 46          |
|    time_elapsed         | 455         |
|    total_timesteps      | 753664      |
| train/                  |             |
|    approx_kl            | 0.031089904 |
|    clip_fraction        | 0.246       |
|    clip_range           | 0.2         |
|    entropy_loss         | -2.97       |
|    explained_variance   | 0.29        |
|    learning_rate        | 0.0003      |
|    loss                 | 1.65        |
|    n_updates            | 450         |
|    policy_gradient_loss | 0.00199     |
|    std                  | 0.65        |
|    value_loss           | 3.3         |
-----------------------------------------
[2026-05-08 09:26:46] TRAIN_END elapsed=7.67 min local_steps=753664 model_num_timesteps=753664
[2026-05-08 09:26:46] SAVED model=/root/workspace/uav-risk-rl/checkpoints/pre_ppo_priority/p0_5_beta_sweep/wide_d2_beta10_s0_step750000.zip approx_updates=46
