Logging to /root/workspace/uav-risk-rl/checkpoints/env_v2_gpsi_heada_ppo_n3pf_decouple_decouple_deepsets_gpsi_s0/tensorboard/PPO_1
[2026-05-17 18:04:41] N3FZ_TRAIN_START config=decouple_deepsets_gpsi total_steps=250000 start_num_timesteps=750000
---------------------------------
| rollout/           |          |
|    ep_len_mean     | 124      |
|    ep_rew_mean     | 25.5     |
|    success_rate    | 0.47     |
| time/              |          |
|    fps             | 254      |
|    iterations      | 1        |
|    time_elapsed    | 16       |
|    total_timesteps | 754096   |
---------------------------------
----------------------------------------
| rollout/                |            |
|    ep_len_mean          | 122        |
|    ep_rew_mean          | 24.5       |
|    success_rate         | 0.45       |
| time/                   |            |
|    fps                  | 238        |
|    iterations           | 2          |
|    time_elapsed         | 34         |
|    total_timesteps      | 758192     |
| train/                  |            |
|    approx_kl            | 0.03245584 |
|    clip_fraction        | 0.25       |
|    clip_range           | 0.2        |
|    entropy_loss         | -4.91      |
|    explained_variance   | 0.488      |
|    learning_rate        | 0.0003     |
|    loss                 | 0.531      |
|    n_updates            | 1840       |
|    policy_gradient_loss | -0.00494   |
|    std                  | 1.26       |
|    value_loss           | 2.98       |
----------------------------------------
-----------------------------------------
| rollout/                |             |
|    ep_len_mean          | 119         |
|    ep_rew_mean          | 24.1        |
|    success_rate         | 0.44        |
| time/                   |             |
|    fps                  | 232         |
|    iterations           | 3           |
|    time_elapsed         | 52          |
|    total_timesteps      | 762288      |
| train/                  |             |
|    approx_kl            | 0.033529524 |
|    clip_fraction        | 0.284       |
|    clip_range           | 0.2         |
|    entropy_loss         | -4.93       |
|    explained_variance   | 0.508       |
|    learning_rate        | 0.0003      |
|    loss                 | 0.565       |
|    n_updates            | 1850        |
|    policy_gradient_loss | -0.00157    |
|    std                  | 1.26        |
|    value_loss           | 4.12        |
-----------------------------------------
-----------------------------------------
| rollout/                |             |
|    ep_len_mean          | 119         |
|    ep_rew_mean          | 22.9        |
|    success_rate         | 0.36        |
| time/                   |             |
|    fps                  | 230         |
|    iterations           | 4           |
|    time_elapsed         | 71          |
|    total_timesteps      | 766384      |
| train/                  |             |
|    approx_kl            | 0.024693016 |
|    clip_fraction        | 0.223       |
|    clip_range           | 0.2         |
|    entropy_loss         | -4.95       |
|    explained_variance   | 0.631       |
|    learning_rate        | 0.0003      |
|    loss                 | 0.338       |
|    n_updates            | 1860        |
|    policy_gradient_loss | -0.00532    |
|    std                  | 1.28        |
|    value_loss           | 3.07        |
-----------------------------------------
-----------------------------------------
| rollout/                |             |
|    ep_len_mean          | 118         |
|    ep_rew_mean          | 22.6        |
|    success_rate         | 0.35        |
| time/                   |             |
|    fps                  | 229         |
|    iterations           | 5           |
|    time_elapsed         | 89          |
|    total_timesteps      | 770480      |
| train/                  |             |
|    approx_kl            | 0.026426675 |
|    clip_fraction        | 0.23        |
|    clip_range           | 0.2         |
|    entropy_loss         | -4.97       |
|    explained_variance   | 0.702       |
|    learning_rate        | 0.0003      |
|    loss                 | 0.444       |
|    n_updates            | 1870        |
|    policy_gradient_loss | -9.9e-05    |
|    std                  | 1.28        |
|    value_loss           | 3.45        |
-----------------------------------------
-----------------------------------------
| rollout/                |             |
|    ep_len_mean          | 120         |
|    ep_rew_mean          | 23.8        |
|    success_rate         | 0.4         |
| time/                   |             |
|    fps                  | 228         |
|    iterations           | 6           |
|    time_elapsed         | 107         |
|    total_timesteps      | 774576      |
| train/                  |             |
|    approx_kl            | 0.024217281 |
|    clip_fraction        | 0.232       |
|    clip_range           | 0.2         |
|    entropy_loss         | -4.97       |
|    explained_variance   | 0.521       |
|    learning_rate        | 0.0003      |
|    loss                 | 0.47        |
|    n_updates            | 1880        |
|    policy_gradient_loss | -0.00183    |
|    std                  | 1.27        |
|    value_loss           | 3.35        |
-----------------------------------------
----------------------------------------
| rollout/                |            |
|    ep_len_mean          | 119        |
|    ep_rew_mean          | 24.7       |
|    success_rate         | 0.46       |
| time/                   |            |
|    fps                  | 227        |
|    iterations           | 7          |
|    time_elapsed         | 126        |
|    total_timesteps      | 778672     |
| train/                  |            |
|    approx_kl            | 0.02405452 |
|    clip_fraction        | 0.255      |
|    clip_range           | 0.2        |
|    entropy_loss         | -4.96      |
|    explained_variance   | 0.556      |
|    learning_rate        | 0.0003     |
|    loss                 | 0.354      |
|    n_updates            | 1890       |
|    policy_gradient_loss | 0.00762    |
|    std                  | 1.27       |
|    value_loss           | 3.55       |
----------------------------------------
-----------------------------------------
| rollout/                |             |
|    ep_len_mean          | 119         |
|    ep_rew_mean          | 23.5        |
|    success_rate         | 0.41        |
| time/                   |             |
|    fps                  | 227         |
|    iterations           | 8           |
|    time_elapsed         | 143         |
|    total_timesteps      | 782768      |
| train/                  |             |
|    approx_kl            | 0.029681738 |
|    clip_fraction        | 0.236       |
|    clip_range           | 0.2         |
|    entropy_loss         | -4.96       |
|    explained_variance   | 0.527       |
|    learning_rate        | 0.0003      |
|    loss                 | 0.609       |
|    n_updates            | 1900        |
|    policy_gradient_loss | -0.00243    |
|    std                  | 1.28        |
|    value_loss           | 3.65        |
-----------------------------------------
----------------------------------------
| rollout/                |            |
|    ep_len_mean          | 120        |
|    ep_rew_mean          | 22.2       |
|    success_rate         | 0.35       |
| time/                   |            |
|    fps                  | 227        |
|    iterations           | 9          |
|    time_elapsed         | 162        |
|    total_timesteps      | 786864     |
| train/                  |            |
|    approx_kl            | 0.02570993 |
|    clip_fraction        | 0.236      |
|    clip_range           | 0.2        |
|    entropy_loss         | -4.97      |
|    explained_variance   | 0.591      |
|    learning_rate        | 0.0003     |
|    loss                 | 0.452      |
|    n_updates            | 1910       |
|    policy_gradient_loss | -1.95e-06  |
|    std                  | 1.28       |
|    value_loss           | 3.51       |
----------------------------------------
-----------------------------------------
| rollout/                |             |
|    ep_len_mean          | 120         |
|    ep_rew_mean          | 21.6        |
|    success_rate         | 0.35        |
| time/                   |             |
|    fps                  | 226         |
|    iterations           | 10          |
|    time_elapsed         | 181         |
|    total_timesteps      | 790960      |
| train/                  |             |
|    approx_kl            | 0.022676243 |
|    clip_fraction        | 0.238       |
|    clip_range           | 0.2         |
|    entropy_loss         | -4.98       |
|    explained_variance   | 0.701       |
|    learning_rate        | 0.0003      |
|    loss                 | 0.426       |
|    n_updates            | 1920        |
|    policy_gradient_loss | -0.00817    |
|    std                  | 1.29        |
|    value_loss           | 2.99        |
-----------------------------------------
-----------------------------------------
| rollout/                |             |
|    ep_len_mean          | 122         |
|    ep_rew_mean          | 22          |
|    success_rate         | 0.36        |
| time/                   |             |
|    fps                  | 226         |
|    iterations           | 11          |
|    time_elapsed         | 199         |
|    total_timesteps      | 795056      |
| train/                  |             |
|    approx_kl            | 0.030533865 |
|    clip_fraction        | 0.251       |
|    clip_range           | 0.2         |
|    entropy_loss         | -4.98       |
|    explained_variance   | 0.576       |
|    learning_rate        | 0.0003      |
|    loss                 | 0.602       |
|    n_updates            | 1930        |
|    policy_gradient_loss | 0.00426     |
|    std                  | 1.28        |
|    value_loss           | 4.05        |
-----------------------------------------
-----------------------------------------
| rollout/                |             |
|    ep_len_mean          | 120         |
|    ep_rew_mean          | 21.5        |
|    success_rate         | 0.36        |
| time/                   |             |
|    fps                  | 224         |
|    iterations           | 12          |
|    time_elapsed         | 218         |
|    total_timesteps      | 799152      |
| train/                  |             |
|    approx_kl            | 0.024898201 |
|    clip_fraction        | 0.237       |
|    clip_range           | 0.2         |
|    entropy_loss         | -4.97       |
|    explained_variance   | 0.675       |
|    learning_rate        | 0.0003      |
|    loss                 | 0.392       |
|    n_updates            | 1940        |
|    policy_gradient_loss | -0.00308    |
|    std                  | 1.28        |
|    value_loss           | 2.98        |
-----------------------------------------
----------------------------------------
| rollout/                |            |
|    ep_len_mean          | 121        |
|    ep_rew_mean          | 21         |
|    success_rate         | 0.33       |
| time/                   |            |
|    fps                  | 223        |
|    iterations           | 13         |
|    time_elapsed         | 237        |
|    total_timesteps      | 803248     |
| train/                  |            |
|    approx_kl            | 0.02548402 |
|    clip_fraction        | 0.247      |
|    clip_range           | 0.2        |
|    entropy_loss         | -4.98      |
|    explained_variance   | 0.668      |
|    learning_rate        | 0.0003     |
|    loss                 | 0.424      |
|    n_updates            | 1950       |
|    policy_gradient_loss | 0.00275    |
|    std                  | 1.29       |
|    value_loss           | 3.63       |
----------------------------------------
-----------------------------------------
| rollout/                |             |
|    ep_len_mean          | 121         |
|    ep_rew_mean          | 20.4        |
|    success_rate         | 0.33        |
| time/                   |             |
|    fps                  | 222         |
|    iterations           | 14          |
|    time_elapsed         | 257         |
|    total_timesteps      | 807344      |
| train/                  |             |
|    approx_kl            | 0.027577423 |
|    clip_fraction        | 0.277       |
|    clip_range           | 0.2         |
|    entropy_loss         | -5.01       |
|    explained_variance   | 0.679       |
|    learning_rate        | 0.0003      |
|    loss                 | 0.533       |
|    n_updates            | 1960        |
|    policy_gradient_loss | -0.00392    |
|    std                  | 1.3         |
|    value_loss           | 3.03        |
-----------------------------------------
-----------------------------------------
| rollout/                |             |
|    ep_len_mean          | 124         |
|    ep_rew_mean          | 21.6        |
|    success_rate         | 0.39        |
| time/                   |             |
|    fps                  | 221         |
|    iterations           | 15          |
|    time_elapsed         | 276         |
|    total_timesteps      | 811440      |
| train/                  |             |
|    approx_kl            | 0.025103264 |
|    clip_fraction        | 0.249       |
|    clip_range           | 0.2         |
|    entropy_loss         | -5.02       |
|    explained_variance   | 0.659       |
|    learning_rate        | 0.0003      |
|    loss                 | 0.433       |
|    n_updates            | 1970        |
|    policy_gradient_loss | -0.00163    |
|    std                  | 1.31        |
|    value_loss           | 3.42        |
-----------------------------------------
-----------------------------------------
| rollout/                |             |
|    ep_len_mean          | 132         |
|    ep_rew_mean          | 22.5        |
|    success_rate         | 0.4         |
| time/                   |             |
|    fps                  | 221         |
|    iterations           | 16          |
|    time_elapsed         | 295         |
|    total_timesteps      | 815536      |
| train/                  |             |
|    approx_kl            | 0.018427778 |
|    clip_fraction        | 0.201       |
|    clip_range           | 0.2         |
|    entropy_loss         | -5.03       |
|    explained_variance   | 0.597       |
|    learning_rate        | 0.0003      |
|    loss                 | 0.465       |
|    n_updates            | 1980        |
|    policy_gradient_loss | -0.00303    |
|    std                  | 1.31        |
|    value_loss           | 2.96        |
-----------------------------------------
[2026-05-17 18:09:40] N3FZ_TRAIN_HEARTBEAT config=decouple_deepsets_gpsi steps=66048/250000 percent= 26.42% rate=   220.2 step/s eta=  13.93 min recent_reward=21.292
-----------------------------------------
| rollout/                |             |
|    ep_len_mean          | 135         |
|    ep_rew_mean          | 22.3        |
|    success_rate         | 0.4         |
| time/                   |             |
|    fps                  | 221         |
|    iterations           | 17          |
|    time_elapsed         | 314         |
|    total_timesteps      | 819632      |
| train/                  |             |
|    approx_kl            | 0.026563141 |
|    clip_fraction        | 0.262       |
|    clip_range           | 0.2         |
|    entropy_loss         | -5.04       |
|    explained_variance   | 0.691       |
|    learning_rate        | 0.0003      |
|    loss                 | 0.278       |
|    n_updates            | 1990        |
|    policy_gradient_loss | -0.00328    |
|    std                  | 1.32        |
|    value_loss           | 2.56        |
-----------------------------------------
-----------------------------------------
| rollout/                |             |
|    ep_len_mean          | 136         |
|    ep_rew_mean          | 21.8        |
|    success_rate         | 0.36        |
| time/                   |             |
|    fps                  | 221         |
|    iterations           | 18          |
|    time_elapsed         | 333         |
|    total_timesteps      | 823728      |
| train/                  |             |
|    approx_kl            | 0.027571186 |
|    clip_fraction        | 0.247       |
|    clip_range           | 0.2         |
|    entropy_loss         | -5.06       |
|    explained_variance   | 0.666       |
|    learning_rate        | 0.0003      |
|    loss                 | 0.282       |
|    n_updates            | 2000        |
|    policy_gradient_loss | -0.00258    |
|    std                  | 1.32        |
|    value_loss           | 3.06        |
-----------------------------------------
-----------------------------------------
| rollout/                |             |
|    ep_len_mean          | 133         |
|    ep_rew_mean          | 21.2        |
|    success_rate         | 0.33        |
| time/                   |             |
|    fps                  | 221         |
|    iterations           | 19          |
|    time_elapsed         | 351         |
|    total_timesteps      | 827824      |
| train/                  |             |
|    approx_kl            | 0.023787327 |
|    clip_fraction        | 0.202       |
|    clip_range           | 0.2         |
|    entropy_loss         | -5.06       |
|    explained_variance   | 0.782       |
|    learning_rate        | 0.0003      |
|    loss                 | 0.128       |
|    n_updates            | 2010        |
|    policy_gradient_loss | -0.00492    |
|    std                  | 1.33        |
|    value_loss           | 1.73        |
-----------------------------------------
-----------------------------------------
| rollout/                |             |
|    ep_len_mean          | 143         |
|    ep_rew_mean          | 22.1        |
|    success_rate         | 0.37        |
| time/                   |             |
|    fps                  | 221         |
|    iterations           | 20          |
|    time_elapsed         | 370         |
|    total_timesteps      | 831920      |
| train/                  |             |
|    approx_kl            | 0.023664653 |
|    clip_fraction        | 0.237       |
|    clip_range           | 0.2         |
|    entropy_loss         | -5.08       |
|    explained_variance   | 0.755       |
|    learning_rate        | 0.0003      |
|    loss                 | 0.311       |
|    n_updates            | 2020        |
|    policy_gradient_loss | -0.00312    |
|    std                  | 1.33        |
|    value_loss           | 2.61        |
-----------------------------------------
-----------------------------------------
| rollout/                |             |
|    ep_len_mean          | 149         |
|    ep_rew_mean          | 22.4        |
|    success_rate         | 0.39        |
| time/                   |             |
|    fps                  | 220         |
|    iterations           | 21          |
|    time_elapsed         | 389         |
|    total_timesteps      | 836016      |
| train/                  |             |
|    approx_kl            | 0.020053487 |
|    clip_fraction        | 0.201       |
|    clip_range           | 0.2         |
|    entropy_loss         | -5.08       |
|    explained_variance   | 0.847       |
|    learning_rate        | 0.0003      |
|    loss                 | 0.157       |
|    n_updates            | 2030        |
|    policy_gradient_loss | -0.00262    |
|    std                  | 1.33        |
|    value_loss           | 1.66        |
-----------------------------------------
-----------------------------------------
| rollout/                |             |
|    ep_len_mean          | 151         |
|    ep_rew_mean          | 21.2        |
|    success_rate         | 0.36        |
| time/                   |             |
|    fps                  | 220         |
|    iterations           | 22          |
|    time_elapsed         | 407         |
|    total_timesteps      | 840112      |
| train/                  |             |
|    approx_kl            | 0.020982005 |
|    clip_fraction        | 0.206       |
|    clip_range           | 0.2         |
|    entropy_loss         | -5.07       |
|    explained_variance   | 0.844       |
|    learning_rate        | 0.0003      |
|    loss                 | 0.115       |
|    n_updates            | 2040        |
|    policy_gradient_loss | -0.00685    |
|    std                  | 1.32        |
|    value_loss           | 2.02        |
-----------------------------------------
-----------------------------------------
| rollout/                |             |
|    ep_len_mean          | 163         |
|    ep_rew_mean          | 21.2        |
|    success_rate         | 0.37        |
| time/                   |             |
|    fps                  | 220         |
|    iterations           | 23          |
|    time_elapsed         | 427         |
|    total_timesteps      | 844208      |
| train/                  |             |
|    approx_kl            | 0.035435468 |
|    clip_fraction        | 0.283       |
|    clip_range           | 0.2         |
|    entropy_loss         | -5.06       |
|    explained_variance   | 0.822       |
|    learning_rate        | 0.0003      |
|    loss                 | 0.226       |
|    n_updates            | 2050        |
|    policy_gradient_loss | -0.00267    |
|    std                  | 1.32        |
|    value_loss           | 2           |
-----------------------------------------
-----------------------------------------
| rollout/                |             |
|    ep_len_mean          | 173         |
|    ep_rew_mean          | 20.6        |
|    success_rate         | 0.35        |
| time/                   |             |
|    fps                  | 220         |
|    iterations           | 24          |
|    time_elapsed         | 445         |
|    total_timesteps      | 848304      |
| train/                  |             |
|    approx_kl            | 0.020422965 |
|    clip_fraction        | 0.224       |
|    clip_range           | 0.2         |
|    entropy_loss         | -5.06       |
|    explained_variance   | 0.894       |
|    learning_rate        | 0.0003      |
|    loss                 | 0.111       |
|    n_updates            | 2060        |
|    policy_gradient_loss | -0.0017     |
|    std                  | 1.32        |
|    value_loss           | 1.42        |
-----------------------------------------
-----------------------------------------
| rollout/                |             |
|    ep_len_mean          | 176         |
|    ep_rew_mean          | 19.8        |
|    success_rate         | 0.34        |
| time/                   |             |
|    fps                  | 220         |
|    iterations           | 25          |
|    time_elapsed         | 464         |
|    total_timesteps      | 852400      |
| train/                  |             |
|    approx_kl            | 0.025252676 |
|    clip_fraction        | 0.24        |
|    clip_range           | 0.2         |
|    entropy_loss         | -5.05       |
|    explained_variance   | 0.885       |
|    learning_rate        | 0.0003      |
|    loss                 | 0.11        |
|    n_updates            | 2070        |
|    policy_gradient_loss | -0.00824    |
|    std                  | 1.31        |
|    value_loss           | 1.64        |
-----------------------------------------
-----------------------------------------
| rollout/                |             |
|    ep_len_mean          | 184         |
|    ep_rew_mean          | 19.8        |
|    success_rate         | 0.35        |
| time/                   |             |
|    fps                  | 220         |
|    iterations           | 26          |
|    time_elapsed         | 482         |
|    total_timesteps      | 856496      |
| train/                  |             |
|    approx_kl            | 0.025332145 |
|    clip_fraction        | 0.263       |
|    clip_range           | 0.2         |
|    entropy_loss         | -5.02       |
|    explained_variance   | 0.851       |
|    learning_rate        | 0.0003      |
|    loss                 | 0.0978      |
|    n_updates            | 2080        |
|    policy_gradient_loss | -0.00469    |
|    std                  | 1.3         |
|    value_loss           | 1.46        |
-----------------------------------------
-----------------------------------------
| rollout/                |             |
|    ep_len_mean          | 186         |
|    ep_rew_mean          | 20.5        |
|    success_rate         | 0.4         |
| time/                   |             |
|    fps                  | 220         |
|    iterations           | 27          |
|    time_elapsed         | 501         |
|    total_timesteps      | 860592      |
| train/                  |             |
|    approx_kl            | 0.024811491 |
|    clip_fraction        | 0.255       |
|    clip_range           | 0.2         |
|    entropy_loss         | -5          |
|    explained_variance   | 0.821       |
|    learning_rate        | 0.0003      |
|    loss                 | 0.397       |
|    n_updates            | 2090        |
|    policy_gradient_loss | 0.0022      |
|    std                  | 1.29        |
|    value_loss           | 2.8         |
-----------------------------------------
----------------------------------------
| rollout/                |            |
|    ep_len_mean          | 175        |
|    ep_rew_mean          | 21.4       |
|    success_rate         | 0.43       |
| time/                   |            |
|    fps                  | 220        |
|    iterations           | 28         |
|    time_elapsed         | 519        |
|    total_timesteps      | 864688     |
| train/                  |            |
|    approx_kl            | 0.03042639 |
|    clip_fraction        | 0.228      |
|    clip_range           | 0.2        |
|    entropy_loss         | -5         |
|    explained_variance   | 0.841      |
|    learning_rate        | 0.0003     |
|    loss                 | 0.185      |
|    n_updates            | 2100       |
|    policy_gradient_loss | -0.00314   |
|    std                  | 1.3        |
|    value_loss           | 1.69       |
----------------------------------------
-----------------------------------------
| rollout/                |             |
|    ep_len_mean          | 163         |
|    ep_rew_mean          | 22          |
|    success_rate         | 0.44        |
| time/                   |             |
|    fps                  | 220         |
|    iterations           | 29          |
|    time_elapsed         | 538         |
|    total_timesteps      | 868784      |
| train/                  |             |
|    approx_kl            | 0.025946092 |
|    clip_fraction        | 0.259       |
|    clip_range           | 0.2         |
|    entropy_loss         | -5          |
|    explained_variance   | 0.769       |
|    learning_rate        | 0.0003      |
|    loss                 | 0.228       |
|    n_updates            | 2110        |
|    policy_gradient_loss | -0.000775   |
|    std                  | 1.29        |
|    value_loss           | 2.42        |
-----------------------------------------
----------------------------------------
| rollout/                |            |
|    ep_len_mean          | 157        |
|    ep_rew_mean          | 22.9       |
|    success_rate         | 0.45       |
| time/                   |            |
|    fps                  | 220        |
|    iterations           | 30         |
|    time_elapsed         | 556        |
|    total_timesteps      | 872880     |
| train/                  |            |
|    approx_kl            | 0.02113773 |
|    clip_fraction        | 0.237      |
|    clip_range           | 0.2        |
|    entropy_loss         | -5         |
|    explained_variance   | 0.711      |
|    learning_rate        | 0.0003     |
|    loss                 | 0.262      |
|    n_updates            | 2120       |
|    policy_gradient_loss | 0.00162    |
|    std                  | 1.3        |
|    value_loss           | 2.47       |
----------------------------------------
-----------------------------------------
| rollout/                |             |
|    ep_len_mean          | 143         |
|    ep_rew_mean          | 23.4        |
|    success_rate         | 0.41        |
| time/                   |             |
|    fps                  | 220         |
|    iterations           | 31          |
|    time_elapsed         | 575         |
|    total_timesteps      | 876976      |
| train/                  |             |
|    approx_kl            | 0.021604266 |
|    clip_fraction        | 0.222       |
|    clip_range           | 0.2         |
|    entropy_loss         | -5.01       |
|    explained_variance   | 0.66        |
|    learning_rate        | 0.0003      |
|    loss                 | 0.267       |
|    n_updates            | 2130        |
|    policy_gradient_loss | 0.000778    |
|    std                  | 1.3         |
|    value_loss           | 2.4         |
-----------------------------------------
----------------------------------------
| rollout/                |            |
|    ep_len_mean          | 147        |
|    ep_rew_mean          | 23.4       |
|    success_rate         | 0.4        |
| time/                   |            |
|    fps                  | 220        |
|    iterations           | 32         |
|    time_elapsed         | 594        |
|    total_timesteps      | 881072     |
| train/                  |            |
|    approx_kl            | 0.02123851 |
|    clip_fraction        | 0.185      |
|    clip_range           | 0.2        |
|    entropy_loss         | -5.01      |
|    explained_variance   | 0.753      |
|    learning_rate        | 0.0003     |
|    loss                 | 0.562      |
|    n_updates            | 2140       |
|    policy_gradient_loss | -0.0012    |
|    std                  | 1.3        |
|    value_loss           | 2.97       |
----------------------------------------
[2026-05-17 18:14:41] N3FZ_TRAIN_HEARTBEAT config=decouple_deepsets_gpsi steps=131932/250000 percent= 52.77% rate=   219.9 step/s eta=   8.95 min recent_reward=22.795
-----------------------------------------
| rollout/                |             |
|    ep_len_mean          | 155         |
|    ep_rew_mean          | 22.3        |
|    success_rate         | 0.37        |
| time/                   |             |
|    fps                  | 220         |
|    iterations           | 33          |
|    time_elapsed         | 613         |
|    total_timesteps      | 885168      |
| train/                  |             |
|    approx_kl            | 0.020886054 |
|    clip_fraction        | 0.229       |
|    clip_range           | 0.2         |
|    entropy_loss         | -5.02       |
|    explained_variance   | 0.788       |
|    learning_rate        | 0.0003      |
|    loss                 | 0.183       |
|    n_updates            | 2150        |
|    policy_gradient_loss | -0.0043     |
|    std                  | 1.31        |
|    value_loss           | 1.81        |
-----------------------------------------
-----------------------------------------
| rollout/                |             |
|    ep_len_mean          | 148         |
|    ep_rew_mean          | 19.2        |
|    success_rate         | 0.29        |
| time/                   |             |
|    fps                  | 220         |
|    iterations           | 34          |
|    time_elapsed         | 631         |
|    total_timesteps      | 889264      |
| train/                  |             |
|    approx_kl            | 0.021076104 |
|    clip_fraction        | 0.197       |
|    clip_range           | 0.2         |
|    entropy_loss         | -5.03       |
|    explained_variance   | 0.854       |
|    learning_rate        | 0.0003      |
|    loss                 | 0.117       |
|    n_updates            | 2160        |
|    policy_gradient_loss | -0.00802    |
|    std                  | 1.31        |
|    value_loss           | 1.74        |
-----------------------------------------
-----------------------------------------
| rollout/                |             |
|    ep_len_mean          | 156         |
|    ep_rew_mean          | 19.6        |
|    success_rate         | 0.35        |
| time/                   |             |
|    fps                  | 220         |
|    iterations           | 35          |
|    time_elapsed         | 651         |
|    total_timesteps      | 893360      |
| train/                  |             |
|    approx_kl            | 0.019341182 |
|    clip_fraction        | 0.204       |
|    clip_range           | 0.2         |
|    entropy_loss         | -5.03       |
|    explained_variance   | 0.706       |
|    learning_rate        | 0.0003      |
|    loss                 | 0.431       |
|    n_updates            | 2170        |
|    policy_gradient_loss | -0.00458    |
|    std                  | 1.31        |
|    value_loss           | 3.27        |
-----------------------------------------
-----------------------------------------
| rollout/                |             |
|    ep_len_mean          | 153         |
|    ep_rew_mean          | 17.9        |
|    success_rate         | 0.28        |
| time/                   |             |
|    fps                  | 220         |
|    iterations           | 36          |
|    time_elapsed         | 670         |
|    total_timesteps      | 897456      |
| train/                  |             |
|    approx_kl            | 0.026722098 |
|    clip_fraction        | 0.22        |
|    clip_range           | 0.2         |
|    entropy_loss         | -5.03       |
|    explained_variance   | 0.821       |
|    learning_rate        | 0.0003      |
|    loss                 | 0.247       |
|    n_updates            | 2180        |
|    policy_gradient_loss | -0.00406    |
|    std                  | 1.3         |
|    value_loss           | 1.9         |
-----------------------------------------
-----------------------------------------
| rollout/                |             |
|    ep_len_mean          | 138         |
|    ep_rew_mean          | 19.5        |
|    success_rate         | 0.31        |
| time/                   |             |
|    fps                  | 220         |
|    iterations           | 37          |
|    time_elapsed         | 688         |
|    total_timesteps      | 901552      |
| train/                  |             |
|    approx_kl            | 0.020560144 |
|    clip_fraction        | 0.195       |
|    clip_range           | 0.2         |
|    entropy_loss         | -5.03       |
|    explained_variance   | 0.849       |
|    learning_rate        | 0.0003      |
|    loss                 | 0.144       |
|    n_updates            | 2190        |
|    policy_gradient_loss | 0.000209    |
|    std                  | 1.31        |
|    value_loss           | 1.69        |
-----------------------------------------
-----------------------------------------
| rollout/                |             |
|    ep_len_mean          | 133         |
|    ep_rew_mean          | 19.1        |
|    success_rate         | 0.25        |
| time/                   |             |
|    fps                  | 220         |
|    iterations           | 38          |
|    time_elapsed         | 707         |
|    total_timesteps      | 905648      |
| train/                  |             |
|    approx_kl            | 0.021581188 |
|    clip_fraction        | 0.192       |
|    clip_range           | 0.2         |
|    entropy_loss         | -5.03       |
|    explained_variance   | 0.664       |
|    learning_rate        | 0.0003      |
|    loss                 | 0.434       |
|    n_updates            | 2200        |
|    policy_gradient_loss | 0.00176     |
|    std                  | 1.3         |
|    value_loss           | 3.84        |
-----------------------------------------
-----------------------------------------
| rollout/                |             |
|    ep_len_mean          | 119         |
|    ep_rew_mean          | 20          |
|    success_rate         | 0.27        |
| time/                   |             |
|    fps                  | 220         |
|    iterations           | 39          |
|    time_elapsed         | 725         |
|    total_timesteps      | 909744      |
| train/                  |             |
|    approx_kl            | 0.019020528 |
|    clip_fraction        | 0.187       |
|    clip_range           | 0.2         |
|    entropy_loss         | -5.03       |
|    explained_variance   | 0.676       |
|    learning_rate        | 0.0003      |
|    loss                 | 0.483       |
|    n_updates            | 2210        |
|    policy_gradient_loss | -0.00482    |
|    std                  | 1.31        |
|    value_loss           | 3.02        |
-----------------------------------------
-----------------------------------------
| rollout/                |             |
|    ep_len_mean          | 124         |
|    ep_rew_mean          | 22.2        |
|    success_rate         | 0.35        |
| time/                   |             |
|    fps                  | 220         |
|    iterations           | 40          |
|    time_elapsed         | 743         |
|    total_timesteps      | 913840      |
| train/                  |             |
|    approx_kl            | 0.022409806 |
|    clip_fraction        | 0.169       |
|    clip_range           | 0.2         |
|    entropy_loss         | -5.04       |
|    explained_variance   | 0.581       |
|    learning_rate        | 0.0003      |
|    loss                 | 0.476       |
|    n_updates            | 2220        |
|    policy_gradient_loss | -0.00293    |
|    std                  | 1.31        |
|    value_loss           | 4.03        |
-----------------------------------------
-----------------------------------------
| rollout/                |             |
|    ep_len_mean          | 122         |
|    ep_rew_mean          | 23.9        |
|    success_rate         | 0.4         |
| time/                   |             |
|    fps                  | 220         |
|    iterations           | 41          |
|    time_elapsed         | 762         |
|    total_timesteps      | 917936      |
| train/                  |             |
|    approx_kl            | 0.020758089 |
|    clip_fraction        | 0.208       |
|    clip_range           | 0.2         |
|    entropy_loss         | -5.04       |
|    explained_variance   | 0.548       |
|    learning_rate        | 0.0003      |
|    loss                 | 0.344       |
|    n_updates            | 2230        |
|    policy_gradient_loss | -0.00193    |
|    std                  | 1.31        |
|    value_loss           | 2.8         |
-----------------------------------------
-----------------------------------------
| rollout/                |             |
|    ep_len_mean          | 126         |
|    ep_rew_mean          | 25.2        |
|    success_rate         | 0.41        |
| time/                   |             |
|    fps                  | 220         |
|    iterations           | 42          |
|    time_elapsed         | 780         |
|    total_timesteps      | 922032      |
| train/                  |             |
|    approx_kl            | 0.017301243 |
|    clip_fraction        | 0.17        |
|    clip_range           | 0.2         |
|    entropy_loss         | -5.03       |
|    explained_variance   | 0.682       |
|    learning_rate        | 0.0003      |
|    loss                 | 0.372       |
|    n_updates            | 2240        |
|    policy_gradient_loss | -0.00476    |
|    std                  | 1.3         |
|    value_loss           | 2.34        |
-----------------------------------------
-----------------------------------------
| rollout/                |             |
|    ep_len_mean          | 126         |
|    ep_rew_mean          | 23.9        |
|    success_rate         | 0.34        |
| time/                   |             |
|    fps                  | 220         |
|    iterations           | 43          |
|    time_elapsed         | 798         |
|    total_timesteps      | 926128      |
| train/                  |             |
|    approx_kl            | 0.017418576 |
|    clip_fraction        | 0.18        |
|    clip_range           | 0.2         |
|    entropy_loss         | -5.03       |
|    explained_variance   | 0.647       |
|    learning_rate        | 0.0003      |
|    loss                 | 0.343       |
|    n_updates            | 2250        |
|    policy_gradient_loss | -0.00463    |
|    std                  | 1.31        |
|    value_loss           | 2.87        |
-----------------------------------------
-----------------------------------------
| rollout/                |             |
|    ep_len_mean          | 132         |
|    ep_rew_mean          | 25.3        |
|    success_rate         | 0.4         |
| time/                   |             |
|    fps                  | 220         |
|    iterations           | 44          |
|    time_elapsed         | 816         |
|    total_timesteps      | 930224      |
| train/                  |             |
|    approx_kl            | 0.015226923 |
|    clip_fraction        | 0.15        |
|    clip_range           | 0.2         |
|    entropy_loss         | -5.04       |
|    explained_variance   | 0.746       |
|    learning_rate        | 0.0003      |
|    loss                 | 0.204       |
|    n_updates            | 2260        |
|    policy_gradient_loss | -0.00766    |
|    std                  | 1.31        |
|    value_loss           | 2.41        |
-----------------------------------------
----------------------------------------
| rollout/                |            |
|    ep_len_mean          | 131        |
|    ep_rew_mean          | 24.7       |
|    success_rate         | 0.4        |
| time/                   |            |
|    fps                  | 220        |
|    iterations           | 45         |
|    time_elapsed         | 834        |
|    total_timesteps      | 934320     |
| train/                  |            |
|    approx_kl            | 0.02753108 |
|    clip_fraction        | 0.268      |
|    clip_range           | 0.2        |
|    entropy_loss         | -5.04      |
|    explained_variance   | 0.543      |
|    learning_rate        | 0.0003     |
|    loss                 | 0.278      |
|    n_updates            | 2270       |
|    policy_gradient_loss | -0.0013    |
|    std                  | 1.31       |
|    value_loss           | 3.21       |
----------------------------------------
-----------------------------------------
| rollout/                |             |
|    ep_len_mean          | 135         |
|    ep_rew_mean          | 26.9        |
|    success_rate         | 0.51        |
| time/                   |             |
|    fps                  | 220         |
|    iterations           | 46          |
|    time_elapsed         | 853         |
|    total_timesteps      | 938416      |
| train/                  |             |
|    approx_kl            | 0.018648878 |
|    clip_fraction        | 0.199       |
|    clip_range           | 0.2         |
|    entropy_loss         | -5.02       |
|    explained_variance   | 0.647       |
|    learning_rate        | 0.0003      |
|    loss                 | 0.239       |
|    n_updates            | 2280        |
|    policy_gradient_loss | -0.00231    |
|    std                  | 1.3         |
|    value_loss           | 2.89        |
-----------------------------------------
-----------------------------------------
| rollout/                |             |
|    ep_len_mean          | 136         |
|    ep_rew_mean          | 26.5        |
|    success_rate         | 0.49        |
| time/                   |             |
|    fps                  | 220         |
|    iterations           | 47          |
|    time_elapsed         | 872         |
|    total_timesteps      | 942512      |
| train/                  |             |
|    approx_kl            | 0.020911293 |
|    clip_fraction        | 0.214       |
|    clip_range           | 0.2         |
|    entropy_loss         | -5.02       |
|    explained_variance   | 0.676       |
|    learning_rate        | 0.0003      |
|    loss                 | 0.149       |
|    n_updates            | 2290        |
|    policy_gradient_loss | -0.00162    |
|    std                  | 1.31        |
|    value_loss           | 2.12        |
-----------------------------------------
-----------------------------------------
| rollout/                |             |
|    ep_len_mean          | 138         |
|    ep_rew_mean          | 25.5        |
|    success_rate         | 0.46        |
| time/                   |             |
|    fps                  | 220         |
|    iterations           | 48          |
|    time_elapsed         | 890         |
|    total_timesteps      | 946608      |
| train/                  |             |
|    approx_kl            | 0.021368524 |
|    clip_fraction        | 0.19        |
|    clip_range           | 0.2         |
|    entropy_loss         | -5.03       |
|    explained_variance   | 0.691       |
|    learning_rate        | 0.0003      |
|    loss                 | 0.222       |
|    n_updates            | 2300        |
|    policy_gradient_loss | -0.00617    |
|    std                  | 1.31        |
|    value_loss           | 2.26        |
-----------------------------------------
[2026-05-17 18:19:41] N3FZ_TRAIN_HEARTBEAT config=decouple_deepsets_gpsi steps=198416/250000 percent= 79.37% rate=   220.5 step/s eta=   3.90 min recent_reward=24.745
----------------------------------------
| rollout/                |            |
|    ep_len_mean          | 137        |
|    ep_rew_mean          | 24.3       |
|    success_rate         | 0.4        |
| time/                   |            |
|    fps                  | 220        |
|    iterations           | 49         |
|    time_elapsed         | 908        |
|    total_timesteps      | 950704     |
| train/                  |            |
|    approx_kl            | 0.02079207 |
|    clip_fraction        | 0.215      |
|    clip_range           | 0.2        |
|    entropy_loss         | -5.03      |
|    explained_variance   | 0.72       |
|    learning_rate        | 0.0003     |
|    loss                 | 0.34       |
|    n_updates            | 2310       |
|    policy_gradient_loss | 0.00222    |
|    std                  | 1.31       |
|    value_loss           | 2.34       |
----------------------------------------
-----------------------------------------
| rollout/                |             |
|    ep_len_mean          | 138         |
|    ep_rew_mean          | 24          |
|    success_rate         | 0.39        |
| time/                   |             |
|    fps                  | 220         |
|    iterations           | 50          |
|    time_elapsed         | 927         |
|    total_timesteps      | 954800      |
| train/                  |             |
|    approx_kl            | 0.019919053 |
|    clip_fraction        | 0.22        |
|    clip_range           | 0.2         |
|    entropy_loss         | -5.03       |
|    explained_variance   | 0.707       |
|    learning_rate        | 0.0003      |
|    loss                 | 0.465       |
|    n_updates            | 2320        |
|    policy_gradient_loss | -0.00198    |
|    std                  | 1.31        |
|    value_loss           | 3.26        |
-----------------------------------------
-----------------------------------------
| rollout/                |             |
|    ep_len_mean          | 136         |
|    ep_rew_mean          | 23.1        |
|    success_rate         | 0.34        |
| time/                   |             |
|    fps                  | 220         |
|    iterations           | 51          |
|    time_elapsed         | 946         |
|    total_timesteps      | 958896      |
| train/                  |             |
|    approx_kl            | 0.022819266 |
|    clip_fraction        | 0.196       |
|    clip_range           | 0.2         |
|    entropy_loss         | -5.04       |
|    explained_variance   | 0.74        |
|    learning_rate        | 0.0003      |
|    loss                 | 0.237       |
|    n_updates            | 2330        |
|    policy_gradient_loss | -0.00124    |
|    std                  | 1.31        |
|    value_loss           | 2.24        |
-----------------------------------------
-----------------------------------------
| rollout/                |             |
|    ep_len_mean          | 134         |
|    ep_rew_mean          | 23.1        |
|    success_rate         | 0.35        |
| time/                   |             |
|    fps                  | 220         |
|    iterations           | 52          |
|    time_elapsed         | 965         |
|    total_timesteps      | 962992      |
| train/                  |             |
|    approx_kl            | 0.020709004 |
|    clip_fraction        | 0.206       |
|    clip_range           | 0.2         |
|    entropy_loss         | -5.04       |
|    explained_variance   | 0.716       |
|    learning_rate        | 0.0003      |
|    loss                 | 0.249       |
|    n_updates            | 2340        |
|    policy_gradient_loss | -0.00451    |
|    std                  | 1.31        |
|    value_loss           | 2.09        |
-----------------------------------------
-----------------------------------------
| rollout/                |             |
|    ep_len_mean          | 132         |
|    ep_rew_mean          | 23.2        |
|    success_rate         | 0.36        |
| time/                   |             |
|    fps                  | 220         |
|    iterations           | 53          |
|    time_elapsed         | 983         |
|    total_timesteps      | 967088      |
| train/                  |             |
|    approx_kl            | 0.022475015 |
|    clip_fraction        | 0.24        |
|    clip_range           | 0.2         |
|    entropy_loss         | -5.04       |
|    explained_variance   | 0.673       |
|    learning_rate        | 0.0003      |
|    loss                 | 0.266       |
|    n_updates            | 2350        |
|    policy_gradient_loss | 0.0011      |
|    std                  | 1.32        |
|    value_loss           | 2.91        |
-----------------------------------------
-----------------------------------------
| rollout/                |             |
|    ep_len_mean          | 131         |
|    ep_rew_mean          | 22.9        |
|    success_rate         | 0.36        |
| time/                   |             |
|    fps                  | 220         |
|    iterations           | 54          |
|    time_elapsed         | 1001        |
|    total_timesteps      | 971184      |
| train/                  |             |
|    approx_kl            | 0.020077944 |
|    clip_fraction        | 0.208       |
|    clip_range           | 0.2         |
|    entropy_loss         | -5.06       |
|    explained_variance   | 0.73        |
|    learning_rate        | 0.0003      |
|    loss                 | 0.351       |
|    n_updates            | 2360        |
|    policy_gradient_loss | -0.00254    |
|    std                  | 1.32        |
|    value_loss           | 2.57        |
-----------------------------------------
-----------------------------------------
| rollout/                |             |
|    ep_len_mean          | 129         |
|    ep_rew_mean          | 24          |
|    success_rate         | 0.41        |
| time/                   |             |
|    fps                  | 220         |
|    iterations           | 55          |
|    time_elapsed         | 1020        |
|    total_timesteps      | 975280      |
| train/                  |             |
|    approx_kl            | 0.024744755 |
|    clip_fraction        | 0.209       |
|    clip_range           | 0.2         |
|    entropy_loss         | -5.06       |
|    explained_variance   | 0.622       |
|    learning_rate        | 0.0003      |
|    loss                 | 0.319       |
|    n_updates            | 2370        |
|    policy_gradient_loss | -0.00397    |
|    std                  | 1.32        |
|    value_loss           | 2.62        |
-----------------------------------------
-----------------------------------------
| rollout/                |             |
|    ep_len_mean          | 128         |
|    ep_rew_mean          | 24.4        |
|    success_rate         | 0.41        |
| time/                   |             |
|    fps                  | 220         |
|    iterations           | 56          |
|    time_elapsed         | 1038        |
|    total_timesteps      | 979376      |
| train/                  |             |
|    approx_kl            | 0.024675695 |
|    clip_fraction        | 0.234       |
|    clip_range           | 0.2         |
|    entropy_loss         | -5.07       |
|    explained_variance   | 0.637       |
|    learning_rate        | 0.0003      |
|    loss                 | 0.196       |
|    n_updates            | 2380        |
|    policy_gradient_loss | -0.00408    |
|    std                  | 1.33        |
|    value_loss           | 2.63        |
-----------------------------------------
-----------------------------------------
| rollout/                |             |
|    ep_len_mean          | 121         |
|    ep_rew_mean          | 24          |
|    success_rate         | 0.41        |
| time/                   |             |
|    fps                  | 220         |
|    iterations           | 57          |
|    time_elapsed         | 1057        |
|    total_timesteps      | 983472      |
| train/                  |             |
|    approx_kl            | 0.021850064 |
|    clip_fraction        | 0.204       |
|    clip_range           | 0.2         |
|    entropy_loss         | -5.08       |
|    explained_variance   | 0.693       |
|    learning_rate        | 0.0003      |
|    loss                 | 0.346       |
|    n_updates            | 2390        |
|    policy_gradient_loss | -0.00165    |
|    std                  | 1.33        |
|    value_loss           | 2.9         |
-----------------------------------------
-----------------------------------------
| rollout/                |             |
|    ep_len_mean          | 121         |
|    ep_rew_mean          | 22.8        |
|    success_rate         | 0.35        |
| time/                   |             |
|    fps                  | 220         |
|    iterations           | 58          |
|    time_elapsed         | 1076        |
|    total_timesteps      | 987568      |
| train/                  |             |
|    approx_kl            | 0.020929135 |
|    clip_fraction        | 0.219       |
|    clip_range           | 0.2         |
|    entropy_loss         | -5.08       |
|    explained_variance   | 0.61        |
|    learning_rate        | 0.0003      |
|    loss                 | 0.601       |
|    n_updates            | 2400        |
|    policy_gradient_loss | -0.00508    |
|    std                  | 1.33        |
|    value_loss           | 3.18        |
-----------------------------------------
-----------------------------------------
| rollout/                |             |
|    ep_len_mean          | 118         |
|    ep_rew_mean          | 22.8        |
|    success_rate         | 0.36        |
| time/                   |             |
|    fps                  | 220         |
|    iterations           | 59          |
|    time_elapsed         | 1094        |
|    total_timesteps      | 991664      |
| train/                  |             |
|    approx_kl            | 0.021534692 |
|    clip_fraction        | 0.213       |
|    clip_range           | 0.2         |
|    entropy_loss         | -5.08       |
|    explained_variance   | 0.636       |
|    learning_rate        | 0.0003      |
|    loss                 | 0.421       |
|    n_updates            | 2410        |
|    policy_gradient_loss | -0.00231    |
|    std                  | 1.33        |
|    value_loss           | 3.38        |
-----------------------------------------
----------------------------------------
| rollout/                |            |
|    ep_len_mean          | 112        |
|    ep_rew_mean          | 21         |
|    success_rate         | 0.28       |
| time/                   |            |
|    fps                  | 220        |
|    iterations           | 60         |
|    time_elapsed         | 1112       |
|    total_timesteps      | 995760     |
| train/                  |            |
|    approx_kl            | 0.01992286 |
|    clip_fraction        | 0.193      |
|    clip_range           | 0.2        |
|    entropy_loss         | -5.08      |
|    explained_variance   | 0.572      |
|    learning_rate        | 0.0003     |
|    loss                 | 0.458      |
|    n_updates            | 2420       |
|    policy_gradient_loss | -0.00342   |
|    std                  | 1.33       |
|    value_loss           | 4.02       |
----------------------------------------
-----------------------------------------
| rollout/                |             |
|    ep_len_mean          | 107         |
|    ep_rew_mean          | 20.2        |
|    success_rate         | 0.28        |
| time/                   |             |
|    fps                  | 220         |
|    iterations           | 61          |
|    time_elapsed         | 1130        |
|    total_timesteps      | 999856      |
| train/                  |             |
|    approx_kl            | 0.020427974 |
|    clip_fraction        | 0.188       |
|    clip_range           | 0.2         |
|    entropy_loss         | -5.08       |
|    explained_variance   | 0.507       |
|    learning_rate        | 0.0003      |
|    loss                 | 0.65        |
|    n_updates            | 2430        |
|    policy_gradient_loss | -0.00402    |
|    std                  | 1.33        |
|    value_loss           | 4.23        |
-----------------------------------------
[2026-05-17 18:23:34] STAB_TOTAL_CHECKPOINT_SAVED step=1000000 path=checkpoints/env_v2_gpsi_heada_ppo_n3pf_decouple_decouple_deepsets_gpsi_s0/checkpoint_1000k.zip
-----------------------------------------
| rollout/                |             |
|    ep_len_mean          | 113         |
|    ep_rew_mean          | 21.9        |
|    success_rate         | 0.31        |
| time/                   |             |
|    fps                  | 220         |
|    iterations           | 62          |
|    time_elapsed         | 1149        |
|    total_timesteps      | 1003952     |
| train/                  |             |
|    approx_kl            | 0.021506984 |
|    clip_fraction        | 0.211       |
|    clip_range           | 0.2         |
|    entropy_loss         | -5.08       |
|    explained_variance   | 0.463       |
|    learning_rate        | 0.0003      |
|    loss                 | 0.237       |
|    n_updates            | 2440        |
|    policy_gradient_loss | 0.000707    |
|    std                  | 1.33        |
|    value_loss           | 3.25        |
-----------------------------------------
[2026-05-17 18:23:53] STAB_TRAIN_END variant=decouple_deepsets_gpsi seed=0 final=checkpoints/env_v2_gpsi_heada_ppo_n3pf_decouple_decouple_deepsets_gpsi_s0/final.zip
