Logging to /root/workspace/uav-risk-rl/checkpoints/env_v2_gpsi_heada_ppo_n3pf_decouple_decouple_deepsets_obs_s0/tensorboard/PPO_1
[2026-05-17 18:04:44] N3FZ_TRAIN_START config=decouple_deepsets_obs total_steps=250000 start_num_timesteps=750000
---------------------------------
| rollout/           |          |
|    ep_len_mean     | 118      |
|    ep_rew_mean     | 23.1     |
|    success_rate    | 0.42     |
| time/              |          |
|    fps             | 252      |
|    iterations      | 1        |
|    time_elapsed    | 16       |
|    total_timesteps | 754096   |
---------------------------------
-----------------------------------------
| rollout/                |             |
|    ep_len_mean          | 118         |
|    ep_rew_mean          | 22.2        |
|    success_rate         | 0.39        |
| time/                   |             |
|    fps                  | 239         |
|    iterations           | 2           |
|    time_elapsed         | 34          |
|    total_timesteps      | 758192      |
| train/                  |             |
|    approx_kl            | 0.024672009 |
|    clip_fraction        | 0.186       |
|    clip_range           | 0.2         |
|    entropy_loss         | -4.72       |
|    explained_variance   | 0.446       |
|    learning_rate        | 0.0003      |
|    loss                 | 0.55        |
|    n_updates            | 1840        |
|    policy_gradient_loss | -0.00198    |
|    std                  | 1.17        |
|    value_loss           | 3.84        |
-----------------------------------------
-----------------------------------------
| rollout/                |             |
|    ep_len_mean          | 121         |
|    ep_rew_mean          | 22.7        |
|    success_rate         | 0.4         |
| time/                   |             |
|    fps                  | 234         |
|    iterations           | 3           |
|    time_elapsed         | 52          |
|    total_timesteps      | 762288      |
| train/                  |             |
|    approx_kl            | 0.023643691 |
|    clip_fraction        | 0.234       |
|    clip_range           | 0.2         |
|    entropy_loss         | -4.73       |
|    explained_variance   | 0.401       |
|    learning_rate        | 0.0003      |
|    loss                 | 0.418       |
|    n_updates            | 1850        |
|    policy_gradient_loss | -0.00375    |
|    std                  | 1.17        |
|    value_loss           | 3.4         |
-----------------------------------------
-----------------------------------------
| rollout/                |             |
|    ep_len_mean          | 119         |
|    ep_rew_mean          | 23.3        |
|    success_rate         | 0.41        |
| time/                   |             |
|    fps                  | 230         |
|    iterations           | 4           |
|    time_elapsed         | 71          |
|    total_timesteps      | 766384      |
| train/                  |             |
|    approx_kl            | 0.022137292 |
|    clip_fraction        | 0.245       |
|    clip_range           | 0.2         |
|    entropy_loss         | -4.73       |
|    explained_variance   | 0.54        |
|    learning_rate        | 0.0003      |
|    loss                 | 0.293       |
|    n_updates            | 1860        |
|    policy_gradient_loss | -0.00629    |
|    std                  | 1.17        |
|    value_loss           | 3.29        |
-----------------------------------------
-----------------------------------------
| rollout/                |             |
|    ep_len_mean          | 121         |
|    ep_rew_mean          | 22.6        |
|    success_rate         | 0.39        |
| time/                   |             |
|    fps                  | 229         |
|    iterations           | 5           |
|    time_elapsed         | 89          |
|    total_timesteps      | 770480      |
| train/                  |             |
|    approx_kl            | 0.024539288 |
|    clip_fraction        | 0.217       |
|    clip_range           | 0.2         |
|    entropy_loss         | -4.72       |
|    explained_variance   | 0.586       |
|    learning_rate        | 0.0003      |
|    loss                 | 0.335       |
|    n_updates            | 1870        |
|    policy_gradient_loss | -0.00441    |
|    std                  | 1.17        |
|    value_loss           | 2.84        |
-----------------------------------------
-----------------------------------------
| rollout/                |             |
|    ep_len_mean          | 118         |
|    ep_rew_mean          | 21.2        |
|    success_rate         | 0.34        |
| time/                   |             |
|    fps                  | 228         |
|    iterations           | 6           |
|    time_elapsed         | 107         |
|    total_timesteps      | 774576      |
| train/                  |             |
|    approx_kl            | 0.022164222 |
|    clip_fraction        | 0.233       |
|    clip_range           | 0.2         |
|    entropy_loss         | -4.72       |
|    explained_variance   | 0.489       |
|    learning_rate        | 0.0003      |
|    loss                 | 0.483       |
|    n_updates            | 1880        |
|    policy_gradient_loss | 0.000777    |
|    std                  | 1.17        |
|    value_loss           | 3.52        |
-----------------------------------------
-----------------------------------------
| rollout/                |             |
|    ep_len_mean          | 117         |
|    ep_rew_mean          | 19.9        |
|    success_rate         | 0.3         |
| time/                   |             |
|    fps                  | 227         |
|    iterations           | 7           |
|    time_elapsed         | 125         |
|    total_timesteps      | 778672      |
| train/                  |             |
|    approx_kl            | 0.022240812 |
|    clip_fraction        | 0.212       |
|    clip_range           | 0.2         |
|    entropy_loss         | -4.72       |
|    explained_variance   | 0.555       |
|    learning_rate        | 0.0003      |
|    loss                 | 0.597       |
|    n_updates            | 1890        |
|    policy_gradient_loss | -0.000848   |
|    std                  | 1.17        |
|    value_loss           | 4.01        |
-----------------------------------------
-----------------------------------------
| rollout/                |             |
|    ep_len_mean          | 114         |
|    ep_rew_mean          | 20.6        |
|    success_rate         | 0.34        |
| time/                   |             |
|    fps                  | 226         |
|    iterations           | 8           |
|    time_elapsed         | 144         |
|    total_timesteps      | 782768      |
| train/                  |             |
|    approx_kl            | 0.018769879 |
|    clip_fraction        | 0.187       |
|    clip_range           | 0.2         |
|    entropy_loss         | -4.73       |
|    explained_variance   | 0.594       |
|    learning_rate        | 0.0003      |
|    loss                 | 0.43        |
|    n_updates            | 1900        |
|    policy_gradient_loss | -0.00317    |
|    std                  | 1.17        |
|    value_loss           | 3.88        |
-----------------------------------------
-----------------------------------------
| rollout/                |             |
|    ep_len_mean          | 115         |
|    ep_rew_mean          | 21.1        |
|    success_rate         | 0.34        |
| time/                   |             |
|    fps                  | 225         |
|    iterations           | 9           |
|    time_elapsed         | 163         |
|    total_timesteps      | 786864      |
| train/                  |             |
|    approx_kl            | 0.018029697 |
|    clip_fraction        | 0.193       |
|    clip_range           | 0.2         |
|    entropy_loss         | -4.73       |
|    explained_variance   | 0.571       |
|    learning_rate        | 0.0003      |
|    loss                 | 0.336       |
|    n_updates            | 1910        |
|    policy_gradient_loss | -0.00173    |
|    std                  | 1.17        |
|    value_loss           | 3.21        |
-----------------------------------------
-----------------------------------------
| rollout/                |             |
|    ep_len_mean          | 113         |
|    ep_rew_mean          | 21.2        |
|    success_rate         | 0.34        |
| time/                   |             |
|    fps                  | 225         |
|    iterations           | 10          |
|    time_elapsed         | 181         |
|    total_timesteps      | 790960      |
| train/                  |             |
|    approx_kl            | 0.020837503 |
|    clip_fraction        | 0.165       |
|    clip_range           | 0.2         |
|    entropy_loss         | -4.73       |
|    explained_variance   | 0.653       |
|    learning_rate        | 0.0003      |
|    loss                 | 0.354       |
|    n_updates            | 1920        |
|    policy_gradient_loss | 0.00208     |
|    std                  | 1.18        |
|    value_loss           | 3.32        |
-----------------------------------------
-----------------------------------------
| rollout/                |             |
|    ep_len_mean          | 114         |
|    ep_rew_mean          | 20.9        |
|    success_rate         | 0.3         |
| time/                   |             |
|    fps                  | 224         |
|    iterations           | 11          |
|    time_elapsed         | 200         |
|    total_timesteps      | 795056      |
| train/                  |             |
|    approx_kl            | 0.020932697 |
|    clip_fraction        | 0.188       |
|    clip_range           | 0.2         |
|    entropy_loss         | -4.74       |
|    explained_variance   | 0.576       |
|    learning_rate        | 0.0003      |
|    loss                 | 0.336       |
|    n_updates            | 1930        |
|    policy_gradient_loss | -0.00289    |
|    std                  | 1.18        |
|    value_loss           | 3.19        |
-----------------------------------------
----------------------------------------
| rollout/                |            |
|    ep_len_mean          | 115        |
|    ep_rew_mean          | 22.6       |
|    success_rate         | 0.38       |
| time/                   |            |
|    fps                  | 224        |
|    iterations           | 12         |
|    time_elapsed         | 219        |
|    total_timesteps      | 799152     |
| train/                  |            |
|    approx_kl            | 0.02473481 |
|    clip_fraction        | 0.202      |
|    clip_range           | 0.2        |
|    entropy_loss         | -4.75      |
|    explained_variance   | 0.646      |
|    learning_rate        | 0.0003     |
|    loss                 | 0.375      |
|    n_updates            | 1940       |
|    policy_gradient_loss | -0.0037    |
|    std                  | 1.19       |
|    value_loss           | 2.93       |
----------------------------------------
-----------------------------------------
| rollout/                |             |
|    ep_len_mean          | 114         |
|    ep_rew_mean          | 22.7        |
|    success_rate         | 0.39        |
| time/                   |             |
|    fps                  | 222         |
|    iterations           | 13          |
|    time_elapsed         | 238         |
|    total_timesteps      | 803248      |
| train/                  |             |
|    approx_kl            | 0.023763513 |
|    clip_fraction        | 0.236       |
|    clip_range           | 0.2         |
|    entropy_loss         | -4.78       |
|    explained_variance   | 0.407       |
|    learning_rate        | 0.0003      |
|    loss                 | 0.354       |
|    n_updates            | 1950        |
|    policy_gradient_loss | -0.000391   |
|    std                  | 1.19        |
|    value_loss           | 3.51        |
-----------------------------------------
-----------------------------------------
| rollout/                |             |
|    ep_len_mean          | 112         |
|    ep_rew_mean          | 22.3        |
|    success_rate         | 0.38        |
| time/                   |             |
|    fps                  | 221         |
|    iterations           | 14          |
|    time_elapsed         | 258         |
|    total_timesteps      | 807344      |
| train/                  |             |
|    approx_kl            | 0.027003001 |
|    clip_fraction        | 0.227       |
|    clip_range           | 0.2         |
|    entropy_loss         | -4.76       |
|    explained_variance   | 0.591       |
|    learning_rate        | 0.0003      |
|    loss                 | 0.237       |
|    n_updates            | 1960        |
|    policy_gradient_loss | -0.00172    |
|    std                  | 1.18        |
|    value_loss           | 2.4         |
-----------------------------------------
----------------------------------------
| rollout/                |            |
|    ep_len_mean          | 115        |
|    ep_rew_mean          | 21.8       |
|    success_rate         | 0.34       |
| time/                   |            |
|    fps                  | 221        |
|    iterations           | 15         |
|    time_elapsed         | 276        |
|    total_timesteps      | 811440     |
| train/                  |            |
|    approx_kl            | 0.01957484 |
|    clip_fraction        | 0.186      |
|    clip_range           | 0.2        |
|    entropy_loss         | -4.75      |
|    explained_variance   | 0.629      |
|    learning_rate        | 0.0003     |
|    loss                 | 0.447      |
|    n_updates            | 1970       |
|    policy_gradient_loss | -0.00245   |
|    std                  | 1.18       |
|    value_loss           | 3.16       |
----------------------------------------
-----------------------------------------
| rollout/                |             |
|    ep_len_mean          | 115         |
|    ep_rew_mean          | 20          |
|    success_rate         | 0.28        |
| time/                   |             |
|    fps                  | 221         |
|    iterations           | 16          |
|    time_elapsed         | 295         |
|    total_timesteps      | 815536      |
| train/                  |             |
|    approx_kl            | 0.026309745 |
|    clip_fraction        | 0.216       |
|    clip_range           | 0.2         |
|    entropy_loss         | -4.76       |
|    explained_variance   | 0.583       |
|    learning_rate        | 0.0003      |
|    loss                 | 0.502       |
|    n_updates            | 1980        |
|    policy_gradient_loss | -0.00531    |
|    std                  | 1.18        |
|    value_loss           | 3.62        |
-----------------------------------------
[2026-05-17 18:09:44] N3FZ_TRAIN_HEARTBEAT config=decouple_deepsets_obs steps=65992/250000 percent= 26.40% rate=   220.0 step/s eta=  13.94 min recent_reward=18.785
-----------------------------------------
| rollout/                |             |
|    ep_len_mean          | 114         |
|    ep_rew_mean          | 20.2        |
|    success_rate         | 0.29        |
| time/                   |             |
|    fps                  | 221         |
|    iterations           | 17          |
|    time_elapsed         | 314         |
|    total_timesteps      | 819632      |
| train/                  |             |
|    approx_kl            | 0.022350987 |
|    clip_fraction        | 0.19        |
|    clip_range           | 0.2         |
|    entropy_loss         | -4.75       |
|    explained_variance   | 0.624       |
|    learning_rate        | 0.0003      |
|    loss                 | 0.43        |
|    n_updates            | 1990        |
|    policy_gradient_loss | -0.00637    |
|    std                  | 1.18        |
|    value_loss           | 2.91        |
-----------------------------------------
-----------------------------------------
| rollout/                |             |
|    ep_len_mean          | 114         |
|    ep_rew_mean          | 20.7        |
|    success_rate         | 0.29        |
| time/                   |             |
|    fps                  | 221         |
|    iterations           | 18          |
|    time_elapsed         | 332         |
|    total_timesteps      | 823728      |
| train/                  |             |
|    approx_kl            | 0.022023575 |
|    clip_fraction        | 0.198       |
|    clip_range           | 0.2         |
|    entropy_loss         | -4.76       |
|    explained_variance   | 0.639       |
|    learning_rate        | 0.0003      |
|    loss                 | 0.285       |
|    n_updates            | 2000        |
|    policy_gradient_loss | -0.00196    |
|    std                  | 1.2         |
|    value_loss           | 3.05        |
-----------------------------------------
-----------------------------------------
| rollout/                |             |
|    ep_len_mean          | 117         |
|    ep_rew_mean          | 22.9        |
|    success_rate         | 0.35        |
| time/                   |             |
|    fps                  | 221         |
|    iterations           | 19          |
|    time_elapsed         | 351         |
|    total_timesteps      | 827824      |
| train/                  |             |
|    approx_kl            | 0.024889888 |
|    clip_fraction        | 0.233       |
|    clip_range           | 0.2         |
|    entropy_loss         | -4.79       |
|    explained_variance   | 0.614       |
|    learning_rate        | 0.0003      |
|    loss                 | 0.184       |
|    n_updates            | 2010        |
|    policy_gradient_loss | 0.000841    |
|    std                  | 1.2         |
|    value_loss           | 3.02        |
-----------------------------------------
-----------------------------------------
| rollout/                |             |
|    ep_len_mean          | 114         |
|    ep_rew_mean          | 22.3        |
|    success_rate         | 0.36        |
| time/                   |             |
|    fps                  | 221         |
|    iterations           | 20          |
|    time_elapsed         | 369         |
|    total_timesteps      | 831920      |
| train/                  |             |
|    approx_kl            | 0.021551672 |
|    clip_fraction        | 0.19        |
|    clip_range           | 0.2         |
|    entropy_loss         | -4.81       |
|    explained_variance   | 0.64        |
|    learning_rate        | 0.0003      |
|    loss                 | 0.207       |
|    n_updates            | 2020        |
|    policy_gradient_loss | -0.00362    |
|    std                  | 1.21        |
|    value_loss           | 2.39        |
-----------------------------------------
-----------------------------------------
| rollout/                |             |
|    ep_len_mean          | 116         |
|    ep_rew_mean          | 23.7        |
|    success_rate         | 0.4         |
| time/                   |             |
|    fps                  | 221         |
|    iterations           | 21          |
|    time_elapsed         | 388         |
|    total_timesteps      | 836016      |
| train/                  |             |
|    approx_kl            | 0.024688154 |
|    clip_fraction        | 0.216       |
|    clip_range           | 0.2         |
|    entropy_loss         | -4.82       |
|    explained_variance   | 0.558       |
|    learning_rate        | 0.0003      |
|    loss                 | 0.223       |
|    n_updates            | 2030        |
|    policy_gradient_loss | -0.00409    |
|    std                  | 1.21        |
|    value_loss           | 3.2         |
-----------------------------------------
-----------------------------------------
| rollout/                |             |
|    ep_len_mean          | 113         |
|    ep_rew_mean          | 22.5        |
|    success_rate         | 0.37        |
| time/                   |             |
|    fps                  | 221         |
|    iterations           | 22          |
|    time_elapsed         | 406         |
|    total_timesteps      | 840112      |
| train/                  |             |
|    approx_kl            | 0.019364461 |
|    clip_fraction        | 0.159       |
|    clip_range           | 0.2         |
|    entropy_loss         | -4.81       |
|    explained_variance   | 0.628       |
|    learning_rate        | 0.0003      |
|    loss                 | 0.317       |
|    n_updates            | 2040        |
|    policy_gradient_loss | -0.00495    |
|    std                  | 1.21        |
|    value_loss           | 2.81        |
-----------------------------------------
-----------------------------------------
| rollout/                |             |
|    ep_len_mean          | 113         |
|    ep_rew_mean          | 23.2        |
|    success_rate         | 0.4         |
| time/                   |             |
|    fps                  | 221         |
|    iterations           | 23          |
|    time_elapsed         | 424         |
|    total_timesteps      | 844208      |
| train/                  |             |
|    approx_kl            | 0.018387914 |
|    clip_fraction        | 0.176       |
|    clip_range           | 0.2         |
|    entropy_loss         | -4.83       |
|    explained_variance   | 0.642       |
|    learning_rate        | 0.0003      |
|    loss                 | 0.384       |
|    n_updates            | 2050        |
|    policy_gradient_loss | -0.00553    |
|    std                  | 1.22        |
|    value_loss           | 3.34        |
-----------------------------------------
----------------------------------------
| rollout/                |            |
|    ep_len_mean          | 111        |
|    ep_rew_mean          | 22.5       |
|    success_rate         | 0.37       |
| time/                   |            |
|    fps                  | 221        |
|    iterations           | 24         |
|    time_elapsed         | 442        |
|    total_timesteps      | 848304     |
| train/                  |            |
|    approx_kl            | 0.02603994 |
|    clip_fraction        | 0.241      |
|    clip_range           | 0.2        |
|    entropy_loss         | -4.84      |
|    explained_variance   | 0.4        |
|    learning_rate        | 0.0003     |
|    loss                 | 0.506      |
|    n_updates            | 2060       |
|    policy_gradient_loss | 0.00424    |
|    std                  | 1.22       |
|    value_loss           | 4.13       |
----------------------------------------
-----------------------------------------
| rollout/                |             |
|    ep_len_mean          | 112         |
|    ep_rew_mean          | 22.8        |
|    success_rate         | 0.38        |
| time/                   |             |
|    fps                  | 221         |
|    iterations           | 25          |
|    time_elapsed         | 461         |
|    total_timesteps      | 852400      |
| train/                  |             |
|    approx_kl            | 0.021754991 |
|    clip_fraction        | 0.225       |
|    clip_range           | 0.2         |
|    entropy_loss         | -4.85       |
|    explained_variance   | 0.53        |
|    learning_rate        | 0.0003      |
|    loss                 | 0.282       |
|    n_updates            | 2070        |
|    policy_gradient_loss | -0.00411    |
|    std                  | 1.22        |
|    value_loss           | 3.1         |
-----------------------------------------
-----------------------------------------
| rollout/                |             |
|    ep_len_mean          | 116         |
|    ep_rew_mean          | 23.5        |
|    success_rate         | 0.37        |
| time/                   |             |
|    fps                  | 221         |
|    iterations           | 26          |
|    time_elapsed         | 480         |
|    total_timesteps      | 856496      |
| train/                  |             |
|    approx_kl            | 0.027283784 |
|    clip_fraction        | 0.224       |
|    clip_range           | 0.2         |
|    entropy_loss         | -4.85       |
|    explained_variance   | 0.595       |
|    learning_rate        | 0.0003      |
|    loss                 | 0.472       |
|    n_updates            | 2080        |
|    policy_gradient_loss | -0.00441    |
|    std                  | 1.22        |
|    value_loss           | 2.52        |
-----------------------------------------
-----------------------------------------
| rollout/                |             |
|    ep_len_mean          | 113         |
|    ep_rew_mean          | 23.6        |
|    success_rate         | 0.39        |
| time/                   |             |
|    fps                  | 221         |
|    iterations           | 27          |
|    time_elapsed         | 498         |
|    total_timesteps      | 860592      |
| train/                  |             |
|    approx_kl            | 0.021209512 |
|    clip_fraction        | 0.2         |
|    clip_range           | 0.2         |
|    entropy_loss         | -4.84       |
|    explained_variance   | 0.593       |
|    learning_rate        | 0.0003      |
|    loss                 | 0.248       |
|    n_updates            | 2090        |
|    policy_gradient_loss | 0.00227     |
|    std                  | 1.22        |
|    value_loss           | 3.33        |
-----------------------------------------
-----------------------------------------
| rollout/                |             |
|    ep_len_mean          | 109         |
|    ep_rew_mean          | 23.2        |
|    success_rate         | 0.39        |
| time/                   |             |
|    fps                  | 222         |
|    iterations           | 28          |
|    time_elapsed         | 516         |
|    total_timesteps      | 864688      |
| train/                  |             |
|    approx_kl            | 0.026223697 |
|    clip_fraction        | 0.215       |
|    clip_range           | 0.2         |
|    entropy_loss         | -4.84       |
|    explained_variance   | 0.521       |
|    learning_rate        | 0.0003      |
|    loss                 | 0.228       |
|    n_updates            | 2100        |
|    policy_gradient_loss | -0.00108    |
|    std                  | 1.22        |
|    value_loss           | 2.88        |
-----------------------------------------
-----------------------------------------
| rollout/                |             |
|    ep_len_mean          | 108         |
|    ep_rew_mean          | 23.4        |
|    success_rate         | 0.42        |
| time/                   |             |
|    fps                  | 222         |
|    iterations           | 29          |
|    time_elapsed         | 534         |
|    total_timesteps      | 868784      |
| train/                  |             |
|    approx_kl            | 0.027015392 |
|    clip_fraction        | 0.209       |
|    clip_range           | 0.2         |
|    entropy_loss         | -4.84       |
|    explained_variance   | 0.507       |
|    learning_rate        | 0.0003      |
|    loss                 | 0.57        |
|    n_updates            | 2110        |
|    policy_gradient_loss | -0.000131   |
|    std                  | 1.22        |
|    value_loss           | 4.27        |
-----------------------------------------
-----------------------------------------
| rollout/                |             |
|    ep_len_mean          | 110         |
|    ep_rew_mean          | 22.7        |
|    success_rate         | 0.39        |
| time/                   |             |
|    fps                  | 221         |
|    iterations           | 30          |
|    time_elapsed         | 553         |
|    total_timesteps      | 872880      |
| train/                  |             |
|    approx_kl            | 0.029093398 |
|    clip_fraction        | 0.237       |
|    clip_range           | 0.2         |
|    entropy_loss         | -4.82       |
|    explained_variance   | 0.539       |
|    learning_rate        | 0.0003      |
|    loss                 | 0.287       |
|    n_updates            | 2120        |
|    policy_gradient_loss | 0.00147     |
|    std                  | 1.21        |
|    value_loss           | 2.64        |
-----------------------------------------
-----------------------------------------
| rollout/                |             |
|    ep_len_mean          | 111         |
|    ep_rew_mean          | 22.4        |
|    success_rate         | 0.37        |
| time/                   |             |
|    fps                  | 221         |
|    iterations           | 31          |
|    time_elapsed         | 572         |
|    total_timesteps      | 876976      |
| train/                  |             |
|    approx_kl            | 0.021063592 |
|    clip_fraction        | 0.203       |
|    clip_range           | 0.2         |
|    entropy_loss         | -4.82       |
|    explained_variance   | 0.519       |
|    learning_rate        | 0.0003      |
|    loss                 | 0.564       |
|    n_updates            | 2130        |
|    policy_gradient_loss | -0.00144    |
|    std                  | 1.22        |
|    value_loss           | 3.83        |
-----------------------------------------
-----------------------------------------
| rollout/                |             |
|    ep_len_mean          | 111         |
|    ep_rew_mean          | 22          |
|    success_rate         | 0.37        |
| time/                   |             |
|    fps                  | 222         |
|    iterations           | 32          |
|    time_elapsed         | 590         |
|    total_timesteps      | 881072      |
| train/                  |             |
|    approx_kl            | 0.020449515 |
|    clip_fraction        | 0.21        |
|    clip_range           | 0.2         |
|    entropy_loss         | -4.85       |
|    explained_variance   | 0.579       |
|    learning_rate        | 0.0003      |
|    loss                 | 0.544       |
|    n_updates            | 2140        |
|    policy_gradient_loss | 0.00289     |
|    std                  | 1.22        |
|    value_loss           | 3.52        |
-----------------------------------------
[2026-05-17 18:14:44] N3FZ_TRAIN_HEARTBEAT config=decouple_deepsets_obs steps=132880/250000 percent= 53.15% rate=   221.5 step/s eta=   8.81 min recent_reward=22.637
-----------------------------------------
| rollout/                |             |
|    ep_len_mean          | 113         |
|    ep_rew_mean          | 21.8        |
|    success_rate         | 0.35        |
| time/                   |             |
|    fps                  | 221         |
|    iterations           | 33          |
|    time_elapsed         | 608         |
|    total_timesteps      | 885168      |
| train/                  |             |
|    approx_kl            | 0.026373982 |
|    clip_fraction        | 0.246       |
|    clip_range           | 0.2         |
|    entropy_loss         | -4.84       |
|    explained_variance   | 0.475       |
|    learning_rate        | 0.0003      |
|    loss                 | 0.282       |
|    n_updates            | 2150        |
|    policy_gradient_loss | -0.00028    |
|    std                  | 1.22        |
|    value_loss           | 3.69        |
-----------------------------------------
-----------------------------------------
| rollout/                |             |
|    ep_len_mean          | 116         |
|    ep_rew_mean          | 22.8        |
|    success_rate         | 0.39        |
| time/                   |             |
|    fps                  | 221         |
|    iterations           | 34          |
|    time_elapsed         | 627         |
|    total_timesteps      | 889264      |
| train/                  |             |
|    approx_kl            | 0.026842544 |
|    clip_fraction        | 0.205       |
|    clip_range           | 0.2         |
|    entropy_loss         | -4.86       |
|    explained_variance   | 0.671       |
|    learning_rate        | 0.0003      |
|    loss                 | 0.403       |
|    n_updates            | 2160        |
|    policy_gradient_loss | -0.00516    |
|    std                  | 1.23        |
|    value_loss           | 2.71        |
-----------------------------------------
----------------------------------------
| rollout/                |            |
|    ep_len_mean          | 119        |
|    ep_rew_mean          | 22.5       |
|    success_rate         | 0.36       |
| time/                   |            |
|    fps                  | 221        |
|    iterations           | 35         |
|    time_elapsed         | 646        |
|    total_timesteps      | 893360     |
| train/                  |            |
|    approx_kl            | 0.02019022 |
|    clip_fraction        | 0.199      |
|    clip_range           | 0.2        |
|    entropy_loss         | -4.86      |
|    explained_variance   | 0.501      |
|    learning_rate        | 0.0003     |
|    loss                 | 0.251      |
|    n_updates            | 2170       |
|    policy_gradient_loss | 0.00237    |
|    std                  | 1.23       |
|    value_loss           | 3.46       |
----------------------------------------
-----------------------------------------
| rollout/                |             |
|    ep_len_mean          | 113         |
|    ep_rew_mean          | 21.7        |
|    success_rate         | 0.35        |
| time/                   |             |
|    fps                  | 221         |
|    iterations           | 36          |
|    time_elapsed         | 664         |
|    total_timesteps      | 897456      |
| train/                  |             |
|    approx_kl            | 0.026831876 |
|    clip_fraction        | 0.248       |
|    clip_range           | 0.2         |
|    entropy_loss         | -4.87       |
|    explained_variance   | 0.612       |
|    learning_rate        | 0.0003      |
|    loss                 | 0.443       |
|    n_updates            | 2180        |
|    policy_gradient_loss | -0.000944   |
|    std                  | 1.23        |
|    value_loss           | 3.28        |
-----------------------------------------
-----------------------------------------
| rollout/                |             |
|    ep_len_mean          | 109         |
|    ep_rew_mean          | 20.5        |
|    success_rate         | 0.29        |
| time/                   |             |
|    fps                  | 221         |
|    iterations           | 37          |
|    time_elapsed         | 683         |
|    total_timesteps      | 901552      |
| train/                  |             |
|    approx_kl            | 0.025484443 |
|    clip_fraction        | 0.243       |
|    clip_range           | 0.2         |
|    entropy_loss         | -4.89       |
|    explained_variance   | 0.602       |
|    learning_rate        | 0.0003      |
|    loss                 | 0.448       |
|    n_updates            | 2190        |
|    policy_gradient_loss | -0.000534   |
|    std                  | 1.25        |
|    value_loss           | 3.17        |
-----------------------------------------
----------------------------------------
| rollout/                |            |
|    ep_len_mean          | 110        |
|    ep_rew_mean          | 20.1       |
|    success_rate         | 0.27       |
| time/                   |            |
|    fps                  | 221        |
|    iterations           | 38         |
|    time_elapsed         | 702        |
|    total_timesteps      | 905648     |
| train/                  |            |
|    approx_kl            | 0.02628358 |
|    clip_fraction        | 0.201      |
|    clip_range           | 0.2        |
|    entropy_loss         | -4.91      |
|    explained_variance   | 0.519      |
|    learning_rate        | 0.0003     |
|    loss                 | 0.392      |
|    n_updates            | 2200       |
|    policy_gradient_loss | -0.00587   |
|    std                  | 1.25       |
|    value_loss           | 3.58       |
----------------------------------------
----------------------------------------
| rollout/                |            |
|    ep_len_mean          | 114        |
|    ep_rew_mean          | 21.7       |
|    success_rate         | 0.33       |
| time/                   |            |
|    fps                  | 221        |
|    iterations           | 39         |
|    time_elapsed         | 721        |
|    total_timesteps      | 909744     |
| train/                  |            |
|    approx_kl            | 0.02609444 |
|    clip_fraction        | 0.218      |
|    clip_range           | 0.2        |
|    entropy_loss         | -4.92      |
|    explained_variance   | 0.649      |
|    learning_rate        | 0.0003     |
|    loss                 | 0.459      |
|    n_updates            | 2210       |
|    policy_gradient_loss | -0.00248   |
|    std                  | 1.25       |
|    value_loss           | 3.85       |
----------------------------------------
-----------------------------------------
| rollout/                |             |
|    ep_len_mean          | 117         |
|    ep_rew_mean          | 23.4        |
|    success_rate         | 0.38        |
| time/                   |             |
|    fps                  | 221         |
|    iterations           | 40          |
|    time_elapsed         | 739         |
|    total_timesteps      | 913840      |
| train/                  |             |
|    approx_kl            | 0.027035564 |
|    clip_fraction        | 0.253       |
|    clip_range           | 0.2         |
|    entropy_loss         | -4.92       |
|    explained_variance   | 0.593       |
|    learning_rate        | 0.0003      |
|    loss                 | 0.154       |
|    n_updates            | 2220        |
|    policy_gradient_loss | 0.000683    |
|    std                  | 1.25        |
|    value_loss           | 2.19        |
-----------------------------------------
----------------------------------------
| rollout/                |            |
|    ep_len_mean          | 120        |
|    ep_rew_mean          | 24.5       |
|    success_rate         | 0.43       |
| time/                   |            |
|    fps                  | 221        |
|    iterations           | 41         |
|    time_elapsed         | 758        |
|    total_timesteps      | 917936     |
| train/                  |            |
|    approx_kl            | 0.02650029 |
|    clip_fraction        | 0.219      |
|    clip_range           | 0.2        |
|    entropy_loss         | -4.9       |
|    explained_variance   | 0.689      |
|    learning_rate        | 0.0003     |
|    loss                 | 0.195      |
|    n_updates            | 2230       |
|    policy_gradient_loss | -0.0031    |
|    std                  | 1.24       |
|    value_loss           | 2.11       |
----------------------------------------
-----------------------------------------
| rollout/                |             |
|    ep_len_mean          | 118         |
|    ep_rew_mean          | 23.6        |
|    success_rate         | 0.4         |
| time/                   |             |
|    fps                  | 221         |
|    iterations           | 42          |
|    time_elapsed         | 776         |
|    total_timesteps      | 922032      |
| train/                  |             |
|    approx_kl            | 0.026803086 |
|    clip_fraction        | 0.242       |
|    clip_range           | 0.2         |
|    entropy_loss         | -4.88       |
|    explained_variance   | 0.537       |
|    learning_rate        | 0.0003      |
|    loss                 | 0.384       |
|    n_updates            | 2240        |
|    policy_gradient_loss | 0.000965    |
|    std                  | 1.23        |
|    value_loss           | 3.27        |
-----------------------------------------
-----------------------------------------
| rollout/                |             |
|    ep_len_mean          | 117         |
|    ep_rew_mean          | 23.7        |
|    success_rate         | 0.41        |
| time/                   |             |
|    fps                  | 221         |
|    iterations           | 43          |
|    time_elapsed         | 795         |
|    total_timesteps      | 926128      |
| train/                  |             |
|    approx_kl            | 0.024412513 |
|    clip_fraction        | 0.234       |
|    clip_range           | 0.2         |
|    entropy_loss         | -4.87       |
|    explained_variance   | 0.495       |
|    learning_rate        | 0.0003      |
|    loss                 | 0.348       |
|    n_updates            | 2250        |
|    policy_gradient_loss | -0.00435    |
|    std                  | 1.24        |
|    value_loss           | 3.32        |
-----------------------------------------
-----------------------------------------
| rollout/                |             |
|    ep_len_mean          | 117         |
|    ep_rew_mean          | 24.2        |
|    success_rate         | 0.4         |
| time/                   |             |
|    fps                  | 221         |
|    iterations           | 44          |
|    time_elapsed         | 813         |
|    total_timesteps      | 930224      |
| train/                  |             |
|    approx_kl            | 0.023297034 |
|    clip_fraction        | 0.238       |
|    clip_range           | 0.2         |
|    entropy_loss         | -4.88       |
|    explained_variance   | 0.534       |
|    learning_rate        | 0.0003      |
|    loss                 | 0.255       |
|    n_updates            | 2260        |
|    policy_gradient_loss | -0.00139    |
|    std                  | 1.24        |
|    value_loss           | 2.67        |
-----------------------------------------
-----------------------------------------
| rollout/                |             |
|    ep_len_mean          | 117         |
|    ep_rew_mean          | 22.9        |
|    success_rate         | 0.33        |
| time/                   |             |
|    fps                  | 221         |
|    iterations           | 45          |
|    time_elapsed         | 832         |
|    total_timesteps      | 934320      |
| train/                  |             |
|    approx_kl            | 0.024730187 |
|    clip_fraction        | 0.215       |
|    clip_range           | 0.2         |
|    entropy_loss         | -4.89       |
|    explained_variance   | 0.632       |
|    learning_rate        | 0.0003      |
|    loss                 | 0.293       |
|    n_updates            | 2270        |
|    policy_gradient_loss | 0.00146     |
|    std                  | 1.25        |
|    value_loss           | 2.81        |
-----------------------------------------
-----------------------------------------
| rollout/                |             |
|    ep_len_mean          | 116         |
|    ep_rew_mean          | 23.5        |
|    success_rate         | 0.37        |
| time/                   |             |
|    fps                  | 221         |
|    iterations           | 46          |
|    time_elapsed         | 850         |
|    total_timesteps      | 938416      |
| train/                  |             |
|    approx_kl            | 0.023491126 |
|    clip_fraction        | 0.213       |
|    clip_range           | 0.2         |
|    entropy_loss         | -4.91       |
|    explained_variance   | 0.677       |
|    learning_rate        | 0.0003      |
|    loss                 | 0.288       |
|    n_updates            | 2280        |
|    policy_gradient_loss | -0.00549    |
|    std                  | 1.26        |
|    value_loss           | 2.93        |
-----------------------------------------
-----------------------------------------
| rollout/                |             |
|    ep_len_mean          | 111         |
|    ep_rew_mean          | 21.7        |
|    success_rate         | 0.33        |
| time/                   |             |
|    fps                  | 221         |
|    iterations           | 47          |
|    time_elapsed         | 868         |
|    total_timesteps      | 942512      |
| train/                  |             |
|    approx_kl            | 0.023632871 |
|    clip_fraction        | 0.221       |
|    clip_range           | 0.2         |
|    entropy_loss         | -4.93       |
|    explained_variance   | 0.645       |
|    learning_rate        | 0.0003      |
|    loss                 | 0.178       |
|    n_updates            | 2290        |
|    policy_gradient_loss | -0.0045     |
|    std                  | 1.26        |
|    value_loss           | 2.66        |
-----------------------------------------
----------------------------------------
| rollout/                |            |
|    ep_len_mean          | 109        |
|    ep_rew_mean          | 21.6       |
|    success_rate         | 0.36       |
| time/                   |            |
|    fps                  | 221        |
|    iterations           | 48         |
|    time_elapsed         | 887        |
|    total_timesteps      | 946608     |
| train/                  |            |
|    approx_kl            | 0.03022871 |
|    clip_fraction        | 0.237      |
|    clip_range           | 0.2        |
|    entropy_loss         | -4.92      |
|    explained_variance   | 0.606      |
|    learning_rate        | 0.0003     |
|    loss                 | 0.34       |
|    n_updates            | 2300       |
|    policy_gradient_loss | -0.00293   |
|    std                  | 1.26       |
|    value_loss           | 2.72       |
----------------------------------------
[2026-05-17 18:19:44] N3FZ_TRAIN_HEARTBEAT config=decouple_deepsets_obs steps=199108/250000 percent= 79.64% rate=   221.2 step/s eta=   3.83 min recent_reward=20.817
----------------------------------------
| rollout/                |            |
|    ep_len_mean          | 110        |
|    ep_rew_mean          | 20.8       |
|    success_rate         | 0.31       |
| time/                   |            |
|    fps                  | 221        |
|    iterations           | 49         |
|    time_elapsed         | 906        |
|    total_timesteps      | 950704     |
| train/                  |            |
|    approx_kl            | 0.02741668 |
|    clip_fraction        | 0.24       |
|    clip_range           | 0.2        |
|    entropy_loss         | -4.92      |
|    explained_variance   | 0.57       |
|    learning_rate        | 0.0003     |
|    loss                 | 0.528      |
|    n_updates            | 2310       |
|    policy_gradient_loss | -0.000829  |
|    std                  | 1.26       |
|    value_loss           | 4.24       |
----------------------------------------
-----------------------------------------
| rollout/                |             |
|    ep_len_mean          | 114         |
|    ep_rew_mean          | 20.9        |
|    success_rate         | 0.28        |
| time/                   |             |
|    fps                  | 221         |
|    iterations           | 50          |
|    time_elapsed         | 924         |
|    total_timesteps      | 954800      |
| train/                  |             |
|    approx_kl            | 0.028278109 |
|    clip_fraction        | 0.249       |
|    clip_range           | 0.2         |
|    entropy_loss         | -4.94       |
|    explained_variance   | 0.492       |
|    learning_rate        | 0.0003      |
|    loss                 | 0.29        |
|    n_updates            | 2320        |
|    policy_gradient_loss | -0.004      |
|    std                  | 1.27        |
|    value_loss           | 3.05        |
-----------------------------------------
---------------------------------------
| rollout/                |           |
|    ep_len_mean          | 117       |
|    ep_rew_mean          | 23.8      |
|    success_rate         | 0.38      |
| time/                   |           |
|    fps                  | 221       |
|    iterations           | 51        |
|    time_elapsed         | 943       |
|    total_timesteps      | 958896    |
| train/                  |           |
|    approx_kl            | 0.0274832 |
|    clip_fraction        | 0.223     |
|    clip_range           | 0.2       |
|    entropy_loss         | -4.98     |
|    explained_variance   | 0.501     |
|    learning_rate        | 0.0003    |
|    loss                 | 0.237     |
|    n_updates            | 2330      |
|    policy_gradient_loss | -0.00212  |
|    std                  | 1.29      |
|    value_loss           | 2.88      |
---------------------------------------
-----------------------------------------
| rollout/                |             |
|    ep_len_mean          | 117         |
|    ep_rew_mean          | 23.4        |
|    success_rate         | 0.4         |
| time/                   |             |
|    fps                  | 221         |
|    iterations           | 52          |
|    time_elapsed         | 963         |
|    total_timesteps      | 962992      |
| train/                  |             |
|    approx_kl            | 0.027224243 |
|    clip_fraction        | 0.216       |
|    clip_range           | 0.2         |
|    entropy_loss         | -5          |
|    explained_variance   | 0.502       |
|    learning_rate        | 0.0003      |
|    loss                 | 0.354       |
|    n_updates            | 2340        |
|    policy_gradient_loss | -0.00271    |
|    std                  | 1.3         |
|    value_loss           | 2.87        |
-----------------------------------------
-----------------------------------------
| rollout/                |             |
|    ep_len_mean          | 116         |
|    ep_rew_mean          | 23.9        |
|    success_rate         | 0.43        |
| time/                   |             |
|    fps                  | 221         |
|    iterations           | 53          |
|    time_elapsed         | 982         |
|    total_timesteps      | 967088      |
| train/                  |             |
|    approx_kl            | 0.026038466 |
|    clip_fraction        | 0.246       |
|    clip_range           | 0.2         |
|    entropy_loss         | -5.01       |
|    explained_variance   | 0.534       |
|    learning_rate        | 0.0003      |
|    loss                 | 0.402       |
|    n_updates            | 2350        |
|    policy_gradient_loss | -0.00232    |
|    std                  | 1.3         |
|    value_loss           | 3.44        |
-----------------------------------------
-----------------------------------------
| rollout/                |             |
|    ep_len_mean          | 108         |
|    ep_rew_mean          | 18.3        |
|    success_rate         | 0.25        |
| time/                   |             |
|    fps                  | 220         |
|    iterations           | 54          |
|    time_elapsed         | 1000        |
|    total_timesteps      | 971184      |
| train/                  |             |
|    approx_kl            | 0.021964345 |
|    clip_fraction        | 0.214       |
|    clip_range           | 0.2         |
|    entropy_loss         | -5          |
|    explained_variance   | 0.557       |
|    learning_rate        | 0.0003      |
|    loss                 | 0.492       |
|    n_updates            | 2360        |
|    policy_gradient_loss | 0.001       |
|    std                  | 1.29        |
|    value_loss           | 3.4         |
-----------------------------------------
-----------------------------------------
| rollout/                |             |
|    ep_len_mean          | 109         |
|    ep_rew_mean          | 18.7        |
|    success_rate         | 0.25        |
| time/                   |             |
|    fps                  | 220         |
|    iterations           | 55          |
|    time_elapsed         | 1019        |
|    total_timesteps      | 975280      |
| train/                  |             |
|    approx_kl            | 0.024990946 |
|    clip_fraction        | 0.243       |
|    clip_range           | 0.2         |
|    entropy_loss         | -5          |
|    explained_variance   | 0.548       |
|    learning_rate        | 0.0003      |
|    loss                 | 0.318       |
|    n_updates            | 2370        |
|    policy_gradient_loss | -0.00394    |
|    std                  | 1.3         |
|    value_loss           | 4.65        |
-----------------------------------------
-----------------------------------------
| rollout/                |             |
|    ep_len_mean          | 112         |
|    ep_rew_mean          | 20          |
|    success_rate         | 0.29        |
| time/                   |             |
|    fps                  | 220         |
|    iterations           | 56          |
|    time_elapsed         | 1038        |
|    total_timesteps      | 979376      |
| train/                  |             |
|    approx_kl            | 0.026026618 |
|    clip_fraction        | 0.219       |
|    clip_range           | 0.2         |
|    entropy_loss         | -5.01       |
|    explained_variance   | 0.636       |
|    learning_rate        | 0.0003      |
|    loss                 | 0.251       |
|    n_updates            | 2380        |
|    policy_gradient_loss | -0.00369    |
|    std                  | 1.31        |
|    value_loss           | 2.57        |
-----------------------------------------
----------------------------------------
| rollout/                |            |
|    ep_len_mean          | 115        |
|    ep_rew_mean          | 22.5       |
|    success_rate         | 0.36       |
| time/                   |            |
|    fps                  | 220        |
|    iterations           | 57         |
|    time_elapsed         | 1056       |
|    total_timesteps      | 983472     |
| train/                  |            |
|    approx_kl            | 0.02885698 |
|    clip_fraction        | 0.248      |
|    clip_range           | 0.2        |
|    entropy_loss         | -5.02      |
|    explained_variance   | 0.668      |
|    learning_rate        | 0.0003     |
|    loss                 | 0.217      |
|    n_updates            | 2390       |
|    policy_gradient_loss | -0.00528   |
|    std                  | 1.3        |
|    value_loss           | 2.38       |
----------------------------------------
-----------------------------------------
| rollout/                |             |
|    ep_len_mean          | 119         |
|    ep_rew_mean          | 24.1        |
|    success_rate         | 0.42        |
| time/                   |             |
|    fps                  | 220         |
|    iterations           | 58          |
|    time_elapsed         | 1075        |
|    total_timesteps      | 987568      |
| train/                  |             |
|    approx_kl            | 0.017834082 |
|    clip_fraction        | 0.21        |
|    clip_range           | 0.2         |
|    entropy_loss         | -5.02       |
|    explained_variance   | 0.482       |
|    learning_rate        | 0.0003      |
|    loss                 | 0.193       |
|    n_updates            | 2400        |
|    policy_gradient_loss | 0.00174     |
|    std                  | 1.3         |
|    value_loss           | 2.57        |
-----------------------------------------
-----------------------------------------
| rollout/                |             |
|    ep_len_mean          | 120         |
|    ep_rew_mean          | 24.4        |
|    success_rate         | 0.44        |
| time/                   |             |
|    fps                  | 221         |
|    iterations           | 59          |
|    time_elapsed         | 1093        |
|    total_timesteps      | 991664      |
| train/                  |             |
|    approx_kl            | 0.020875566 |
|    clip_fraction        | 0.184       |
|    clip_range           | 0.2         |
|    entropy_loss         | -5.02       |
|    explained_variance   | 0.606       |
|    learning_rate        | 0.0003      |
|    loss                 | 0.124       |
|    n_updates            | 2410        |
|    policy_gradient_loss | -0.00813    |
|    std                  | 1.31        |
|    value_loss           | 1.94        |
-----------------------------------------
-----------------------------------------
| rollout/                |             |
|    ep_len_mean          | 123         |
|    ep_rew_mean          | 24.2        |
|    success_rate         | 0.4         |
| time/                   |             |
|    fps                  | 221         |
|    iterations           | 60          |
|    time_elapsed         | 1111        |
|    total_timesteps      | 995760      |
| train/                  |             |
|    approx_kl            | 0.022843722 |
|    clip_fraction        | 0.196       |
|    clip_range           | 0.2         |
|    entropy_loss         | -5.01       |
|    explained_variance   | 0.527       |
|    learning_rate        | 0.0003      |
|    loss                 | 0.279       |
|    n_updates            | 2420        |
|    policy_gradient_loss | -0.00222    |
|    std                  | 1.3         |
|    value_loss           | 3.09        |
-----------------------------------------
-----------------------------------------
| rollout/                |             |
|    ep_len_mean          | 123         |
|    ep_rew_mean          | 23.8        |
|    success_rate         | 0.38        |
| time/                   |             |
|    fps                  | 220         |
|    iterations           | 61          |
|    time_elapsed         | 1130        |
|    total_timesteps      | 999856      |
| train/                  |             |
|    approx_kl            | 0.020031366 |
|    clip_fraction        | 0.181       |
|    clip_range           | 0.2         |
|    entropy_loss         | -5.01       |
|    explained_variance   | 0.675       |
|    learning_rate        | 0.0003      |
|    loss                 | 0.264       |
|    n_updates            | 2430        |
|    policy_gradient_loss | -0.00671    |
|    std                  | 1.31        |
|    value_loss           | 2.76        |
-----------------------------------------
[2026-05-17 18:23:38] STAB_TOTAL_CHECKPOINT_SAVED step=1000000 path=checkpoints/env_v2_gpsi_heada_ppo_n3pf_decouple_decouple_deepsets_obs_s0/checkpoint_1000k.zip
-----------------------------------------
| rollout/                |             |
|    ep_len_mean          | 123         |
|    ep_rew_mean          | 24.3        |
|    success_rate         | 0.39        |
| time/                   |             |
|    fps                  | 220         |
|    iterations           | 62          |
|    time_elapsed         | 1149        |
|    total_timesteps      | 1003952     |
| train/                  |             |
|    approx_kl            | 0.023918167 |
|    clip_fraction        | 0.184       |
|    clip_range           | 0.2         |
|    entropy_loss         | -5.02       |
|    explained_variance   | 0.695       |
|    learning_rate        | 0.0003      |
|    loss                 | 0.156       |
|    n_updates            | 2440        |
|    policy_gradient_loss | -0.00355    |
|    std                  | 1.31        |
|    value_loss           | 1.78        |
-----------------------------------------
[2026-05-17 18:23:56] STAB_TRAIN_END variant=decouple_deepsets_obs seed=0 final=checkpoints/env_v2_gpsi_heada_ppo_n3pf_decouple_decouple_deepsets_obs_s0/final.zip
