[2026-05-13 15:29:42] START train_corrected_short: python scripts/train_env_v2_gpsi_ppo_n3z2c_audit.py --config configs/env_v2_gpsi_heada_ppo_n3z2c_layernorm_alpha0p5_1p5m.yaml --resume checkpoints/env_v2_gpsi_heada_ppo_n3z_layernorm_alpha0p5_s0/checkpoint_500k.zip --out-dir checkpoints/env_v2_gpsi_heada_ppo_n3z2c_audit_corrected_parent_750k_s0 --additional-steps 250000 --parent-total-steps 500000 --target-total-steps 750000 --checkpoint-total-steps 750000 --seed 0 --n-envs 4 --device cpu --heartbeat-seconds 300
[2026-05-13 15:29:47] N3Z2C_AUDIT_TRAIN_CONFIG config=z_layernorm_alpha_0p5_cont_1p5m parent_total_steps=500000 additional_steps=250000 target_total_steps=750000 seed=0 n_envs=4 device=cpu resume=checkpoints/env_v2_gpsi_heada_ppo_n3z_layernorm_alpha0p5_s0/checkpoint_500k.zip out_dir=checkpoints/env_v2_gpsi_heada_ppo_n3z2c_audit_corrected_parent_750k_s0 reset_num_timesteps=false
Logging to /root/workspace/uav-risk-rl/checkpoints/env_v2_gpsi_heada_ppo_n3z2c_audit_corrected_parent_750k_s0/tensorboard/PPO_0
[2026-05-13 15:29:49] N3Z2C_TRAIN_START config=z_layernorm_alpha_0p5_cont_1p5m additional_steps=250000 parent_total_steps=500000 target_total_steps=750000 start_num_timesteps=500000
---------------------------------
| rollout/           |          |
|    ep_len_mean     | 120      |
|    ep_rew_mean     | 26.1     |
|    success_rate    | 0.46     |
| time/              |          |
|    fps             | 279      |
|    iterations      | 1        |
|    time_elapsed    | 14       |
|    total_timesteps | 504096   |
---------------------------------
-----------------------------------------
| rollout/                |             |
|    ep_len_mean          | 122         |
|    ep_rew_mean          | 28          |
|    success_rate         | 0.54        |
| time/                   |             |
|    fps                  | 260         |
|    iterations           | 2           |
|    time_elapsed         | 31          |
|    total_timesteps      | 508192      |
| train/                  |             |
|    approx_kl            | 0.020621113 |
|    clip_fraction        | 0.159       |
|    clip_range           | 0.2         |
|    entropy_loss         | -4.18       |
|    explained_variance   | 0.544       |
|    learning_rate        | 0.0003      |
|    loss                 | 2.12        |
|    n_updates            | 1230        |
|    policy_gradient_loss | -0.00702    |
|    std                  | 0.987       |
|    value_loss           | 7.65        |
-----------------------------------------
-----------------------------------------
| rollout/                |             |
|    ep_len_mean          | 123         |
|    ep_rew_mean          | 28.5        |
|    success_rate         | 0.55        |
| time/                   |             |
|    fps                  | 255         |
|    iterations           | 3           |
|    time_elapsed         | 48          |
|    total_timesteps      | 512288      |
| train/                  |             |
|    approx_kl            | 0.012398518 |
|    clip_fraction        | 0.151       |
|    clip_range           | 0.2         |
|    entropy_loss         | -4.2        |
|    explained_variance   | 0.522       |
|    learning_rate        | 0.0003      |
|    loss                 | 2.76        |
|    n_updates            | 1240        |
|    policy_gradient_loss | -0.00598    |
|    std                  | 0.991       |
|    value_loss           | 6.13        |
-----------------------------------------
-----------------------------------------
| rollout/                |             |
|    ep_len_mean          | 121         |
|    ep_rew_mean          | 28.8        |
|    success_rate         | 0.56        |
| time/                   |             |
|    fps                  | 253         |
|    iterations           | 4           |
|    time_elapsed         | 64          |
|    total_timesteps      | 516384      |
| train/                  |             |
|    approx_kl            | 0.020071868 |
|    clip_fraction        | 0.218       |
|    clip_range           | 0.2         |
|    entropy_loss         | -4.2        |
|    explained_variance   | 0.538       |
|    learning_rate        | 0.0003      |
|    loss                 | 2.87        |
|    n_updates            | 1250        |
|    policy_gradient_loss | -0.00582    |
|    std                  | 0.991       |
|    value_loss           | 6.23        |
-----------------------------------------
-----------------------------------------
| rollout/                |             |
|    ep_len_mean          | 118         |
|    ep_rew_mean          | 28          |
|    success_rate         | 0.54        |
| time/                   |             |
|    fps                  | 251         |
|    iterations           | 5           |
|    time_elapsed         | 81          |
|    total_timesteps      | 520480      |
| train/                  |             |
|    approx_kl            | 0.016066711 |
|    clip_fraction        | 0.136       |
|    clip_range           | 0.2         |
|    entropy_loss         | -4.2        |
|    explained_variance   | 0.487       |
|    learning_rate        | 0.0003      |
|    loss                 | 4.18        |
|    n_updates            | 1260        |
|    policy_gradient_loss | -0.00505    |
|    std                  | 0.993       |
|    value_loss           | 8.45        |
-----------------------------------------
-----------------------------------------
| rollout/                |             |
|    ep_len_mean          | 115         |
|    ep_rew_mean          | 26.1        |
|    success_rate         | 0.44        |
| time/                   |             |
|    fps                  | 250         |
|    iterations           | 6           |
|    time_elapsed         | 97          |
|    total_timesteps      | 524576      |
| train/                  |             |
|    approx_kl            | 0.018018864 |
|    clip_fraction        | 0.174       |
|    clip_range           | 0.2         |
|    entropy_loss         | -4.2        |
|    explained_variance   | 0.526       |
|    learning_rate        | 0.0003      |
|    loss                 | 3.03        |
|    n_updates            | 1270        |
|    policy_gradient_loss | -0.00396    |
|    std                  | 0.991       |
|    value_loss           | 8.7         |
-----------------------------------------
-----------------------------------------
| rollout/                |             |
|    ep_len_mean          | 118         |
|    ep_rew_mean          | 27.4        |
|    success_rate         | 0.48        |
| time/                   |             |
|    fps                  | 249         |
|    iterations           | 7           |
|    time_elapsed         | 115         |
|    total_timesteps      | 528672      |
| train/                  |             |
|    approx_kl            | 0.017037876 |
|    clip_fraction        | 0.15        |
|    clip_range           | 0.2         |
|    entropy_loss         | -4.21       |
|    explained_variance   | 0.601       |
|    learning_rate        | 0.0003      |
|    loss                 | 1.21        |
|    n_updates            | 1280        |
|    policy_gradient_loss | -0.0036     |
|    std                  | 0.998       |
|    value_loss           | 5.95        |
-----------------------------------------
-----------------------------------------
| rollout/                |             |
|    ep_len_mean          | 118         |
|    ep_rew_mean          | 27.5        |
|    success_rate         | 0.48        |
| time/                   |             |
|    fps                  | 249         |
|    iterations           | 8           |
|    time_elapsed         | 131         |
|    total_timesteps      | 532768      |
| train/                  |             |
|    approx_kl            | 0.012220962 |
|    clip_fraction        | 0.151       |
|    clip_range           | 0.2         |
|    entropy_loss         | -4.23       |
|    explained_variance   | 0.59        |
|    learning_rate        | 0.0003      |
|    loss                 | 3.33        |
|    n_updates            | 1290        |
|    policy_gradient_loss | -0.00563    |
|    std                  | 1           |
|    value_loss           | 6.19        |
-----------------------------------------
-----------------------------------------
| rollout/                |             |
|    ep_len_mean          | 120         |
|    ep_rew_mean          | 28.2        |
|    success_rate         | 0.53        |
| time/                   |             |
|    fps                  | 248         |
|    iterations           | 9           |
|    time_elapsed         | 148         |
|    total_timesteps      | 536864      |
| train/                  |             |
|    approx_kl            | 0.015748601 |
|    clip_fraction        | 0.163       |
|    clip_range           | 0.2         |
|    entropy_loss         | -4.25       |
|    explained_variance   | 0.576       |
|    learning_rate        | 0.0003      |
|    loss                 | 3.15        |
|    n_updates            | 1300        |
|    policy_gradient_loss | -0.00913    |
|    std                  | 1.01        |
|    value_loss           | 8.21        |
-----------------------------------------
----------------------------------------
| rollout/                |            |
|    ep_len_mean          | 120        |
|    ep_rew_mean          | 28         |
|    success_rate         | 0.52       |
| time/                   |            |
|    fps                  | 248        |
|    iterations           | 10         |
|    time_elapsed         | 164        |
|    total_timesteps      | 540960     |
| train/                  |            |
|    approx_kl            | 0.01908949 |
|    clip_fraction        | 0.178      |
|    clip_range           | 0.2        |
|    entropy_loss         | -4.26      |
|    explained_variance   | 0.501      |
|    learning_rate        | 0.0003     |
|    loss                 | 1.82       |
|    n_updates            | 1310       |
|    policy_gradient_loss | -0.00398   |
|    std                  | 1.01       |
|    value_loss           | 6.06       |
----------------------------------------
-----------------------------------------
| rollout/                |             |
|    ep_len_mean          | 119         |
|    ep_rew_mean          | 28.1        |
|    success_rate         | 0.54        |
| time/                   |             |
|    fps                  | 248         |
|    iterations           | 11          |
|    time_elapsed         | 181         |
|    total_timesteps      | 545056      |
| train/                  |             |
|    approx_kl            | 0.019273212 |
|    clip_fraction        | 0.179       |
|    clip_range           | 0.2         |
|    entropy_loss         | -4.24       |
|    explained_variance   | 0.567       |
|    learning_rate        | 0.0003      |
|    loss                 | 1.67        |
|    n_updates            | 1320        |
|    policy_gradient_loss | -0.0061     |
|    std                  | 1           |
|    value_loss           | 7.01        |
-----------------------------------------
-----------------------------------------
| rollout/                |             |
|    ep_len_mean          | 116         |
|    ep_rew_mean          | 27.2        |
|    success_rate         | 0.51        |
| time/                   |             |
|    fps                  | 248         |
|    iterations           | 12          |
|    time_elapsed         | 198         |
|    total_timesteps      | 549152      |
| train/                  |             |
|    approx_kl            | 0.016094135 |
|    clip_fraction        | 0.169       |
|    clip_range           | 0.2         |
|    entropy_loss         | -4.23       |
|    explained_variance   | 0.524       |
|    learning_rate        | 0.0003      |
|    loss                 | 1.94        |
|    n_updates            | 1330        |
|    policy_gradient_loss | -0.00356    |
|    std                  | 1           |
|    value_loss           | 7.16        |
-----------------------------------------
-----------------------------------------
| rollout/                |             |
|    ep_len_mean          | 113         |
|    ep_rew_mean          | 27          |
|    success_rate         | 0.51        |
| time/                   |             |
|    fps                  | 248         |
|    iterations           | 13          |
|    time_elapsed         | 214         |
|    total_timesteps      | 553248      |
| train/                  |             |
|    approx_kl            | 0.012412498 |
|    clip_fraction        | 0.11        |
|    clip_range           | 0.2         |
|    entropy_loss         | -4.24       |
|    explained_variance   | 0.533       |
|    learning_rate        | 0.0003      |
|    loss                 | 2.72        |
|    n_updates            | 1340        |
|    policy_gradient_loss | -0.00502    |
|    std                  | 1.01        |
|    value_loss           | 9.93        |
-----------------------------------------
----------------------------------------
| rollout/                |            |
|    ep_len_mean          | 115        |
|    ep_rew_mean          | 28.4       |
|    success_rate         | 0.54       |
| time/                   |            |
|    fps                  | 247        |
|    iterations           | 14         |
|    time_elapsed         | 231        |
|    total_timesteps      | 557344     |
| train/                  |            |
|    approx_kl            | 0.01601415 |
|    clip_fraction        | 0.177      |
|    clip_range           | 0.2        |
|    entropy_loss         | -4.25      |
|    explained_variance   | 0.572      |
|    learning_rate        | 0.0003     |
|    loss                 | 3.06       |
|    n_updates            | 1350       |
|    policy_gradient_loss | 0.000962   |
|    std                  | 1.01       |
|    value_loss           | 7.51       |
----------------------------------------
-----------------------------------------
| rollout/                |             |
|    ep_len_mean          | 117         |
|    ep_rew_mean          | 28.5        |
|    success_rate         | 0.51        |
| time/                   |             |
|    fps                  | 247         |
|    iterations           | 15          |
|    time_elapsed         | 247         |
|    total_timesteps      | 561440      |
| train/                  |             |
|    approx_kl            | 0.014878747 |
|    clip_fraction        | 0.157       |
|    clip_range           | 0.2         |
|    entropy_loss         | -4.24       |
|    explained_variance   | 0.539       |
|    learning_rate        | 0.0003      |
|    loss                 | 3.11        |
|    n_updates            | 1360        |
|    policy_gradient_loss | -0.00331    |
|    std                  | 1           |
|    value_loss           | 6.63        |
-----------------------------------------
-----------------------------------------
| rollout/                |             |
|    ep_len_mean          | 117         |
|    ep_rew_mean          | 28.8        |
|    success_rate         | 0.52        |
| time/                   |             |
|    fps                  | 248         |
|    iterations           | 16          |
|    time_elapsed         | 264         |
|    total_timesteps      | 565536      |
| train/                  |             |
|    approx_kl            | 0.014108947 |
|    clip_fraction        | 0.14        |
|    clip_range           | 0.2         |
|    entropy_loss         | -4.24       |
|    explained_variance   | 0.605       |
|    learning_rate        | 0.0003      |
|    loss                 | 2.58        |
|    n_updates            | 1370        |
|    policy_gradient_loss | -0.00418    |
|    std                  | 1.01        |
|    value_loss           | 8.62        |
-----------------------------------------
-----------------------------------------
| rollout/                |             |
|    ep_len_mean          | 117         |
|    ep_rew_mean          | 28.6        |
|    success_rate         | 0.51        |
| time/                   |             |
|    fps                  | 247         |
|    iterations           | 17          |
|    time_elapsed         | 281         |
|    total_timesteps      | 569632      |
| train/                  |             |
|    approx_kl            | 0.012083841 |
|    clip_fraction        | 0.153       |
|    clip_range           | 0.2         |
|    entropy_loss         | -4.24       |
|    explained_variance   | 0.629       |
|    learning_rate        | 0.0003      |
|    loss                 | 2.19        |
|    n_updates            | 1380        |
|    policy_gradient_loss | -0.00875    |
|    std                  | 1           |
|    value_loss           | 7.16        |
-----------------------------------------
----------------------------------------
| rollout/                |            |
|    ep_len_mean          | 120        |
|    ep_rew_mean          | 30.2       |
|    success_rate         | 0.57       |
| time/                   |            |
|    fps                  | 247        |
|    iterations           | 18         |
|    time_elapsed         | 297        |
|    total_timesteps      | 573728     |
| train/                  |            |
|    approx_kl            | 0.01929009 |
|    clip_fraction        | 0.179      |
|    clip_range           | 0.2        |
|    entropy_loss         | -4.23      |
|    explained_variance   | 0.612      |
|    learning_rate        | 0.0003     |
|    loss                 | 1.59       |
|    n_updates            | 1390       |
|    policy_gradient_loss | -0.000655  |
|    std                  | 1.01       |
|    value_loss           | 5.94       |
----------------------------------------
[2026-05-13 15:34:49] N3Z2C_TRAIN_HEARTBEAT config=z_layernorm_alpha_0p5_cont_1p5m local_steps=73904/250000 total_steps=573904/750000 percent= 29.56% rate=   246.3 step/s eta=  11.91 min recent_reward=29.989
-----------------------------------------
| rollout/                |             |
|    ep_len_mean          | 121         |
|    ep_rew_mean          | 30.1        |
|    success_rate         | 0.55        |
| time/                   |             |
|    fps                  | 248         |
|    iterations           | 19          |
|    time_elapsed         | 313         |
|    total_timesteps      | 577824      |
| train/                  |             |
|    approx_kl            | 0.013601611 |
|    clip_fraction        | 0.143       |
|    clip_range           | 0.2         |
|    entropy_loss         | -4.24       |
|    explained_variance   | 0.67        |
|    learning_rate        | 0.0003      |
|    loss                 | 1.29        |
|    n_updates            | 1400        |
|    policy_gradient_loss | -0.00711    |
|    std                  | 1           |
|    value_loss           | 5.15        |
-----------------------------------------
-----------------------------------------
| rollout/                |             |
|    ep_len_mean          | 117         |
|    ep_rew_mean          | 28.5        |
|    success_rate         | 0.51        |
| time/                   |             |
|    fps                  | 248         |
|    iterations           | 20          |
|    time_elapsed         | 330         |
|    total_timesteps      | 581920      |
| train/                  |             |
|    approx_kl            | 0.020712318 |
|    clip_fraction        | 0.21        |
|    clip_range           | 0.2         |
|    entropy_loss         | -4.22       |
|    explained_variance   | 0.588       |
|    learning_rate        | 0.0003      |
|    loss                 | 1.83        |
|    n_updates            | 1410        |
|    policy_gradient_loss | -0.00269    |
|    std                  | 1           |
|    value_loss           | 7.01        |
-----------------------------------------
-----------------------------------------
| rollout/                |             |
|    ep_len_mean          | 112         |
|    ep_rew_mean          | 26.9        |
|    success_rate         | 0.47        |
| time/                   |             |
|    fps                  | 248         |
|    iterations           | 21          |
|    time_elapsed         | 346         |
|    total_timesteps      | 586016      |
| train/                  |             |
|    approx_kl            | 0.017105274 |
|    clip_fraction        | 0.178       |
|    clip_range           | 0.2         |
|    entropy_loss         | -4.21       |
|    explained_variance   | 0.54        |
|    learning_rate        | 0.0003      |
|    loss                 | 4.39        |
|    n_updates            | 1420        |
|    policy_gradient_loss | -0.00216    |
|    std                  | 0.997       |
|    value_loss           | 9.49        |
-----------------------------------------
---------------------------------------
| rollout/                |           |
|    ep_len_mean          | 112       |
|    ep_rew_mean          | 27.8      |
|    success_rate         | 0.52      |
| time/                   |           |
|    fps                  | 248       |
|    iterations           | 22        |
|    time_elapsed         | 363       |
|    total_timesteps      | 590112    |
| train/                  |           |
|    approx_kl            | 0.0158536 |
|    clip_fraction        | 0.158     |
|    clip_range           | 0.2       |
|    entropy_loss         | -4.22     |
|    explained_variance   | 0.561     |
|    learning_rate        | 0.0003    |
|    loss                 | 3.83      |
|    n_updates            | 1430      |
|    policy_gradient_loss | -0.00587  |
|    std                  | 1         |
|    value_loss           | 9.86      |
---------------------------------------
----------------------------------------
| rollout/                |            |
|    ep_len_mean          | 115        |
|    ep_rew_mean          | 29         |
|    success_rate         | 0.56       |
| time/                   |            |
|    fps                  | 248        |
|    iterations           | 23         |
|    time_elapsed         | 379        |
|    total_timesteps      | 594208     |
| train/                  |            |
|    approx_kl            | 0.01955125 |
|    clip_fraction        | 0.178      |
|    clip_range           | 0.2        |
|    entropy_loss         | -4.23      |
|    explained_variance   | 0.51       |
|    learning_rate        | 0.0003     |
|    loss                 | 2.31       |
|    n_updates            | 1440       |
|    policy_gradient_loss | -0.00641   |
|    std                  | 1          |
|    value_loss           | 7.15       |
----------------------------------------
-----------------------------------------
| rollout/                |             |
|    ep_len_mean          | 120         |
|    ep_rew_mean          | 30.4        |
|    success_rate         | 0.59        |
| time/                   |             |
|    fps                  | 247         |
|    iterations           | 24          |
|    time_elapsed         | 396         |
|    total_timesteps      | 598304      |
| train/                  |             |
|    approx_kl            | 0.013105704 |
|    clip_fraction        | 0.171       |
|    clip_range           | 0.2         |
|    entropy_loss         | -4.23       |
|    explained_variance   | 0.516       |
|    learning_rate        | 0.0003      |
|    loss                 | 2.16        |
|    n_updates            | 1450        |
|    policy_gradient_loss | -0.00174    |
|    std                  | 0.999       |
|    value_loss           | 5.49        |
-----------------------------------------
------------------------------------------
| rollout/                |              |
|    ep_len_mean          | 121          |
|    ep_rew_mean          | 28.6         |
|    success_rate         | 0.5          |
| time/                   |              |
|    fps                  | 247          |
|    iterations           | 25           |
|    time_elapsed         | 413          |
|    total_timesteps      | 602400       |
| train/                  |              |
|    approx_kl            | 0.0146331135 |
|    clip_fraction        | 0.141        |
|    clip_range           | 0.2          |
|    entropy_loss         | -4.23        |
|    explained_variance   | 0.581        |
|    learning_rate        | 0.0003       |
|    loss                 | 2.36         |
|    n_updates            | 1460         |
|    policy_gradient_loss | -0.00576     |
|    std                  | 1.01         |
|    value_loss           | 6.13         |
------------------------------------------
-----------------------------------------
| rollout/                |             |
|    ep_len_mean          | 119         |
|    ep_rew_mean          | 26.4        |
|    success_rate         | 0.42        |
| time/                   |             |
|    fps                  | 247         |
|    iterations           | 26          |
|    time_elapsed         | 430         |
|    total_timesteps      | 606496      |
| train/                  |             |
|    approx_kl            | 0.010690096 |
|    clip_fraction        | 0.132       |
|    clip_range           | 0.2         |
|    entropy_loss         | -4.25       |
|    explained_variance   | 0.601       |
|    learning_rate        | 0.0003      |
|    loss                 | 3.32        |
|    n_updates            | 1470        |
|    policy_gradient_loss | -0.00664    |
|    std                  | 1.01        |
|    value_loss           | 7.27        |
-----------------------------------------
-----------------------------------------
| rollout/                |             |
|    ep_len_mean          | 119         |
|    ep_rew_mean          | 25.5        |
|    success_rate         | 0.4         |
| time/                   |             |
|    fps                  | 247         |
|    iterations           | 27          |
|    time_elapsed         | 446         |
|    total_timesteps      | 610592      |
| train/                  |             |
|    approx_kl            | 0.014751833 |
|    clip_fraction        | 0.14        |
|    clip_range           | 0.2         |
|    entropy_loss         | -4.25       |
|    explained_variance   | 0.657       |
|    learning_rate        | 0.0003      |
|    loss                 | 2.58        |
|    n_updates            | 1480        |
|    policy_gradient_loss | -0.00482    |
|    std                  | 1.01        |
|    value_loss           | 7.61        |
-----------------------------------------
----------------------------------------
| rollout/                |            |
|    ep_len_mean          | 121        |
|    ep_rew_mean          | 26.7       |
|    success_rate         | 0.43       |
| time/                   |            |
|    fps                  | 247        |
|    iterations           | 28         |
|    time_elapsed         | 462        |
|    total_timesteps      | 614688     |
| train/                  |            |
|    approx_kl            | 0.01643613 |
|    clip_fraction        | 0.159      |
|    clip_range           | 0.2        |
|    entropy_loss         | -4.24      |
|    explained_variance   | 0.677      |
|    learning_rate        | 0.0003     |
|    loss                 | 2.19       |
|    n_updates            | 1490       |
|    policy_gradient_loss | -0.00612   |
|    std                  | 1          |
|    value_loss           | 6.66       |
----------------------------------------
----------------------------------------
| rollout/                |            |
|    ep_len_mean          | 123        |
|    ep_rew_mean          | 28.9       |
|    success_rate         | 0.51       |
| time/                   |            |
|    fps                  | 247        |
|    iterations           | 29         |
|    time_elapsed         | 479        |
|    total_timesteps      | 618784     |
| train/                  |            |
|    approx_kl            | 0.01682372 |
|    clip_fraction        | 0.144      |
|    clip_range           | 0.2        |
|    entropy_loss         | -4.24      |
|    explained_variance   | 0.616      |
|    learning_rate        | 0.0003     |
|    loss                 | 2.58       |
|    n_updates            | 1500       |
|    policy_gradient_loss | -0.00279   |
|    std                  | 1.01       |
|    value_loss           | 5.94       |
----------------------------------------
-----------------------------------------
| rollout/                |             |
|    ep_len_mean          | 118         |
|    ep_rew_mean          | 28.1        |
|    success_rate         | 0.5         |
| time/                   |             |
|    fps                  | 247         |
|    iterations           | 30          |
|    time_elapsed         | 496         |
|    total_timesteps      | 622880      |
| train/                  |             |
|    approx_kl            | 0.013493543 |
|    clip_fraction        | 0.137       |
|    clip_range           | 0.2         |
|    entropy_loss         | -4.23       |
|    explained_variance   | 0.636       |
|    learning_rate        | 0.0003      |
|    loss                 | 1.53        |
|    n_updates            | 1510        |
|    policy_gradient_loss | -0.00221    |
|    std                  | 1           |
|    value_loss           | 5.1         |
-----------------------------------------
-----------------------------------------
| rollout/                |             |
|    ep_len_mean          | 118         |
|    ep_rew_mean          | 28.9        |
|    success_rate         | 0.54        |
| time/                   |             |
|    fps                  | 247         |
|    iterations           | 31          |
|    time_elapsed         | 512         |
|    total_timesteps      | 626976      |
| train/                  |             |
|    approx_kl            | 0.013969616 |
|    clip_fraction        | 0.155       |
|    clip_range           | 0.2         |
|    entropy_loss         | -4.23       |
|    explained_variance   | 0.547       |
|    learning_rate        | 0.0003      |
|    loss                 | 3.21        |
|    n_updates            | 1520        |
|    policy_gradient_loss | -0.00269    |
|    std                  | 1           |
|    value_loss           | 8.01        |
-----------------------------------------
-----------------------------------------
| rollout/                |             |
|    ep_len_mean          | 118         |
|    ep_rew_mean          | 28.6        |
|    success_rate         | 0.52        |
| time/                   |             |
|    fps                  | 247         |
|    iterations           | 32          |
|    time_elapsed         | 529         |
|    total_timesteps      | 631072      |
| train/                  |             |
|    approx_kl            | 0.013310657 |
|    clip_fraction        | 0.153       |
|    clip_range           | 0.2         |
|    entropy_loss         | -4.22       |
|    explained_variance   | 0.403       |
|    learning_rate        | 0.0003      |
|    loss                 | 2.41        |
|    n_updates            | 1530        |
|    policy_gradient_loss | -0.00683    |
|    std                  | 0.994       |
|    value_loss           | 6.39        |
-----------------------------------------
-----------------------------------------
| rollout/                |             |
|    ep_len_mean          | 117         |
|    ep_rew_mean          | 27.7        |
|    success_rate         | 0.46        |
| time/                   |             |
|    fps                  | 247         |
|    iterations           | 33          |
|    time_elapsed         | 546         |
|    total_timesteps      | 635168      |
| train/                  |             |
|    approx_kl            | 0.013644263 |
|    clip_fraction        | 0.154       |
|    clip_range           | 0.2         |
|    entropy_loss         | -4.2        |
|    explained_variance   | 0.495       |
|    learning_rate        | 0.0003      |
|    loss                 | 3.42        |
|    n_updates            | 1540        |
|    policy_gradient_loss | -0.00357    |
|    std                  | 0.988       |
|    value_loss           | 7.05        |
-----------------------------------------
-----------------------------------------
| rollout/                |             |
|    ep_len_mean          | 114         |
|    ep_rew_mean          | 27.7        |
|    success_rate         | 0.47        |
| time/                   |             |
|    fps                  | 247         |
|    iterations           | 34          |
|    time_elapsed         | 562         |
|    total_timesteps      | 639264      |
| train/                  |             |
|    approx_kl            | 0.017971879 |
|    clip_fraction        | 0.163       |
|    clip_range           | 0.2         |
|    entropy_loss         | -4.2        |
|    explained_variance   | 0.627       |
|    learning_rate        | 0.0003      |
|    loss                 | 2.25        |
|    n_updates            | 1550        |
|    policy_gradient_loss | -0.00354    |
|    std                  | 0.993       |
|    value_loss           | 7.99        |
-----------------------------------------
-----------------------------------------
| rollout/                |             |
|    ep_len_mean          | 116         |
|    ep_rew_mean          | 28.5        |
|    success_rate         | 0.5         |
| time/                   |             |
|    fps                  | 247         |
|    iterations           | 35          |
|    time_elapsed         | 578         |
|    total_timesteps      | 643360      |
| train/                  |             |
|    approx_kl            | 0.021124616 |
|    clip_fraction        | 0.201       |
|    clip_range           | 0.2         |
|    entropy_loss         | -4.22       |
|    explained_variance   | 0.513       |
|    learning_rate        | 0.0003      |
|    loss                 | 2.73        |
|    n_updates            | 1560        |
|    policy_gradient_loss | 0.00132     |
|    std                  | 1           |
|    value_loss           | 6.93        |
-----------------------------------------
-----------------------------------------
| rollout/                |             |
|    ep_len_mean          | 117         |
|    ep_rew_mean          | 28.7        |
|    success_rate         | 0.51        |
| time/                   |             |
|    fps                  | 247         |
|    iterations           | 36          |
|    time_elapsed         | 595         |
|    total_timesteps      | 647456      |
| train/                  |             |
|    approx_kl            | 0.016773073 |
|    clip_fraction        | 0.154       |
|    clip_range           | 0.2         |
|    entropy_loss         | -4.24       |
|    explained_variance   | 0.656       |
|    learning_rate        | 0.0003      |
|    loss                 | 0.973       |
|    n_updates            | 1570        |
|    policy_gradient_loss | -0.00552    |
|    std                  | 1.01        |
|    value_loss           | 5.28        |
-----------------------------------------
[2026-05-13 15:39:49] N3Z2C_TRAIN_HEARTBEAT config=z_layernorm_alpha_0p5_cont_1p5m local_steps=148208/250000 total_steps=648208/750000 percent= 59.28% rate=   247.0 step/s eta=   6.87 min recent_reward=26.069
-----------------------------------------
| rollout/                |             |
|    ep_len_mean          | 118         |
|    ep_rew_mean          | 27.8        |
|    success_rate         | 0.45        |
| time/                   |             |
|    fps                  | 247         |
|    iterations           | 37          |
|    time_elapsed         | 611         |
|    total_timesteps      | 651552      |
| train/                  |             |
|    approx_kl            | 0.016953707 |
|    clip_fraction        | 0.173       |
|    clip_range           | 0.2         |
|    entropy_loss         | -4.26       |
|    explained_variance   | 0.616       |
|    learning_rate        | 0.0003      |
|    loss                 | 2.78        |
|    n_updates            | 1580        |
|    policy_gradient_loss | -0.00497    |
|    std                  | 1.01        |
|    value_loss           | 7.73        |
-----------------------------------------
-----------------------------------------
| rollout/                |             |
|    ep_len_mean          | 117         |
|    ep_rew_mean          | 26.6        |
|    success_rate         | 0.41        |
| time/                   |             |
|    fps                  | 247         |
|    iterations           | 38          |
|    time_elapsed         | 627         |
|    total_timesteps      | 655648      |
| train/                  |             |
|    approx_kl            | 0.018115647 |
|    clip_fraction        | 0.148       |
|    clip_range           | 0.2         |
|    entropy_loss         | -4.27       |
|    explained_variance   | 0.687       |
|    learning_rate        | 0.0003      |
|    loss                 | 1.54        |
|    n_updates            | 1590        |
|    policy_gradient_loss | -0.00593    |
|    std                  | 1.01        |
|    value_loss           | 5.75        |
-----------------------------------------
------------------------------------------
| rollout/                |              |
|    ep_len_mean          | 120          |
|    ep_rew_mean          | 29.4         |
|    success_rate         | 0.53         |
| time/                   |              |
|    fps                  | 247          |
|    iterations           | 39           |
|    time_elapsed         | 644          |
|    total_timesteps      | 659744       |
| train/                  |              |
|    approx_kl            | 0.0150595885 |
|    clip_fraction        | 0.198        |
|    clip_range           | 0.2          |
|    entropy_loss         | -4.27        |
|    explained_variance   | 0.596        |
|    learning_rate        | 0.0003       |
|    loss                 | 1.77         |
|    n_updates            | 1600         |
|    policy_gradient_loss | -0.00371     |
|    std                  | 1.02         |
|    value_loss           | 6.25         |
------------------------------------------
-----------------------------------------
| rollout/                |             |
|    ep_len_mean          | 121         |
|    ep_rew_mean          | 29.7        |
|    success_rate         | 0.54        |
| time/                   |             |
|    fps                  | 248         |
|    iterations           | 40          |
|    time_elapsed         | 660         |
|    total_timesteps      | 663840      |
| train/                  |             |
|    approx_kl            | 0.020907745 |
|    clip_fraction        | 0.232       |
|    clip_range           | 0.2         |
|    entropy_loss         | -4.28       |
|    explained_variance   | 0.573       |
|    learning_rate        | 0.0003      |
|    loss                 | 1.63        |
|    n_updates            | 1610        |
|    policy_gradient_loss | -0.00333    |
|    std                  | 1.02        |
|    value_loss           | 5.28        |
-----------------------------------------
----------------------------------------
| rollout/                |            |
|    ep_len_mean          | 121        |
|    ep_rew_mean          | 30.2       |
|    success_rate         | 0.56       |
| time/                   |            |
|    fps                  | 248        |
|    iterations           | 41         |
|    time_elapsed         | 677        |
|    total_timesteps      | 667936     |
| train/                  |            |
|    approx_kl            | 0.01891553 |
|    clip_fraction        | 0.178      |
|    clip_range           | 0.2        |
|    entropy_loss         | -4.27      |
|    explained_variance   | 0.612      |
|    learning_rate        | 0.0003     |
|    loss                 | 2.03       |
|    n_updates            | 1620       |
|    policy_gradient_loss | -0.00915   |
|    std                  | 1.01       |
|    value_loss           | 6.55       |
----------------------------------------
-----------------------------------------
| rollout/                |             |
|    ep_len_mean          | 117         |
|    ep_rew_mean          | 28.1        |
|    success_rate         | 0.46        |
| time/                   |             |
|    fps                  | 248         |
|    iterations           | 42          |
|    time_elapsed         | 693         |
|    total_timesteps      | 672032      |
| train/                  |             |
|    approx_kl            | 0.017729238 |
|    clip_fraction        | 0.158       |
|    clip_range           | 0.2         |
|    entropy_loss         | -4.26       |
|    explained_variance   | 0.641       |
|    learning_rate        | 0.0003      |
|    loss                 | 2.47        |
|    n_updates            | 1630        |
|    policy_gradient_loss | -0.00541    |
|    std                  | 1.01        |
|    value_loss           | 6.57        |
-----------------------------------------
-----------------------------------------
| rollout/                |             |
|    ep_len_mean          | 117         |
|    ep_rew_mean          | 28.5        |
|    success_rate         | 0.5         |
| time/                   |             |
|    fps                  | 248         |
|    iterations           | 43          |
|    time_elapsed         | 710         |
|    total_timesteps      | 676128      |
| train/                  |             |
|    approx_kl            | 0.013382796 |
|    clip_fraction        | 0.141       |
|    clip_range           | 0.2         |
|    entropy_loss         | -4.26       |
|    explained_variance   | 0.684       |
|    learning_rate        | 0.0003      |
|    loss                 | 2.18        |
|    n_updates            | 1640        |
|    policy_gradient_loss | -0.00565    |
|    std                  | 1.01        |
|    value_loss           | 6.66        |
-----------------------------------------
----------------------------------------
| rollout/                |            |
|    ep_len_mean          | 112        |
|    ep_rew_mean          | 26.6       |
|    success_rate         | 0.45       |
| time/                   |            |
|    fps                  | 248        |
|    iterations           | 44         |
|    time_elapsed         | 726        |
|    total_timesteps      | 680224     |
| train/                  |            |
|    approx_kl            | 0.01388917 |
|    clip_fraction        | 0.135      |
|    clip_range           | 0.2        |
|    entropy_loss         | -4.26      |
|    explained_variance   | 0.663      |
|    learning_rate        | 0.0003     |
|    loss                 | 2.33       |
|    n_updates            | 1650       |
|    policy_gradient_loss | -0.00695   |
|    std                  | 1.01       |
|    value_loss           | 6.25       |
----------------------------------------
-----------------------------------------
| rollout/                |             |
|    ep_len_mean          | 113         |
|    ep_rew_mean          | 26.4        |
|    success_rate         | 0.44        |
| time/                   |             |
|    fps                  | 247         |
|    iterations           | 45          |
|    time_elapsed         | 743         |
|    total_timesteps      | 684320      |
| train/                  |             |
|    approx_kl            | 0.015345366 |
|    clip_fraction        | 0.138       |
|    clip_range           | 0.2         |
|    entropy_loss         | -4.25       |
|    explained_variance   | 0.543       |
|    learning_rate        | 0.0003      |
|    loss                 | 2.2         |
|    n_updates            | 1660        |
|    policy_gradient_loss | -0.008      |
|    std                  | 1.01        |
|    value_loss           | 8.81        |
-----------------------------------------
-----------------------------------------
| rollout/                |             |
|    ep_len_mean          | 116         |
|    ep_rew_mean          | 26.5        |
|    success_rate         | 0.43        |
| time/                   |             |
|    fps                  | 247         |
|    iterations           | 46          |
|    time_elapsed         | 759         |
|    total_timesteps      | 688416      |
| train/                  |             |
|    approx_kl            | 0.016390193 |
|    clip_fraction        | 0.155       |
|    clip_range           | 0.2         |
|    entropy_loss         | -4.26       |
|    explained_variance   | 0.553       |
|    learning_rate        | 0.0003      |
|    loss                 | 2.57        |
|    n_updates            | 1670        |
|    policy_gradient_loss | -0.00129    |
|    std                  | 1.02        |
|    value_loss           | 7.55        |
-----------------------------------------
-----------------------------------------
| rollout/                |             |
|    ep_len_mean          | 122         |
|    ep_rew_mean          | 28.3        |
|    success_rate         | 0.49        |
| time/                   |             |
|    fps                  | 248         |
|    iterations           | 47          |
|    time_elapsed         | 776         |
|    total_timesteps      | 692512      |
| train/                  |             |
|    approx_kl            | 0.014504765 |
|    clip_fraction        | 0.167       |
|    clip_range           | 0.2         |
|    entropy_loss         | -4.27       |
|    explained_variance   | 0.548       |
|    learning_rate        | 0.0003      |
|    loss                 | 1.9         |
|    n_updates            | 1680        |
|    policy_gradient_loss | -0.00628    |
|    std                  | 1.01        |
|    value_loss           | 6.56        |
-----------------------------------------
-----------------------------------------
| rollout/                |             |
|    ep_len_mean          | 124         |
|    ep_rew_mean          | 28.8        |
|    success_rate         | 0.55        |
| time/                   |             |
|    fps                  | 248         |
|    iterations           | 48          |
|    time_elapsed         | 792         |
|    total_timesteps      | 696608      |
| train/                  |             |
|    approx_kl            | 0.020081468 |
|    clip_fraction        | 0.17        |
|    clip_range           | 0.2         |
|    entropy_loss         | -4.29       |
|    explained_variance   | 0.601       |
|    learning_rate        | 0.0003      |
|    loss                 | 1.47        |
|    n_updates            | 1690        |
|    policy_gradient_loss | -0.00784    |
|    std                  | 1.03        |
|    value_loss           | 4.81        |
-----------------------------------------
-----------------------------------------
| rollout/                |             |
|    ep_len_mean          | 125         |
|    ep_rew_mean          | 29.3        |
|    success_rate         | 0.57        |
| time/                   |             |
|    fps                  | 247         |
|    iterations           | 49          |
|    time_elapsed         | 809         |
|    total_timesteps      | 700704      |
| train/                  |             |
|    approx_kl            | 0.014470711 |
|    clip_fraction        | 0.16        |
|    clip_range           | 0.2         |
|    entropy_loss         | -4.3        |
|    explained_variance   | 0.532       |
|    learning_rate        | 0.0003      |
|    loss                 | 2.31        |
|    n_updates            | 1700        |
|    policy_gradient_loss | -0.00731    |
|    std                  | 1.03        |
|    value_loss           | 6.99        |
-----------------------------------------
-----------------------------------------
| rollout/                |             |
|    ep_len_mean          | 122         |
|    ep_rew_mean          | 27.7        |
|    success_rate         | 0.52        |
| time/                   |             |
|    fps                  | 248         |
|    iterations           | 50          |
|    time_elapsed         | 825         |
|    total_timesteps      | 704800      |
| train/                  |             |
|    approx_kl            | 0.019597715 |
|    clip_fraction        | 0.162       |
|    clip_range           | 0.2         |
|    entropy_loss         | -4.31       |
|    explained_variance   | 0.596       |
|    learning_rate        | 0.0003      |
|    loss                 | 1.86        |
|    n_updates            | 1710        |
|    policy_gradient_loss | -0.0081     |
|    std                  | 1.03        |
|    value_loss           | 6.32        |
-----------------------------------------
-----------------------------------------
| rollout/                |             |
|    ep_len_mean          | 123         |
|    ep_rew_mean          | 27.6        |
|    success_rate         | 0.49        |
| time/                   |             |
|    fps                  | 248         |
|    iterations           | 51          |
|    time_elapsed         | 841         |
|    total_timesteps      | 708896      |
| train/                  |             |
|    approx_kl            | 0.016379142 |
|    clip_fraction        | 0.157       |
|    clip_range           | 0.2         |
|    entropy_loss         | -4.32       |
|    explained_variance   | 0.5         |
|    learning_rate        | 0.0003      |
|    loss                 | 3.42        |
|    n_updates            | 1720        |
|    policy_gradient_loss | -0.00606    |
|    std                  | 1.03        |
|    value_loss           | 8.77        |
-----------------------------------------
-----------------------------------------
| rollout/                |             |
|    ep_len_mean          | 122         |
|    ep_rew_mean          | 28.6        |
|    success_rate         | 0.55        |
| time/                   |             |
|    fps                  | 248         |
|    iterations           | 52          |
|    time_elapsed         | 858         |
|    total_timesteps      | 712992      |
| train/                  |             |
|    approx_kl            | 0.013934895 |
|    clip_fraction        | 0.151       |
|    clip_range           | 0.2         |
|    entropy_loss         | -4.32       |
|    explained_variance   | 0.621       |
|    learning_rate        | 0.0003      |
|    loss                 | 3.53        |
|    n_updates            | 1730        |
|    policy_gradient_loss | -0.00784    |
|    std                  | 1.04        |
|    value_loss           | 6.54        |
-----------------------------------------
-----------------------------------------
| rollout/                |             |
|    ep_len_mean          | 122         |
|    ep_rew_mean          | 29.8        |
|    success_rate         | 0.6         |
| time/                   |             |
|    fps                  | 248         |
|    iterations           | 53          |
|    time_elapsed         | 875         |
|    total_timesteps      | 717088      |
| train/                  |             |
|    approx_kl            | 0.022088077 |
|    clip_fraction        | 0.249       |
|    clip_range           | 0.2         |
|    entropy_loss         | -4.34       |
|    explained_variance   | 0.317       |
|    learning_rate        | 0.0003      |
|    loss                 | 1.65        |
|    n_updates            | 1740        |
|    policy_gradient_loss | -0.00422    |
|    std                  | 1.04        |
|    value_loss           | 5.75        |
-----------------------------------------
-----------------------------------------
| rollout/                |             |
|    ep_len_mean          | 118         |
|    ep_rew_mean          | 28.9        |
|    success_rate         | 0.58        |
| time/                   |             |
|    fps                  | 248         |
|    iterations           | 54          |
|    time_elapsed         | 891         |
|    total_timesteps      | 721184      |
| train/                  |             |
|    approx_kl            | 0.015910355 |
|    clip_fraction        | 0.16        |
|    clip_range           | 0.2         |
|    entropy_loss         | -4.34       |
|    explained_variance   | 0.614       |
|    learning_rate        | 0.0003      |
|    loss                 | 2.37        |
|    n_updates            | 1750        |
|    policy_gradient_loss | -0.0107     |
|    std                  | 1.04        |
|    value_loss           | 5.03        |
-----------------------------------------
[2026-05-13 15:44:49] N3Z2C_TRAIN_HEARTBEAT config=z_layernorm_alpha_0p5_cont_1p5m local_steps=223040/250000 total_steps=723040/750000 percent= 89.22% rate=   247.8 step/s eta=   1.81 min recent_reward=25.501
-----------------------------------------
| rollout/                |             |
|    ep_len_mean          | 118         |
|    ep_rew_mean          | 28.7        |
|    success_rate         | 0.55        |
| time/                   |             |
|    fps                  | 248         |
|    iterations           | 55          |
|    time_elapsed         | 907         |
|    total_timesteps      | 725280      |
| train/                  |             |
|    approx_kl            | 0.017311146 |
|    clip_fraction        | 0.175       |
|    clip_range           | 0.2         |
|    entropy_loss         | -4.34       |
|    explained_variance   | 0.519       |
|    learning_rate        | 0.0003      |
|    loss                 | 3.35        |
|    n_updates            | 1760        |
|    policy_gradient_loss | -0.00832    |
|    std                  | 1.04        |
|    value_loss           | 9.36        |
-----------------------------------------
-----------------------------------------
| rollout/                |             |
|    ep_len_mean          | 117         |
|    ep_rew_mean          | 27.4        |
|    success_rate         | 0.49        |
| time/                   |             |
|    fps                  | 248         |
|    iterations           | 56          |
|    time_elapsed         | 924         |
|    total_timesteps      | 729376      |
| train/                  |             |
|    approx_kl            | 0.016651258 |
|    clip_fraction        | 0.15        |
|    clip_range           | 0.2         |
|    entropy_loss         | -4.33       |
|    explained_variance   | 0.485       |
|    learning_rate        | 0.0003      |
|    loss                 | 1.9         |
|    n_updates            | 1770        |
|    policy_gradient_loss | -0.00425    |
|    std                  | 1.03        |
|    value_loss           | 6.64        |
-----------------------------------------
-----------------------------------------
| rollout/                |             |
|    ep_len_mean          | 121         |
|    ep_rew_mean          | 29.3        |
|    success_rate         | 0.54        |
| time/                   |             |
|    fps                  | 248         |
|    iterations           | 57          |
|    time_elapsed         | 940         |
|    total_timesteps      | 733472      |
| train/                  |             |
|    approx_kl            | 0.022751838 |
|    clip_fraction        | 0.183       |
|    clip_range           | 0.2         |
|    entropy_loss         | -4.33       |
|    explained_variance   | 0.565       |
|    learning_rate        | 0.0003      |
|    loss                 | 1.71        |
|    n_updates            | 1780        |
|    policy_gradient_loss | -0.00592    |
|    std                  | 1.04        |
|    value_loss           | 7.35        |
-----------------------------------------
-----------------------------------------
| rollout/                |             |
|    ep_len_mean          | 122         |
|    ep_rew_mean          | 28.6        |
|    success_rate         | 0.51        |
| time/                   |             |
|    fps                  | 248         |
|    iterations           | 58          |
|    time_elapsed         | 956         |
|    total_timesteps      | 737568      |
| train/                  |             |
|    approx_kl            | 0.013988986 |
|    clip_fraction        | 0.151       |
|    clip_range           | 0.2         |
|    entropy_loss         | -4.35       |
|    explained_variance   | 0.653       |
|    learning_rate        | 0.0003      |
|    loss                 | 2.46        |
|    n_updates            | 1790        |
|    policy_gradient_loss | -0.00772    |
|    std                  | 1.04        |
|    value_loss           | 6.35        |
-----------------------------------------
-----------------------------------------
| rollout/                |             |
|    ep_len_mean          | 125         |
|    ep_rew_mean          | 29.5        |
|    success_rate         | 0.54        |
| time/                   |             |
|    fps                  | 248         |
|    iterations           | 59          |
|    time_elapsed         | 973         |
|    total_timesteps      | 741664      |
| train/                  |             |
|    approx_kl            | 0.011700759 |
|    clip_fraction        | 0.14        |
|    clip_range           | 0.2         |
|    entropy_loss         | -4.35       |
|    explained_variance   | 0.643       |
|    learning_rate        | 0.0003      |
|    loss                 | 2.04        |
|    n_updates            | 1800        |
|    policy_gradient_loss | -0.00594    |
|    std                  | 1.05        |
|    value_loss           | 6.11        |
-----------------------------------------
-----------------------------------------
| rollout/                |             |
|    ep_len_mean          | 127         |
|    ep_rew_mean          | 30.8        |
|    success_rate         | 0.6         |
| time/                   |             |
|    fps                  | 248         |
|    iterations           | 60          |
|    time_elapsed         | 990         |
|    total_timesteps      | 745760      |
| train/                  |             |
|    approx_kl            | 0.015572656 |
|    clip_fraction        | 0.14        |
|    clip_range           | 0.2         |
|    entropy_loss         | -4.35       |
|    explained_variance   | 0.604       |
|    learning_rate        | 0.0003      |
|    loss                 | 1.52        |
|    n_updates            | 1810        |
|    policy_gradient_loss | -0.00504    |
|    std                  | 1.04        |
|    value_loss           | 5.16        |
-----------------------------------------
-----------------------------------------
| rollout/                |             |
|    ep_len_mean          | 128         |
|    ep_rew_mean          | 31.6        |
|    success_rate         | 0.63        |
| time/                   |             |
|    fps                  | 248         |
|    iterations           | 61          |
|    time_elapsed         | 1007        |
|    total_timesteps      | 749856      |
| train/                  |             |
|    approx_kl            | 0.016173493 |
|    clip_fraction        | 0.17        |
|    clip_range           | 0.2         |
|    entropy_loss         | -4.34       |
|    explained_variance   | 0.582       |
|    learning_rate        | 0.0003      |
|    loss                 | 1.23        |
|    n_updates            | 1820        |
|    policy_gradient_loss | -0.00844    |
|    std                  | 1.04        |
|    value_loss           | 4.1         |
-----------------------------------------
[2026-05-13 15:46:39] N3Z2C_CHECKPOINT_SAVED total_step=750000 local_step=250000 path=checkpoints/env_v2_gpsi_heada_ppo_n3z2c_audit_corrected_parent_750k_s0/checkpoint_750k.zip
-----------------------------------------
| rollout/                |             |
|    ep_len_mean          | 126         |
|    ep_rew_mean          | 31.1        |
|    success_rate         | 0.61        |
| time/                   |             |
|    fps                  | 248         |
|    iterations           | 62          |
|    time_elapsed         | 1023        |
|    total_timesteps      | 753952      |
| train/                  |             |
|    approx_kl            | 0.016198834 |
|    clip_fraction        | 0.163       |
|    clip_range           | 0.2         |
|    entropy_loss         | -4.33       |
|    explained_variance   | 0.525       |
|    learning_rate        | 0.0003      |
|    loss                 | 2.1         |
|    n_updates            | 1830        |
|    policy_gradient_loss | -0.00786    |
|    std                  | 1.04        |
|    value_loss           | 6.55        |
-----------------------------------------
[2026-05-13 15:46:55] N3Z2C_AUDIT_TRAIN_END config=z_layernorm_alpha_0p5_cont_1p5m final=checkpoints/env_v2_gpsi_heada_ppo_n3z2c_audit_corrected_parent_750k_s0/final.zip
[2026-05-13 15:46:56] END train_corrected_short
